Arguments count: 7
Argument      0: ./monarch_run.py
Argument      1: 5000
Argument      2: 9
Argument      3: 1
Argument      4: 16
Argument      5: 19
Argument      6: dependent_tasks
----------------------------------------
5000 households, 1 dependent tasks, 10 fully flexible tasks, 0 semi-flexible tasks, 0 fixed tasks, 9 penalty weight. 
----------------------------------------
0. The community is created. 
0. Aggregator is created. 
1. Best step size 0.014, 14 iterations, cost 2781806649.21, using minizinc_fw
2. Best step size 0.016, 16 iterations, cost 2702711672.88, using minizinc_fw
3. Best step size 0.015, 15 iterations, cost 2651905658.48, using minizinc_fw
4. Best step size 0.002, 2 iterations, cost 2648766508.74, using minizinc_fw
5. Best step size 0.004, 4 iterations, cost 2645046193.09, using minizinc_fw
6. Best step size 0.006, 6 iterations, cost 2634529381.26, using minizinc_fw
7. Best step size 0.005, 5 iterations, cost 2627052443.25, using minizinc_fw
8. Best step size 0.002, 2 iterations, cost 2626134930.92, using minizinc_fw
9. Best step size 0.002, 2 iterations, cost 2623634521.28, using minizinc_fw
10. Best step size 0.004, 4 iterations, cost 2619309648.75, using minizinc_fw
11. Best step size 0.008, 8 iterations, cost 2610349802.02, using minizinc_fw
12. Best step size 0, 0 iterations, cost 2610349802.02, using minizinc_fw
Converged in 12
Data are written and graphs are painted. 
0. The community is read. 
0. Aggregator is read. 
1. Best step size 0.012, 12 iterations, cost 2793459679.19, using ogsa_fw
2. Best step size 0.01, 10 iterations, cost 2739204924.98, using ogsa_fw
3. Best step size 0.015, 15 iterations, cost 2675152913.97, using ogsa_fw
4. Best step size 0.012, 12 iterations, cost 2637818631.74, using ogsa_fw
5. Best step size 0.006, 6 iterations, cost 2618907677.21, using ogsa_fw
6. Best step size 0.007, 7 iterations, cost 2601296917.6, using ogsa_fw
7. Best step size 0.007, 7 iterations, cost 2587702403.03, using ogsa_fw
8. Best step size 0.01, 10 iterations, cost 2572233821.91, using ogsa_fw
9. Best step size 0.004, 4 iterations, cost 2566838320.76, using ogsa_fw
10. Best step size 0.004, 4 iterations, cost 2562069730.85, using ogsa_fw
11. Best step size 0.002, 2 iterations, cost 2559724347.68, using ogsa_fw
12. Best step size 0.008, 8 iterations, cost 2553373199.22, using ogsa_fw
13. Best step size 0.002, 2 iterations, cost 2552027830.85, using ogsa_fw
14. Best step size 0.011, 10 iterations, cost 2547846042.22, using ogsa_fw
15. Best step size 0.005, 5 iterations, cost 2545464188.55, using ogsa_fw
16. Best step size 0.003, 3 iterations, cost 2544278067.18, using ogsa_fw
17. Best step size 0.001, 1 iterations, cost 2543809992.88, using ogsa_fw
18. Best step size 0.001, 1 iterations, cost 2543567246.5, using ogsa_fw
19. Best step size 0.003, 3 iterations, cost 2543144043.23, using ogsa_fw
20. Best step size 0.003, 3 iterations, cost 2542789214.22, using ogsa_fw
21. Best step size 0.001, 1 iterations, cost 2542506123.83, using ogsa_fw
22. Best step size 0.002, 2 iterations, cost 2542274855.18, using ogsa_fw
23. Best step size 0.001, 1 iterations, cost 2542175228.71, using ogsa_fw
24. Best step size 0, 0 iterations, cost 2542175228.71, using ogsa_fw
Converged in 24
Data are written and graphs are painted. 
----------------------------------------
----------------------------------------
Experiment is finished. 
{0: {'no_households': 5000, 'penalty_weight': 9, 'no_dependent_tasks': 1, 'no_fully_flexible_tasks_min': 10, 'no_semi_flexible_tasks_min': 0, 'no_fixed_tasks_min': 0, 'algorithm': 'minizinc_fw', 'id': 19, 'init_PAR': 1.19, 'PAR': 1.12, 'init_max_demand': 4008692.0, 'max_demand': 3748773.84, 'total_demand': 161134163.0, 'demand_reduction': 0.06, 'cost_reduction': 0.09, 'pricing_time': 0.021746153846153846, 'rescheduling_time': 4720.983838461539}, 1: {'no_households': 5000, 'penalty_weight': 9, 'no_dependent_tasks': 1, 'no_fully_flexible_tasks_min': 10, 'no_semi_flexible_tasks_min': 0, 'no_fixed_tasks_min': 0, 'algorithm': 'ogsa_fw', 'id': 19, 'init_PAR': 1.19, 'PAR': 1.05, 'init_max_demand': 4008692.0, 'max_demand': 3520315.77, 'total_demand': 161134163.0, 'demand_reduction': 0.12, 'cost_reduction': 0.11, 'pricing_time': 0.006792000000000003, 'rescheduling_time': 4.327948}}
