Arguments count: 7
Argument      0: ./monarch_run.py
Argument      1: 5000
Argument      2: 1
Argument      3: 6
Argument      4: 16
Argument      5: 24
Argument      6: dependent_tasks
----------------------------------------
5000 households, 6 dependent tasks, 10 fully flexible tasks, 0 semi-flexible tasks, 0 fixed tasks, 1 penalty weight. 
----------------------------------------
0. The community is created. 
0. Aggregator is created. 
1. Best step size 0.019, 19 iterations, cost 2755996857.38, using minizinc_fw
2. Best step size 0.018, 18 iterations, cost 2692760190.8, using minizinc_fw
3. Best step size 0.022, 22 iterations, cost 2623220650.14, using minizinc_fw
4. Best step size 0.006, 6 iterations, cost 2613591593.34, using minizinc_fw
5. Best step size 0, 0 iterations, cost 2613591593.34, using minizinc_fw
Converged in 5
Data are written and graphs are painted. 
0. The community is read. 
0. Aggregator is read. 
1. Best step size 0.019, 19 iterations, cost 2753401594.22, using ogsa_fw
2. Best step size 0.02, 20 iterations, cost 2663330215.58, using ogsa_fw
3. Best step size 0.018, 18 iterations, cost 2604554795.83, using ogsa_fw
4. Best step size 0.008, 8 iterations, cost 2585924051.15, using ogsa_fw
5. Best step size 0.01, 10 iterations, cost 2564898196.87, using ogsa_fw
6. Best step size 0.009, 9 iterations, cost 2548958829.68, using ogsa_fw
7. Best step size 0.007, 7 iterations, cost 2539725134.08, using ogsa_fw
8. Best step size 0.006, 6 iterations, cost 2531488602.98, using ogsa_fw
9. Best step size 0.007, 7 iterations, cost 2524303985.05, using ogsa_fw
10. Best step size 0.006, 6 iterations, cost 2519382420.2, using ogsa_fw
11. Best step size 0.005, 5 iterations, cost 2515367156.6, using ogsa_fw
12. Best step size 0.006, 6 iterations, cost 2510819200.55, using ogsa_fw
13. Best step size 0.002, 2 iterations, cost 2509621124.91, using ogsa_fw
14. Best step size 0.003, 3 iterations, cost 2507717529.54, using ogsa_fw
15. Best step size 0.003, 3 iterations, cost 2506264385.48, using ogsa_fw
16. Best step size 0.002, 2 iterations, cost 2505520455.31, using ogsa_fw
17. Best step size 0.001, 1 iterations, cost 2505082486.35, using ogsa_fw
18. Best step size 0.001, 1 iterations, cost 2504713561.85, using ogsa_fw
19. Best step size 0.014, 10 iterations, cost 2502367529.88, using ogsa_fw
20. Best step size 0.001, 1 iterations, cost 2502108103.25, using ogsa_fw
21. Best step size 0.008, 5 iterations, cost 2501430060.19, using ogsa_fw
22. Best step size 0, 0 iterations, cost 2501430060.19, using ogsa_fw
Converged in 22
Data are written and graphs are painted. 
----------------------------------------
----------------------------------------
Experiment is finished. 
{0: {'no_households': 5000, 'penalty_weight': 1, 'no_dependent_tasks': 6, 'no_fully_flexible_tasks_min': 10, 'no_semi_flexible_tasks_min': 0, 'no_fixed_tasks_min': 0, 'algorithm': 'minizinc_fw', 'id': 24, 'init_PAR': 1.21, 'PAR': 1.13, 'init_max_demand': 4066352.0, 'max_demand': 3810322.23, 'total_demand': 161184526.0, 'demand_reduction': 0.06, 'cost_reduction': 0.09, 'pricing_time': 0.018883333333333332, 'rescheduling_time': 5749.814966666666}, 1: {'no_households': 5000, 'penalty_weight': 1, 'no_dependent_tasks': 6, 'no_fully_flexible_tasks_min': 10, 'no_semi_flexible_tasks_min': 0, 'no_fixed_tasks_min': 0, 'algorithm': 'ogsa_fw', 'id': 24, 'init_PAR': 1.21, 'PAR': 1.04, 'init_max_demand': 4066352.0, 'max_demand': 3485523.39, 'total_demand': 161184526.0, 'demand_reduction': 0.14, 'cost_reduction': 0.13, 'pricing_time': 0.008808695652173914, 'rescheduling_time': 4.434613043478262}}
