Arguments count: 7
Argument      0: ./monarch_run.py
Argument      1: 1000
Argument      2: 1
Argument      3: 0
Argument      4: 16
Argument      5: 1
Argument      6: dependent
----------------------------------------
1000 households, 0 dependent tasks, 0 fully flexible tasks, 10 semi-flexible tasks, 0 fixed tasks, 1 penalty weight. 
----------------------------------------
0. The community is created. 
0. Aggregator is created. 
1. Best step size 0.038, 37 iterations, cost 526676891.89, using minizinc_fw
2. Best step size 0.035, 31 iterations, cost 517223648.01, using minizinc_fw
3. Best step size 0.026, 24 iterations, cost 511174078.4, using minizinc_fw
4. Best step size 0.021, 19 iterations, cost 507211047.58, using minizinc_fw
5. Best step size 0.008, 8 iterations, cost 506372963.01, using minizinc_fw
6. Best step size 0.009, 9 iterations, cost 505706200.22, using minizinc_fw
7. Best step size 0.005, 5 iterations, cost 505436500.34, using minizinc_fw
8. Best step size 0.001, 1 iterations, cost 505419641.77, using minizinc_fw
9. Best step size 0, 0 iterations, cost 505419641.77, using minizinc_fw
Converged in 9
Data are written and graphs are painted. 
0. The community is read. 
0. Aggregator is read. 
1. Best step size 0.03, 29 iterations, cost 541201808.78, using ogsa_fw
2. Best step size 0.027, 27 iterations, cost 524368822.33, using ogsa_fw
3. Best step size 0.027, 25 iterations, cost 512955329.79, using ogsa_fw
4. Best step size 0.032, 30 iterations, cost 504455067.36, using ogsa_fw
5. Best step size 0.018, 18 iterations, cost 501387491.18, using ogsa_fw
6. Best step size 0.007, 7 iterations, cost 500435670.88, using ogsa_fw
7. Best step size 0.006, 6 iterations, cost 499779052.44, using ogsa_fw
8. Best step size 0.008, 8 iterations, cost 499278781.85, using ogsa_fw
9. Best step size 0.004, 4 iterations, cost 498943306.49, using ogsa_fw
10. Best step size 0.003, 3 iterations, cost 498725923.84, using ogsa_fw
11. Best step size 0.005, 5 iterations, cost 498477227.57, using ogsa_fw
12. Best step size 0.003, 3 iterations, cost 498315862.78, using ogsa_fw
13. Best step size 0.002, 2 iterations, cost 498233910.29, using ogsa_fw
14. Best step size 0.004, 4 iterations, cost 498128874.13, using ogsa_fw
15. Best step size 0.009, 8 iterations, cost 497878298.74, using ogsa_fw
16. Best step size 0.002, 2 iterations, cost 497832146.04, using ogsa_fw
17. Best step size 0.002, 2 iterations, cost 497782683.37, using ogsa_fw
18. Best step size 0.001, 1 iterations, cost 497750848.68, using ogsa_fw
19. Best step size 0.001, 1 iterations, cost 497724428.85, using ogsa_fw
20. Best step size 0.001, 1 iterations, cost 497692755.27, using ogsa_fw
21. Best step size 0, 0 iterations, cost 497692755.27, using ogsa_fw
Converged in 21
Data are written and graphs are painted. 
----------------------------------------
----------------------------------------
Experiment is finished. 
{0: {'no_households': 1000, 'penalty_weight': 1, 'no_dependent_tasks': 0, 'no_fully_flexible_tasks_min': 0, 'no_semi_flexible_tasks_min': 10, 'no_fixed_tasks_min': 0, 'algorithm': 'minizinc_fw', 'id': 1, 'init_PAR': 1.25, 'PAR': 1.17, 'init_max_demand': 852443.0, 'max_demand': 795298.84, 'total_demand': 32722744.0, 'demand_reduction': 0.07, 'cost_reduction': 0.08, 'pricing_time': 0.021789999999999997, 'rescheduling_time': 2539.3210000000004}, 1: {'no_households': 1000, 'penalty_weight': 1, 'no_dependent_tasks': 0, 'no_fully_flexible_tasks_min': 0, 'no_semi_flexible_tasks_min': 10, 'no_fixed_tasks_min': 0, 'algorithm': 'ogsa_fw', 'id': 1, 'init_PAR': 1.25, 'PAR': 1.04, 'init_max_demand': 852443.0, 'max_demand': 708398.18, 'total_demand': 32722744.0, 'demand_reduction': 0.17, 'cost_reduction': 0.16, 'pricing_time': 0.008640909090909091, 'rescheduling_time': 0.9801272727272728}}
