Arguments count: 7
Argument      0: ./monarch_run.py
Argument      1: 5000
Argument      2: 3
Argument      3: 1
Argument      4: 16
Argument      5: 7
Argument      6: dependent_tasks
----------------------------------------
5000 households, 1 dependent tasks, 10 fully flexible tasks, 0 semi-flexible tasks, 0 fixed tasks, 3 penalty weight. 
----------------------------------------
0. The community is created. 
0. Aggregator is created. 
1. Best step size 0.014, 14 iterations, cost 2719082828.52, using minizinc_fw
2. Best step size 0.014, 14 iterations, cost 2663034062.04, using minizinc_fw
3. Best step size 0.008, 8 iterations, cost 2639842789.23, using minizinc_fw
4. Best step size 0.011, 11 iterations, cost 2607749158.41, using minizinc_fw
5. Best step size 0.01, 10 iterations, cost 2585597356.7, using minizinc_fw
6. Best step size 0.01, 10 iterations, cost 2570710703.07, using minizinc_fw
7. Best step size 0.007, 7 iterations, cost 2558183987.52, using minizinc_fw
8. Best step size 0.006, 6 iterations, cost 2548473699.94, using minizinc_fw
9. Best step size 0.012, 12 iterations, cost 2536945607.29, using minizinc_fw
10. Best step size 0.006, 6 iterations, cost 2530222657.65, using minizinc_fw
11. Best step size 0.006, 6 iterations, cost 2525622070.05, using minizinc_fw
12. Best step size 0.006, 6 iterations, cost 2523106373.91, using minizinc_fw
13. Best step size 0, 0 iterations, cost 2523106373.91, using minizinc_fw
Converged in 13
Data are written and graphs are painted. 
0. The community is read. 
0. Aggregator is read. 
1. Best step size 0.012, 12 iterations, cost 2728575851.88, using ogsa_fw
2. Best step size 0.011, 11 iterations, cost 2681665128.33, using ogsa_fw
3. Best step size 0.009, 9 iterations, cost 2647641775.23, using ogsa_fw
4. Best step size 0.015, 15 iterations, cost 2601449524.87, using ogsa_fw
5. Best step size 0.009, 9 iterations, cost 2578906738.63, using ogsa_fw
6. Best step size 0.017, 17 iterations, cost 2545644565.44, using ogsa_fw
7. Best step size 0.011, 11 iterations, cost 2529301168.92, using ogsa_fw
8. Best step size 0.008, 8 iterations, cost 2519451008.39, using ogsa_fw
9. Best step size 0.007, 7 iterations, cost 2511542019.98, using ogsa_fw
10. Best step size 0.011, 11 iterations, cost 2503100095.41, using ogsa_fw
11. Best step size 0.002, 2 iterations, cost 2501606127.83, using ogsa_fw
12. Best step size 0.002, 2 iterations, cost 2500027046.32, using ogsa_fw
13. Best step size 0.002, 2 iterations, cost 2498620646.67, using ogsa_fw
14. Best step size 0.002, 2 iterations, cost 2497295546.67, using ogsa_fw
15. Best step size 0.001, 1 iterations, cost 2496579546.72, using ogsa_fw
16. Best step size 0.005, 5 iterations, cost 2494064465.84, using ogsa_fw
17. Best step size 0.003, 3 iterations, cost 2492381089.54, using ogsa_fw
18. Best step size 0.004, 4 iterations, cost 2491096466.35, using ogsa_fw
19. Best step size 0.001, 1 iterations, cost 2490572017.91, using ogsa_fw
20. Best step size 0.001, 1 iterations, cost 2490215689.2, using ogsa_fw
21. Best step size 0.001, 1 iterations, cost 2489937209.34, using ogsa_fw
22. Best step size 0.001, 1 iterations, cost 2489587780.96, using ogsa_fw
23. Best step size 0.001, 1 iterations, cost 2489330639.96, using ogsa_fw
24. Best step size 0.001, 1 iterations, cost 2488983338.32, using ogsa_fw
25. Best step size 0, 0 iterations, cost 2488983338.32, using ogsa_fw
Converged in 25
Data are written and graphs are painted. 
----------------------------------------
----------------------------------------
Experiment is finished. 
{0: {'no_households': 5000, 'penalty_weight': 3, 'no_dependent_tasks': 1, 'no_fully_flexible_tasks_min': 10, 'no_semi_flexible_tasks_min': 0, 'no_fixed_tasks_min': 0, 'algorithm': 'minizinc_fw', 'id': 7, 'init_PAR': 1.23, 'PAR': 1.11, 'init_max_demand': 4200830.0, 'max_demand': 3763048.28, 'total_demand': 163312599.0, 'demand_reduction': 0.1, 'cost_reduction': 0.09, 'pricing_time': 0.02247142857142857, 'rescheduling_time': 4418.523564285714}, 1: {'no_households': 5000, 'penalty_weight': 3, 'no_dependent_tasks': 1, 'no_fully_flexible_tasks_min': 10, 'no_semi_flexible_tasks_min': 0, 'no_fixed_tasks_min': 0, 'algorithm': 'ogsa_fw', 'id': 7, 'init_PAR': 1.23, 'PAR': 1.08, 'init_max_demand': 4200830.0, 'max_demand': 3663459.63, 'total_demand': 163312599.0, 'demand_reduction': 0.13, 'cost_reduction': 0.11, 'pricing_time': 0.005942307692307692, 'rescheduling_time': 4.600534615384615}}
