Arguments count: 7
Argument      0: ./monarch_run.py
Argument      1: 5000
Argument      2: 9
Argument      3: 1
Argument      4: 16
Argument      5: 17
Argument      6: dependent_tasks
----------------------------------------
5000 households, 1 dependent tasks, 10 fully flexible tasks, 0 semi-flexible tasks, 0 fixed tasks, 9 penalty weight. 
----------------------------------------
0. The community is created. 
0. Aggregator is created. 
1. Best step size 0.015, 15 iterations, cost 2803932503.69, using minizinc_fw
2. Best step size 0.015, 15 iterations, cost 2724674224.73, using minizinc_fw
3. Best step size 0.012, 12 iterations, cost 2678487302.12, using minizinc_fw
4. Best step size 0.011, 11 iterations, cost 2642338887.2, using minizinc_fw
5. Best step size 0.004, 4 iterations, cost 2635586621.94, using minizinc_fw
6. Best step size 0.008, 8 iterations, cost 2624666907.32, using minizinc_fw
7. Best step size 0.012, 12 iterations, cost 2601238085.91, using minizinc_fw
8. Best step size 0.008, 8 iterations, cost 2586840321.12, using minizinc_fw
9. Best step size 0.005, 5 iterations, cost 2580822395.92, using minizinc_fw
10. Best step size 0.005, 5 iterations, cost 2577227386.61, using minizinc_fw
11. Best step size 0.001, 1 iterations, cost 2576961656.51, using minizinc_fw
12. Best step size 0, 0 iterations, cost 2576961656.51, using minizinc_fw
Converged in 12
Data are written and graphs are painted. 
0. The community is read. 
0. Aggregator is read. 
1. Best step size 0.011, 11 iterations, cost 2818953215.41, using ogsa_fw
2. Best step size 0.012, 12 iterations, cost 2757187152.27, using ogsa_fw
3. Best step size 0.01, 10 iterations, cost 2712235949.76, using ogsa_fw
4. Best step size 0.01, 10 iterations, cost 2675724319.11, using ogsa_fw
5. Best step size 0.01, 10 iterations, cost 2643577396.6, using ogsa_fw
6. Best step size 0.011, 11 iterations, cost 2613936255.85, using ogsa_fw
7. Best step size 0.011, 11 iterations, cost 2587573379.02, using ogsa_fw
8. Best step size 0.007, 7 iterations, cost 2574246886.01, using ogsa_fw
9. Best step size 0.005, 5 iterations, cost 2564615170.19, using ogsa_fw
10. Best step size 0.004, 4 iterations, cost 2559281365.78, using ogsa_fw
11. Best step size 0.008, 8 iterations, cost 2550748647.02, using ogsa_fw
12. Best step size 0.003, 3 iterations, cost 2547714018.01, using ogsa_fw
13. Best step size 0.002, 2 iterations, cost 2546103770.6, using ogsa_fw
14. Best step size 0.005, 5 iterations, cost 2542708409.05, using ogsa_fw
15. Best step size 0.003, 3 iterations, cost 2540619623.77, using ogsa_fw
16. Best step size 0.002, 2 iterations, cost 2539451932.58, using ogsa_fw
17. Best step size 0.001, 1 iterations, cost 2538839368.43, using ogsa_fw
18. Best step size 0.003, 3 iterations, cost 2537526491.7, using ogsa_fw
19. Best step size 0.002, 2 iterations, cost 2536666137.29, using ogsa_fw
20. Best step size 0.002, 2 iterations, cost 2535985133.44, using ogsa_fw
21. Best step size 0.001, 1 iterations, cost 2535737852.45, using ogsa_fw
22. Best step size 0.008, 6 iterations, cost 2533747554.78, using ogsa_fw
23. Best step size 0, 0 iterations, cost 2533747554.78, using ogsa_fw
Converged in 23
Data are written and graphs are painted. 
----------------------------------------
----------------------------------------
Experiment is finished. 
{0: {'no_households': 5000, 'penalty_weight': 9, 'no_dependent_tasks': 1, 'no_fully_flexible_tasks_min': 10, 'no_semi_flexible_tasks_min': 0, 'no_fixed_tasks_min': 0, 'algorithm': 'minizinc_fw', 'id': 17, 'init_PAR': 1.21, 'PAR': 1.1, 'init_max_demand': 4093413.0, 'max_demand': 3718683.73, 'total_demand': 162688152.0, 'demand_reduction': 0.09, 'cost_reduction': 0.11, 'pricing_time': 0.019823076923076922, 'rescheduling_time': 4956.232284615384}, 1: {'no_households': 5000, 'penalty_weight': 9, 'no_dependent_tasks': 1, 'no_fully_flexible_tasks_min': 10, 'no_semi_flexible_tasks_min': 0, 'no_fixed_tasks_min': 0, 'algorithm': 'ogsa_fw', 'id': 17, 'init_PAR': 1.21, 'PAR': 1.06, 'init_max_demand': 4093413.0, 'max_demand': 3591789.63, 'total_demand': 162688152.0, 'demand_reduction': 0.12, 'cost_reduction': 0.12, 'pricing_time': 0.007604166666666666, 'rescheduling_time': 5.046024999999999}}
