Arguments count: 7
Argument      0: ./monarch_run.py
Argument      1: 5000
Argument      2: 1
Argument      3: 3
Argument      4: 16
Argument      5: 6
Argument      6: dependent_tasks
----------------------------------------
5000 households, 3 dependent tasks, 10 fully flexible tasks, 0 semi-flexible tasks, 0 fixed tasks, 1 penalty weight. 
----------------------------------------
0. The community is created. 
0. Aggregator is created. 
1. Best step size 0.011, 11 iterations, cost 2598281362.85, using minizinc_fw
2. Best step size 0.011, 11 iterations, cost 2568584149.52, using minizinc_fw
3. Best step size 0.013, 13 iterations, cost 2540677160.08, using minizinc_fw
4. Best step size 0.013, 12 iterations, cost 2524319641.37, using minizinc_fw
5. Best step size 0.005, 5 iterations, cost 2517727249.75, using minizinc_fw
6. Best step size 0.01, 10 iterations, cost 2507487015.91, using minizinc_fw
7. Best step size 0.005, 5 iterations, cost 2503461422.94, using minizinc_fw
8. Best step size 0.002, 2 iterations, cost 2502574221.9, using minizinc_fw
9. Best step size 0.004, 4 iterations, cost 2499291066.98, using minizinc_fw
10. Best step size 0, 0 iterations, cost 2499291066.98, using minizinc_fw
Converged in 10
Data are written and graphs are painted. 
0. The community is read. 
0. Aggregator is read. 
1. Best step size 0.012, 12 iterations, cost 2590763184.39, using ogsa_fw
2. Best step size 0.011, 11 iterations, cost 2554192767.08, using ogsa_fw
3. Best step size 0.009, 9 iterations, cost 2529455774.63, using ogsa_fw
4. Best step size 0.008, 8 iterations, cost 2510272787.56, using ogsa_fw
5. Best step size 0.016, 15 iterations, cost 2480767199.37, using ogsa_fw
6. Best step size 0.011, 11 iterations, cost 2464231179.98, using ogsa_fw
7. Best step size 0.005, 5 iterations, cost 2457018253.89, using ogsa_fw
8. Best step size 0.009, 9 iterations, cost 2447121532.69, using ogsa_fw
9. Best step size 0.012, 12 iterations, cost 2435616288.1, using ogsa_fw
10. Best step size 0.005, 5 iterations, cost 2431208828.66, using ogsa_fw
11. Best step size 0.006, 6 iterations, cost 2426513721.93, using ogsa_fw
12. Best step size 0.003, 3 iterations, cost 2424628075.5, using ogsa_fw
13. Best step size 0.004, 4 iterations, cost 2422621848.79, using ogsa_fw
14. Best step size 0.003, 3 iterations, cost 2420700734.9, using ogsa_fw
15. Best step size 0.012, 12 iterations, cost 2415344048.11, using ogsa_fw
16. Best step size 0.006, 6 iterations, cost 2412751288.15, using ogsa_fw
17. Best step size 0.002, 2 iterations, cost 2411926574.99, using ogsa_fw
18. Best step size 0.005, 5 iterations, cost 2410126581.88, using ogsa_fw
19. Best step size 0.002, 2 iterations, cost 2409402698.37, using ogsa_fw
20. Best step size 0.001, 1 iterations, cost 2409056326.01, using ogsa_fw
21. Best step size 0.001, 1 iterations, cost 2408764776.33, using ogsa_fw
22. Best step size 0.001, 1 iterations, cost 2408476075.19, using ogsa_fw
23. Best step size 0.001, 1 iterations, cost 2408155279.64, using ogsa_fw
24. Best step size 0.011, 11 iterations, cost 2406377076.53, using ogsa_fw
25. Best step size 0.001, 1 iterations, cost 2406118616.57, using ogsa_fw
26. Best step size 0.007, 5 iterations, cost 2405103474.34, using ogsa_fw
27. Best step size 0, 0 iterations, cost 2405103474.34, using ogsa_fw
Converged in 27
Data are written and graphs are painted. 
----------------------------------------
----------------------------------------
Experiment is finished. 
{0: {'no_households': 5000, 'penalty_weight': 1, 'no_dependent_tasks': 3, 'no_fully_flexible_tasks_min': 10, 'no_semi_flexible_tasks_min': 0, 'no_fixed_tasks_min': 0, 'algorithm': 'minizinc_fw', 'id': 6, 'init_PAR': 1.25, 'PAR': 1.16, 'init_max_demand': 4274377.0, 'max_demand': 3969341.98, 'total_demand': 163627841.0, 'demand_reduction': 0.07, 'cost_reduction': 0.05, 'pricing_time': 0.01698181818181818, 'rescheduling_time': 6995.950863636364}, 1: {'no_households': 5000, 'penalty_weight': 1, 'no_dependent_tasks': 3, 'no_fully_flexible_tasks_min': 10, 'no_semi_flexible_tasks_min': 0, 'no_fixed_tasks_min': 0, 'algorithm': 'ogsa_fw', 'id': 6, 'init_PAR': 1.26, 'PAR': 1.07, 'init_max_demand': 4187534.0, 'max_demand': 3557278.96, 'total_demand': 160138695.0, 'demand_reduction': 0.15, 'cost_reduction': 0.09, 'pricing_time': 0.006960714285714288, 'rescheduling_time': 4.549310714285714}}
