Arguments count: 7
Argument      0: ./monarch_run.py
Argument      1: 5000
Argument      2: 0
Argument      3: 1
Argument      4: 16
Argument      5: 3
Argument      6: dependent_tasks
----------------------------------------
5000 households, 1 dependent tasks, 5 fully flexible tasks, 0 semi-flexible tasks, 0 fixed tasks, 0 penalty weight. 
----------------------------------------
0. The community is created. 
0. Aggregator is created. 
1. Best step size 0.013, 13 iterations, cost 1420796160.4, using minizinc_fw
2. Best step size 0.009, 9 iterations, cost 1397136782.49, using minizinc_fw
3. Best step size 0.009, 9 iterations, cost 1376907326.92, using minizinc_fw
4. Best step size 0.009, 9 iterations, cost 1361087978.83, using minizinc_fw
5. Best step size 0.007, 7 iterations, cost 1354907677.2, using minizinc_fw
6. Best step size 0, 0 iterations, cost 1354907677.2, using minizinc_fw
Converged in 6
Data are written and graphs are painted. 
0. The community is read. 
0. Aggregator is read. 
1. Best step size 0.012, 12 iterations, cost 1299454529.7, using ogsa_fw
2. Best step size 0.011, 11 iterations, cost 1280081389.78, using ogsa_fw
3. Best step size 0.017, 17 iterations, cost 1257812054.76, using ogsa_fw
4. Best step size 0.008, 8 iterations, cost 1248383699.71, using ogsa_fw
5. Best step size 0.015, 15 iterations, cost 1235354339.3, using ogsa_fw
6. Best step size 0.011, 11 iterations, cost 1227277372.28, using ogsa_fw
7. Best step size 0.014, 14 iterations, cost 1218472809.62, using ogsa_fw
8. Best step size 0.01, 10 iterations, cost 1213138719.8, using ogsa_fw
9. Best step size 0.008, 8 iterations, cost 1209347791.41, using ogsa_fw
10. Best step size 0.007, 7 iterations, cost 1206455867.29, using ogsa_fw
11. Best step size 0.007, 6 iterations, cost 1204034027.01, using ogsa_fw
12. Best step size 0.003, 3 iterations, cost 1202993866.94, using ogsa_fw
13. Best step size 0.002, 2 iterations, cost 1202399314.35, using ogsa_fw
14. Best step size 0.003, 3 iterations, cost 1201627057.37, using ogsa_fw
15. Best step size 0.003, 3 iterations, cost 1200936230.91, using ogsa_fw
16. Best step size 0.005, 5 iterations, cost 1200071668.28, using ogsa_fw
17. Best step size 0.003, 3 iterations, cost 1199490951.7, using ogsa_fw
18. Best step size 0.002, 2 iterations, cost 1199024264.28, using ogsa_fw
19. Best step size 0.001, 1 iterations, cost 1198828513.36, using ogsa_fw
20. Best step size 0.003, 3 iterations, cost 1198242287.11, using ogsa_fw
21. Best step size 0.003, 3 iterations, cost 1197876268.47, using ogsa_fw
22. Best step size 0.001, 1 iterations, cost 1197697574.97, using ogsa_fw
23. Best step size 0.001, 1 iterations, cost 1197556856.9, using ogsa_fw
24. Best step size 0.002, 2 iterations, cost 1197307557.06, using ogsa_fw
25. Best step size 0.001, 1 iterations, cost 1197161283.51, using ogsa_fw
26. Best step size 0.001, 1 iterations, cost 1197076665.07, using ogsa_fw
27. Best step size 0.001, 1 iterations, cost 1196984174.28, using ogsa_fw
28. Best step size 0.001, 1 iterations, cost 1196845811.75, using ogsa_fw
29. Best step size 0.001, 1 iterations, cost 1196719934.87, using ogsa_fw
30. Best step size 0, 0 iterations, cost 1196719934.87, using ogsa_fw
Converged in 30
Data are written and graphs are painted. 
----------------------------------------
----------------------------------------
Experiment is finished. 
{0: {'no_households': 5000, 'penalty_weight': 0, 'no_dependent_tasks': 1, 'no_fully_flexible_tasks_min': 5, 'no_semi_flexible_tasks_min': 0, 'no_fixed_tasks_min': 0, 'algorithm': 'minizinc_fw', 'id': 3, 'init_PAR': 1.22, 'PAR': 1.16, 'init_max_demand': 2088695.0, 'max_demand': 1992750.72, 'total_demand': 82126650.0, 'demand_reduction': 0.05, 'cost_reduction': 0.07, 'pricing_time': 0.0054714285714285715, 'rescheduling_time': 1342.81}, 1: {'no_households': 5000, 'penalty_weight': 0, 'no_dependent_tasks': 1, 'no_fully_flexible_tasks_min': 5, 'no_semi_flexible_tasks_min': 0, 'no_fixed_tasks_min': 0, 'algorithm': 'ogsa_fw', 'id': 3, 'init_PAR': 1.28, 'PAR': 1.1, 'init_max_demand': 2151656.0, 'max_demand': 1840576.49, 'total_demand': 80604928.0, 'demand_reduction': 0.14, 'cost_reduction': 0.1, 'pricing_time': 0.004112903225806451, 'rescheduling_time': 2.07158064516129}}
