Arguments count: 7
Argument      0: ./monarch_run.py
Argument      1: 2000
Argument      2: 1
Argument      3: 1
Argument      4: 16
Argument      5: 17
Argument      6: dependent_tasks
----------------------------------------
2000 households, 1 dependent tasks, 10 fully flexible tasks, 0 semi-flexible tasks, 0 fixed tasks, 1 penalty weight. 
----------------------------------------
0. The community is created. 
0. Aggregator is created. 
1. Best step size 0.02, 20 iterations, cost 1010558754.26, using minizinc_fw
2. Best step size 0.013, 13 iterations, cost 997392194.6, using minizinc_fw
3. Best step size 0.01, 10 iterations, cost 988850165.38, using minizinc_fw
4. Best step size 0.012, 12 iterations, cost 980257488.01, using minizinc_fw
5. Best step size 0.008, 8 iterations, cost 976840680.25, using minizinc_fw
6. Best step size 0.009, 9 iterations, cost 974032490.8, using minizinc_fw
7. Best step size 0.002, 2 iterations, cost 973817273.86, using minizinc_fw
8. Best step size 0.012, 12 iterations, cost 970133977.75, using minizinc_fw
9. Best step size 0.007, 7 iterations, cost 968667335.11, using minizinc_fw
10. Best step size 0.016, 16 iterations, cost 964409212.7, using minizinc_fw
11. Best step size 0.004, 3 iterations, cost 963426235.28, using minizinc_fw
12. Best step size 0.006, 6 iterations, cost 962491493.85, using minizinc_fw
13. Best step size 0.004, 4 iterations, cost 961913877.65, using minizinc_fw
14. Best step size 0.006, 5 iterations, cost 960746189.64, using minizinc_fw
15. Best step size 0.005, 4 iterations, cost 960278499.15, using minizinc_fw
16. Best step size 0.006, 6 iterations, cost 959312564.29, using minizinc_fw
17. Best step size 0.003, 3 iterations, cost 958989797.29, using minizinc_fw
18. Best step size 0.002, 2 iterations, cost 958818257.13, using minizinc_fw
19. Best step size 0.005, 5 iterations, cost 958143568.18, using minizinc_fw
20. Best step size 0.003, 3 iterations, cost 957805967.13, using minizinc_fw
21. Best step size 0.006, 6 iterations, cost 957332998.79, using minizinc_fw
22. Best step size 0.004, 4 iterations, cost 956909343.55, using minizinc_fw
23. Best step size 0, 0 iterations, cost 956909343.55, using minizinc_fw
Converged in 23
Data are written and graphs are painted. 
0. The community is read. 
0. Aggregator is read. 
1. Best step size 0.017, 17 iterations, cost 1014570620.18, using ogsa_fw
2. Best step size 0.016, 16 iterations, cost 997213169.61, using ogsa_fw
3. Best step size 0.01, 10 iterations, cost 989286572.45, using ogsa_fw
4. Best step size 0.008, 8 iterations, cost 983972891.31, using ogsa_fw
5. Best step size 0.014, 14 iterations, cost 976392501.96, using ogsa_fw
6. Best step size 0.008, 8 iterations, cost 972424159.85, using ogsa_fw
7. Best step size 0.005, 5 iterations, cost 969999790.56, using ogsa_fw
8. Best step size 0.014, 14 iterations, cost 964676511.67, using ogsa_fw
9. Best step size 0.006, 6 iterations, cost 962471549.92, using ogsa_fw
10. Best step size 0.008, 8 iterations, cost 960268787.87, using ogsa_fw
11. Best step size 0.005, 5 iterations, cost 959072719.2, using ogsa_fw
12. Best step size 0.003, 3 iterations, cost 958355765.93, using ogsa_fw
13. Best step size 0.004, 4 iterations, cost 957533704.4, using ogsa_fw
14. Best step size 0.003, 3 iterations, cost 956877383.75, using ogsa_fw
15. Best step size 0.01, 10 iterations, cost 955101494.67, using ogsa_fw
16. Best step size 0.004, 4 iterations, cost 954449238.18, using ogsa_fw
17. Best step size 0.003, 3 iterations, cost 954055415.57, using ogsa_fw
18. Best step size 0.006, 6 iterations, cost 953355229.96, using ogsa_fw
19. Best step size 0.004, 4 iterations, cost 952819076.42, using ogsa_fw
20. Best step size 0.007, 7 iterations, cost 952187014.81, using ogsa_fw
21. Best step size 0.002, 2 iterations, cost 951986438.05, using ogsa_fw
22. Best step size 0.004, 4 iterations, cost 951646041.19, using ogsa_fw
23. Best step size 0.005, 4 iterations, cost 951355968.43, using ogsa_fw
24. Best step size 0.004, 4 iterations, cost 951101757.26, using ogsa_fw
25. Best step size 0.004, 4 iterations, cost 950872258.96, using ogsa_fw
26. Best step size 0.001, 1 iterations, cost 950818406.26, using ogsa_fw
27. Best step size 0, 0 iterations, cost 950818406.26, using ogsa_fw
Converged in 27
Data are written and graphs are painted. 
----------------------------------------
----------------------------------------
Experiment is finished. 
{0: {'no_households': 2000, 'penalty_weight': 1, 'no_dependent_tasks': 1, 'no_fully_flexible_tasks_min': 10, 'no_semi_flexible_tasks_min': 0, 'no_fixed_tasks_min': 0, 'algorithm': 'minizinc_fw', 'id': 17, 'init_PAR': 1.3, 'PAR': 1.1, 'init_max_demand': 1743243.0, 'max_demand': 1482811.69, 'total_demand': 64532031.0, 'demand_reduction': 0.15, 'cost_reduction': 0.08, 'pricing_time': 0.01867083333333333, 'rescheduling_time': 2675.6520708333333}, 1: {'no_households': 2000, 'penalty_weight': 1, 'no_dependent_tasks': 1, 'no_fully_flexible_tasks_min': 10, 'no_semi_flexible_tasks_min': 0, 'no_fixed_tasks_min': 0, 'algorithm': 'ogsa_fw', 'id': 17, 'init_PAR': 1.3, 'PAR': 1.09, 'init_max_demand': 1743243.0, 'max_demand': 1463579.5, 'total_demand': 64532031.0, 'demand_reduction': 0.16, 'cost_reduction': 0.08, 'pricing_time': 0.0068392857142857135, 'rescheduling_time': 2.0413785714285715}}
