Arguments count: 7
Argument      0: ./monarch_run.py
Argument      1: 5000
Argument      2: 1
Argument      3: 9
Argument      4: 16
Argument      5: 12
Argument      6: dependent_tasks
----------------------------------------
5000 households, 9 dependent tasks, 10 fully flexible tasks, 0 semi-flexible tasks, 0 fixed tasks, 1 penalty weight. 
----------------------------------------
0. The community is created. 
0. Aggregator is created. 
1. Best step size 0.02, 20 iterations, cost 2573450484.0, using minizinc_fw
2. Best step size 0.01, 10 iterations, cost 2546862921.86, using minizinc_fw
3. Best step size 0.01, 10 iterations, cost 2528602482.87, using minizinc_fw
4. Best step size 0.008, 8 iterations, cost 2515477522.72, using minizinc_fw
5. Best step size 0.007, 6 iterations, cost 2506260009.45, using minizinc_fw
6. Best step size 0.007, 7 iterations, cost 2496775542.19, using minizinc_fw
7. Best step size 0.005, 5 iterations, cost 2490351696.59, using minizinc_fw
8. Best step size 0.008, 8 iterations, cost 2481143373.98, using minizinc_fw
9. Best step size 0.009, 9 iterations, cost 2471359477.71, using minizinc_fw
10. Best step size 0.008, 8 iterations, cost 2466041586.68, using minizinc_fw
11. Best step size 0.005, 5 iterations, cost 2462902361.92, using minizinc_fw
12. Best step size 0.004, 4 iterations, cost 2460782579.72, using minizinc_fw
13. Best step size 0.003, 3 iterations, cost 2459841256.03, using minizinc_fw
14. Best step size 0.005, 5 iterations, cost 2458384232.57, using minizinc_fw
15. Best step size 0.004, 4 iterations, cost 2457162597.56, using minizinc_fw
16. Best step size 0.001, 1 iterations, cost 2456926510.18, using minizinc_fw
17. Best step size 0.001, 1 iterations, cost 2456826128.97, using minizinc_fw
18. Best step size 0, 0 iterations, cost 2456826128.97, using minizinc_fw
Converged in 18
Data are written and graphs are painted. 
0. The community is read. 
0. Aggregator is read. 
1. Best step size 0.017, 16 iterations, cost 2582830544.39, using ogsa_fw
2. Best step size 0.013, 13 iterations, cost 2547437498.04, using ogsa_fw
3. Best step size 0.013, 13 iterations, cost 2516777704.05, using ogsa_fw
4. Best step size 0.014, 14 iterations, cost 2496689910.56, using ogsa_fw
5. Best step size 0.015, 15 iterations, cost 2476866204.72, using ogsa_fw
6. Best step size 0.008, 8 iterations, cost 2468057135.1, using ogsa_fw
7. Best step size 0.009, 8 iterations, cost 2459776693.79, using ogsa_fw
8. Best step size 0.013, 13 iterations, cost 2450356959.97, using ogsa_fw
9. Best step size 0.005, 5 iterations, cost 2446815043.35, using ogsa_fw
10. Best step size 0.004, 4 iterations, cost 2444170387.54, using ogsa_fw
11. Best step size 0.002, 2 iterations, cost 2442889763.66, using ogsa_fw
12. Best step size 0.003, 3 iterations, cost 2441164692.74, using ogsa_fw
13. Best step size 0.009, 9 iterations, cost 2437414045.18, using ogsa_fw
14. Best step size 0.007, 7 iterations, cost 2435076619.88, using ogsa_fw
15. Best step size 0.003, 3 iterations, cost 2434043718.44, using ogsa_fw
16. Best step size 0.005, 5 iterations, cost 2432691557.31, using ogsa_fw
17. Best step size 0.004, 4 iterations, cost 2431474330.96, using ogsa_fw
18. Best step size 0.001, 1 iterations, cost 2431221823.98, using ogsa_fw
19. Best step size 0.001, 1 iterations, cost 2431016544.14, using ogsa_fw
20. Best step size 0.001, 1 iterations, cost 2430816010.27, using ogsa_fw
21. Best step size 0.012, 9 iterations, cost 2429685346.22, using ogsa_fw
22. Best step size 0.01, 7 iterations, cost 2428778368.59, using ogsa_fw
23. Best step size 0.001, 1 iterations, cost 2428661037.76, using ogsa_fw
24. Best step size 0, 0 iterations, cost 2428661037.76, using ogsa_fw
Converged in 24
Data are written and graphs are painted. 
----------------------------------------
----------------------------------------
Experiment is finished. 
{0: {'no_households': 5000, 'penalty_weight': 1, 'no_dependent_tasks': 9, 'no_fully_flexible_tasks_min': 10, 'no_semi_flexible_tasks_min': 0, 'no_fixed_tasks_min': 0, 'algorithm': 'minizinc_fw', 'id': 12, 'init_PAR': 1.26, 'PAR': 1.12, 'init_max_demand': 4255181.0, 'max_demand': 3792702.4, 'total_demand': 162129301.0, 'demand_reduction': 0.11, 'cost_reduction': 0.07, 'pricing_time': 0.016689473684210525, 'rescheduling_time': 6929.168905263157}, 1: {'no_households': 5000, 'penalty_weight': 1, 'no_dependent_tasks': 9, 'no_fully_flexible_tasks_min': 10, 'no_semi_flexible_tasks_min': 0, 'no_fixed_tasks_min': 0, 'algorithm': 'ogsa_fw', 'id': 12, 'init_PAR': 1.26, 'PAR': 1.06, 'init_max_demand': 4255181.0, 'max_demand': 3592915.64, 'total_demand': 162129301.0, 'demand_reduction': 0.16, 'cost_reduction': 0.08, 'pricing_time': 0.007859999999999999, 'rescheduling_time': 4.421828}}
