Arguments count: 7
Argument      0: ./monarch_run.py
Argument      1: 2000
Argument      2: 1
Argument      3: 3
Argument      4: 16
Argument      5: 18
Argument      6: dependent_tasks
----------------------------------------
2000 households, 3 dependent tasks, 10 fully flexible tasks, 0 semi-flexible tasks, 0 fixed tasks, 1 penalty weight. 
----------------------------------------
0. The community is created. 
0. Aggregator is created. 
1. Best step size 0.017, 17 iterations, cost 1036253233.07, using minizinc_fw
2. Best step size 0.018, 18 iterations, cost 1017225684.18, using minizinc_fw
3. Best step size 0.016, 16 iterations, cost 1001495566.07, using minizinc_fw
4. Best step size 0.012, 12 iterations, cost 991482480.46, using minizinc_fw
5. Best step size 0.017, 17 iterations, cost 980055554.18, using minizinc_fw
6. Best step size 0.011, 11 iterations, cost 973141123.37, using minizinc_fw
7. Best step size 0.01, 10 iterations, cost 968573272.68, using minizinc_fw
8. Best step size 0.012, 12 iterations, cost 964120258.29, using minizinc_fw
9. Best step size 0.008, 8 iterations, cost 961962049.9, using minizinc_fw
10. Best step size 0.008, 8 iterations, cost 959991522.25, using minizinc_fw
11. Best step size 0.005, 5 iterations, cost 958817802.88, using minizinc_fw
12. Best step size 0.002, 2 iterations, cost 958489585.45, using minizinc_fw
13. Best step size 0.007, 7 iterations, cost 957596662.87, using minizinc_fw
14. Best step size 0.004, 4 iterations, cost 957330441.43, using minizinc_fw
15. Best step size 0.004, 4 iterations, cost 956995216.08, using minizinc_fw
16. Best step size 0.004, 4 iterations, cost 956595948.09, using minizinc_fw
17. Best step size 0.001, 1 iterations, cost 956574843.43, using minizinc_fw
18. Best step size 0.004, 4 iterations, cost 956327397.85, using minizinc_fw
19. Best step size 0.002, 2 iterations, cost 956177053.23, using minizinc_fw
20. Best step size 0.003, 3 iterations, cost 955688022.36, using minizinc_fw
21. Best step size 0, 0 iterations, cost 955688022.36, using minizinc_fw
Converged in 21
Data are written and graphs are painted. 
0. The community is read. 
0. Aggregator is read. 
1. Best step size 0.018, 18 iterations, cost 1033120282.68, using ogsa_fw
2. Best step size 0.027, 25 iterations, cost 1002458003.82, using ogsa_fw
3. Best step size 0.015, 15 iterations, cost 989159264.35, using ogsa_fw
4. Best step size 0.013, 13 iterations, cost 979342760.6, using ogsa_fw
5. Best step size 0.016, 16 iterations, cost 969780911.24, using ogsa_fw
6. Best step size 0.008, 8 iterations, cost 965856524.56, using ogsa_fw
7. Best step size 0.015, 15 iterations, cost 960046720.12, using ogsa_fw
8. Best step size 0.008, 8 iterations, cost 957034285.71, using ogsa_fw
9. Best step size 0.006, 6 iterations, cost 955379837.29, using ogsa_fw
10. Best step size 0.004, 4 iterations, cost 954155599.42, using ogsa_fw
11. Best step size 0.004, 4 iterations, cost 953062593.9, using ogsa_fw
12. Best step size 0.009, 8 iterations, cost 951254713.75, using ogsa_fw
13. Best step size 0.005, 5 iterations, cost 950265221.05, using ogsa_fw
14. Best step size 0.003, 3 iterations, cost 949833686.82, using ogsa_fw
15. Best step size 0.002, 2 iterations, cost 949583748.36, using ogsa_fw
16. Best step size 0.004, 4 iterations, cost 949107822.22, using ogsa_fw
17. Best step size 0.004, 4 iterations, cost 948665311.87, using ogsa_fw
18. Best step size 0.006, 6 iterations, cost 948157656.68, using ogsa_fw
19. Best step size 0.003, 3 iterations, cost 947868603.81, using ogsa_fw
20. Best step size 0.003, 3 iterations, cost 947714865.03, using ogsa_fw
21. Best step size 0.005, 5 iterations, cost 947506188.78, using ogsa_fw
22. Best step size 0.003, 3 iterations, cost 947387622.84, using ogsa_fw
23. Best step size 0.003, 3 iterations, cost 947261822.84, using ogsa_fw
24. Best step size 0.002, 2 iterations, cost 947218506.38, using ogsa_fw
25. Best step size 0.002, 2 iterations, cost 947156951.73, using ogsa_fw
26. Best step size 0.002, 2 iterations, cost 947120997.85, using ogsa_fw
27. Best step size 0.002, 2 iterations, cost 947060117.32, using ogsa_fw
28. Best step size 0, 0 iterations, cost 947060117.32, using ogsa_fw
Converged in 28
Data are written and graphs are painted. 
----------------------------------------
----------------------------------------
Experiment is finished. 
{0: {'no_households': 2000, 'penalty_weight': 1, 'no_dependent_tasks': 3, 'no_fully_flexible_tasks_min': 10, 'no_semi_flexible_tasks_min': 0, 'no_fixed_tasks_min': 0, 'algorithm': 'minizinc_fw', 'id': 18, 'init_PAR': 1.27, 'PAR': 1.08, 'init_max_demand': 1690355.0, 'max_demand': 1433123.32, 'total_demand': 63698764.0, 'demand_reduction': 0.15, 'cost_reduction': 0.1, 'pricing_time': 0.021568181818181816, 'rescheduling_time': 3010.1795363636365}, 1: {'no_households': 2000, 'penalty_weight': 1, 'no_dependent_tasks': 3, 'no_fully_flexible_tasks_min': 10, 'no_semi_flexible_tasks_min': 0, 'no_fixed_tasks_min': 0, 'algorithm': 'ogsa_fw', 'id': 18, 'init_PAR': 1.27, 'PAR': 1.05, 'init_max_demand': 1690355.0, 'max_demand': 1395928.46, 'total_demand': 63698764.0, 'demand_reduction': 0.17, 'cost_reduction': 0.11, 'pricing_time': 0.0066172413793103456, 'rescheduling_time': 1.7389999999999999}}
