Arguments count: 7
Argument      0: ./monarch_run.py
Argument      1: 5000
Argument      2: 1
Argument      3: 9
Argument      4: 16
Argument      5: 25
Argument      6: dependent_tasks
----------------------------------------
5000 households, 9 dependent tasks, 10 fully flexible tasks, 0 semi-flexible tasks, 0 fixed tasks, 1 penalty weight. 
----------------------------------------
0. The community is created. 
0. Aggregator is created. 
1. Best step size 0.019, 19 iterations, cost 2737354872.92, using minizinc_fw
2. Best step size 0.023, 22 iterations, cost 2648504379.88, using minizinc_fw
3. Best step size 0.014, 14 iterations, cost 2606827413.95, using minizinc_fw
4. Best step size 0.008, 8 iterations, cost 2597202663.41, using minizinc_fw
5. Best step size 0.003, 3 iterations, cost 2595717126.69, using minizinc_fw
6. Best step size 0.004, 4 iterations, cost 2591278213.16, using minizinc_fw
7. Best step size 0, 0 iterations, cost 2591278213.16, using minizinc_fw
Converged in 7
Data are written and graphs are painted. 
0. The community is read. 
0. Aggregator is read. 
1. Best step size 0.024, 24 iterations, cost 2713367389.75, using ogsa_fw
2. Best step size 0.013, 13 iterations, cost 2669755359.5, using ogsa_fw
3. Best step size 0.011, 11 iterations, cost 2633177655.86, using ogsa_fw
4. Best step size 0.012, 12 iterations, cost 2598115841.53, using ogsa_fw
5. Best step size 0.016, 16 iterations, cost 2566244212.55, using ogsa_fw
6. Best step size 0.007, 7 iterations, cost 2556109549.38, using ogsa_fw
7. Best step size 0.009, 9 iterations, cost 2545125201.87, using ogsa_fw
8. Best step size 0.005, 5 iterations, cost 2539770075.13, using ogsa_fw
9. Best step size 0.005, 5 iterations, cost 2535120670.17, using ogsa_fw
10. Best step size 0.005, 5 iterations, cost 2530997993.54, using ogsa_fw
11. Best step size 0.003, 3 iterations, cost 2529184195.03, using ogsa_fw
12. Best step size 0.002, 2 iterations, cost 2528162893.05, using ogsa_fw
13. Best step size 0.002, 2 iterations, cost 2527432715.23, using ogsa_fw
14. Best step size 0.002, 2 iterations, cost 2526599406.18, using ogsa_fw
15. Best step size 0.003, 3 iterations, cost 2525462287.45, using ogsa_fw
16. Best step size 0.011, 10 iterations, cost 2522363416.08, using ogsa_fw
17. Best step size 0.001, 1 iterations, cost 2521836022.74, using ogsa_fw
18. Best step size 0.004, 4 iterations, cost 2520805292.78, using ogsa_fw
19. Best step size 0.006, 5 iterations, cost 2520001397.39, using ogsa_fw
20. Best step size 0.004, 4 iterations, cost 2519101397.47, using ogsa_fw
21. Best step size 0.001, 1 iterations, cost 2518859832.82, using ogsa_fw
22. Best step size 0, 0 iterations, cost 2518859832.82, using ogsa_fw
Converged in 22
Data are written and graphs are painted. 
----------------------------------------
----------------------------------------
Experiment is finished. 
{0: {'no_households': 5000, 'penalty_weight': 1, 'no_dependent_tasks': 9, 'no_fully_flexible_tasks_min': 10, 'no_semi_flexible_tasks_min': 0, 'no_fixed_tasks_min': 0, 'algorithm': 'minizinc_fw', 'id': 25, 'init_PAR': 1.2, 'PAR': 1.15, 'init_max_demand': 4037655.0, 'max_demand': 3852775.57, 'total_demand': 161131015.0, 'demand_reduction': 0.05, 'cost_reduction': 0.09, 'pricing_time': 0.0188625, 'rescheduling_time': 5839.7374500000005}, 1: {'no_households': 5000, 'penalty_weight': 1, 'no_dependent_tasks': 9, 'no_fully_flexible_tasks_min': 10, 'no_semi_flexible_tasks_min': 0, 'no_fixed_tasks_min': 0, 'algorithm': 'ogsa_fw', 'id': 25, 'init_PAR': 1.2, 'PAR': 1.04, 'init_max_demand': 4037655.0, 'max_demand': 3489079.13, 'total_demand': 161131015.0, 'demand_reduction': 0.14, 'cost_reduction': 0.12, 'pricing_time': 0.008004347826086956, 'rescheduling_time': 4.990682608695653}}
