Arguments count: 7
Argument      0: ./monarch_run.py
Argument      1: 5000
Argument      2: 3
Argument      3: 1
Argument      4: 16
Argument      5: 10
Argument      6: dependent_tasks
----------------------------------------
5000 households, 1 dependent tasks, 10 fully flexible tasks, 0 semi-flexible tasks, 0 fixed tasks, 3 penalty weight. 
----------------------------------------
0. The community is created. 
0. Aggregator is created. 
1. Best step size 0.02, 20 iterations, cost 2671368002.37, using minizinc_fw
2. Best step size 0.01, 10 iterations, cost 2637975670.71, using minizinc_fw
3. Best step size 0.007, 7 iterations, cost 2622301368.73, using minizinc_fw
4. Best step size 0.007, 7 iterations, cost 2603692512.66, using minizinc_fw
5. Best step size 0.008, 8 iterations, cost 2593218866.22, using minizinc_fw
6. Best step size 0, 0 iterations, cost 2593218866.22, using minizinc_fw
Converged in 6
Data are written and graphs are painted. 
0. The community is read. 
0. Aggregator is read. 
1. Best step size 0.02, 20 iterations, cost 2675044837.83, using ogsa_fw
2. Best step size 0.02, 20 iterations, cost 2605126563.34, using ogsa_fw
3. Best step size 0.011, 11 iterations, cost 2576926641.02, using ogsa_fw
4. Best step size 0.005, 5 iterations, cost 2566032105.62, using ogsa_fw
5. Best step size 0.004, 4 iterations, cost 2558272943.84, using ogsa_fw
6. Best step size 0.004, 4 iterations, cost 2551733598.63, using ogsa_fw
7. Best step size 0.005, 5 iterations, cost 2544373965.14, using ogsa_fw
8. Best step size 0.005, 5 iterations, cost 2537819150.44, using ogsa_fw
9. Best step size 0.003, 3 iterations, cost 2535036740.8, using ogsa_fw
10. Best step size 0.006, 6 iterations, cost 2529683554.7, using ogsa_fw
11. Best step size 0.006, 6 iterations, cost 2524637540.81, using ogsa_fw
12. Best step size 0.003, 3 iterations, cost 2522017461.32, using ogsa_fw
13. Best step size 0.003, 2 iterations, cost 2520171634.13, using ogsa_fw
14. Best step size 0.004, 4 iterations, cost 2518385380.84, using ogsa_fw
15. Best step size 0.001, 1 iterations, cost 2517702328.05, using ogsa_fw
16. Best step size 0.002, 2 iterations, cost 2516570182.32, using ogsa_fw
17. Best step size 0.001, 1 iterations, cost 2516065497.73, using ogsa_fw
18. Best step size 0.002, 2 iterations, cost 2515232422.47, using ogsa_fw
19. Best step size 0.001, 1 iterations, cost 2514799816.17, using ogsa_fw
20. Best step size 0.003, 3 iterations, cost 2513838226.28, using ogsa_fw
21. Best step size 0.001, 1 iterations, cost 2513541968.95, using ogsa_fw
22. Best step size 0.001, 1 iterations, cost 2513206556.97, using ogsa_fw
23. Best step size 0, 0 iterations, cost 2513206556.97, using ogsa_fw
Converged in 23
Data are written and graphs are painted. 
----------------------------------------
----------------------------------------
Experiment is finished. 
{0: {'no_households': 5000, 'penalty_weight': 3, 'no_dependent_tasks': 1, 'no_fully_flexible_tasks_min': 10, 'no_semi_flexible_tasks_min': 0, 'no_fixed_tasks_min': 0, 'algorithm': 'minizinc_fw', 'id': 10, 'init_PAR': 1.22, 'PAR': 1.15, 'init_max_demand': 4112100.0, 'max_demand': 3903634.05, 'total_demand': 162380715.0, 'demand_reduction': 0.05, 'cost_reduction': 0.06, 'pricing_time': 0.017557142857142858, 'rescheduling_time': 4407.718557142857}, 1: {'no_households': 5000, 'penalty_weight': 3, 'no_dependent_tasks': 1, 'no_fully_flexible_tasks_min': 10, 'no_semi_flexible_tasks_min': 0, 'no_fixed_tasks_min': 0, 'algorithm': 'ogsa_fw', 'id': 10, 'init_PAR': 1.22, 'PAR': 1.09, 'init_max_demand': 4112100.0, 'max_demand': 3680926.79, 'total_demand': 162380715.0, 'demand_reduction': 0.1, 'cost_reduction': 0.09, 'pricing_time': 0.006100000000000002, 'rescheduling_time': 4.603304166666667}}
