Arguments count: 7
Argument      0: ./monarch_run.py
Argument      1: 2000
Argument      2: 1
Argument      3: 6
Argument      4: 16
Argument      5: 4
Argument      6: dependent_tasks
----------------------------------------
2000 households, 6 dependent tasks, 10 fully flexible tasks, 0 semi-flexible tasks, 0 fixed tasks, 1 penalty weight. 
----------------------------------------
0. The community is created. 
0. Aggregator is created. 
1. Best step size 0.022, 22 iterations, cost 1036044788.4, using minizinc_fw
2. Best step size 0.012, 12 iterations, cost 1022801513.5, using minizinc_fw
3. Best step size 0.008, 8 iterations, cost 1016874067.65, using minizinc_fw
4. Best step size 0.014, 14 iterations, cost 1009121975.57, using minizinc_fw
5. Best step size 0.008, 8 iterations, cost 1006338785.74, using minizinc_fw
6. Best step size 0.006, 6 iterations, cost 1004643618.35, using minizinc_fw
7. Best step size 0, 0 iterations, cost 1004643618.35, using minizinc_fw
Converged in 7
Data are written and graphs are painted. 
0. The community is read. 
0. Aggregator is read. 
1. Best step size 0.02, 20 iterations, cost 1094045505.02, using ogsa_fw
2. Best step size 0.021, 20 iterations, cost 1064229045.61, using ogsa_fw
3. Best step size 0.012, 11 iterations, cost 1050039178.51, using ogsa_fw
4. Best step size 0.011, 11 iterations, cost 1039475233.81, using ogsa_fw
5. Best step size 0.008, 8 iterations, cost 1033791607.17, using ogsa_fw
6. Best step size 0.011, 11 iterations, cost 1027621381.33, using ogsa_fw
7. Best step size 0.008, 8 iterations, cost 1023343556.95, using ogsa_fw
8. Best step size 0.005, 5 iterations, cost 1020762767.91, using ogsa_fw
9. Best step size 0.005, 5 iterations, cost 1018713575.55, using ogsa_fw
10. Best step size 0.005, 4 iterations, cost 1017082000.97, using ogsa_fw
11. Best step size 0.004, 4 iterations, cost 1015888959.51, using ogsa_fw
12. Best step size 0.005, 5 iterations, cost 1014637108.8, using ogsa_fw
13. Best step size 0.004, 3 iterations, cost 1013813118.16, using ogsa_fw
14. Best step size 0.002, 2 iterations, cost 1013473784.07, using ogsa_fw
15. Best step size 0.002, 2 iterations, cost 1013200322.13, using ogsa_fw
16. Best step size 0.009, 7 iterations, cost 1012215516.04, using ogsa_fw
17. Best step size 0.011, 10 iterations, cost 1011366095.68, using ogsa_fw
18. Best step size 0.006, 6 iterations, cost 1010905523.91, using ogsa_fw
19. Best step size 0.004, 4 iterations, cost 1010619457.42, using ogsa_fw
20. Best step size 0.003, 3 iterations, cost 1010464224.29, using ogsa_fw
21. Best step size 0.003, 3 iterations, cost 1010328061.84, using ogsa_fw
22. Best step size 0.001, 1 iterations, cost 1010245611.57, using ogsa_fw
23. Best step size 0, 0 iterations, cost 1010245611.57, using ogsa_fw
Converged in 23
Data are written and graphs are painted. 
----------------------------------------
----------------------------------------
Experiment is finished. 
{0: {'no_households': 2000, 'penalty_weight': 1, 'no_dependent_tasks': 6, 'no_fully_flexible_tasks_min': 10, 'no_semi_flexible_tasks_min': 0, 'no_fixed_tasks_min': 0, 'algorithm': 'minizinc_fw', 'id': 4, 'init_PAR': 1.25, 'PAR': 1.16, 'init_max_demand': 1680539.0, 'max_demand': 1566869.3, 'total_demand': 64766592.0, 'demand_reduction': 0.07, 'cost_reduction': 0.06, 'pricing_time': 0.0176875, 'rescheduling_time': 2087.37125}, 1: {'no_households': 2000, 'penalty_weight': 1, 'no_dependent_tasks': 6, 'no_fully_flexible_tasks_min': 10, 'no_semi_flexible_tasks_min': 0, 'no_fixed_tasks_min': 0, 'algorithm': 'ogsa_fw', 'id': 4, 'init_PAR': 1.2, 'PAR': 1.03, 'init_max_demand': 1626281.0, 'max_demand': 1387689.14, 'total_demand': 64783494.0, 'demand_reduction': 0.15, 'cost_reduction': 0.11, 'pricing_time': 0.006645833333333334, 'rescheduling_time': 1.966704166666666}}
