Arguments count: 7
Argument      0: ./monarch_run.py
Argument      1: 5000
Argument      2: 1
Argument      3: 6
Argument      4: 16
Argument      5: 3
Argument      6: dependent_tasks
----------------------------------------
5000 households, 6 dependent tasks, 10 fully flexible tasks, 0 semi-flexible tasks, 0 fixed tasks, 1 penalty weight. 
----------------------------------------
0. The community is created. 
0. Aggregator is created. 
1. Best step size 0.013, 13 iterations, cost 2818361849.03, using minizinc_fw
2. Best step size 0.013, 13 iterations, cost 2753329227.93, using minizinc_fw
3. Best step size 0.015, 15 iterations, cost 2692837335.1, using minizinc_fw
4. Best step size 0.007, 7 iterations, cost 2670190035.96, using minizinc_fw
5. Best step size 0.01, 10 iterations, cost 2639574139.56, using minizinc_fw
6. Best step size 0.012, 11 iterations, cost 2614235075.28, using minizinc_fw
7. Best step size 0.006, 6 iterations, cost 2602583269.68, using minizinc_fw
8. Best step size 0, 0 iterations, cost 2602583269.68, using minizinc_fw
Converged in 8
Data are written and graphs are painted. 
0. The community is read. 
0. Aggregator is read. 
1. Best step size 0.015, 15 iterations, cost 2582060729.92, using ogsa_fw
2. Best step size 0.017, 16 iterations, cost 2533666382.3, using ogsa_fw
3. Best step size 0.01, 10 iterations, cost 2511314398.52, using ogsa_fw
4. Best step size 0.007, 7 iterations, cost 2496818088.33, using ogsa_fw
5. Best step size 0.012, 12 iterations, cost 2476961093.73, using ogsa_fw
6. Best step size 0.008, 8 iterations, cost 2465576756.85, using ogsa_fw
7. Best step size 0.006, 6 iterations, cost 2457978563.24, using ogsa_fw
8. Best step size 0.016, 14 iterations, cost 2441721295.1, using ogsa_fw
9. Best step size 0.006, 6 iterations, cost 2435786905.05, using ogsa_fw
10. Best step size 0.009, 8 iterations, cost 2428048494.6, using ogsa_fw
11. Best step size 0.004, 4 iterations, cost 2424737261.59, using ogsa_fw
12. Best step size 0.009, 9 iterations, cost 2419395252.91, using ogsa_fw
13. Best step size 0.006, 6 iterations, cost 2416370169.78, using ogsa_fw
14. Best step size 0.004, 4 iterations, cost 2414397018.83, using ogsa_fw
15. Best step size 0.002, 2 iterations, cost 2413288133.06, using ogsa_fw
16. Best step size 0.004, 4 iterations, cost 2412062975.76, using ogsa_fw
17. Best step size 0.006, 6 iterations, cost 2410045594.81, using ogsa_fw
18. Best step size 0.003, 3 iterations, cost 2409157824.34, using ogsa_fw
19. Best step size 0.001, 1 iterations, cost 2408822857.85, using ogsa_fw
20. Best step size 0.001, 1 iterations, cost 2408472650.52, using ogsa_fw
21. Best step size 0.001, 1 iterations, cost 2408124266.25, using ogsa_fw
22. Best step size 0.001, 1 iterations, cost 2407791121.2, using ogsa_fw
23. Best step size 0.011, 10 iterations, cost 2406062350.65, using ogsa_fw
24. Best step size 0.001, 1 iterations, cost 2405807604.7, using ogsa_fw
25. Best step size 0.003, 3 iterations, cost 2405416468.51, using ogsa_fw
26. Best step size 0.008, 7 iterations, cost 2404792505.41, using ogsa_fw
27. Best step size 0.001, 1 iterations, cost 2404681048.95, using ogsa_fw
28. Best step size 0.001, 1 iterations, cost 2404528695.48, using ogsa_fw
29. Best step size 0.004, 4 iterations, cost 2404314582.72, using ogsa_fw
30. Best step size 0.003, 3 iterations, cost 2404086663.47, using ogsa_fw
31. Best step size 0.003, 3 iterations, cost 2403779289.47, using ogsa_fw
32. Best step size 0.002, 2 iterations, cost 2403700947.38, using ogsa_fw
33. Best step size 0.001, 1 iterations, cost 2403620408.31, using ogsa_fw
34. Best step size 0, 0 iterations, cost 2403620408.31, using ogsa_fw
Converged in 34
Data are written and graphs are painted. 
----------------------------------------
----------------------------------------
Experiment is finished. 
{0: {'no_households': 5000, 'penalty_weight': 1, 'no_dependent_tasks': 6, 'no_fully_flexible_tasks_min': 10, 'no_semi_flexible_tasks_min': 0, 'no_fixed_tasks_min': 0, 'algorithm': 'minizinc_fw', 'id': 3, 'init_PAR': 1.19, 'PAR': 1.11, 'init_max_demand': 4010319.0, 'max_demand': 3716683.59, 'total_demand': 161280135.0, 'demand_reduction': 0.07, 'cost_reduction': 0.1, 'pricing_time': 0.01928888888888889, 'rescheduling_time': 3898.756666666667}, 1: {'no_households': 5000, 'penalty_weight': 1, 'no_dependent_tasks': 6, 'no_fully_flexible_tasks_min': 10, 'no_semi_flexible_tasks_min': 0, 'no_fixed_tasks_min': 0, 'algorithm': 'ogsa_fw', 'id': 3, 'init_PAR': 1.26, 'PAR': 1.04, 'init_max_demand': 4187534.0, 'max_demand': 3484643.38, 'total_demand': 160138695.0, 'demand_reduction': 0.17, 'cost_reduction': 0.09, 'pricing_time': 0.006105714285714284, 'rescheduling_time': 5.084240000000001}}
