Arguments count: 7
Argument      0: ./monarch_run.py
Argument      1: 10
Argument      2: 0
Argument      3: 10
Argument      4: 16
Argument      5: 4
Argument      6: test_exp
----------------------------------------
10 households, 10 dependent tasks, 5 fully flexible tasks, 0 semi-flexible tasks, 0 fixed tasks, 0 penalty weight. 
----------------------------------------
0. The community is created. 
0. Aggregator is created. 
1. Best step size 0.147, 39 iterations, cost 2857400.53, using minizinc_fw
2. Best step size 0.055, 17 iterations, cost 2839591.96, using minizinc_fw
3. Best step size 0.063, 21 iterations, cost 2825671.96, using minizinc_fw
4. Best step size 0.047, 14 iterations, cost 2820497.06, using minizinc_fw
5. Best step size 0.047, 15 iterations, cost 2816719.56, using minizinc_fw
6. Best step size 0, 0 iterations, cost 2816719.56, using minizinc_fw
Converged in 6
Data are written and graphs are painted. 
0. The community is read. 
0. Aggregator is read. 
1. Best step size 0.258, 52 iterations, cost 967945.97, using ogsa_fw
2. Best step size 0.07, 18 iterations, cost 961669.8, using ogsa_fw
3. Best step size 0.107, 22 iterations, cost 957195.94, using ogsa_fw
4. Best step size 0.106, 21 iterations, cost 955512.1, using ogsa_fw
5. Best step size 0.097, 10 iterations, cost 955141.38, using ogsa_fw
6. Best step size 0, 0 iterations, cost 955141.38, using ogsa_fw
Converged in 6
Data are written and graphs are painted. 
----------------------------------------
----------------------------------------
Experiment is finished. 
{0: {'no_households': 10, 'penalty_weight': 0, 'no_dependent_tasks': 10, 'no_fully_flexible_tasks_min': 5, 'no_semi_flexible_tasks_min': 0, 'no_fixed_tasks_min': 0, 'algorithm': 'minizinc_fw', 'id': 4, 'init_PAR': 4.88, 'PAR': 3.46, 'init_max_demand': 20400.0, 'max_demand': 14453.78, 'total_demand': 200487.0, 'demand_reduction': 0.29, 'cost_reduction': 0.1, 'pricing_time': 0.004885714285714286, 'rescheduling_time': 4.397142857142857}, 1: {'no_households': 10, 'penalty_weight': 0, 'no_dependent_tasks': 10, 'no_fully_flexible_tasks_min': 5, 'no_semi_flexible_tasks_min': 0, 'no_fixed_tasks_min': 0, 'algorithm': 'ogsa_fw', 'id': 4, 'init_PAR': 9.08, 'PAR': 4.78, 'init_max_demand': 12900.0, 'max_demand': 6793.78, 'total_demand': 68223.0, 'demand_reduction': 0.47, 'cost_reduction': 0.24, 'pricing_time': 0.005699999999999999, 'rescheduling_time': 0.004114285714285714}}
