Arguments count: 7
Argument      0: ./monarch_run.py
Argument      1: 10
Argument      2: 0
Argument      3: 100
Argument      4: 16
Argument      5: 5
Argument      6: test_exp
----------------------------------------
10 households, 100 dependent tasks, 5 fully flexible tasks, 0 semi-flexible tasks, 0 fixed tasks, 0 penalty weight. 
----------------------------------------
0. The community is created. 
0. Aggregator is created. 
1. Best step size 0.155, 29 iterations, cost 2051264.21, using minizinc_fw
2. Best step size 0.004, 1 iterations, cost 2050543.36, using minizinc_fw
3. Best step size 0, 0 iterations, cost 2050543.36, using minizinc_fw
Converged in 3
Data are written and graphs are painted. 
0. The community is read. 
0. Aggregator is read. 
1. Best step size 0.21, 40 iterations, cost 2032079.18, using ogsa_fw
2. Best step size 0.118, 23 iterations, cost 2016816.22, using ogsa_fw
3. Best step size 0.049, 10 iterations, cost 2014359.66, using ogsa_fw
4. Best step size 0.053, 16 iterations, cost 2013105.31, using ogsa_fw
5. Best step size 0.039, 10 iterations, cost 2012504.58, using ogsa_fw
6. Best step size 0.019, 5 iterations, cost 2012103.85, using ogsa_fw
7. Best step size 0.02, 8 iterations, cost 2011933.74, using ogsa_fw
8. Best step size 0.004, 2 iterations, cost 2011881.37, using ogsa_fw
9. Best step size 0.042, 6 iterations, cost 2011319.33, using ogsa_fw
10. Best step size 0.005, 1 iterations, cost 2011267.51, using ogsa_fw
11. Best step size 0.018, 7 iterations, cost 2011136.32, using ogsa_fw
12. Best step size 0.001, 1 iterations, cost 2011130.99, using ogsa_fw
13. Best step size 0.005, 2 iterations, cost 2011098.77, using ogsa_fw
14. Best step size 0, 0 iterations, cost 2011098.77, using ogsa_fw
Converged in 14
Data are written and graphs are painted. 
----------------------------------------
----------------------------------------
Experiment is finished. 
{0: {'no_households': 10, 'penalty_weight': 0, 'no_dependent_tasks': 100, 'no_fully_flexible_tasks_min': 5, 'no_semi_flexible_tasks_min': 0, 'no_fixed_tasks_min': 0, 'algorithm': 'minizinc_fw', 'id': 5, 'init_PAR': 6.23, 'PAR': 5.31, 'init_max_demand': 18650.0, 'max_demand': 15898.62, 'total_demand': 143634.0, 'demand_reduction': 0.15, 'cost_reduction': 0.11, 'pricing_time': 0.001825, 'rescheduling_time': 3.7825000000000006}, 1: {'no_households': 10, 'penalty_weight': 0, 'no_dependent_tasks': 100, 'no_fully_flexible_tasks_min': 5, 'no_semi_flexible_tasks_min': 0, 'no_fixed_tasks_min': 0, 'algorithm': 'ogsa_fw', 'id': 5, 'init_PAR': 6.23, 'PAR': 3.47, 'init_max_demand': 18650.0, 'max_demand': 10389.4, 'total_demand': 143634.0, 'demand_reduction': 0.44, 'cost_reduction': 0.13, 'pricing_time': 0.0021133333333333334, 'rescheduling_time': 0.004526666666666667}}
