Arguments count: 7
Argument      0: ./monarch_run.py
Argument      1: 5
Argument      2: 0
Argument      3: 10
Argument      4: 16
Argument      5: 1
Argument      6: test_exp
----------------------------------------
5 households, 10 dependent tasks, 5 fully flexible tasks, 0 semi-flexible tasks, 0 fixed tasks, 0 penalty weight. 
----------------------------------------
0. The community is created. 
0. Aggregator is created. 
1. Best step size 0.143, 26 iterations, cost 2335016.81, using minizinc_fw
2. Best step size 0.222, 44 iterations, cost 2105968.12, using minizinc_fw
3. Best step size 0.024, 5 iterations, cost 2104674.44, using minizinc_fw
4. Best step size 0, 0 iterations, cost 2104674.44, using minizinc_fw
Converged in 4
Data are written and graphs are painted. 
0. The community is read. 
0. Aggregator is read. 
1. Best step size 0.251, 54 iterations, cost 2124598.29, using ogsa_fw
2. Best step size 0.211, 41 iterations, cost 2089724.22, using ogsa_fw
3. Best step size 0.1, 23 iterations, cost 2086070.92, using ogsa_fw
4. Best step size 0.023, 12 iterations, cost 2085655.61, using ogsa_fw
5. Best step size 0.073, 15 iterations, cost 2084557.95, using ogsa_fw
6. Best step size 0.001, 1 iterations, cost 2084553.93, using ogsa_fw
7. Best step size 0, 0 iterations, cost 2084553.93, using ogsa_fw
Converged in 7
Data are written and graphs are painted. 
----------------------------------------
----------------------------------------
Experiment is finished. 
{0: {'no_households': 5, 'penalty_weight': 0, 'no_dependent_tasks': 10, 'no_fully_flexible_tasks_min': 5, 'no_semi_flexible_tasks_min': 0, 'no_fixed_tasks_min': 0, 'algorithm': 'minizinc_fw', 'id': 1, 'init_PAR': 5.86, 'PAR': 4.42, 'init_max_demand': 18165.0, 'max_demand': 13719.88, 'total_demand': 148894.0, 'demand_reduction': 0.24, 'cost_reduction': 0.27, 'pricing_time': 0.0037600000000000003, 'rescheduling_time': 2.6239999999999997}, 1: {'no_households': 5, 'penalty_weight': 0, 'no_dependent_tasks': 10, 'no_fully_flexible_tasks_min': 5, 'no_semi_flexible_tasks_min': 0, 'no_fixed_tasks_min': 0, 'algorithm': 'ogsa_fw', 'id': 1, 'init_PAR': 5.86, 'PAR': 3.05, 'init_max_demand': 18165.0, 'max_demand': 9457.15, 'total_demand': 148894.0, 'demand_reduction': 0.48, 'cost_reduction': 0.28, 'pricing_time': 0.0043625, 'rescheduling_time': 0.0022}}
