Arguments count: 1
Argument      0: ./run-monarch.py
----------------------------------------
100 households, 0 dependent tasks, 10 fully flexible tasks, 0 semi-flexible tasks, 0 fixed tasks, 1 penalty weight. 
----------------------------------------
0. The community is created. 
0. Aggregator is created. 
1. Best step size 0.12336, 205 iterations, cost 47615354.91, using minizinc_fw
2. Best step size 0.049951, 81 iterations, cost 47098357.27, using minizinc_fw
3. Best step size 0.026352, 67 iterations, cost 46977877.37, using minizinc_fw
4. Best step size 0.015977, 29 iterations, cost 46926741.8, using minizinc_fw
5. Best step size 0.0001, 1 iterations, cost 46926654.43, using minizinc_fw
6. Best step size 0, 0 iterations, cost 46926654.43, using minizinc_fw
Converged in 6
Data are written and graphs are painted. 
0. The community is read. 
0. Aggregator is read. 
1. Best step size 0.142577, 293 iterations, cost 47007622.42, using ogsa_fw
2. Best step size 0.034834, 72 iterations, cost 46763818.67, using ogsa_fw
3. Best step size 0.013377, 37 iterations, cost 46690100.94, using ogsa_fw
4. Best step size 0.014124, 39 iterations, cost 46632314.37, using ogsa_fw
5. Best step size 0.01752, 42 iterations, cost 46565183.77, using ogsa_fw
6. Best step size 0.009031, 21 iterations, cost 46536568.5, using ogsa_fw
7. Best step size 0.010698, 31 iterations, cost 46506390.03, using ogsa_fw
8. Best step size 0.018927, 45 iterations, cost 46458235.06, using ogsa_fw
9. Best step size 0.018764, 49 iterations, cost 46418236.24, using ogsa_fw
10. Best step size 0.016817, 42 iterations, cost 46387320.95, using ogsa_fw
11. Best step size 0.023758, 54 iterations, cost 46355575.56, using ogsa_fw
12. Best step size 0.004279, 14 iterations, cost 46349833.29, using ogsa_fw
13. Best step size 0.008927, 25 iterations, cost 46341004.93, using ogsa_fw
14. Best step size 0.011303, 28 iterations, cost 46332559.02, using ogsa_fw
15. Best step size 0.004092, 9 iterations, cost 46329202.87, using ogsa_fw
16. Best step size 0.005487, 11 iterations, cost 46325466.83, using ogsa_fw
17. Best step size 0.011824, 23 iterations, cost 46317934.0, using ogsa_fw
18. Best step size 0.004176, 12 iterations, cost 46315418.6, using ogsa_fw
19. Best step size 0.00618, 10 iterations, cost 46312696.18, using ogsa_fw
20. Best step size 0.004809, 12 iterations, cost 46310311.76, using ogsa_fw
21. Best step size 0.002841, 5 iterations, cost 46308988.0, using ogsa_fw
22. Best step size 0.0105, 17 iterations, cost 46305414.66, using ogsa_fw
23. Best step size 0.006769, 12 iterations, cost 46303871.78, using ogsa_fw
24. Best step size 0.006172, 12 iterations, cost 46302264.55, using ogsa_fw
25. Best step size 0.003916, 7 iterations, cost 46301144.88, using ogsa_fw
26. Best step size 0.002744, 10 iterations, cost 46300473.85, using ogsa_fw
27. Best step size 0.002992, 14 iterations, cost 46299924.64, using ogsa_fw
28. Best step size 0.002873, 15 iterations, cost 46299483.54, using ogsa_fw
29. Best step size 0.001698, 3 iterations, cost 46299146.26, using ogsa_fw
30. Best step size 0.00156, 4 iterations, cost 46298887.73, using ogsa_fw
31. Best step size 0.001136, 6 iterations, cost 46298704.37, using ogsa_fw
32. Best step size 0.001546, 5 iterations, cost 46298520.19, using ogsa_fw
33. Best step size 0.001221, 6 iterations, cost 46298327.37, using ogsa_fw
34. Best step size 0.00099, 2 iterations, cost 46298218.08, using ogsa_fw
35. Best step size 0.001287, 4 iterations, cost 46298034.14, using ogsa_fw
36. Best step size 0.000508, 1 iterations, cost 46297979.44, using ogsa_fw
37. Best step size 0.001149, 5 iterations, cost 46297847.5, using ogsa_fw
38. Best step size 0.001451, 4 iterations, cost 46297699.15, using ogsa_fw
39. Best step size 0.001624, 5 iterations, cost 46297517.01, using ogsa_fw
40. Best step size 0.001072, 2 iterations, cost 46297391.96, using ogsa_fw
41. Best step size 0.001225, 1 iterations, cost 46297235.05, using ogsa_fw
42. Best step size 0.000784, 4 iterations, cost 46297158.64, using ogsa_fw
43. Best step size 0.00156, 3 iterations, cost 46296988.25, using ogsa_fw
44. Best step size 0.000574, 3 iterations, cost 46296917.06, using ogsa_fw
45. Best step size 0.001367, 3 iterations, cost 46296797.69, using ogsa_fw
46. Best step size 0.000629, 2 iterations, cost 46296750.63, using ogsa_fw
47. Best step size 0.001374, 1 iterations, cost 46296649.54, using ogsa_fw
48. Best step size 0.001224, 3 iterations, cost 46296519.01, using ogsa_fw
49. Best step size 0, 0 iterations, cost 46296519.01, using ogsa_fw
Converged in 49
Data are written and graphs are painted. 
----------------------------------------
----------------------------------------
----------------------------------------
Experiment is finished. 
{0: {'no_households': 100, 'penalty_weight': 1, 'no_dependent_tasks': 0, 'no_fully_flexible_tasks_min': 10, 'no_semi_flexible_tasks_min': 0, 'no_fixed_tasks_min': 0, 'algorithm': 'minizinc_fw', 'id': 0, 'init_PAR': 1.67, 'PAR': 1.35, 'init_max_demand': 114287.0, 'max_demand': 92319.62, 'total_demand': 3294641.0, 'demand_reduction': 0.19, 'cost_reduction': 0.06, 'pricing_time': 0.02501428571428571, 'rescheduling_time': 376.1557142857143}, 1: {'no_households': 100, 'penalty_weight': 1, 'no_dependent_tasks': 0, 'no_fully_flexible_tasks_min': 10, 'no_semi_flexible_tasks_min': 0, 'no_fixed_tasks_min': 0, 'algorithm': 'ogsa_fw', 'id': 0, 'init_PAR': 1.67, 'PAR': 1.07, 'init_max_demand': 114287.0, 'max_demand': 73273.15, 'total_demand': 3294641.0, 'demand_reduction': 0.36, 'cost_reduction': 0.08, 'pricing_time': 0.009761999999999998, 'rescheduling_time': 0.09993199999999999}}
----------------------------------------
100 households, 1 dependent tasks, 10 fully flexible tasks, 0 semi-flexible tasks, 0 fixed tasks, 1 penalty weight. 
----------------------------------------
0. The community is read. 
0. Aggregator is read. 
1. Best step size 0.123378, 203 iterations, cost 47610863.06, using minizinc_fw
2. Best step size 0.052944, 84 iterations, cost 47080031.39, using minizinc_fw
3. Best step size 0.020966, 49 iterations, cost 46981932.72, using minizinc_fw
4. Best step size 0.008635, 20 iterations, cost 46956476.39, using minizinc_fw
5. Best step size 0.007412, 14 iterations, cost 46946264.18, using minizinc_fw
6. Best step size 0, 0 iterations, cost 46946264.18, using minizinc_fw
Converged in 6
Data are written and graphs are painted. 
0. The community is read. 
0. Aggregator is read. 
1. Best step size 0.142576, 292 iterations, cost 47006989.51, using ogsa_fw
2. Best step size 0.035751, 66 iterations, cost 46759345.55, using ogsa_fw
3. Best step size 0.014466, 42 iterations, cost 46684991.83, using ogsa_fw
4. Best step size 0.014188, 35 iterations, cost 46627061.31, using ogsa_fw
5. Best step size 0.011129, 29 iterations, cost 46582834.08, using ogsa_fw
6. Best step size 0.025287, 51 iterations, cost 46505310.43, using ogsa_fw
7. Best step size 0.021382, 54 iterations, cost 46452343.69, using ogsa_fw
8. Best step size 0.018593, 39 iterations, cost 46410994.07, using ogsa_fw
9. Best step size 0.006704, 12 iterations, cost 46397973.1, using ogsa_fw
10. Best step size 0.008533, 23 iterations, cost 46384343.75, using ogsa_fw
11. Best step size 0.007206, 23 iterations, cost 46373436.43, using ogsa_fw
12. Best step size 0.017822, 45 iterations, cost 46351831.08, using ogsa_fw
13. Best step size 0.008009, 25 iterations, cost 46342473.78, using ogsa_fw
14. Best step size 0.007947, 20 iterations, cost 46334903.44, using ogsa_fw
15. Best step size 0.008153, 14 iterations, cost 46328512.54, using ogsa_fw
16. Best step size 0.013806, 33 iterations, cost 46319823.88, using ogsa_fw
17. Best step size 0.007065, 21 iterations, cost 46314881.59, using ogsa_fw
18. Best step size 0.005207, 9 iterations, cost 46312206.99, using ogsa_fw
19. Best step size 0.015188, 28 iterations, cost 46306977.82, using ogsa_fw
20. Best step size 0.003249, 8 iterations, cost 46305626.39, using ogsa_fw
21. Best step size 0.003823, 13 iterations, cost 46304356.99, using ogsa_fw
22. Best step size 0.009232, 15 iterations, cost 46302111.3, using ogsa_fw
23. Best step size 0.002096, 8 iterations, cost 46301485.94, using ogsa_fw
24. Best step size 0.002354, 4 iterations, cost 46300987.32, using ogsa_fw
25. Best step size 0.001005, 3 iterations, cost 46300755.98, using ogsa_fw
26. Best step size 0.001162, 2 iterations, cost 46300551.74, using ogsa_fw
27. Best step size 0.001127, 2 iterations, cost 46300303.22, using ogsa_fw
28. Best step size 0.001884, 4 iterations, cost 46299940.64, using ogsa_fw
29. Best step size 0.00148, 6 iterations, cost 46299715.56, using ogsa_fw
30. Best step size 0.001458, 2 iterations, cost 46299516.53, using ogsa_fw
31. Best step size 0.001575, 1 iterations, cost 46299304.59, using ogsa_fw
32. Best step size 0.00224, 4 iterations, cost 46298972.7, using ogsa_fw
33. Best step size 0.001198, 6 iterations, cost 46298818.0, using ogsa_fw
34. Best step size 0.001417, 4 iterations, cost 46298631.0, using ogsa_fw
35. Best step size 0.0011, 6 iterations, cost 46298484.72, using ogsa_fw
36. Best step size 0.002032, 4 iterations, cost 46298236.09, using ogsa_fw
37. Best step size 0.000952, 4 iterations, cost 46298134.94, using ogsa_fw
38. Best step size 0.001336, 4 iterations, cost 46297989.47, using ogsa_fw
39. Best step size 0.001665, 1 iterations, cost 46297802.08, using ogsa_fw
40. Best step size 0.021626, 14 iterations, cost 46296469.87, using ogsa_fw
41. Best step size 0.004166, 10 iterations, cost 46296028.9, using ogsa_fw
42. Best step size 0.001388, 2 iterations, cost 46295889.17, using ogsa_fw
43. Best step size 0.001303, 4 iterations, cost 46295797.35, using ogsa_fw
44. Best step size 0.001352, 4 iterations, cost 46295726.76, using ogsa_fw
45. Best step size 0.000547, 2 iterations, cost 46295703.6, using ogsa_fw
46. Best step size 0.001028, 1 iterations, cost 46295659.27, using ogsa_fw
47. Best step size 0.0001, 1 iterations, cost 46295655.33, using ogsa_fw
48. Best step size 0.000331, 1 iterations, cost 46295641.0, using ogsa_fw
49. Best step size 0.001645, 4 iterations, cost 46295581.36, using ogsa_fw
50. Best step size 0.000928, 4 iterations, cost 46295536.44, using ogsa_fw
51. Best step size 0, 0 iterations, cost 46295536.44, using ogsa_fw
Converged in 51
Data are written and graphs are painted. 
----------------------------------------
----------------------------------------
----------------------------------------
Experiment is finished. 
{0: {'no_households': 100, 'penalty_weight': 1, 'no_dependent_tasks': 0, 'no_fully_flexible_tasks_min': 10, 'no_semi_flexible_tasks_min': 0, 'no_fixed_tasks_min': 0, 'algorithm': 'minizinc_fw', 'id': 0, 'init_PAR': 1.67, 'PAR': 1.35, 'init_max_demand': 114287.0, 'max_demand': 92319.62, 'total_demand': 3294641.0, 'demand_reduction': 0.19, 'cost_reduction': 0.06, 'pricing_time': 0.02501428571428571, 'rescheduling_time': 376.1557142857143}, 1: {'no_households': 100, 'penalty_weight': 1, 'no_dependent_tasks': 0, 'no_fully_flexible_tasks_min': 10, 'no_semi_flexible_tasks_min': 0, 'no_fixed_tasks_min': 0, 'algorithm': 'ogsa_fw', 'id': 0, 'init_PAR': 1.67, 'PAR': 1.07, 'init_max_demand': 114287.0, 'max_demand': 73273.15, 'total_demand': 3294641.0, 'demand_reduction': 0.36, 'cost_reduction': 0.08, 'pricing_time': 0.009761999999999998, 'rescheduling_time': 0.09993199999999999}, 2: {'no_households': 100, 'penalty_weight': 1, 'no_dependent_tasks': 1, 'no_fully_flexible_tasks_min': 10, 'no_semi_flexible_tasks_min': 0, 'no_fixed_tasks_min': 0, 'algorithm': 'minizinc_fw', 'id': 0, 'init_PAR': 1.67, 'PAR': 1.35, 'init_max_demand': 114287.0, 'max_demand': 92440.0, 'total_demand': 3294641.0, 'demand_reduction': 0.19, 'cost_reduction': 0.06, 'pricing_time': 0.024271428571428565, 'rescheduling_time': 238.04857142857145}, 3: {'no_households': 100, 'penalty_weight': 1, 'no_dependent_tasks': 1, 'no_fully_flexible_tasks_min': 10, 'no_semi_flexible_tasks_min': 0, 'no_fixed_tasks_min': 0, 'algorithm': 'ogsa_fw', 'id': 0, 'init_PAR': 1.67, 'PAR': 1.04, 'init_max_demand': 114287.0, 'max_demand': 71709.71, 'total_demand': 3294641.0, 'demand_reduction': 0.37, 'cost_reduction': 0.08, 'pricing_time': 0.00935961538461539, 'rescheduling_time': 0.10547884615384616}}
----------------------------------------
100 households, 3 dependent tasks, 10 fully flexible tasks, 0 semi-flexible tasks, 0 fixed tasks, 1 penalty weight. 
----------------------------------------
0. The community is read. 
0. Aggregator is read. 
1. Best step size 0.126694, 202 iterations, cost 47584780.88, using minizinc_fw
2. Best step size 0.042576, 73 iterations, cost 47158012.58, using minizinc_fw
3. Best step size 0.016074, 24 iterations, cost 47103186.08, using minizinc_fw
4. Best step size 0, 0 iterations, cost 47103186.08, using minizinc_fw
Converged in 4
Data are written and graphs are painted. 
0. The community is read. 
0. Aggregator is read. 
1. Best step size 0.143561, 291 iterations, cost 47008940.74, using ogsa_fw
2. Best step size 0.03308, 69 iterations, cost 46767688.73, using ogsa_fw
3. Best step size 0.027574, 63 iterations, cost 46630746.31, using ogsa_fw
4. Best step size 0.021178, 52 iterations, cost 46550274.86, using ogsa_fw
5. Best step size 0.026547, 53 iterations, cost 46474618.6, using ogsa_fw
6. Best step size 0.019206, 44 iterations, cost 46432004.21, using ogsa_fw
7. Best step size 0.017694, 47 iterations, cost 46399182.35, using ogsa_fw
8. Best step size 0.022196, 41 iterations, cost 46366828.78, using ogsa_fw
9. Best step size 0.018274, 40 iterations, cost 46347175.02, using ogsa_fw
10. Best step size 0.010853, 29 iterations, cost 46336858.15, using ogsa_fw
11. Best step size 0.007842, 20 iterations, cost 46330359.53, using ogsa_fw
12. Best step size 0.005184, 12 iterations, cost 46326526.48, using ogsa_fw
13. Best step size 0.011677, 25 iterations, cost 46318820.06, using ogsa_fw
14. Best step size 0.004345, 8 iterations, cost 46315866.3, using ogsa_fw
15. Best step size 0.005704, 11 iterations, cost 46312899.11, using ogsa_fw
16. Best step size 0.018717, 36 iterations, cost 46306218.75, using ogsa_fw
17. Best step size 0.002115, 7 iterations, cost 46305271.54, using ogsa_fw
18. Best step size 0.005332, 14 iterations, cost 46303907.63, using ogsa_fw
19. Best step size 0.008543, 15 iterations, cost 46301640.22, using ogsa_fw
20. Best step size 0.004637, 13 iterations, cost 46300452.34, using ogsa_fw
21. Best step size 0.002638, 12 iterations, cost 46299906.14, using ogsa_fw
22. Best step size 0.004891, 10 iterations, cost 46299120.7, using ogsa_fw
23. Best step size 0.002924, 1 iterations, cost 46298684.29, using ogsa_fw
24. Best step size 0.001985, 6 iterations, cost 46298384.92, using ogsa_fw
25. Best step size 0.001638, 4 iterations, cost 46298198.52, using ogsa_fw
26. Best step size 0.001746, 2 iterations, cost 46297984.42, using ogsa_fw
27. Best step size 0.001647, 5 iterations, cost 46297815.31, using ogsa_fw
28. Best step size 0.001287, 6 iterations, cost 46297667.85, using ogsa_fw
29. Best step size 0.002585, 6 iterations, cost 46297394.84, using ogsa_fw
30. Best step size 0.001384, 4 iterations, cost 46297231.92, using ogsa_fw
31. Best step size 0.002353, 1 iterations, cost 46296973.25, using ogsa_fw
32. Best step size 0.021354, 19 iterations, cost 46296088.14, using ogsa_fw
33. Best step size 0.002123, 7 iterations, cost 46295906.85, using ogsa_fw
34. Best step size 0.000511, 2 iterations, cost 46295873.05, using ogsa_fw
35. Best step size 0.001181, 4 iterations, cost 46295814.52, using ogsa_fw
36. Best step size 0.001499, 1 iterations, cost 46295743.1, using ogsa_fw
37. Best step size 0.011171, 9 iterations, cost 46295528.39, using ogsa_fw
38. Best step size 0.000499, 2 iterations, cost 46295496.2, using ogsa_fw
39. Best step size 0.000896, 2 iterations, cost 46295413.41, using ogsa_fw
40. Best step size 0.000428, 2 iterations, cost 46295389.5, using ogsa_fw
41. Best step size 0.001963, 3 iterations, cost 46295282.06, using ogsa_fw
42. Best step size 0.001053, 2 iterations, cost 46295243.71, using ogsa_fw
43. Best step size 0.000409, 1 iterations, cost 46295220.49, using ogsa_fw
44. Best step size 0.0001, 1 iterations, cost 46295218.4, using ogsa_fw
45. Best step size 0.000234, 2 iterations, cost 46295214.33, using ogsa_fw
46. Best step size 0.000415, 2 iterations, cost 46295204.71, using ogsa_fw
47. Best step size 0.000557, 2 iterations, cost 46295192.28, using ogsa_fw
48. Best step size 0.000787, 2 iterations, cost 46295178.86, using ogsa_fw
49. Best step size 0.001058, 5 iterations, cost 46295145.22, using ogsa_fw
50. Best step size 0.0002, 2 iterations, cost 46295143.1, using ogsa_fw
51. Best step size 0.0001, 1 iterations, cost 46295141.58, using ogsa_fw
52. Best step size 0.0001, 1 iterations, cost 46295138.25, using ogsa_fw
53. Best step size 0.0001, 1 iterations, cost 46295138.7, using ogsa_fw
54. Best step size 0.0001, 1 iterations, cost 46295136.7, using ogsa_fw
55. Best step size 0, 0 iterations, cost 46295136.7, using ogsa_fw
Converged in 55
Data are written and graphs are painted. 
----------------------------------------
----------------------------------------
----------------------------------------
Experiment is finished. 
{0: {'no_households': 100, 'penalty_weight': 1, 'no_dependent_tasks': 0, 'no_fully_flexible_tasks_min': 10, 'no_semi_flexible_tasks_min': 0, 'no_fixed_tasks_min': 0, 'algorithm': 'minizinc_fw', 'id': 0, 'init_PAR': 1.67, 'PAR': 1.35, 'init_max_demand': 114287.0, 'max_demand': 92319.62, 'total_demand': 3294641.0, 'demand_reduction': 0.19, 'cost_reduction': 0.06, 'pricing_time': 0.02501428571428571, 'rescheduling_time': 376.1557142857143}, 1: {'no_households': 100, 'penalty_weight': 1, 'no_dependent_tasks': 0, 'no_fully_flexible_tasks_min': 10, 'no_semi_flexible_tasks_min': 0, 'no_fixed_tasks_min': 0, 'algorithm': 'ogsa_fw', 'id': 0, 'init_PAR': 1.67, 'PAR': 1.07, 'init_max_demand': 114287.0, 'max_demand': 73273.15, 'total_demand': 3294641.0, 'demand_reduction': 0.36, 'cost_reduction': 0.08, 'pricing_time': 0.009761999999999998, 'rescheduling_time': 0.09993199999999999}, 2: {'no_households': 100, 'penalty_weight': 1, 'no_dependent_tasks': 1, 'no_fully_flexible_tasks_min': 10, 'no_semi_flexible_tasks_min': 0, 'no_fixed_tasks_min': 0, 'algorithm': 'minizinc_fw', 'id': 0, 'init_PAR': 1.67, 'PAR': 1.35, 'init_max_demand': 114287.0, 'max_demand': 92440.0, 'total_demand': 3294641.0, 'demand_reduction': 0.19, 'cost_reduction': 0.06, 'pricing_time': 0.024271428571428565, 'rescheduling_time': 238.04857142857145}, 3: {'no_households': 100, 'penalty_weight': 1, 'no_dependent_tasks': 1, 'no_fully_flexible_tasks_min': 10, 'no_semi_flexible_tasks_min': 0, 'no_fixed_tasks_min': 0, 'algorithm': 'ogsa_fw', 'id': 0, 'init_PAR': 1.67, 'PAR': 1.04, 'init_max_demand': 114287.0, 'max_demand': 71709.71, 'total_demand': 3294641.0, 'demand_reduction': 0.37, 'cost_reduction': 0.08, 'pricing_time': 0.00935961538461539, 'rescheduling_time': 0.10547884615384616}, 4: {'no_households': 100, 'penalty_weight': 1, 'no_dependent_tasks': 3, 'no_fully_flexible_tasks_min': 10, 'no_semi_flexible_tasks_min': 0, 'no_fixed_tasks_min': 0, 'algorithm': 'minizinc_fw', 'id': 0, 'init_PAR': 1.67, 'PAR': 1.38, 'init_max_demand': 114287.0, 'max_demand': 94936.09, 'total_demand': 3294641.0, 'demand_reduction': 0.17, 'cost_reduction': 0.06, 'pricing_time': 0.027239999999999997, 'rescheduling_time': 170.85399999999998}, 5: {'no_households': 100, 'penalty_weight': 1, 'no_dependent_tasks': 3, 'no_fully_flexible_tasks_min': 10, 'no_semi_flexible_tasks_min': 0, 'no_fixed_tasks_min': 0, 'algorithm': 'ogsa_fw', 'id': 0, 'init_PAR': 1.67, 'PAR': 1.02, 'init_max_demand': 114287.0, 'max_demand': 70281.61, 'total_demand': 3294641.0, 'demand_reduction': 0.39, 'cost_reduction': 0.08, 'pricing_time': 0.008683928571428573, 'rescheduling_time': 0.11293392857142857}}
----------------------------------------
100 households, 5 dependent tasks, 10 fully flexible tasks, 0 semi-flexible tasks, 0 fixed tasks, 1 penalty weight. 
----------------------------------------
0. The community is read. 
0. Aggregator is read. 
1. Best step size 0.123455, 206 iterations, cost 47565628.66, using minizinc_fw
2. Best step size 0.052772, 90 iterations, cost 47051985.72, using minizinc_fw
3. Best step size 0.007862, 13 iterations, cost 47036230.86, using minizinc_fw
4. Best step size 0, 0 iterations, cost 47036230.86, using minizinc_fw
Converged in 4
Data are written and graphs are painted. 
0. The community is read. 
0. Aggregator is read. 
1. Best step size 0.138315, 281 iterations, cost 47055877.3, using ogsa_fw
2. Best step size 0.041053, 87 iterations, cost 46760216.7, using ogsa_fw
3. Best step size 0.037681, 98 iterations, cost 46585988.92, using ogsa_fw
4. Best step size 0.03035, 63 iterations, cost 46494122.75, using ogsa_fw
5. Best step size 0.014012, 35 iterations, cost 46458581.93, using ogsa_fw
6. Best step size 0.025602, 48 iterations, cost 46406882.07, using ogsa_fw
7. Best step size 0.021411, 50 iterations, cost 46373668.41, using ogsa_fw
8. Best step size 0.007611, 23 iterations, cost 46362127.53, using ogsa_fw
9. Best step size 0.015199, 35 iterations, cost 46345468.1, using ogsa_fw
10. Best step size 0.012551, 23 iterations, cost 46333515.19, using ogsa_fw
11. Best step size 0.007042, 21 iterations, cost 46327852.72, using ogsa_fw
12. Best step size 0.006917, 11 iterations, cost 46322403.48, using ogsa_fw
13. Best step size 0.014025, 36 iterations, cost 46314715.37, using ogsa_fw
14. Best step size 0.006742, 8 iterations, cost 46311579.98, using ogsa_fw
15. Best step size 0.004932, 9 iterations, cost 46309429.19, using ogsa_fw
16. Best step size 0.014673, 36 iterations, cost 46304345.85, using ogsa_fw
17. Best step size 0.004932, 13 iterations, cost 46302684.26, using ogsa_fw
18. Best step size 0.005604, 12 iterations, cost 46301129.29, using ogsa_fw
19. Best step size 0.003119, 15 iterations, cost 46300397.07, using ogsa_fw
20. Best step size 0.003445, 6 iterations, cost 46299734.75, using ogsa_fw
21. Best step size 0.003389, 10 iterations, cost 46299246.54, using ogsa_fw
22. Best step size 0.00253, 6 iterations, cost 46298863.67, using ogsa_fw
23. Best step size 0.002477, 5 iterations, cost 46298540.87, using ogsa_fw
24. Best step size 0.004203, 11 iterations, cost 46298098.53, using ogsa_fw
25. Best step size 0.000582, 4 iterations, cost 46297975.24, using ogsa_fw
26. Best step size 0.002767, 1 iterations, cost 46297665.93, using ogsa_fw
27. Best step size 0.003389, 7 iterations, cost 46297277.47, using ogsa_fw
28. Best step size 0.002098, 8 iterations, cost 46297061.89, using ogsa_fw
29. Best step size 0.001878, 5 iterations, cost 46296902.77, using ogsa_fw
30. Best step size 0.001498, 6 iterations, cost 46296766.4, using ogsa_fw
31. Best step size 0.00099, 2 iterations, cost 46296689.77, using ogsa_fw
32. Best step size 0.001289, 2 iterations, cost 46296595.52, using ogsa_fw
33. Best step size 0.002105, 1 iterations, cost 46296452.69, using ogsa_fw
34. Best step size 0.016041, 11 iterations, cost 46295833.02, using ogsa_fw
35. Best step size 0.002382, 7 iterations, cost 46295655.16, using ogsa_fw
36. Best step size 0.001183, 2 iterations, cost 46295605.59, using ogsa_fw
37. Best step size 0.001138, 4 iterations, cost 46295551.3, using ogsa_fw
38. Best step size 0.001422, 1 iterations, cost 46295491.57, using ogsa_fw
39. Best step size 0.002754, 4 iterations, cost 46295428.65, using ogsa_fw
40. Best step size 0.001068, 4 iterations, cost 46295363.28, using ogsa_fw
41. Best step size 0.002328, 4 iterations, cost 46295380.26, using ogsa_fw
42. Best step size 0.000386, 2 iterations, cost 46295359.84, using ogsa_fw
43. Best step size 0.001761, 4 iterations, cost 46295337.49, using ogsa_fw
44. Best step size 0.002378, 7 iterations, cost 46295315.4, using ogsa_fw
45. Best step size 0.000338, 2 iterations, cost 46295295.71, using ogsa_fw
46. Best step size 0, 0 iterations, cost 46295295.71, using ogsa_fw
Converged in 46
Data are written and graphs are painted. 
----------------------------------------
----------------------------------------
----------------------------------------
Experiment is finished. 
{0: {'no_households': 100, 'penalty_weight': 1, 'no_dependent_tasks': 0, 'no_fully_flexible_tasks_min': 10, 'no_semi_flexible_tasks_min': 0, 'no_fixed_tasks_min': 0, 'algorithm': 'minizinc_fw', 'id': 0, 'init_PAR': 1.67, 'PAR': 1.35, 'init_max_demand': 114287.0, 'max_demand': 92319.62, 'total_demand': 3294641.0, 'demand_reduction': 0.19, 'cost_reduction': 0.06, 'pricing_time': 0.02501428571428571, 'rescheduling_time': 376.1557142857143}, 1: {'no_households': 100, 'penalty_weight': 1, 'no_dependent_tasks': 0, 'no_fully_flexible_tasks_min': 10, 'no_semi_flexible_tasks_min': 0, 'no_fixed_tasks_min': 0, 'algorithm': 'ogsa_fw', 'id': 0, 'init_PAR': 1.67, 'PAR': 1.07, 'init_max_demand': 114287.0, 'max_demand': 73273.15, 'total_demand': 3294641.0, 'demand_reduction': 0.36, 'cost_reduction': 0.08, 'pricing_time': 0.009761999999999998, 'rescheduling_time': 0.09993199999999999}, 2: {'no_households': 100, 'penalty_weight': 1, 'no_dependent_tasks': 1, 'no_fully_flexible_tasks_min': 10, 'no_semi_flexible_tasks_min': 0, 'no_fixed_tasks_min': 0, 'algorithm': 'minizinc_fw', 'id': 0, 'init_PAR': 1.67, 'PAR': 1.35, 'init_max_demand': 114287.0, 'max_demand': 92440.0, 'total_demand': 3294641.0, 'demand_reduction': 0.19, 'cost_reduction': 0.06, 'pricing_time': 0.024271428571428565, 'rescheduling_time': 238.04857142857145}, 3: {'no_households': 100, 'penalty_weight': 1, 'no_dependent_tasks': 1, 'no_fully_flexible_tasks_min': 10, 'no_semi_flexible_tasks_min': 0, 'no_fixed_tasks_min': 0, 'algorithm': 'ogsa_fw', 'id': 0, 'init_PAR': 1.67, 'PAR': 1.04, 'init_max_demand': 114287.0, 'max_demand': 71709.71, 'total_demand': 3294641.0, 'demand_reduction': 0.37, 'cost_reduction': 0.08, 'pricing_time': 0.00935961538461539, 'rescheduling_time': 0.10547884615384616}, 4: {'no_households': 100, 'penalty_weight': 1, 'no_dependent_tasks': 3, 'no_fully_flexible_tasks_min': 10, 'no_semi_flexible_tasks_min': 0, 'no_fixed_tasks_min': 0, 'algorithm': 'minizinc_fw', 'id': 0, 'init_PAR': 1.67, 'PAR': 1.38, 'init_max_demand': 114287.0, 'max_demand': 94936.09, 'total_demand': 3294641.0, 'demand_reduction': 0.17, 'cost_reduction': 0.06, 'pricing_time': 0.027239999999999997, 'rescheduling_time': 170.85399999999998}, 5: {'no_households': 100, 'penalty_weight': 1, 'no_dependent_tasks': 3, 'no_fully_flexible_tasks_min': 10, 'no_semi_flexible_tasks_min': 0, 'no_fixed_tasks_min': 0, 'algorithm': 'ogsa_fw', 'id': 0, 'init_PAR': 1.67, 'PAR': 1.02, 'init_max_demand': 114287.0, 'max_demand': 70281.61, 'total_demand': 3294641.0, 'demand_reduction': 0.39, 'cost_reduction': 0.08, 'pricing_time': 0.008683928571428573, 'rescheduling_time': 0.11293392857142857}, 6: {'no_households': 100, 'penalty_weight': 1, 'no_dependent_tasks': 5, 'no_fully_flexible_tasks_min': 10, 'no_semi_flexible_tasks_min': 0, 'no_fixed_tasks_min': 0, 'algorithm': 'minizinc_fw', 'id': 0, 'init_PAR': 1.67, 'PAR': 1.38, 'init_max_demand': 114287.0, 'max_demand': 95055.73, 'total_demand': 3294641.0, 'demand_reduction': 0.17, 'cost_reduction': 0.06, 'pricing_time': 0.028339999999999997, 'rescheduling_time': 180.148}, 7: {'no_households': 100, 'penalty_weight': 1, 'no_dependent_tasks': 5, 'no_fully_flexible_tasks_min': 10, 'no_semi_flexible_tasks_min': 0, 'no_fixed_tasks_min': 0, 'algorithm': 'ogsa_fw', 'id': 0, 'init_PAR': 1.67, 'PAR': 1.03, 'init_max_demand': 114287.0, 'max_demand': 70880.4, 'total_demand': 3294641.0, 'demand_reduction': 0.38, 'cost_reduction': 0.08, 'pricing_time': 0.010265957446808515, 'rescheduling_time': 0.10721914893617017}}
----------------------------------------
100 households, 7 dependent tasks, 10 fully flexible tasks, 0 semi-flexible tasks, 0 fixed tasks, 1 penalty weight. 
----------------------------------------
0. The community is read. 
0. Aggregator is read. 
1. Best step size 0.123358, 200 iterations, cost 47631756.69, using minizinc_fw
2. Best step size 0.056445, 92 iterations, cost 47079334.39, using minizinc_fw
3. Best step size 0.013438, 30 iterations, cost 47045059.7, using minizinc_fw
4. Best step size 0.000791, 2 iterations, cost 47044231.54, using minizinc_fw
5. Best step size 0, 0 iterations, cost 47044231.54, using minizinc_fw
Converged in 5
Data are written and graphs are painted. 
0. The community is read. 
0. Aggregator is read. 
1. Best step size 0.137308, 284 iterations, cost 47067623.42, using ogsa_fw
2. Best step size 0.038634, 86 iterations, cost 46780423.06, using ogsa_fw
3. Best step size 0.032389, 75 iterations, cost 46626752.31, using ogsa_fw
4. Best step size 0.034627, 72 iterations, cost 46514076.26, using ogsa_fw
5. Best step size 0.027353, 65 iterations, cost 46447363.43, using ogsa_fw
6. Best step size 0.023972, 57 iterations, cost 46400203.12, using ogsa_fw
7. Best step size 0.020775, 36 iterations, cost 46368631.5, using ogsa_fw
8. Best step size 0.009689, 29 iterations, cost 46356289.04, using ogsa_fw
9. Best step size 0.009248, 23 iterations, cost 46344764.84, using ogsa_fw
10. Best step size 0.01082, 30 iterations, cost 46334004.33, using ogsa_fw
11. Best step size 0.013565, 34 iterations, cost 46322613.52, using ogsa_fw
12. Best step size 0.006324, 16 iterations, cost 46318309.48, using ogsa_fw
13. Best step size 0.008193, 13 iterations, cost 46313623.75, using ogsa_fw
14. Best step size 0.004504, 5 iterations, cost 46311286.02, using ogsa_fw
15. Best step size 0.010665, 21 iterations, cost 46307214.52, using ogsa_fw
16. Best step size 0.005272, 18 iterations, cost 46305412.8, using ogsa_fw
17. Best step size 0.005152, 10 iterations, cost 46303852.51, using ogsa_fw
18. Best step size 0.012987, 24 iterations, cost 46301570.08, using ogsa_fw
19. Best step size 0.006027, 11 iterations, cost 46300279.33, using ogsa_fw
20. Best step size 0.002965, 9 iterations, cost 46299567.08, using ogsa_fw
21. Best step size 0.003339, 9 iterations, cost 46298962.65, using ogsa_fw
22. Best step size 0.002205, 8 iterations, cost 46298620.5, using ogsa_fw
23. Best step size 0.001398, 4 iterations, cost 46298394.13, using ogsa_fw
24. Best step size 0.001818, 6 iterations, cost 46298148.94, using ogsa_fw
25. Best step size 0.001603, 4 iterations, cost 46297963.23, using ogsa_fw
26. Best step size 0.001957, 1 iterations, cost 46297736.65, using ogsa_fw
27. Best step size 0.00431, 11 iterations, cost 46297290.02, using ogsa_fw
28. Best step size 0.001707, 2 iterations, cost 46297107.75, using ogsa_fw
29. Best step size 0.002442, 7 iterations, cost 46296918.45, using ogsa_fw
30. Best step size 0.002101, 6 iterations, cost 46296764.65, using ogsa_fw
31. Best step size 0.000591, 2 iterations, cost 46296712.65, using ogsa_fw
32. Best step size 0.001189, 2 iterations, cost 46296625.66, using ogsa_fw
33. Best step size 0.002786, 3 iterations, cost 46296434.32, using ogsa_fw
34. Best step size 0.001994, 4 iterations, cost 46296278.79, using ogsa_fw
35. Best step size 0.015028, 9 iterations, cost 46295887.29, using ogsa_fw
36. Best step size 0.002711, 10 iterations, cost 46295663.98, using ogsa_fw
37. Best step size 0.0023, 1 iterations, cost 46295566.67, using ogsa_fw
38. Best step size 0.00163, 4 iterations, cost 46295513.95, using ogsa_fw
39. Best step size 0.002057, 4 iterations, cost 46295405.63, using ogsa_fw
40. Best step size 0, 0 iterations, cost 46295405.63, using ogsa_fw
Converged in 40
Data are written and graphs are painted. 
----------------------------------------
----------------------------------------
----------------------------------------
Experiment is finished. 
{0: {'no_households': 100, 'penalty_weight': 1, 'no_dependent_tasks': 0, 'no_fully_flexible_tasks_min': 10, 'no_semi_flexible_tasks_min': 0, 'no_fixed_tasks_min': 0, 'algorithm': 'minizinc_fw', 'id': 0, 'init_PAR': 1.67, 'PAR': 1.35, 'init_max_demand': 114287.0, 'max_demand': 92319.62, 'total_demand': 3294641.0, 'demand_reduction': 0.19, 'cost_reduction': 0.06, 'pricing_time': 0.02501428571428571, 'rescheduling_time': 376.1557142857143}, 1: {'no_households': 100, 'penalty_weight': 1, 'no_dependent_tasks': 0, 'no_fully_flexible_tasks_min': 10, 'no_semi_flexible_tasks_min': 0, 'no_fixed_tasks_min': 0, 'algorithm': 'ogsa_fw', 'id': 0, 'init_PAR': 1.67, 'PAR': 1.07, 'init_max_demand': 114287.0, 'max_demand': 73273.15, 'total_demand': 3294641.0, 'demand_reduction': 0.36, 'cost_reduction': 0.08, 'pricing_time': 0.009761999999999998, 'rescheduling_time': 0.09993199999999999}, 2: {'no_households': 100, 'penalty_weight': 1, 'no_dependent_tasks': 1, 'no_fully_flexible_tasks_min': 10, 'no_semi_flexible_tasks_min': 0, 'no_fixed_tasks_min': 0, 'algorithm': 'minizinc_fw', 'id': 0, 'init_PAR': 1.67, 'PAR': 1.35, 'init_max_demand': 114287.0, 'max_demand': 92440.0, 'total_demand': 3294641.0, 'demand_reduction': 0.19, 'cost_reduction': 0.06, 'pricing_time': 0.024271428571428565, 'rescheduling_time': 238.04857142857145}, 3: {'no_households': 100, 'penalty_weight': 1, 'no_dependent_tasks': 1, 'no_fully_flexible_tasks_min': 10, 'no_semi_flexible_tasks_min': 0, 'no_fixed_tasks_min': 0, 'algorithm': 'ogsa_fw', 'id': 0, 'init_PAR': 1.67, 'PAR': 1.04, 'init_max_demand': 114287.0, 'max_demand': 71709.71, 'total_demand': 3294641.0, 'demand_reduction': 0.37, 'cost_reduction': 0.08, 'pricing_time': 0.00935961538461539, 'rescheduling_time': 0.10547884615384616}, 4: {'no_households': 100, 'penalty_weight': 1, 'no_dependent_tasks': 3, 'no_fully_flexible_tasks_min': 10, 'no_semi_flexible_tasks_min': 0, 'no_fixed_tasks_min': 0, 'algorithm': 'minizinc_fw', 'id': 0, 'init_PAR': 1.67, 'PAR': 1.38, 'init_max_demand': 114287.0, 'max_demand': 94936.09, 'total_demand': 3294641.0, 'demand_reduction': 0.17, 'cost_reduction': 0.06, 'pricing_time': 0.027239999999999997, 'rescheduling_time': 170.85399999999998}, 5: {'no_households': 100, 'penalty_weight': 1, 'no_dependent_tasks': 3, 'no_fully_flexible_tasks_min': 10, 'no_semi_flexible_tasks_min': 0, 'no_fixed_tasks_min': 0, 'algorithm': 'ogsa_fw', 'id': 0, 'init_PAR': 1.67, 'PAR': 1.02, 'init_max_demand': 114287.0, 'max_demand': 70281.61, 'total_demand': 3294641.0, 'demand_reduction': 0.39, 'cost_reduction': 0.08, 'pricing_time': 0.008683928571428573, 'rescheduling_time': 0.11293392857142857}, 6: {'no_households': 100, 'penalty_weight': 1, 'no_dependent_tasks': 5, 'no_fully_flexible_tasks_min': 10, 'no_semi_flexible_tasks_min': 0, 'no_fixed_tasks_min': 0, 'algorithm': 'minizinc_fw', 'id': 0, 'init_PAR': 1.67, 'PAR': 1.38, 'init_max_demand': 114287.0, 'max_demand': 95055.73, 'total_demand': 3294641.0, 'demand_reduction': 0.17, 'cost_reduction': 0.06, 'pricing_time': 0.028339999999999997, 'rescheduling_time': 180.148}, 7: {'no_households': 100, 'penalty_weight': 1, 'no_dependent_tasks': 5, 'no_fully_flexible_tasks_min': 10, 'no_semi_flexible_tasks_min': 0, 'no_fixed_tasks_min': 0, 'algorithm': 'ogsa_fw', 'id': 0, 'init_PAR': 1.67, 'PAR': 1.03, 'init_max_demand': 114287.0, 'max_demand': 70880.4, 'total_demand': 3294641.0, 'demand_reduction': 0.38, 'cost_reduction': 0.08, 'pricing_time': 0.010265957446808515, 'rescheduling_time': 0.10721914893617017}, 8: {'no_households': 100, 'penalty_weight': 1, 'no_dependent_tasks': 7, 'no_fully_flexible_tasks_min': 10, 'no_semi_flexible_tasks_min': 0, 'no_fixed_tasks_min': 0, 'algorithm': 'minizinc_fw', 'id': 0, 'init_PAR': 1.67, 'PAR': 1.37, 'init_max_demand': 114287.0, 'max_demand': 94115.51, 'total_demand': 3294641.0, 'demand_reduction': 0.18, 'cost_reduction': 0.06, 'pricing_time': 0.024866666666666665, 'rescheduling_time': 195.70000000000002}, 9: {'no_households': 100, 'penalty_weight': 1, 'no_dependent_tasks': 7, 'no_fully_flexible_tasks_min': 10, 'no_semi_flexible_tasks_min': 0, 'no_fixed_tasks_min': 0, 'algorithm': 'ogsa_fw', 'id': 0, 'init_PAR': 1.67, 'PAR': 1.04, 'init_max_demand': 114287.0, 'max_demand': 71510.46, 'total_demand': 3294641.0, 'demand_reduction': 0.37, 'cost_reduction': 0.08, 'pricing_time': 0.011512195121951221, 'rescheduling_time': 0.10519756097560974}}
----------------------------------------
100 households, 9 dependent tasks, 10 fully flexible tasks, 0 semi-flexible tasks, 0 fixed tasks, 1 penalty weight. 
----------------------------------------
0. The community is read. 
0. Aggregator is read. 
1. Best step size 0.127783, 203 iterations, cost 47520276.21, using minizinc_fw
2. Best step size 0.065372, 115 iterations, cost 46958357.75, using minizinc_fw
3. Best step size 0.010934, 22 iterations, cost 46935083.01, using minizinc_fw
4. Best step size 0.006248, 6 iterations, cost 46924395.03, using minizinc_fw
5. Best step size 0, 0 iterations, cost 46924395.03, using minizinc_fw
Converged in 5
Data are written and graphs are painted. 
0. The community is read. 
0. Aggregator is read. 
1. Best step size 0.133197, 271 iterations, cost 47100765.93, using ogsa_fw
2. Best step size 0.038804, 86 iterations, cost 46799138.03, using ogsa_fw
3. Best step size 0.031071, 65 iterations, cost 46639782.44, using ogsa_fw
4. Best step size 0.033637, 73 iterations, cost 46520734.58, using ogsa_fw
5. Best step size 0.019183, 46 iterations, cost 46469576.89, using ogsa_fw
6. Best step size 0.021555, 41 iterations, cost 46422022.37, using ogsa_fw
7. Best step size 0.016126, 39 iterations, cost 46391801.13, using ogsa_fw
8. Best step size 0.024229, 56 iterations, cost 46357395.12, using ogsa_fw
9. Best step size 0.015017, 32 iterations, cost 46341665.11, using ogsa_fw
10. Best step size 0.01364, 33 iterations, cost 46330257.94, using ogsa_fw
11. Best step size 0.012416, 25 iterations, cost 46321634.93, using ogsa_fw
12. Best step size 0.008409, 23 iterations, cost 46316236.92, using ogsa_fw
13. Best step size 0.006702, 15 iterations, cost 46312858.55, using ogsa_fw
14. Best step size 0.007738, 12 iterations, cost 46309216.1, using ogsa_fw
15. Best step size 0.004983, 11 iterations, cost 46307169.12, using ogsa_fw
16. Best step size 0.009804, 26 iterations, cost 46304426.45, using ogsa_fw
17. Best step size 0.005988, 9 iterations, cost 46302686.9, using ogsa_fw
18. Best step size 0.004787, 9 iterations, cost 46301439.06, using ogsa_fw
19. Best step size 0.003448, 11 iterations, cost 46300652.51, using ogsa_fw
20. Best step size 0.004549, 17 iterations, cost 46299664.07, using ogsa_fw
21. Best step size 0.002574, 2 iterations, cost 46299240.8, using ogsa_fw
22. Best step size 0.002869, 5 iterations, cost 46298785.52, using ogsa_fw
23. Best step size 0.001135, 4 iterations, cost 46298615.18, using ogsa_fw
24. Best step size 0.000903, 2 iterations, cost 46298480.78, using ogsa_fw
25. Best step size 0.00302, 8 iterations, cost 46298079.21, using ogsa_fw
26. Best step size 0.002076, 7 iterations, cost 46297872.99, using ogsa_fw
27. Best step size 0.002936, 8 iterations, cost 46297560.74, using ogsa_fw
28. Best step size 0.001953, 4 iterations, cost 46297375.37, using ogsa_fw
29. Best step size 0.001583, 1 iterations, cost 46297214.66, using ogsa_fw
30. Best step size 0.001849, 8 iterations, cost 46297058.17, using ogsa_fw
31. Best step size 0.001838, 6 iterations, cost 46296902.95, using ogsa_fw
32. Best step size 0.002321, 1 iterations, cost 46296703.9, using ogsa_fw
33. Best step size 0.005204, 13 iterations, cost 46296404.1, using ogsa_fw
34. Best step size 0.001051, 2 iterations, cost 46296280.91, using ogsa_fw
35. Best step size 0.002431, 7 iterations, cost 46296152.52, using ogsa_fw
36. Best step size 0.001521, 6 iterations, cost 46296047.97, using ogsa_fw
37. Best step size 0.001553, 4 iterations, cost 46295965.34, using ogsa_fw
38. Best step size 0.000401, 2 iterations, cost 46295934.64, using ogsa_fw
39. Best step size 0.010302, 4 iterations, cost 46295764.57, using ogsa_fw
40. Best step size 0.006216, 12 iterations, cost 46295636.94, using ogsa_fw
41. Best step size 0.002148, 2 iterations, cost 46295481.03, using ogsa_fw
42. Best step size 0.002701, 8 iterations, cost 46295383.26, using ogsa_fw
43. Best step size 0.001183, 2 iterations, cost 46295323.32, using ogsa_fw
44. Best step size 0, 0 iterations, cost 46295323.32, using ogsa_fw
Converged in 44
Data are written and graphs are painted. 
----------------------------------------
----------------------------------------
----------------------------------------
Experiment is finished. 
{0: {'no_households': 100, 'penalty_weight': 1, 'no_dependent_tasks': 0, 'no_fully_flexible_tasks_min': 10, 'no_semi_flexible_tasks_min': 0, 'no_fixed_tasks_min': 0, 'algorithm': 'minizinc_fw', 'id': 0, 'init_PAR': 1.67, 'PAR': 1.35, 'init_max_demand': 114287.0, 'max_demand': 92319.62, 'total_demand': 3294641.0, 'demand_reduction': 0.19, 'cost_reduction': 0.06, 'pricing_time': 0.02501428571428571, 'rescheduling_time': 376.1557142857143}, 1: {'no_households': 100, 'penalty_weight': 1, 'no_dependent_tasks': 0, 'no_fully_flexible_tasks_min': 10, 'no_semi_flexible_tasks_min': 0, 'no_fixed_tasks_min': 0, 'algorithm': 'ogsa_fw', 'id': 0, 'init_PAR': 1.67, 'PAR': 1.07, 'init_max_demand': 114287.0, 'max_demand': 73273.15, 'total_demand': 3294641.0, 'demand_reduction': 0.36, 'cost_reduction': 0.08, 'pricing_time': 0.009761999999999998, 'rescheduling_time': 0.09993199999999999}, 2: {'no_households': 100, 'penalty_weight': 1, 'no_dependent_tasks': 1, 'no_fully_flexible_tasks_min': 10, 'no_semi_flexible_tasks_min': 0, 'no_fixed_tasks_min': 0, 'algorithm': 'minizinc_fw', 'id': 0, 'init_PAR': 1.67, 'PAR': 1.35, 'init_max_demand': 114287.0, 'max_demand': 92440.0, 'total_demand': 3294641.0, 'demand_reduction': 0.19, 'cost_reduction': 0.06, 'pricing_time': 0.024271428571428565, 'rescheduling_time': 238.04857142857145}, 3: {'no_households': 100, 'penalty_weight': 1, 'no_dependent_tasks': 1, 'no_fully_flexible_tasks_min': 10, 'no_semi_flexible_tasks_min': 0, 'no_fixed_tasks_min': 0, 'algorithm': 'ogsa_fw', 'id': 0, 'init_PAR': 1.67, 'PAR': 1.04, 'init_max_demand': 114287.0, 'max_demand': 71709.71, 'total_demand': 3294641.0, 'demand_reduction': 0.37, 'cost_reduction': 0.08, 'pricing_time': 0.00935961538461539, 'rescheduling_time': 0.10547884615384616}, 4: {'no_households': 100, 'penalty_weight': 1, 'no_dependent_tasks': 3, 'no_fully_flexible_tasks_min': 10, 'no_semi_flexible_tasks_min': 0, 'no_fixed_tasks_min': 0, 'algorithm': 'minizinc_fw', 'id': 0, 'init_PAR': 1.67, 'PAR': 1.38, 'init_max_demand': 114287.0, 'max_demand': 94936.09, 'total_demand': 3294641.0, 'demand_reduction': 0.17, 'cost_reduction': 0.06, 'pricing_time': 0.027239999999999997, 'rescheduling_time': 170.85399999999998}, 5: {'no_households': 100, 'penalty_weight': 1, 'no_dependent_tasks': 3, 'no_fully_flexible_tasks_min': 10, 'no_semi_flexible_tasks_min': 0, 'no_fixed_tasks_min': 0, 'algorithm': 'ogsa_fw', 'id': 0, 'init_PAR': 1.67, 'PAR': 1.02, 'init_max_demand': 114287.0, 'max_demand': 70281.61, 'total_demand': 3294641.0, 'demand_reduction': 0.39, 'cost_reduction': 0.08, 'pricing_time': 0.008683928571428573, 'rescheduling_time': 0.11293392857142857}, 6: {'no_households': 100, 'penalty_weight': 1, 'no_dependent_tasks': 5, 'no_fully_flexible_tasks_min': 10, 'no_semi_flexible_tasks_min': 0, 'no_fixed_tasks_min': 0, 'algorithm': 'minizinc_fw', 'id': 0, 'init_PAR': 1.67, 'PAR': 1.38, 'init_max_demand': 114287.0, 'max_demand': 95055.73, 'total_demand': 3294641.0, 'demand_reduction': 0.17, 'cost_reduction': 0.06, 'pricing_time': 0.028339999999999997, 'rescheduling_time': 180.148}, 7: {'no_households': 100, 'penalty_weight': 1, 'no_dependent_tasks': 5, 'no_fully_flexible_tasks_min': 10, 'no_semi_flexible_tasks_min': 0, 'no_fixed_tasks_min': 0, 'algorithm': 'ogsa_fw', 'id': 0, 'init_PAR': 1.67, 'PAR': 1.03, 'init_max_demand': 114287.0, 'max_demand': 70880.4, 'total_demand': 3294641.0, 'demand_reduction': 0.38, 'cost_reduction': 0.08, 'pricing_time': 0.010265957446808515, 'rescheduling_time': 0.10721914893617017}, 8: {'no_households': 100, 'penalty_weight': 1, 'no_dependent_tasks': 7, 'no_fully_flexible_tasks_min': 10, 'no_semi_flexible_tasks_min': 0, 'no_fixed_tasks_min': 0, 'algorithm': 'minizinc_fw', 'id': 0, 'init_PAR': 1.67, 'PAR': 1.37, 'init_max_demand': 114287.0, 'max_demand': 94115.51, 'total_demand': 3294641.0, 'demand_reduction': 0.18, 'cost_reduction': 0.06, 'pricing_time': 0.024866666666666665, 'rescheduling_time': 195.70000000000002}, 9: {'no_households': 100, 'penalty_weight': 1, 'no_dependent_tasks': 7, 'no_fully_flexible_tasks_min': 10, 'no_semi_flexible_tasks_min': 0, 'no_fixed_tasks_min': 0, 'algorithm': 'ogsa_fw', 'id': 0, 'init_PAR': 1.67, 'PAR': 1.04, 'init_max_demand': 114287.0, 'max_demand': 71510.46, 'total_demand': 3294641.0, 'demand_reduction': 0.37, 'cost_reduction': 0.08, 'pricing_time': 0.011512195121951221, 'rescheduling_time': 0.10519756097560974}, 10: {'no_households': 100, 'penalty_weight': 1, 'no_dependent_tasks': 9, 'no_fully_flexible_tasks_min': 10, 'no_semi_flexible_tasks_min': 0, 'no_fixed_tasks_min': 0, 'algorithm': 'minizinc_fw', 'id': 0, 'init_PAR': 1.67, 'PAR': 1.35, 'init_max_demand': 114287.0, 'max_demand': 92590.74, 'total_demand': 3294641.0, 'demand_reduction': 0.19, 'cost_reduction': 0.06, 'pricing_time': 0.026533333333333336, 'rescheduling_time': 217.0733333333333}, 11: {'no_households': 100, 'penalty_weight': 1, 'no_dependent_tasks': 9, 'no_fully_flexible_tasks_min': 10, 'no_semi_flexible_tasks_min': 0, 'no_fixed_tasks_min': 0, 'algorithm': 'ogsa_fw', 'id': 0, 'init_PAR': 1.67, 'PAR': 1.04, 'init_max_demand': 114287.0, 'max_demand': 71068.25, 'total_demand': 3294641.0, 'demand_reduction': 0.38, 'cost_reduction': 0.08, 'pricing_time': 0.01064666666666667, 'rescheduling_time': 0.1048822222222222}}
