Arguments count: 7
Argument      0: ./monarch_run.py
Argument      1: 5000
Argument      2: 1
Argument      3: 6
Argument      4: 16
Argument      5: 4
Argument      6: dependent_tasks
----------------------------------------
5000 households, 6 dependent tasks, 10 fully flexible tasks, 0 semi-flexible tasks, 0 fixed tasks, 1 penalty weight. 
----------------------------------------
0. The community is created. 
0. Aggregator is created. 
1. Best step size 0.016, 16 iterations, cost 2644718325.77, using minizinc_fw
2. Best step size 0.015, 15 iterations, cost 2589825387.53, using minizinc_fw
3. Best step size 0.011, 11 iterations, cost 2559068376.24, using minizinc_fw
4. Best step size 0.019, 19 iterations, cost 2522059602.92, using minizinc_fw
5. Best step size 0.007, 7 iterations, cost 2509211641.02, using minizinc_fw
6. Best step size 0.009, 9 iterations, cost 2498466603.21, using minizinc_fw
7. Best step size 0.006, 6 iterations, cost 2492239547.09, using minizinc_fw
8. Best step size 0.003, 3 iterations, cost 2490341890.82, using minizinc_fw
9. Best step size 0.01, 9 iterations, cost 2479985235.44, using minizinc_fw
10. Best step size 0.007, 7 iterations, cost 2474495162.2, using minizinc_fw
11. Best step size 0.005, 5 iterations, cost 2470148702.79, using minizinc_fw
12. Best step size 0.005, 5 iterations, cost 2465853792.37, using minizinc_fw
13. Best step size 0.006, 5 iterations, cost 2462154524.12, using minizinc_fw
14. Best step size 0.003, 3 iterations, cost 2460725122.72, using minizinc_fw
15. Best step size 0.007, 6 iterations, cost 2458598270.12, using minizinc_fw
16. Best step size 0.004, 4 iterations, cost 2457423496.41, using minizinc_fw
17. Best step size 0.002, 2 iterations, cost 2456932858.08, using minizinc_fw
18. Best step size 0.004, 3 iterations, cost 2455771525.98, using minizinc_fw
19. Best step size 0, 0 iterations, cost 2455771525.98, using minizinc_fw
Converged in 19
Data are written and graphs are painted. 
0. The community is read. 
0. Aggregator is read. 
1. Best step size 0.019, 19 iterations, cost 2747702670.32, using ogsa_fw
2. Best step size 0.016, 16 iterations, cost 2685947340.24, using ogsa_fw
3. Best step size 0.014, 14 iterations, cost 2646091390.36, using ogsa_fw
4. Best step size 0.012, 12 iterations, cost 2616901366.82, using ogsa_fw
5. Best step size 0.008, 8 iterations, cost 2604075966.5, using ogsa_fw
6. Best step size 0.008, 8 iterations, cost 2592677864.8, using ogsa_fw
7. Best step size 0.005, 5 iterations, cost 2586216799.17, using ogsa_fw
8. Best step size 0.013, 13 iterations, cost 2573219415.67, using ogsa_fw
9. Best step size 0.008, 8 iterations, cost 2566960334.59, using ogsa_fw
10. Best step size 0.005, 5 iterations, cost 2563896923.67, using ogsa_fw
11. Best step size 0.003, 3 iterations, cost 2562068351.94, using ogsa_fw
12. Best step size 0.004, 4 iterations, cost 2560200448.62, using ogsa_fw
13. Best step size 0.003, 3 iterations, cost 2558664535.57, using ogsa_fw
14. Best step size 0.004, 4 iterations, cost 2556860819.44, using ogsa_fw
15. Best step size 0.003, 3 iterations, cost 2555722810.97, using ogsa_fw
16. Best step size 0.001, 1 iterations, cost 2555379724.07, using ogsa_fw
17. Best step size 0.001, 1 iterations, cost 2554965613.25, using ogsa_fw
18. Best step size 0.001, 1 iterations, cost 2554665798.49, using ogsa_fw
19. Best step size 0.001, 1 iterations, cost 2554511985.58, using ogsa_fw
20. Best step size 0.001, 1 iterations, cost 2554268847.95, using ogsa_fw
21. Best step size 0.001, 1 iterations, cost 2553957851.57, using ogsa_fw
22. Best step size 0.001, 1 iterations, cost 2553756413.99, using ogsa_fw
23. Best step size 0.002, 2 iterations, cost 2553540032.54, using ogsa_fw
24. Best step size 0.001, 1 iterations, cost 2553327453.53, using ogsa_fw
25. Best step size 0.001, 1 iterations, cost 2553106303.43, using ogsa_fw
26. Best step size 0.001, 1 iterations, cost 2552896997.56, using ogsa_fw
27. Best step size 0.001, 1 iterations, cost 2552690529.93, using ogsa_fw
28. Best step size 0.019, 8 iterations, cost 2550705295.45, using ogsa_fw
29. Best step size 0.007, 4 iterations, cost 2550221407.42, using ogsa_fw
30. Best step size 0.001, 1 iterations, cost 2550090999.96, using ogsa_fw
31. Best step size 0.002, 1 iterations, cost 2549885495.65, using ogsa_fw
32. Best step size 0, 0 iterations, cost 2549885495.65, using ogsa_fw
Converged in 32
Data are written and graphs are painted. 
----------------------------------------
----------------------------------------
Experiment is finished. 
{0: {'no_households': 5000, 'penalty_weight': 1, 'no_dependent_tasks': 6, 'no_fully_flexible_tasks_min': 10, 'no_semi_flexible_tasks_min': 0, 'no_fixed_tasks_min': 0, 'algorithm': 'minizinc_fw', 'id': 4, 'init_PAR': 1.24, 'PAR': 1.11, 'init_max_demand': 4167285.0, 'max_demand': 3705642.38, 'total_demand': 160742393.0, 'demand_reduction': 0.11, 'cost_reduction': 0.1, 'pricing_time': 0.016965, 'rescheduling_time': 6711.192945}, 1: {'no_households': 5000, 'penalty_weight': 1, 'no_dependent_tasks': 6, 'no_fully_flexible_tasks_min': 10, 'no_semi_flexible_tasks_min': 0, 'no_fixed_tasks_min': 0, 'algorithm': 'ogsa_fw', 'id': 4, 'init_PAR': 1.21, 'PAR': 1.03, 'init_max_demand': 4174686.0, 'max_demand': 3535001.22, 'total_demand': 164949691.0, 'demand_reduction': 0.15, 'cost_reduction': 0.1, 'pricing_time': 0.005930303030303031, 'rescheduling_time': 4.703321212121212}}
