Arguments count: 7
Argument      0: ./monarch_run.py
Argument      1: 5000
Argument      2: 1
Argument      3: 9
Argument      4: 16
Argument      5: 20
Argument      6: dependent_tasks
----------------------------------------
5000 households, 9 dependent tasks, 10 fully flexible tasks, 0 semi-flexible tasks, 0 fixed tasks, 1 penalty weight. 
----------------------------------------
0. The community is created. 
0. Aggregator is created. 
1. Best step size 0.018, 18 iterations, cost 2794897323.01, using minizinc_fw
2. Best step size 0.017, 16 iterations, cost 2719563088.82, using minizinc_fw
3. Best step size 0.014, 14 iterations, cost 2671780347.73, using minizinc_fw
4. Best step size 0.005, 5 iterations, cost 2661002878.92, using minizinc_fw
5. Best step size 0.012, 12 iterations, cost 2633377073.2, using minizinc_fw
6. Best step size 0.01, 10 iterations, cost 2613141957.04, using minizinc_fw
7. Best step size 0.008, 8 iterations, cost 2603428078.69, using minizinc_fw
8. Best step size 0.004, 4 iterations, cost 2601075427.95, using minizinc_fw
9. Best step size 0.003, 3 iterations, cost 2598145779.23, using minizinc_fw
10. Best step size 0.001, 1 iterations, cost 2597541669.68, using minizinc_fw
11. Best step size 0, 0 iterations, cost 2597541669.68, using minizinc_fw
Converged in 11
Data are written and graphs are painted. 
0. The community is read. 
0. Aggregator is read. 
1. Best step size 0.02, 19 iterations, cost 2785849644.61, using ogsa_fw
2. Best step size 0.018, 18 iterations, cost 2712006557.11, using ogsa_fw
3. Best step size 0.018, 18 iterations, cost 2648805026.19, using ogsa_fw
4. Best step size 0.009, 9 iterations, cost 2624008719.32, using ogsa_fw
5. Best step size 0.012, 12 iterations, cost 2594613732.9, using ogsa_fw
6. Best step size 0.008, 8 iterations, cost 2581016770.28, using ogsa_fw
7. Best step size 0.007, 7 iterations, cost 2571398596.09, using ogsa_fw
8. Best step size 0.007, 7 iterations, cost 2562085026.2, using ogsa_fw
9. Best step size 0.005, 5 iterations, cost 2557313815.6, using ogsa_fw
10. Best step size 0.005, 5 iterations, cost 2553466329.13, using ogsa_fw
11. Best step size 0.004, 3 iterations, cost 2550358153.26, using ogsa_fw
12. Best step size 0.005, 5 iterations, cost 2547296628.08, using ogsa_fw
13. Best step size 0.002, 2 iterations, cost 2545644241.55, using ogsa_fw
14. Best step size 0.006, 5 iterations, cost 2542869001.32, using ogsa_fw
15. Best step size 0.005, 5 iterations, cost 2540564518.67, using ogsa_fw
16. Best step size 0.007, 7 iterations, cost 2538708398.19, using ogsa_fw
17. Best step size 0.002, 2 iterations, cost 2538122011.3, using ogsa_fw
18. Best step size 0.004, 4 iterations, cost 2537364084.14, using ogsa_fw
19. Best step size 0.002, 2 iterations, cost 2536841587.1, using ogsa_fw
20. Best step size 0.002, 2 iterations, cost 2536390047.78, using ogsa_fw
21. Best step size 0.002, 2 iterations, cost 2535949677.01, using ogsa_fw
22. Best step size 0.001, 1 iterations, cost 2535777142.36, using ogsa_fw
23. Best step size 0.001, 1 iterations, cost 2535650211.72, using ogsa_fw
24. Best step size 0.001, 1 iterations, cost 2535444448.4, using ogsa_fw
25. Best step size 0.001, 1 iterations, cost 2535295316.34, using ogsa_fw
26. Best step size 0.001, 1 iterations, cost 2535057496.14, using ogsa_fw
27. Best step size 0.001, 1 iterations, cost 2534874174.0, using ogsa_fw
28. Best step size 0, 0 iterations, cost 2534874174.0, using ogsa_fw
Converged in 28
Data are written and graphs are painted. 
----------------------------------------
----------------------------------------
Experiment is finished. 
{0: {'no_households': 5000, 'penalty_weight': 1, 'no_dependent_tasks': 9, 'no_fully_flexible_tasks_min': 10, 'no_semi_flexible_tasks_min': 0, 'no_fixed_tasks_min': 0, 'algorithm': 'minizinc_fw', 'id': 20, 'init_PAR': 1.2, 'PAR': 1.12, 'init_max_demand': 4037331.0, 'max_demand': 3764453.44, 'total_demand': 161599524.0, 'demand_reduction': 0.07, 'cost_reduction': 0.11, 'pricing_time': 0.02335, 'rescheduling_time': 7272.223283333333}, 1: {'no_households': 5000, 'penalty_weight': 1, 'no_dependent_tasks': 9, 'no_fully_flexible_tasks_min': 10, 'no_semi_flexible_tasks_min': 0, 'no_fixed_tasks_min': 0, 'algorithm': 'ogsa_fw', 'id': 20, 'init_PAR': 1.2, 'PAR': 1.03, 'init_max_demand': 4037331.0, 'max_demand': 3454525.68, 'total_demand': 161599524.0, 'demand_reduction': 0.14, 'cost_reduction': 0.13, 'pricing_time': 0.007351724137931035, 'rescheduling_time': 4.403541379310345}}
