Arguments count: 7
Argument      0: ./monarch_run.py
Argument      1: 5000
Argument      2: 6
Argument      3: 1
Argument      4: 16
Argument      5: 12
Argument      6: dependent_tasks
----------------------------------------
5000 households, 1 dependent tasks, 10 fully flexible tasks, 0 semi-flexible tasks, 0 fixed tasks, 6 penalty weight. 
----------------------------------------
0. The community is created. 
0. Aggregator is created. 
1. Best step size 0.017, 17 iterations, cost 2877676165.25, using minizinc_fw
2. Best step size 0.009, 9 iterations, cost 2827282590.56, using minizinc_fw
3. Best step size 0.012, 12 iterations, cost 2763280006.96, using minizinc_fw
4. Best step size 0.006, 6 iterations, cost 2748191393.42, using minizinc_fw
5. Best step size 0.014, 14 iterations, cost 2694037773.22, using minizinc_fw
6. Best step size 0.004, 4 iterations, cost 2687735334.87, using minizinc_fw
7. Best step size 0.01, 10 iterations, cost 2661092585.69, using minizinc_fw
8. Best step size 0.005, 5 iterations, cost 2648965075.73, using minizinc_fw
9. Best step size 0.013, 12 iterations, cost 2628630011.03, using minizinc_fw
10. Best step size 0.004, 4 iterations, cost 2625747349.6, using minizinc_fw
11. Best step size 0.003, 3 iterations, cost 2624384585.04, using minizinc_fw
12. Best step size 0, 0 iterations, cost 2624384585.04, using minizinc_fw
Converged in 12
Data are written and graphs are painted. 
0. The community is read. 
0. Aggregator is read. 
1. Best step size 0.013, 13 iterations, cost 2903366436.49, using ogsa_fw
2. Best step size 0.01, 10 iterations, cost 2834973967.99, using ogsa_fw
3. Best step size 0.013, 13 iterations, cost 2761758318.03, using ogsa_fw
4. Best step size 0.008, 8 iterations, cost 2725277644.56, using ogsa_fw
5. Best step size 0.008, 8 iterations, cost 2695024784.86, using ogsa_fw
6. Best step size 0.01, 10 iterations, cost 2661611280.57, using ogsa_fw
7. Best step size 0.012, 12 iterations, cost 2627349794.31, using ogsa_fw
8. Best step size 0.005, 5 iterations, cost 2617122010.42, using ogsa_fw
9. Best step size 0.006, 6 iterations, cost 2605606742.95, using ogsa_fw
10. Best step size 0.007, 7 iterations, cost 2592614092.88, using ogsa_fw
11. Best step size 0.003, 3 iterations, cost 2587896105.93, using ogsa_fw
12. Best step size 0.005, 5 iterations, cost 2581245894.62, using ogsa_fw
13. Best step size 0.004, 4 iterations, cost 2576262821.49, using ogsa_fw
14. Best step size 0.004, 4 iterations, cost 2571974057.44, using ogsa_fw
15. Best step size 0.003, 3 iterations, cost 2569519201.22, using ogsa_fw
16. Best step size 0.002, 2 iterations, cost 2567806140.56, using ogsa_fw
17. Best step size 0.002, 2 iterations, cost 2566400034.3, using ogsa_fw
18. Best step size 0.006, 6 iterations, cost 2563273856.27, using ogsa_fw
19. Best step size 0.001, 1 iterations, cost 2562716706.85, using ogsa_fw
20. Best step size 0.001, 1 iterations, cost 2562351501.71, using ogsa_fw
21. Best step size 0, 0 iterations, cost 2562351501.71, using ogsa_fw
Converged in 21
Data are written and graphs are painted. 
----------------------------------------
----------------------------------------
Experiment is finished. 
{0: {'no_households': 5000, 'penalty_weight': 6, 'no_dependent_tasks': 1, 'no_fully_flexible_tasks_min': 10, 'no_semi_flexible_tasks_min': 0, 'no_fixed_tasks_min': 0, 'algorithm': 'minizinc_fw', 'id': 12, 'init_PAR': 1.19, 'PAR': 1.12, 'init_max_demand': 3985185.0, 'max_demand': 3742290.33, 'total_demand': 161073744.0, 'demand_reduction': 0.06, 'cost_reduction': 0.13, 'pricing_time': 0.022338461538461536, 'rescheduling_time': 4827.73536923077}, 1: {'no_households': 5000, 'penalty_weight': 6, 'no_dependent_tasks': 1, 'no_fully_flexible_tasks_min': 10, 'no_semi_flexible_tasks_min': 0, 'no_fixed_tasks_min': 0, 'algorithm': 'ogsa_fw', 'id': 12, 'init_PAR': 1.19, 'PAR': 1.05, 'init_max_demand': 3985185.0, 'max_demand': 3524334.33, 'total_demand': 161073744.0, 'demand_reduction': 0.12, 'cost_reduction': 0.15, 'pricing_time': 0.007090909090909092, 'rescheduling_time': 4.289822727272728}}
