Arguments count: 7
Argument      0: ./monarch_run.py
Argument      1: 5000
Argument      2: 6
Argument      3: 1
Argument      4: 16
Argument      5: 11
Argument      6: dependent_tasks
----------------------------------------
5000 households, 1 dependent tasks, 10 fully flexible tasks, 0 semi-flexible tasks, 0 fixed tasks, 6 penalty weight. 
----------------------------------------
0. The community is created. 
0. Aggregator is created. 
1. Best step size 0.018, 18 iterations, cost 2753395778.71, using minizinc_fw
2. Best step size 0.011, 11 iterations, cost 2709303402.82, using minizinc_fw
3. Best step size 0.009, 9 iterations, cost 2676642783.4, using minizinc_fw
4. Best step size 0.007, 7 iterations, cost 2654629189.66, using minizinc_fw
5. Best step size 0.008, 8 iterations, cost 2637631284.04, using minizinc_fw
6. Best step size 0.007, 7 iterations, cost 2624486896.8, using minizinc_fw
7. Best step size 0.01, 10 iterations, cost 2609194502.38, using minizinc_fw
8. Best step size 0.001, 1 iterations, cost 2608701332.24, using minizinc_fw
9. Best step size 0.007, 7 iterations, cost 2598401883.74, using minizinc_fw
10. Best step size 0.007, 7 iterations, cost 2589265484.48, using minizinc_fw
11. Best step size 0.006, 6 iterations, cost 2582534277.29, using minizinc_fw
12. Best step size 0.004, 4 iterations, cost 2577135294.09, using minizinc_fw
13. Best step size 0.005, 5 iterations, cost 2574036682.29, using minizinc_fw
14. Best step size 0.004, 4 iterations, cost 2570530684.0, using minizinc_fw
15. Best step size 0.005, 5 iterations, cost 2567835828.93, using minizinc_fw
16. Best step size 0, 0 iterations, cost 2567835828.93, using minizinc_fw
Converged in 16
Data are written and graphs are painted. 
0. The community is read. 
0. Aggregator is read. 
1. Best step size 0.018, 17 iterations, cost 2754770725.64, using ogsa_fw
2. Best step size 0.009, 9 iterations, cost 2714871378.32, using ogsa_fw
3. Best step size 0.015, 15 iterations, cost 2663648051.46, using ogsa_fw
4. Best step size 0.007, 7 iterations, cost 2642978382.92, using ogsa_fw
5. Best step size 0.008, 8 iterations, cost 2621886100.08, using ogsa_fw
6. Best step size 0.011, 11 iterations, cost 2599636244.52, using ogsa_fw
7. Best step size 0.007, 7 iterations, cost 2585864535.57, using ogsa_fw
8. Best step size 0.008, 8 iterations, cost 2572754020.9, using ogsa_fw
9. Best step size 0.008, 8 iterations, cost 2563511846.37, using ogsa_fw
10. Best step size 0.003, 3 iterations, cost 2559758773.5, using ogsa_fw
11. Best step size 0.007, 7 iterations, cost 2554417668.6, using ogsa_fw
12. Best step size 0.003, 3 iterations, cost 2551445093.76, using ogsa_fw
13. Best step size 0.004, 4 iterations, cost 2548718959.3, using ogsa_fw
14. Best step size 0.003, 3 iterations, cost 2546593026.84, using ogsa_fw
15. Best step size 0.002, 2 iterations, cost 2545040000.98, using ogsa_fw
16. Best step size 0.005, 5 iterations, cost 2542417710.04, using ogsa_fw
17. Best step size 0.007, 7 iterations, cost 2539496075.1, using ogsa_fw
18. Best step size 0.003, 2 iterations, cost 2538101751.02, using ogsa_fw
19. Best step size 0.001, 1 iterations, cost 2537674271.74, using ogsa_fw
20. Best step size 0, 0 iterations, cost 2537674271.74, using ogsa_fw
Converged in 20
Data are written and graphs are painted. 
----------------------------------------
----------------------------------------
Experiment is finished. 
{0: {'no_households': 5000, 'penalty_weight': 6, 'no_dependent_tasks': 1, 'no_fully_flexible_tasks_min': 10, 'no_semi_flexible_tasks_min': 0, 'no_fixed_tasks_min': 0, 'algorithm': 'minizinc_fw', 'id': 11, 'init_PAR': 1.21, 'PAR': 1.09, 'init_max_demand': 4116050.0, 'max_demand': 3690789.81, 'total_demand': 163223260.0, 'demand_reduction': 0.1, 'cost_reduction': 0.1, 'pricing_time': 0.023152941176470588, 'rescheduling_time': 6015.157611764706}, 1: {'no_households': 5000, 'penalty_weight': 6, 'no_dependent_tasks': 1, 'no_fully_flexible_tasks_min': 10, 'no_semi_flexible_tasks_min': 0, 'no_fixed_tasks_min': 0, 'algorithm': 'ogsa_fw', 'id': 11, 'init_PAR': 1.21, 'PAR': 1.06, 'init_max_demand': 4116050.0, 'max_demand': 3618061.12, 'total_demand': 163223260.0, 'demand_reduction': 0.12, 'cost_reduction': 0.11, 'pricing_time': 0.006428571428571428, 'rescheduling_time': 4.247461904761904}}
