Arguments count: 7
Argument      0: ./monarch_run.py
Argument      1: 2000
Argument      2: 1
Argument      3: 9
Argument      4: 16
Argument      5: 5
Argument      6: dependent_tasks
----------------------------------------
2000 households, 9 dependent tasks, 10 fully flexible tasks, 0 semi-flexible tasks, 0 fixed tasks, 1 penalty weight. 
----------------------------------------
0. The community is created. 
0. Aggregator is created. 
1. Best step size 0.018, 18 iterations, cost 1034653170.15, using minizinc_fw
2. Best step size 0.021, 21 iterations, cost 1014624795.98, using minizinc_fw
3. Best step size 0.008, 8 iterations, cost 1008961728.33, using minizinc_fw
4. Best step size 0.01, 10 iterations, cost 1004003112.15, using minizinc_fw
5. Best step size 0.004, 4 iterations, cost 1003194604.09, using minizinc_fw
6. Best step size 0.012, 12 iterations, cost 1000223813.9, using minizinc_fw
7. Best step size 0.004, 4 iterations, cost 999646157.46, using minizinc_fw
8. Best step size 0.006, 6 iterations, cost 998123572.41, using minizinc_fw
9. Best step size 0.001, 1 iterations, cost 998019711.78, using minizinc_fw
10. Best step size 0, 0 iterations, cost 998019711.78, using minizinc_fw
Converged in 10
Data are written and graphs are painted. 
0. The community is read. 
0. Aggregator is read. 
1. Best step size 0.018, 18 iterations, cost 1099237656.49, using ogsa_fw
2. Best step size 0.027, 27 iterations, cost 1059320133.19, using ogsa_fw
3. Best step size 0.012, 12 iterations, cost 1046093116.38, using ogsa_fw
4. Best step size 0.01, 10 iterations, cost 1037283111.99, using ogsa_fw
5. Best step size 0.01, 10 iterations, cost 1030640091.62, using ogsa_fw
6. Best step size 0.008, 8 iterations, cost 1026041614.63, using ogsa_fw
7. Best step size 0.008, 8 iterations, cost 1022468447.79, using ogsa_fw
8. Best step size 0.009, 9 iterations, cost 1018781063.21, using ogsa_fw
9. Best step size 0.004, 4 iterations, cost 1017336781.3, using ogsa_fw
10. Best step size 0.004, 4 iterations, cost 1016257185.71, using ogsa_fw
11. Best step size 0.008, 8 iterations, cost 1014552918.96, using ogsa_fw
12. Best step size 0.003, 3 iterations, cost 1013932238.25, using ogsa_fw
13. Best step size 0.002, 2 iterations, cost 1013499092.91, using ogsa_fw
14. Best step size 0.003, 3 iterations, cost 1012920712.41, using ogsa_fw
15. Best step size 0.008, 7 iterations, cost 1012107432.36, using ogsa_fw
16. Best step size 0.003, 3 iterations, cost 1011717740.15, using ogsa_fw
17. Best step size 0.001, 1 iterations, cost 1011568833.26, using ogsa_fw
18. Best step size 0.006, 6 iterations, cost 1011114327.66, using ogsa_fw
19. Best step size 0.005, 5 iterations, cost 1010705092.45, using ogsa_fw
20. Best step size 0.003, 3 iterations, cost 1010488644.35, using ogsa_fw
21. Best step size 0.002, 2 iterations, cost 1010401766.32, using ogsa_fw
22. Best step size 0, 0 iterations, cost 1010401766.32, using ogsa_fw
Converged in 22
Data are written and graphs are painted. 
----------------------------------------
----------------------------------------
Experiment is finished. 
{0: {'no_households': 2000, 'penalty_weight': 1, 'no_dependent_tasks': 9, 'no_fully_flexible_tasks_min': 10, 'no_semi_flexible_tasks_min': 0, 'no_fixed_tasks_min': 0, 'algorithm': 'minizinc_fw', 'id': 5, 'init_PAR': 1.26, 'PAR': 1.19, 'init_max_demand': 1687164.0, 'max_demand': 1599525.72, 'total_demand': 64346193.0, 'demand_reduction': 0.05, 'cost_reduction': 0.06, 'pricing_time': 0.01807272727272727, 'rescheduling_time': 2495.0254545454545}, 1: {'no_households': 2000, 'penalty_weight': 1, 'no_dependent_tasks': 9, 'no_fully_flexible_tasks_min': 10, 'no_semi_flexible_tasks_min': 0, 'no_fixed_tasks_min': 0, 'algorithm': 'ogsa_fw', 'id': 5, 'init_PAR': 1.2, 'PAR': 1.03, 'init_max_demand': 1626281.0, 'max_demand': 1394085.33, 'total_demand': 64783494.0, 'demand_reduction': 0.14, 'cost_reduction': 0.11, 'pricing_time': 0.007165217391304349, 'rescheduling_time': 1.956173913043478}}
