Arguments count: 7
Argument      0: ./monarch_run.py
Argument      1: 5000
Argument      2: 6
Argument      3: 1
Argument      4: 16
Argument      5: 13
Argument      6: dependent_tasks
----------------------------------------
5000 households, 1 dependent tasks, 10 fully flexible tasks, 0 semi-flexible tasks, 0 fixed tasks, 6 penalty weight. 
----------------------------------------
0. The community is created. 
0. Aggregator is created. 
1. Best step size 0.012, 12 iterations, cost 2927000873.75, using minizinc_fw
2. Best step size 0.013, 13 iterations, cost 2852009729.01, using minizinc_fw
3. Best step size 0.01, 10 iterations, cost 2798993141.99, using minizinc_fw
4. Best step size 0.012, 12 iterations, cost 2750882660.97, using minizinc_fw
5. Best step size 0.005, 5 iterations, cost 2736799274.07, using minizinc_fw
6. Best step size 0.007, 6 iterations, cost 2720595380.2, using minizinc_fw
7. Best step size 0.005, 5 iterations, cost 2707761711.29, using minizinc_fw
8. Best step size 0.007, 7 iterations, cost 2689668350.83, using minizinc_fw
9. Best step size 0.003, 3 iterations, cost 2686097433.78, using minizinc_fw
10. Best step size 0.005, 5 iterations, cost 2683198341.72, using minizinc_fw
11. Best step size 0, 0 iterations, cost 2683198341.72, using minizinc_fw
Converged in 11
Data are written and graphs are painted. 
0. The community is read. 
0. Aggregator is read. 
1. Best step size 0.01, 10 iterations, cost 2939295631.47, using ogsa_fw
2. Best step size 0.008, 8 iterations, cost 2885666669.97, using ogsa_fw
3. Best step size 0.007, 7 iterations, cost 2843626058.87, using ogsa_fw
4. Best step size 0.007, 7 iterations, cost 2807543226.49, using ogsa_fw
5. Best step size 0.008, 8 iterations, cost 2774108726.34, using ogsa_fw
6. Best step size 0.007, 7 iterations, cost 2744959576.6, using ogsa_fw
7. Best step size 0.006, 6 iterations, cost 2724183797.9, using ogsa_fw
8. Best step size 0.013, 13 iterations, cost 2688032544.37, using ogsa_fw
9. Best step size 0.004, 4 iterations, cost 2677671669.69, using ogsa_fw
10. Best step size 0.003, 3 iterations, cost 2671178525.35, using ogsa_fw
11. Best step size 0.007, 7 iterations, cost 2659393343.81, using ogsa_fw
12. Best step size 0.002, 2 iterations, cost 2656069100.75, using ogsa_fw
13. Best step size 0.002, 2 iterations, cost 2652896563.74, using ogsa_fw
14. Best step size 0.005, 5 iterations, cost 2645753113.46, using ogsa_fw
15. Best step size 0.002, 2 iterations, cost 2642769744.8, using ogsa_fw
16. Best step size 0.003, 3 iterations, cost 2639348764.16, using ogsa_fw
17. Best step size 0.006, 6 iterations, cost 2633855428.55, using ogsa_fw
18. Best step size 0.001, 1 iterations, cost 2632771982.8, using ogsa_fw
19. Best step size 0.002, 2 iterations, cost 2631035117.16, using ogsa_fw
20. Best step size 0.001, 1 iterations, cost 2630189699.92, using ogsa_fw
21. Best step size 0.003, 3 iterations, cost 2628315997.77, using ogsa_fw
22. Best step size 0.005, 5 iterations, cost 2625980241.77, using ogsa_fw
23. Best step size 0.005, 5 iterations, cost 2624319606.56, using ogsa_fw
24. Best step size 0.004, 4 iterations, cost 2622972695.87, using ogsa_fw
25. Best step size 0.002, 2 iterations, cost 2622173143.36, using ogsa_fw
26. Best step size 0.001, 1 iterations, cost 2621793593.02, using ogsa_fw
27. Best step size 0.001, 1 iterations, cost 2621343139.44, using ogsa_fw
28. Best step size 0.001, 1 iterations, cost 2620947927.75, using ogsa_fw
29. Best step size 0.001, 1 iterations, cost 2620454247.66, using ogsa_fw
30. Best step size 0.001, 1 iterations, cost 2620175829.39, using ogsa_fw
31. Best step size 0.001, 1 iterations, cost 2619569816.85, using ogsa_fw
32. Best step size 0, 0 iterations, cost 2619569816.85, using ogsa_fw
Converged in 32
Data are written and graphs are painted. 
----------------------------------------
----------------------------------------
Experiment is finished. 
{0: {'no_households': 5000, 'penalty_weight': 6, 'no_dependent_tasks': 1, 'no_fully_flexible_tasks_min': 10, 'no_semi_flexible_tasks_min': 0, 'no_fixed_tasks_min': 0, 'algorithm': 'minizinc_fw', 'id': 13, 'init_PAR': 1.18, 'PAR': 1.09, 'init_max_demand': 3985825.0, 'max_demand': 3682916.3, 'total_demand': 162651749.0, 'demand_reduction': 0.08, 'cost_reduction': 0.11, 'pricing_time': 0.0202, 'rescheduling_time': 5229.173308333333}, 1: {'no_households': 5000, 'penalty_weight': 6, 'no_dependent_tasks': 1, 'no_fully_flexible_tasks_min': 10, 'no_semi_flexible_tasks_min': 0, 'no_fixed_tasks_min': 0, 'algorithm': 'ogsa_fw', 'id': 13, 'init_PAR': 1.18, 'PAR': 1.03, 'init_max_demand': 3985825.0, 'max_demand': 3503503.03, 'total_demand': 162651749.0, 'demand_reduction': 0.12, 'cost_reduction': 0.13, 'pricing_time': 0.0057666666666666665, 'rescheduling_time': 5.066178787878789}}
