Arguments count: 7
Argument      0: ./monarch_run.py
Argument      1: 5000
Argument      2: 1
Argument      3: 3
Argument      4: 16
Argument      5: 13
Argument      6: dependent_tasks
----------------------------------------
5000 households, 3 dependent tasks, 10 fully flexible tasks, 0 semi-flexible tasks, 0 fixed tasks, 1 penalty weight. 
----------------------------------------
0. The community is created. 
0. Aggregator is created. 
1. Best step size 0.014, 14 iterations, cost 2647928065.47, using minizinc_fw
2. Best step size 0.013, 13 iterations, cost 2602350101.07, using minizinc_fw
3. Best step size 0.018, 18 iterations, cost 2552800139.8, using minizinc_fw
4. Best step size 0.01, 10 iterations, cost 2531144425.64, using minizinc_fw
5. Best step size 0.006, 6 iterations, cost 2525007202.04, using minizinc_fw
6. Best step size 0.001, 1 iterations, cost 2524718666.06, using minizinc_fw
7. Best step size 0, 0 iterations, cost 2524718666.06, using minizinc_fw
Converged in 7
Data are written and graphs are painted. 
0. The community is read. 
0. Aggregator is read. 
1. Best step size 0.015, 15 iterations, cost 2644939830.51, using ogsa_fw
2. Best step size 0.013, 13 iterations, cost 2601190386.06, using ogsa_fw
3. Best step size 0.011, 11 iterations, cost 2568621364.61, using ogsa_fw
4. Best step size 0.013, 13 iterations, cost 2538133317.87, using ogsa_fw
5. Best step size 0.007, 7 iterations, cost 2522140449.22, using ogsa_fw
6. Best step size 0.012, 11 iterations, cost 2500710169.94, using ogsa_fw
7. Best step size 0.009, 9 iterations, cost 2488909070.61, using ogsa_fw
8. Best step size 0.005, 5 iterations, cost 2482436183.51, using ogsa_fw
9. Best step size 0.007, 7 iterations, cost 2474885409.12, using ogsa_fw
10. Best step size 0.01, 10 iterations, cost 2467229534.66, using ogsa_fw
11. Best step size 0.003, 3 iterations, cost 2464965010.73, using ogsa_fw
12. Best step size 0.008, 8 iterations, cost 2460283385.9, using ogsa_fw
13. Best step size 0.005, 5 iterations, cost 2457360672.87, using ogsa_fw
14. Best step size 0.002, 2 iterations, cost 2456172801.49, using ogsa_fw
15. Best step size 0.002, 2 iterations, cost 2455454000.62, using ogsa_fw
16. Best step size 0.003, 3 iterations, cost 2454442959.13, using ogsa_fw
17. Best step size 0.003, 3 iterations, cost 2453538854.85, using ogsa_fw
18. Best step size 0.001, 1 iterations, cost 2453163638.87, using ogsa_fw
19. Best step size 0.002, 2 iterations, cost 2452595542.29, using ogsa_fw
20. Best step size 0.002, 2 iterations, cost 2452067512.46, using ogsa_fw
21. Best step size 0.001, 1 iterations, cost 2451743802.69, using ogsa_fw
22. Best step size 0.001, 1 iterations, cost 2451413440.14, using ogsa_fw
23. Best step size 0, 0 iterations, cost 2451413440.14, using ogsa_fw
Converged in 23
Data are written and graphs are painted. 
----------------------------------------
----------------------------------------
Experiment is finished. 
{0: {'no_households': 5000, 'penalty_weight': 1, 'no_dependent_tasks': 3, 'no_fully_flexible_tasks_min': 10, 'no_semi_flexible_tasks_min': 0, 'no_fixed_tasks_min': 0, 'algorithm': 'minizinc_fw', 'id': 13, 'init_PAR': 1.24, 'PAR': 1.16, 'init_max_demand': 4142552.0, 'max_demand': 3893392.96, 'total_demand': 161004077.0, 'demand_reduction': 0.06, 'cost_reduction': 0.07, 'pricing_time': 0.017225, 'rescheduling_time': 5550.3562375}, 1: {'no_households': 5000, 'penalty_weight': 1, 'no_dependent_tasks': 3, 'no_fully_flexible_tasks_min': 10, 'no_semi_flexible_tasks_min': 0, 'no_fixed_tasks_min': 0, 'algorithm': 'ogsa_fw', 'id': 13, 'init_PAR': 1.24, 'PAR': 1.08, 'init_max_demand': 4142552.0, 'max_demand': 3625327.89, 'total_demand': 161004077.0, 'demand_reduction': 0.12, 'cost_reduction': 0.1, 'pricing_time': 0.006850000000000003, 'rescheduling_time': 4.555566666666667}}
