Arguments count: 7
Argument      0: ./monarch_run.py
Argument      1: 5
Argument      2: 6
Argument      3: 10
Argument      4: 8
Argument      5: 3
Argument      6: test_exp
----------------------------------------
5 households, 10 dependent tasks, 5 fully flexible tasks, 0 semi-flexible tasks, 0 fixed tasks, 6 penalty weight. 
----------------------------------------
Traceback (most recent call last):
  File "./monarch_run.py", line 146, in <module>
    main(num_households=h,
  File "./monarch_run.py", line 70, in main
    new_iteration.new(algorithm=alg, num_households=num_households,
  File "/home/dorah/.local/lib/python3.8/site-packages/fw_ddsm/iteration.py", line 38, in new
    preferred_demand_profile = self.community.new(
  File "/home/dorah/.local/lib/python3.8/site-packages/fw_ddsm/community.py", line 55, in new
    preferred_demand_profile = genfromtxt(file_preferred_demand_profile, delimiter=',', dtype="float")
  File "/home/dorah/.local/lib/python3.8/site-packages/numpy/lib/npyio.py", line 1749, in genfromtxt
    fid = np.lib._datasource.open(fname, 'rt', encoding=encoding)
  File "/home/dorah/.local/lib/python3.8/site-packages/numpy/lib/_datasource.py", line 195, in open
    return ds.open(path, mode, encoding=encoding, newline=newline)
  File "/home/dorah/.local/lib/python3.8/site-packages/numpy/lib/_datasource.py", line 535, in open
    raise IOError("%s not found." % path)
OSError: data/probability.csv not found.
