Arguments count: 7
Argument      0: ./monarch_run.py
Argument      1: 2000
Argument      2: 1
Argument      3: 6
Argument      4: 16
Argument      5: 19
Argument      6: dependent_tasks
----------------------------------------
2000 households, 6 dependent tasks, 10 fully flexible tasks, 0 semi-flexible tasks, 0 fixed tasks, 1 penalty weight. 
----------------------------------------
0. The community is created. 
0. Aggregator is created. 
1. Best step size 0.024, 24 iterations, cost 1058585847.56, using minizinc_fw
2. Best step size 0.017, 17 iterations, cost 1033674552.94, using minizinc_fw
3. Best step size 0.01, 10 iterations, cost 1025232397.87, using minizinc_fw
4. Best step size 0.018, 18 iterations, cost 1008569193.56, using minizinc_fw
5. Best step size 0.013, 13 iterations, cost 999980957.35, using minizinc_fw
6. Best step size 0.003, 3 iterations, cost 999598835.68, using minizinc_fw
7. Best step size 0, 0 iterations, cost 999598835.68, using minizinc_fw
Converged in 7
Data are written and graphs are painted. 
0. The community is read. 
0. Aggregator is read. 
1. Best step size 0.027, 27 iterations, cost 1051706883.1, using ogsa_fw
2. Best step size 0.021, 21 iterations, cost 1021364097.89, using ogsa_fw
3. Best step size 0.02, 19 iterations, cost 1000838365.8, using ogsa_fw
4. Best step size 0.017, 17 iterations, cost 987705814.83, using ogsa_fw
5. Best step size 0.014, 14 iterations, cost 979447077.42, using ogsa_fw
6. Best step size 0.016, 16 iterations, cost 972685036.47, using ogsa_fw
7. Best step size 0.011, 11 iterations, cost 968945716.55, using ogsa_fw
8. Best step size 0.016, 13 iterations, cost 964509597.64, using ogsa_fw
9. Best step size 0.005, 5 iterations, cost 963418857.32, using ogsa_fw
10. Best step size 0.014, 14 iterations, cost 960756849.16, using ogsa_fw
11. Best step size 0.005, 5 iterations, cost 959943310.27, using ogsa_fw
12. Best step size 0.002, 2 iterations, cost 959652196.95, using ogsa_fw
13. Best step size 0.002, 2 iterations, cost 959381255.24, using ogsa_fw
14. Best step size 0.002, 2 iterations, cost 959186006.72, using ogsa_fw
15. Best step size 0.002, 2 iterations, cost 959033837.02, using ogsa_fw
16. Best step size 0.002, 2 iterations, cost 958884710.13, using ogsa_fw
17. Best step size 0.002, 2 iterations, cost 958748699.15, using ogsa_fw
18. Best step size 0.001, 1 iterations, cost 958648931.84, using ogsa_fw
19. Best step size 0.01, 9 iterations, cost 958043802.34, using ogsa_fw
20. Best step size 0, 0 iterations, cost 958043802.34, using ogsa_fw
Converged in 20
Data are written and graphs are painted. 
----------------------------------------
----------------------------------------
Experiment is finished. 
{0: {'no_households': 2000, 'penalty_weight': 1, 'no_dependent_tasks': 6, 'no_fully_flexible_tasks_min': 10, 'no_semi_flexible_tasks_min': 0, 'no_fixed_tasks_min': 0, 'algorithm': 'minizinc_fw', 'id': 19, 'init_PAR': 1.25, 'PAR': 1.17, 'init_max_demand': 1666726.0, 'max_demand': 1547923.55, 'total_demand': 63775055.0, 'demand_reduction': 0.07, 'cost_reduction': 0.1, 'pricing_time': 0.0175375, 'rescheduling_time': 1762.6999999999998}, 1: {'no_households': 2000, 'penalty_weight': 1, 'no_dependent_tasks': 6, 'no_fully_flexible_tasks_min': 10, 'no_semi_flexible_tasks_min': 0, 'no_fixed_tasks_min': 0, 'algorithm': 'ogsa_fw', 'id': 19, 'init_PAR': 1.25, 'PAR': 1.04, 'init_max_demand': 1666726.0, 'max_demand': 1381276.74, 'total_demand': 63775055.0, 'demand_reduction': 0.17, 'cost_reduction': 0.13, 'pricing_time': 0.007857142857142861, 'rescheduling_time': 1.8476571428571429}}
