Arguments count: 7
Argument      0: ./monarch_run.py
Argument      1: 1000
Argument      2: 1
Argument      3: 9
Argument      4: 16
Argument      5: 3
Argument      6: dependent
----------------------------------------
1000 households, 9 dependent tasks, 0 fully flexible tasks, 10 semi-flexible tasks, 0 fixed tasks, 1 penalty weight. 
----------------------------------------
0. The community is created. 
0. Aggregator is created. 
1. Best step size 0.048, 42 iterations, cost 462422851.1, using minizinc_fw
2. Best step size 0.047, 42 iterations, cost 455915429.05, using minizinc_fw
3. Best step size 0.025, 23 iterations, cost 454562426.15, using minizinc_fw
4. Best step size 0.042, 38 iterations, cost 451699649.54, using minizinc_fw
5. Best step size 0.008, 8 iterations, cost 451466174.62, using minizinc_fw
6. Best step size 0.002, 2 iterations, cost 451433883.92, using minizinc_fw
7. Best step size 0.013, 13 iterations, cost 450999211.03, using minizinc_fw
8. Best step size 0.017, 16 iterations, cost 450583270.49, using minizinc_fw
9. Best step size 0.001, 1 iterations, cost 450568185.41, using minizinc_fw
10. Best step size 0, 0 iterations, cost 450568185.41, using minizinc_fw
Converged in 10
Traceback (most recent call last):
  File "./monarch_run.py", line 149, in <module>
    main(num_households=h,
  File "./monarch_run.py", line 98, in main
    = out.save_to_output_folder(algorithm=alg,
  File "/mnt/lustre/projects/td70/py385/lib/python3.8/site-packages/fw_ddsm/output.py", line 146, in save_to_output_folder
    df_demands.to_csv(r"{}{}_aggregator_demands.csv".format(self.output_folder, pricing_method))
  File "/mnt/lustre/projects/td70/py385/lib/python3.8/site-packages/pandas/core/generic.py", line 3170, in to_csv
    formatter.save()
  File "/mnt/lustre/projects/td70/py385/lib/python3.8/site-packages/pandas/io/formats/csvs.py", line 185, in save
    f, handles = get_handle(
  File "/mnt/lustre/projects/td70/py385/lib/python3.8/site-packages/pandas/io/common.py", line 493, in get_handle
    f = open(path_or_buf, mode, encoding=encoding, errors=errors, newline="")
FileNotFoundError: [Errno 2] No such file or directory: 'results/dependent//h1000-w1-dt9-fft0-sft10-id3//minizinc_fw_aggregator_demands.csv'
