Arguments count: 7
Argument      0: ./monarch_run.py
Argument      1: 5000
Argument      2: 1
Argument      3: 3
Argument      4: 16
Argument      5: 18
Argument      6: dependent_tasks
----------------------------------------
5000 households, 3 dependent tasks, 10 fully flexible tasks, 0 semi-flexible tasks, 0 fixed tasks, 1 penalty weight. 
----------------------------------------
0. The community is created. 
0. Aggregator is created. 
1. Best step size 0.013, 13 iterations, cost 2684255265.37, using minizinc_fw
2. Best step size 0.013, 13 iterations, cost 2634119324.24, using minizinc_fw
3. Best step size 0.011, 11 iterations, cost 2603331770.54, using minizinc_fw
4. Best step size 0.013, 13 iterations, cost 2573867429.48, using minizinc_fw
5. Best step size 0.003, 3 iterations, cost 2570517436.33, using minizinc_fw
6. Best step size 0.008, 8 iterations, cost 2557674080.51, using minizinc_fw
7. Best step size 0.008, 8 iterations, cost 2549058219.79, using minizinc_fw
8. Best step size 0.009, 9 iterations, cost 2537859228.18, using minizinc_fw
9. Best step size 0.001, 1 iterations, cost 2537538142.16, using minizinc_fw
10. Best step size 0, 0 iterations, cost 2537538142.16, using minizinc_fw
Converged in 10
Data are written and graphs are painted. 
0. The community is read. 
0. Aggregator is read. 
1. Best step size 0.011, 11 iterations, cost 2693434057.27, using ogsa_fw
2. Best step size 0.011, 11 iterations, cost 2649423544.82, using ogsa_fw
3. Best step size 0.019, 18 iterations, cost 2590270734.12, using ogsa_fw
4. Best step size 0.009, 9 iterations, cost 2569661158.11, using ogsa_fw
5. Best step size 0.014, 14 iterations, cost 2541355818.48, using ogsa_fw
6. Best step size 0.005, 5 iterations, cost 2531183521.88, using ogsa_fw
7. Best step size 0.006, 5 iterations, cost 2520899256.24, using ogsa_fw
8. Best step size 0.011, 11 iterations, cost 2507317578.25, using ogsa_fw
9. Best step size 0.005, 5 iterations, cost 2501555504.6, using ogsa_fw
10. Best step size 0.005, 5 iterations, cost 2496711491.2, using ogsa_fw
11. Best step size 0.006, 6 iterations, cost 2491774867.69, using ogsa_fw
12. Best step size 0.006, 6 iterations, cost 2487376150.57, using ogsa_fw
13. Best step size 0.004, 4 iterations, cost 2484946293.73, using ogsa_fw
14. Best step size 0.005, 5 iterations, cost 2482495504.34, using ogsa_fw
15. Best step size 0.002, 2 iterations, cost 2481441519.65, using ogsa_fw
16. Best step size 0.002, 2 iterations, cost 2480460473.98, using ogsa_fw
17. Best step size 0.002, 2 iterations, cost 2479630143.37, using ogsa_fw
18. Best step size 0.002, 2 iterations, cost 2478794116.97, using ogsa_fw
19. Best step size 0.003, 3 iterations, cost 2477784601.8, using ogsa_fw
20. Best step size 0.003, 3 iterations, cost 2476945011.81, using ogsa_fw
21. Best step size 0.003, 3 iterations, cost 2476298520.37, using ogsa_fw
22. Best step size 0.002, 2 iterations, cost 2475909359.75, using ogsa_fw
23. Best step size 0.004, 4 iterations, cost 2475056153.82, using ogsa_fw
24. Best step size 0.003, 3 iterations, cost 2474459271.63, using ogsa_fw
25. Best step size 0.002, 2 iterations, cost 2473898240.4, using ogsa_fw
26. Best step size 0.001, 1 iterations, cost 2473717552.85, using ogsa_fw
27. Best step size 0.001, 1 iterations, cost 2473567894.81, using ogsa_fw
28. Best step size 0.002, 2 iterations, cost 2473428536.39, using ogsa_fw
29. Best step size 0.002, 2 iterations, cost 2473231617.68, using ogsa_fw
30. Best step size 0.001, 1 iterations, cost 2473030486.99, using ogsa_fw
31. Best step size 0.001, 1 iterations, cost 2472941092.31, using ogsa_fw
32. Best step size 0.001, 1 iterations, cost 2472876799.43, using ogsa_fw
33. Best step size 0.001, 1 iterations, cost 2472837429.28, using ogsa_fw
34. Best step size 0, 0 iterations, cost 2472837429.28, using ogsa_fw
Converged in 34
Data are written and graphs are painted. 
----------------------------------------
----------------------------------------
Experiment is finished. 
{0: {'no_households': 5000, 'penalty_weight': 1, 'no_dependent_tasks': 3, 'no_fully_flexible_tasks_min': 10, 'no_semi_flexible_tasks_min': 0, 'no_fixed_tasks_min': 0, 'algorithm': 'minizinc_fw', 'id': 18, 'init_PAR': 1.22, 'PAR': 1.13, 'init_max_demand': 4115107.0, 'max_demand': 3802372.9, 'total_demand': 161284162.0, 'demand_reduction': 0.08, 'cost_reduction': 0.08, 'pricing_time': 0.0194, 'rescheduling_time': 4774.0618}, 1: {'no_households': 5000, 'penalty_weight': 1, 'no_dependent_tasks': 3, 'no_fully_flexible_tasks_min': 10, 'no_semi_flexible_tasks_min': 0, 'no_fixed_tasks_min': 0, 'algorithm': 'ogsa_fw', 'id': 18, 'init_PAR': 1.22, 'PAR': 1.05, 'init_max_demand': 4115107.0, 'max_demand': 3529031.37, 'total_demand': 161284162.0, 'demand_reduction': 0.14, 'cost_reduction': 0.1, 'pricing_time': 0.006631428571428573, 'rescheduling_time': 5.194894285714287}}
