Arguments count: 7
Argument      0: ./monarch_run.py
Argument      1: 2000
Argument      2: 1
Argument      3: 6
Argument      4: 16
Argument      5: 24
Argument      6: dependent_tasks
----------------------------------------
2000 households, 6 dependent tasks, 10 fully flexible tasks, 0 semi-flexible tasks, 0 fixed tasks, 1 penalty weight. 
----------------------------------------
0. The community is created. 
0. Aggregator is created. 
1. Best step size 0.02, 20 iterations, cost 1008722229.64, using minizinc_fw
2. Best step size 0.014, 14 iterations, cost 996053875.73, using minizinc_fw
3. Best step size 0.017, 17 iterations, cost 984848705.58, using minizinc_fw
4. Best step size 0.01, 10 iterations, cost 980813362.18, using minizinc_fw
5. Best step size 0.021, 21 iterations, cost 972301743.88, using minizinc_fw
6. Best step size 0.005, 5 iterations, cost 970410020.83, using minizinc_fw
7. Best step size 0.008, 8 iterations, cost 968642942.47, using minizinc_fw
8. Best step size 0.01, 10 iterations, cost 966372220.78, using minizinc_fw
9. Best step size 0.007, 7 iterations, cost 965133493.56, using minizinc_fw
10. Best step size 0.004, 3 iterations, cost 964720761.08, using minizinc_fw
11. Best step size 0.002, 2 iterations, cost 964523307.83, using minizinc_fw
12. Best step size 0.004, 4 iterations, cost 963951468.35, using minizinc_fw
13. Best step size 0, 0 iterations, cost 963951468.35, using minizinc_fw
Converged in 13
Data are written and graphs are painted. 
0. The community is read. 
0. Aggregator is read. 
1. Best step size 0.02, 20 iterations, cost 1008633726.99, using ogsa_fw
2. Best step size 0.02, 20 iterations, cost 989994314.09, using ogsa_fw
3. Best step size 0.017, 17 iterations, cost 978823640.05, using ogsa_fw
4. Best step size 0.015, 15 iterations, cost 971534987.86, using ogsa_fw
5. Best step size 0.012, 12 iterations, cost 967269943.18, using ogsa_fw
6. Best step size 0.012, 12 iterations, cost 963499416.36, using ogsa_fw
7. Best step size 0.008, 7 iterations, cost 961377059.65, using ogsa_fw
8. Best step size 0.007, 7 iterations, cost 959639592.5, using ogsa_fw
9. Best step size 0.008, 8 iterations, cost 958024095.56, using ogsa_fw
10. Best step size 0.01, 10 iterations, cost 956395487.7, using ogsa_fw
11. Best step size 0.005, 5 iterations, cost 955628322.81, using ogsa_fw
12. Best step size 0.004, 4 iterations, cost 955088637.89, using ogsa_fw
13. Best step size 0.013, 12 iterations, cost 953776303.46, using ogsa_fw
14. Best step size 0.002, 2 iterations, cost 953581008.47, using ogsa_fw
15. Best step size 0.005, 4 iterations, cost 953319903.16, using ogsa_fw
16. Best step size 0.003, 3 iterations, cost 953031578.32, using ogsa_fw
17. Best step size 0.003, 3 iterations, cost 952843618.55, using ogsa_fw
18. Best step size 0.003, 3 iterations, cost 952636003.31, using ogsa_fw
19. Best step size 0.001, 1 iterations, cost 952568653.87, using ogsa_fw
20. Best step size 0.001, 1 iterations, cost 952522463.85, using ogsa_fw
21. Best step size 0.002, 2 iterations, cost 952444331.04, using ogsa_fw
22. Best step size 0, 0 iterations, cost 952444331.04, using ogsa_fw
Converged in 22
Data are written and graphs are painted. 
----------------------------------------
----------------------------------------
Experiment is finished. 
{0: {'no_households': 2000, 'penalty_weight': 1, 'no_dependent_tasks': 6, 'no_fully_flexible_tasks_min': 10, 'no_semi_flexible_tasks_min': 0, 'no_fixed_tasks_min': 0, 'algorithm': 'minizinc_fw', 'id': 24, 'init_PAR': 1.3, 'PAR': 1.15, 'init_max_demand': 1744049.0, 'max_demand': 1543945.92, 'total_demand': 64618939.0, 'demand_reduction': 0.11, 'cost_reduction': 0.07, 'pricing_time': 0.01798571428571429, 'rescheduling_time': 1901.6535714285715}, 1: {'no_households': 2000, 'penalty_weight': 1, 'no_dependent_tasks': 6, 'no_fully_flexible_tasks_min': 10, 'no_semi_flexible_tasks_min': 0, 'no_fixed_tasks_min': 0, 'algorithm': 'ogsa_fw', 'id': 24, 'init_PAR': 1.3, 'PAR': 1.09, 'init_max_demand': 1744049.0, 'max_demand': 1471568.64, 'total_demand': 64618939.0, 'demand_reduction': 0.16, 'cost_reduction': 0.08, 'pricing_time': 0.006482608695652172, 'rescheduling_time': 1.8954869565217394}}
