Arguments count: 7
Argument      0: ./monarch_run.py
Argument      1: 5000
Argument      2: 1
Argument      3: 0
Argument      4: 16
Argument      5: 13
Argument      6: dependent_tasks
----------------------------------------
5000 households, 0 dependent tasks, 10 fully flexible tasks, 0 semi-flexible tasks, 0 fixed tasks, 1 penalty weight. 
----------------------------------------
0. The community is created. 
0. Aggregator is created. 
1. Best step size 0.015, 15 iterations, cost 2628399679.42, using minizinc_fw
2. Best step size 0.013, 13 iterations, cost 2583526338.65, using minizinc_fw
3. Best step size 0.019, 18 iterations, cost 2531199199.66, using minizinc_fw
4. Best step size 0.009, 9 iterations, cost 2512090113.36, using minizinc_fw
5. Best step size 0.004, 4 iterations, cost 2505538138.81, using minizinc_fw
6. Best step size 0.009, 9 iterations, cost 2496162544.21, using minizinc_fw
7. Best step size 0.004, 4 iterations, cost 2493646862.48, using minizinc_fw
8. Best step size 0.002, 2 iterations, cost 2492562979.83, using minizinc_fw
9. Best step size 0, 0 iterations, cost 2492562979.83, using minizinc_fw
Converged in 9
Data are written and graphs are painted. 
0. The community is read. 
0. Aggregator is read. 
1. Best step size 0.011, 11 iterations, cost 2643649189.05, using ogsa_fw
2. Best step size 0.018, 18 iterations, cost 2580944430.91, using ogsa_fw
3. Best step size 0.008, 8 iterations, cost 2556097952.91, using ogsa_fw
4. Best step size 0.013, 13 iterations, cost 2524541648.37, using ogsa_fw
5. Best step size 0.01, 10 iterations, cost 2506706645.51, using ogsa_fw
6. Best step size 0.005, 5 iterations, cost 2498483119.47, using ogsa_fw
7. Best step size 0.008, 8 iterations, cost 2486448755.9, using ogsa_fw
8. Best step size 0.007, 7 iterations, cost 2478468115.84, using ogsa_fw
9. Best step size 0.003, 3 iterations, cost 2475407464.84, using ogsa_fw
10. Best step size 0.003, 3 iterations, cost 2472489754.47, using ogsa_fw
11. Best step size 0.004, 4 iterations, cost 2468352133.3, using ogsa_fw
12. Best step size 0.004, 4 iterations, cost 2464435056.59, using ogsa_fw
13. Best step size 0.013, 12 iterations, cost 2454821132.53, using ogsa_fw
14. Best step size 0.002, 2 iterations, cost 2453122591.33, using ogsa_fw
15. Best step size 0.001, 1 iterations, cost 2452485534.76, using ogsa_fw
16. Best step size 0.002, 2 iterations, cost 2451380768.77, using ogsa_fw
17. Best step size 0.001, 1 iterations, cost 2450709837.65, using ogsa_fw
18. Best step size 0.007, 7 iterations, cost 2448228438.48, using ogsa_fw
19. Best step size 0.003, 3 iterations, cost 2447143655.11, using ogsa_fw
20. Best step size 0.007, 7 iterations, cost 2444955422.31, using ogsa_fw
21. Best step size 0.003, 3 iterations, cost 2444021937.63, using ogsa_fw
22. Best step size 0.004, 4 iterations, cost 2442996112.68, using ogsa_fw
23. Best step size 0.003, 3 iterations, cost 2442154997.07, using ogsa_fw
24. Best step size 0.002, 2 iterations, cost 2441636934.67, using ogsa_fw
25. Best step size 0.001, 1 iterations, cost 2441338781.88, using ogsa_fw
26. Best step size 0.001, 1 iterations, cost 2441037972.12, using ogsa_fw
27. Best step size 0, 0 iterations, cost 2441037972.12, using ogsa_fw
Converged in 27
Data are written and graphs are painted. 
----------------------------------------
----------------------------------------
Experiment is finished. 
{0: {'no_households': 5000, 'penalty_weight': 1, 'no_dependent_tasks': 0, 'no_fully_flexible_tasks_min': 10, 'no_semi_flexible_tasks_min': 0, 'no_fixed_tasks_min': 0, 'algorithm': 'minizinc_fw', 'id': 13, 'init_PAR': 1.24, 'PAR': 1.15, 'init_max_demand': 4163511.0, 'max_demand': 3862521.42, 'total_demand': 161063745.0, 'demand_reduction': 0.07, 'cost_reduction': 0.07, 'pricing_time': 0.01802, 'rescheduling_time': 4002.02699}, 1: {'no_households': 5000, 'penalty_weight': 1, 'no_dependent_tasks': 0, 'no_fully_flexible_tasks_min': 10, 'no_semi_flexible_tasks_min': 0, 'no_fixed_tasks_min': 0, 'algorithm': 'ogsa_fw', 'id': 13, 'init_PAR': 1.24, 'PAR': 1.07, 'init_max_demand': 4163511.0, 'max_demand': 3604869.82, 'total_demand': 161063745.0, 'demand_reduction': 0.13, 'cost_reduction': 0.09, 'pricing_time': 0.005685714285714286, 'rescheduling_time': 5.0000285714285715}}
