Arguments count: 7
Argument      0: ./monarch_run.py
Argument      1: 5
Argument      2: 3
Argument      3: 100
Argument      4: 8
Argument      5: 2
Argument      6: test_exp
----------------------------------------
5 households, 100 dependent tasks, 5 fully flexible tasks, 0 semi-flexible tasks, 0 fixed tasks, 3 penalty weight. 
----------------------------------------
0. The community is created. 
0. Aggregator is created. 
1. Best step size 0.989, 52 iterations, cost 1093356.52, using minizinc_fw
2. Best step size 0.407, 24 iterations, cost 1085751.85, using minizinc_fw
3. Best step size 0, 0 iterations, cost 1085751.85, using minizinc_fw
Converged in 3
Data are written and graphs are painted. 
0. The community is read. 
0. Aggregator is read. 
1. Best step size 0.635, 68 iterations, cost 549341.83, using ogsa_fw
2. Best step size 0, 0 iterations, cost 549341.83, using ogsa_fw
Converged in 2
Data are written and graphs are painted. 
----------------------------------------
----------------------------------------
Experiment is finished. 
{0: {'no_households': 5, 'penalty_weight': 3, 'no_dependent_tasks': 100, 'no_fully_flexible_tasks_min': 5, 'no_semi_flexible_tasks_min': 0, 'no_fixed_tasks_min': 0, 'algorithm': 'minizinc_fw', 'id': 2, 'init_PAR': 6.52, 'PAR': 3.4, 'init_max_demand': 10535.0, 'max_demand': 5498.48, 'total_demand': 77553.0, 'demand_reduction': 0.48, 'cost_reduction': 0.13, 'pricing_time': 0.00625, 'rescheduling_time': 2.92}, 1: {'no_households': 5, 'penalty_weight': 3, 'no_dependent_tasks': 100, 'no_fully_flexible_tasks_min': 5, 'no_semi_flexible_tasks_min': 0, 'no_fixed_tasks_min': 0, 'algorithm': 'ogsa_fw', 'id': 2, 'init_PAR': 8.81, 'PAR': 4.65, 'init_max_demand': 7200.0, 'max_demand': 3798.29, 'total_demand': 39238.0, 'demand_reduction': 0.47, 'cost_reduction': 0.23, 'pricing_time': 0.005666666666666667, 'rescheduling_time': 0.002733333333333333}}
