Arguments count: 7
Argument      0: ./monarch_run.py
Argument      1: 2000
Argument      2: 1
Argument      3: 9
Argument      4: 16
Argument      5: 25
Argument      6: dependent_tasks
----------------------------------------
2000 households, 9 dependent tasks, 10 fully flexible tasks, 0 semi-flexible tasks, 0 fixed tasks, 1 penalty weight. 
----------------------------------------
0. The community is created. 
0. Aggregator is created. 
1. Best step size 0.017, 17 iterations, cost 1120111384.52, using minizinc_fw
2. Best step size 0.012, 12 iterations, cost 1097295301.12, using minizinc_fw
3. Best step size 0.015, 15 iterations, cost 1078392736.18, using minizinc_fw
4. Best step size 0.013, 13 iterations, cost 1065767325.61, using minizinc_fw
5. Best step size 0.006, 6 iterations, cost 1061519565.55, using minizinc_fw
6. Best step size 0.009, 9 iterations, cost 1056517396.08, using minizinc_fw
7. Best step size 0.008, 8 iterations, cost 1053600601.33, using minizinc_fw
8. Best step size 0.006, 5 iterations, cost 1049833925.74, using minizinc_fw
9. Best step size 0.005, 5 iterations, cost 1048301208.21, using minizinc_fw
10. Best step size 0.006, 6 iterations, cost 1046156870.52, using minizinc_fw
11. Best step size 0.002, 2 iterations, cost 1045804118.27, using minizinc_fw
12. Best step size 0.004, 4 iterations, cost 1044692709.05, using minizinc_fw
13. Best step size 0.005, 5 iterations, cost 1043613431.45, using minizinc_fw
14. Best step size 0.003, 2 iterations, cost 1043263720.29, using minizinc_fw
15. Best step size 0, 0 iterations, cost 1043263720.29, using minizinc_fw
Converged in 15
Data are written and graphs are painted. 
0. The community is read. 
0. Aggregator is read. 
1. Best step size 0.018, 18 iterations, cost 1114966285.45, using ogsa_fw
2. Best step size 0.016, 16 iterations, cost 1087752549.77, using ogsa_fw
3. Best step size 0.011, 11 iterations, cost 1073981542.01, using ogsa_fw
4. Best step size 0.011, 11 iterations, cost 1062238562.15, using ogsa_fw
5. Best step size 0.009, 8 iterations, cost 1054489398.25, using ogsa_fw
6. Best step size 0.009, 9 iterations, cost 1046923001.35, using ogsa_fw
7. Best step size 0.007, 7 iterations, cost 1041915679.22, using ogsa_fw
8. Best step size 0.006, 6 iterations, cost 1038680469.22, using ogsa_fw
9. Best step size 0.006, 6 iterations, cost 1035418247.03, using ogsa_fw
10. Best step size 0.003, 3 iterations, cost 1033767919.41, using ogsa_fw
11. Best step size 0.007, 7 iterations, cost 1030716340.08, using ogsa_fw
12. Best step size 0.006, 6 iterations, cost 1028761398.04, using ogsa_fw
13. Best step size 0.003, 3 iterations, cost 1027773695.04, using ogsa_fw
14. Best step size 0.007, 7 iterations, cost 1026332908.49, using ogsa_fw
15. Best step size 0.006, 6 iterations, cost 1025368070.36, using ogsa_fw
16. Best step size 0.004, 4 iterations, cost 1024761793.08, using ogsa_fw
17. Best step size 0.003, 3 iterations, cost 1024376698.33, using ogsa_fw
18. Best step size 0.002, 2 iterations, cost 1024161172.93, using ogsa_fw
19. Best step size 0.003, 2 iterations, cost 1023892314.12, using ogsa_fw
20. Best step size 0.001, 1 iterations, cost 1023798733.49, using ogsa_fw
21. Best step size 0.002, 2 iterations, cost 1023629288.0, using ogsa_fw
22. Best step size 0.003, 3 iterations, cost 1023496567.83, using ogsa_fw
23. Best step size 0.002, 2 iterations, cost 1023331052.68, using ogsa_fw
24. Best step size 0.002, 2 iterations, cost 1023198484.23, using ogsa_fw
25. Best step size 0.001, 1 iterations, cost 1023120470.3, using ogsa_fw
26. Best step size 0.001, 1 iterations, cost 1023092743.07, using ogsa_fw
27. Best step size 0.001, 1 iterations, cost 1023065113.58, using ogsa_fw
28. Best step size 0.001, 1 iterations, cost 1023036932.64, using ogsa_fw
29. Best step size 0.004, 4 iterations, cost 1022836628.17, using ogsa_fw
30. Best step size 0, 0 iterations, cost 1022836628.17, using ogsa_fw
Converged in 30
Data are written and graphs are painted. 
----------------------------------------
----------------------------------------
Experiment is finished. 
{0: {'no_households': 2000, 'penalty_weight': 1, 'no_dependent_tasks': 9, 'no_fully_flexible_tasks_min': 10, 'no_semi_flexible_tasks_min': 0, 'no_fixed_tasks_min': 0, 'algorithm': 'minizinc_fw', 'id': 25, 'init_PAR': 1.2, 'PAR': 1.08, 'init_max_demand': 1618448.0, 'max_demand': 1458232.11, 'total_demand': 64972505.0, 'demand_reduction': 0.1, 'cost_reduction': 0.1, 'pricing_time': 0.021487500000000007, 'rescheduling_time': 2714.4}, 1: {'no_households': 2000, 'penalty_weight': 1, 'no_dependent_tasks': 9, 'no_fully_flexible_tasks_min': 10, 'no_semi_flexible_tasks_min': 0, 'no_fixed_tasks_min': 0, 'algorithm': 'ogsa_fw', 'id': 25, 'init_PAR': 1.2, 'PAR': 1.02, 'init_max_demand': 1618448.0, 'max_demand': 1386011.52, 'total_demand': 64972505.0, 'demand_reduction': 0.14, 'cost_reduction': 0.12, 'pricing_time': 0.004783870967741936, 'rescheduling_time': 1.7882580645161292}}
