Arguments count: 7
Argument      0: ./monarch_run.py
Argument      1: 5000
Argument      2: 1
Argument      3: 9
Argument      4: 16
Argument      5: 20
Argument      6: dependent_tasks
----------------------------------------
5000 households, 9 dependent tasks, 10 fully flexible tasks, 0 semi-flexible tasks, 0 fixed tasks, 1 penalty weight. 
----------------------------------------
0. The community is created. 
0. Aggregator is created. 
1. Best step size 0.017, 17 iterations, cost 2760150430.22, using minizinc_fw
2. Best step size 0.016, 16 iterations, cost 2708870580.61, using minizinc_fw
3. Best step size 0.017, 17 iterations, cost 2655578130.45, using minizinc_fw
4. Best step size 0.012, 12 iterations, cost 2624303283.41, using minizinc_fw
5. Best step size 0.012, 12 iterations, cost 2599693186.25, using minizinc_fw
6. Best step size 0.006, 6 iterations, cost 2593358991.04, using minizinc_fw
7. Best step size 0.005, 5 iterations, cost 2588140939.13, using minizinc_fw
8. Best step size 0.005, 5 iterations, cost 2583228826.22, using minizinc_fw
9. Best step size 0.005, 5 iterations, cost 2579618305.21, using minizinc_fw
10. Best step size 0, 0 iterations, cost 2579618305.21, using minizinc_fw
Converged in 10
Data are written and graphs are painted. 
0. The community is read. 
0. Aggregator is read. 
1. Best step size 0.015, 15 iterations, cost 2767559434.33, using ogsa_fw
2. Best step size 0.014, 14 iterations, cost 2705157560.4, using ogsa_fw
3. Best step size 0.013, 13 iterations, cost 2656980166.45, using ogsa_fw
4. Best step size 0.015, 14 iterations, cost 2623119551.89, using ogsa_fw
5. Best step size 0.008, 8 iterations, cost 2604383019.2, using ogsa_fw
6. Best step size 0.008, 8 iterations, cost 2586749586.12, using ogsa_fw
7. Best step size 0.006, 6 iterations, cost 2575779056.07, using ogsa_fw
8. Best step size 0.014, 14 iterations, cost 2556448841.91, using ogsa_fw
9. Best step size 0.008, 8 iterations, cost 2548514352.77, using ogsa_fw
10. Best step size 0.006, 6 iterations, cost 2543562817.56, using ogsa_fw
11. Best step size 0.004, 4 iterations, cost 2540030475.35, using ogsa_fw
12. Best step size 0.003, 3 iterations, cost 2537954878.04, using ogsa_fw
13. Best step size 0.005, 5 iterations, cost 2534280055.96, using ogsa_fw
14. Best step size 0.004, 4 iterations, cost 2532111101.55, using ogsa_fw
15. Best step size 0.002, 2 iterations, cost 2530813337.02, using ogsa_fw
16. Best step size 0.005, 5 iterations, cost 2528955390.4, using ogsa_fw
17. Best step size 0.001, 1 iterations, cost 2528486982.18, using ogsa_fw
18. Best step size 0.013, 11 iterations, cost 2526140487.6, using ogsa_fw
19. Best step size 0.001, 1 iterations, cost 2525733986.55, using ogsa_fw
20. Best step size 0, 0 iterations, cost 2525733986.55, using ogsa_fw
Converged in 20
Data are written and graphs are painted. 
----------------------------------------
----------------------------------------
Experiment is finished. 
{0: {'no_households': 5000, 'penalty_weight': 1, 'no_dependent_tasks': 9, 'no_fully_flexible_tasks_min': 10, 'no_semi_flexible_tasks_min': 0, 'no_fixed_tasks_min': 0, 'algorithm': 'minizinc_fw', 'id': 20, 'init_PAR': 1.21, 'PAR': 1.1, 'init_max_demand': 4107629.0, 'max_demand': 3735189.1, 'total_demand': 162752263.0, 'demand_reduction': 0.09, 'cost_reduction': 0.1, 'pricing_time': 0.01698181818181818, 'rescheduling_time': 4715.559981818182}, 1: {'no_households': 5000, 'penalty_weight': 1, 'no_dependent_tasks': 9, 'no_fully_flexible_tasks_min': 10, 'no_semi_flexible_tasks_min': 0, 'no_fixed_tasks_min': 0, 'algorithm': 'ogsa_fw', 'id': 20, 'init_PAR': 1.21, 'PAR': 1.05, 'init_max_demand': 4107629.0, 'max_demand': 3562556.07, 'total_demand': 162752263.0, 'demand_reduction': 0.13, 'cost_reduction': 0.11, 'pricing_time': 0.008371428571428571, 'rescheduling_time': 4.346780952380952}}
