Arguments count: 7
Argument      0: ./monarch_run.py
Argument      1: 5000
Argument      2: 1
Argument      3: 3
Argument      4: 16
Argument      5: 2
Argument      6: dependent_tasks
----------------------------------------
5000 households, 3 dependent tasks, 10 fully flexible tasks, 0 semi-flexible tasks, 0 fixed tasks, 1 penalty weight. 
----------------------------------------
0. The community is created. 
0. Aggregator is created. 
1. Best step size 0.014, 14 iterations, cost 2802104526.69, using minizinc_fw
2. Best step size 0.016, 16 iterations, cost 2722950377.79, using minizinc_fw
3. Best step size 0.014, 14 iterations, cost 2666859251.1, using minizinc_fw
4. Best step size 0.008, 8 iterations, cost 2641803170.87, using minizinc_fw
5. Best step size 0.005, 5 iterations, cost 2627658501.29, using minizinc_fw
6. Best step size 0.005, 5 iterations, cost 2621750863.05, using minizinc_fw
7. Best step size 0.007, 7 iterations, cost 2612933393.23, using minizinc_fw
8. Best step size 0, 0 iterations, cost 2612933393.23, using minizinc_fw
Converged in 8
Data are written and graphs are painted. 
0. The community is read. 
0. Aggregator is read. 
1. Best step size 0.012, 12 iterations, cost 2591018850.85, using ogsa_fw
2. Best step size 0.011, 11 iterations, cost 2554456531.74, using ogsa_fw
3. Best step size 0.009, 9 iterations, cost 2529756388.39, using ogsa_fw
4. Best step size 0.008, 8 iterations, cost 2510683144.63, using ogsa_fw
5. Best step size 0.016, 15 iterations, cost 2481281390.03, using ogsa_fw
6. Best step size 0.011, 11 iterations, cost 2464763588.54, using ogsa_fw
7. Best step size 0.005, 5 iterations, cost 2457519542.53, using ogsa_fw
8. Best step size 0.01, 10 iterations, cost 2447201621.4, using ogsa_fw
9. Best step size 0.009, 9 iterations, cost 2437823575.62, using ogsa_fw
10. Best step size 0.006, 6 iterations, cost 2432272575.12, using ogsa_fw
11. Best step size 0.005, 5 iterations, cost 2428853335.09, using ogsa_fw
12. Best step size 0.004, 4 iterations, cost 2425854370.99, using ogsa_fw
13. Best step size 0.005, 5 iterations, cost 2422934022.04, using ogsa_fw
14. Best step size 0.012, 11 iterations, cost 2416889110.68, using ogsa_fw
15. Best step size 0.003, 3 iterations, cost 2415231150.09, using ogsa_fw
16. Best step size 0.006, 6 iterations, cost 2412531560.45, using ogsa_fw
17. Best step size 0.006, 6 iterations, cost 2410230964.36, using ogsa_fw
18. Best step size 0.002, 2 iterations, cost 2409314066.67, using ogsa_fw
19. Best step size 0.002, 2 iterations, cost 2408686513.26, using ogsa_fw
20. Best step size 0.001, 1 iterations, cost 2408373294.53, using ogsa_fw
21. Best step size 0.001, 1 iterations, cost 2408110840.59, using ogsa_fw
22. Best step size 0.011, 10 iterations, cost 2406498989.56, using ogsa_fw
23. Best step size 0, 0 iterations, cost 2406498989.56, using ogsa_fw
Converged in 23
Data are written and graphs are painted. 
----------------------------------------
----------------------------------------
Experiment is finished. 
{0: {'no_households': 5000, 'penalty_weight': 1, 'no_dependent_tasks': 3, 'no_fully_flexible_tasks_min': 10, 'no_semi_flexible_tasks_min': 0, 'no_fixed_tasks_min': 0, 'algorithm': 'minizinc_fw', 'id': 2, 'init_PAR': 1.18, 'PAR': 1.1, 'init_max_demand': 3935547.0, 'max_demand': 3673024.23, 'total_demand': 159587796.0, 'demand_reduction': 0.07, 'cost_reduction': 0.09, 'pricing_time': 0.017888888888888888, 'rescheduling_time': 4563.4421999999995}, 1: {'no_households': 5000, 'penalty_weight': 1, 'no_dependent_tasks': 3, 'no_fully_flexible_tasks_min': 10, 'no_semi_flexible_tasks_min': 0, 'no_fixed_tasks_min': 0, 'algorithm': 'ogsa_fw', 'id': 2, 'init_PAR': 1.26, 'PAR': 1.08, 'init_max_demand': 4187534.0, 'max_demand': 3591766.35, 'total_demand': 160138695.0, 'demand_reduction': 0.14, 'cost_reduction': 0.09, 'pricing_time': 0.006354166666666668, 'rescheduling_time': 4.693437500000001}}
