Arguments count: 7
Argument      0: ./monarch_run.py
Argument      1: 5000
Argument      2: 1
Argument      3: 6
Argument      4: 16
Argument      5: 9
Argument      6: dependent_tasks
----------------------------------------
5000 households, 6 dependent tasks, 10 fully flexible tasks, 0 semi-flexible tasks, 0 fixed tasks, 1 penalty weight. 
----------------------------------------
0. The community is created. 
0. Aggregator is created. 
1. Best step size 0.018, 18 iterations, cost 2575342128.21, using minizinc_fw
2. Best step size 0.018, 18 iterations, cost 2522630517.24, using minizinc_fw
slurmstepd: error: _is_a_lwp: open() /proc/28682/status failed: No such file or directory
3. Best step size 0.011, 11 iterations, cost 2497346441.47, using minizinc_fw
4. Best step size 0.013, 13 iterations, cost 2476557358.59, using minizinc_fw
5. Best step size 0.008, 8 iterations, cost 2469132287.31, using minizinc_fw
6. Best step size 0.005, 5 iterations, cost 2466751463.16, using minizinc_fw
7. Best step size 0, 0 iterations, cost 2466751463.16, using minizinc_fw
Converged in 7
Data are written and graphs are painted. 
0. The community is read. 
0. Aggregator is read. 
1. Best step size 0.023, 22 iterations, cost 2558855898.45, using ogsa_fw
2. Best step size 0.02, 20 iterations, cost 2505134400.58, using ogsa_fw
3. Best step size 0.017, 17 iterations, cost 2473389862.14, using ogsa_fw
4. Best step size 0.013, 13 iterations, cost 2455320822.86, using ogsa_fw
5. Best step size 0.011, 11 iterations, cost 2442494403.21, using ogsa_fw
6. Best step size 0.009, 9 iterations, cost 2433993380.51, using ogsa_fw
7. Best step size 0.01, 9 iterations, cost 2425642829.7, using ogsa_fw
8. Best step size 0.011, 11 iterations, cost 2419924087.81, using ogsa_fw
9. Best step size 0.008, 8 iterations, cost 2415959337.59, using ogsa_fw
10. Best step size 0.003, 3 iterations, cost 2414391032.8, using ogsa_fw
11. Best step size 0.004, 4 iterations, cost 2413031810.43, using ogsa_fw
12. Best step size 0.01, 9 iterations, cost 2410669066.81, using ogsa_fw
13. Best step size 0.006, 6 iterations, cost 2409205035.15, using ogsa_fw
14. Best step size 0.003, 3 iterations, cost 2408471713.51, using ogsa_fw
15. Best step size 0.004, 4 iterations, cost 2407638631.1, using ogsa_fw
16. Best step size 0.002, 2 iterations, cost 2407356659.06, using ogsa_fw
17. Best step size 0.002, 2 iterations, cost 2407097674.03, using ogsa_fw
18. Best step size 0.002, 2 iterations, cost 2406878282.7, using ogsa_fw
19. Best step size 0.001, 1 iterations, cost 2406746787.69, using ogsa_fw
20. Best step size 0.001, 1 iterations, cost 2406637443.7, using ogsa_fw
21. Best step size 0.001, 1 iterations, cost 2406522477.37, using ogsa_fw
22. Best step size 0.001, 1 iterations, cost 2406422647.03, using ogsa_fw
23. Best step size 0.001, 1 iterations, cost 2406337003.1, using ogsa_fw
24. Best step size 0.001, 1 iterations, cost 2406273004.98, using ogsa_fw
25. Best step size 0.001, 1 iterations, cost 2406224235.69, using ogsa_fw
26. Best step size 0, 0 iterations, cost 2406224235.69, using ogsa_fw
Converged in 26
Data are written and graphs are painted. 
----------------------------------------
----------------------------------------
Experiment is finished. 
{0: {'no_households': 5000, 'penalty_weight': 1, 'no_dependent_tasks': 6, 'no_fully_flexible_tasks_min': 10, 'no_semi_flexible_tasks_min': 0, 'no_fixed_tasks_min': 0, 'algorithm': 'minizinc_fw', 'id': 9, 'init_PAR': 1.27, 'PAR': 1.18, 'init_max_demand': 4264142.0, 'max_demand': 3963805.24, 'total_demand': 161350720.0, 'demand_reduction': 0.07, 'cost_reduction': 0.07, 'pricing_time': 0.0256, 'rescheduling_time': 5378.062475}, 1: {'no_households': 5000, 'penalty_weight': 1, 'no_dependent_tasks': 6, 'no_fully_flexible_tasks_min': 10, 'no_semi_flexible_tasks_min': 0, 'no_fixed_tasks_min': 0, 'algorithm': 'ogsa_fw', 'id': 9, 'init_PAR': 1.27, 'PAR': 1.08, 'init_max_demand': 4264142.0, 'max_demand': 3624129.13, 'total_demand': 161350720.0, 'demand_reduction': 0.15, 'cost_reduction': 0.09, 'pricing_time': 0.00913333333333333, 'rescheduling_time': 4.4694370370370375}}
