Arguments count: 7
Argument      0: ./monarch_run.py
Argument      1: 5000
Argument      2: 1
Argument      3: 0
Argument      4: 16
Argument      5: 21
Argument      6: dependent_tasks
----------------------------------------
5000 households, 0 dependent tasks, 10 fully flexible tasks, 0 semi-flexible tasks, 0 fixed tasks, 1 penalty weight. 
----------------------------------------
0. The community is created. 
0. Aggregator is created. 
1. Best step size 0.017, 17 iterations, cost 2840351230.16, using minizinc_fw
2. Best step size 0.011, 11 iterations, cost 2775841681.31, using minizinc_fw
3. Best step size 0.013, 13 iterations, cost 2717443864.22, using minizinc_fw
4. Best step size 0.008, 8 iterations, cost 2689975359.13, using minizinc_fw
5. Best step size 0.005, 5 iterations, cost 2677065198.86, using minizinc_fw
6. Best step size 0.008, 8 iterations, cost 2657257174.82, using minizinc_fw
7. Best step size 0.003, 3 iterations, cost 2653229055.31, using minizinc_fw
8. Best step size 0.008, 8 iterations, cost 2640392976.9, using minizinc_fw
9. Best step size 0.006, 6 iterations, cost 2628950365.9, using minizinc_fw
10. Best step size 0.004, 4 iterations, cost 2621563434.47, using minizinc_fw
11. Best step size 0.005, 5 iterations, cost 2615760655.55, using minizinc_fw
12. Best step size 0, 0 iterations, cost 2615760655.55, using minizinc_fw
Converged in 12
Data are written and graphs are painted. 
0. The community is read. 
0. Aggregator is read. 
1. Best step size 0.012, 12 iterations, cost 2864843099.59, using ogsa_fw
2. Best step size 0.009, 9 iterations, cost 2809264070.74, using ogsa_fw
3. Best step size 0.015, 15 iterations, cost 2735121071.94, using ogsa_fw
4. Best step size 0.013, 13 iterations, cost 2680155606.28, using ogsa_fw
5. Best step size 0.011, 11 iterations, cost 2647225483.33, using ogsa_fw
6. Best step size 0.008, 8 iterations, cost 2623595774.52, using ogsa_fw
7. Best step size 0.004, 4 iterations, cost 2611740136.33, using ogsa_fw
8. Best step size 0.004, 4 iterations, cost 2601600280.49, using ogsa_fw
9. Best step size 0.012, 12 iterations, cost 2581573507.12, using ogsa_fw
10. Best step size 0.003, 3 iterations, cost 2576950921.3, using ogsa_fw
11. Best step size 0.002, 2 iterations, cost 2574200079.5, using ogsa_fw
12. Best step size 0.006, 6 iterations, cost 2567282324.26, using ogsa_fw
13. Best step size 0.006, 6 iterations, cost 2563084817.51, using ogsa_fw
14. Best step size 0.004, 4 iterations, cost 2560328969.59, using ogsa_fw
15. Best step size 0.002, 2 iterations, cost 2558831959.3, using ogsa_fw
16. Best step size 0.002, 2 iterations, cost 2557225476.67, using ogsa_fw
17. Best step size 0.001, 1 iterations, cost 2556728800.16, using ogsa_fw
18. Best step size 0.001, 1 iterations, cost 2556175260.7, using ogsa_fw
19. Best step size 0.001, 1 iterations, cost 2555652445.85, using ogsa_fw
20. Best step size 0.006, 6 iterations, cost 2553248122.98, using ogsa_fw
21. Best step size 0.001, 1 iterations, cost 2552639793.64, using ogsa_fw
22. Best step size 0.003, 3 iterations, cost 2551611665.31, using ogsa_fw
23. Best step size 0.001, 1 iterations, cost 2551031892.8, using ogsa_fw
24. Best step size 0.002, 2 iterations, cost 2550387759.13, using ogsa_fw
25. Best step size 0.001, 1 iterations, cost 2550105918.14, using ogsa_fw
26. Best step size 0, 0 iterations, cost 2550105918.14, using ogsa_fw
Converged in 26
Data are written and graphs are painted. 
----------------------------------------
----------------------------------------
Experiment is finished. 
{0: {'no_households': 5000, 'penalty_weight': 1, 'no_dependent_tasks': 0, 'no_fully_flexible_tasks_min': 10, 'no_semi_flexible_tasks_min': 0, 'no_fixed_tasks_min': 0, 'algorithm': 'minizinc_fw', 'id': 21, 'init_PAR': 1.19, 'PAR': 1.1, 'init_max_demand': 3978759.0, 'max_demand': 3684786.34, 'total_demand': 160629046.0, 'demand_reduction': 0.07, 'cost_reduction': 0.11, 'pricing_time': 0.017592307692307692, 'rescheduling_time': 4590.700761538461}, 1: {'no_households': 5000, 'penalty_weight': 1, 'no_dependent_tasks': 0, 'no_fully_flexible_tasks_min': 10, 'no_semi_flexible_tasks_min': 0, 'no_fixed_tasks_min': 0, 'algorithm': 'ogsa_fw', 'id': 21, 'init_PAR': 1.19, 'PAR': 1.04, 'init_max_demand': 3978759.0, 'max_demand': 3493502.9, 'total_demand': 160629046.0, 'demand_reduction': 0.12, 'cost_reduction': 0.14, 'pricing_time': 0.0061259259259259236, 'rescheduling_time': 4.632344444444446}}
