Arguments count: 1
Argument      0: ./run-monarch.py
----------------------------------------
2000 households, 0 dependent tasks, 10 fully flexible tasks, 0 semi-flexible tasks, 0 fixed tasks, 1 penalty weight. 
----------------------------------------
0. The community is created. 
0. Aggregator is created. 
1. Best step size 0.016, 46 iterations, cost 1059439886.07, using minizinc_fw
2. Best step size 0.02, 54 iterations, cost 1030411702.15, using minizinc_fw
3. Best step size 0.011, 29 iterations, cost 1017918522.44, using minizinc_fw
4. Best step size 0.008, 19 iterations, cost 1012112476.24, using minizinc_fw
5. Best step size 0.008, 26 iterations, cost 1004832595.76, using minizinc_fw
6. Best step size 0.016, 43 iterations, cost 993898232.77, using minizinc_fw
7. Best step size 0.011, 26 iterations, cost 988472817.25, using minizinc_fw
8. Best step size 0.006, 21 iterations, cost 986561093.96, using minizinc_fw
9. Best step size 0.003, 9 iterations, cost 985744327.38, using minizinc_fw
10. Best step size 0.007, 19 iterations, cost 983442893.2, using minizinc_fw
11. Best step size 0.012, 28 iterations, cost 980958050.81, using minizinc_fw
12. Best step size 0.001, 3 iterations, cost 980829138.32, using minizinc_fw
13. Best step size 0.001, 1 iterations, cost 980797130.06, using minizinc_fw
14. Best step size 0, 0 iterations, cost 980797130.06, using minizinc_fw
Converged in 14
Data are written and graphs are painted. 
0. The community is read. 
0. Aggregator is read. 
1. Best step size 0.013, 39 iterations, cost 1064919352.61, using ogsa_fw
2. Best step size 0.02, 52 iterations, cost 1035024724.1, using ogsa_fw
3. Best step size 0.008, 25 iterations, cost 1024368035.75, using ogsa_fw
4. Best step size 0.009, 28 iterations, cost 1013899941.02, using ogsa_fw
5. Best step size 0.014, 34 iterations, cost 1000747689.34, using ogsa_fw
6. Best step size 0.014, 39 iterations, cost 990379597.1, using ogsa_fw
7. Best step size 0.01, 29 iterations, cost 984736782.47, using ogsa_fw
8. Best step size 0.009, 23 iterations, cost 979943088.63, using ogsa_fw
9. Best step size 0.016, 41 iterations, cost 974241404.77, using ogsa_fw
10. Best step size 0.006, 14 iterations, cost 972170906.43, using ogsa_fw
11. Best step size 0.003, 6 iterations, cost 971390106.65, using ogsa_fw
12. Best step size 0.003, 8 iterations, cost 970648294.78, using ogsa_fw
13. Best step size 0.006, 16 iterations, cost 969297664.27, using ogsa_fw
14. Best step size 0.006, 14 iterations, cost 968036535.91, using ogsa_fw
15. Best step size 0.002, 7 iterations, cost 967570114.78, using ogsa_fw
16. Best step size 0.002, 5 iterations, cost 967089282.35, using ogsa_fw
17. Best step size 0.009, 21 iterations, cost 965799631.46, using ogsa_fw
18. Best step size 0.002, 5 iterations, cost 965541047.64, using ogsa_fw
19. Best step size 0.001, 3 iterations, cost 965362799.42, using ogsa_fw
20. Best step size 0.0, 2 iterations, cost 965327579.17, using ogsa_fw
21. Best step size 0, 0 iterations, cost 965327579.17, using ogsa_fw
Converged in 21
Data are written and graphs are painted. 
----------------------------------------
----------------------------------------
----------------------------------------
Experiment is finished. 
{0: {'no_households': 2000, 'penalty_weight': 1, 'no_dependent_tasks': 0, 'no_fully_flexible_tasks_min': 10, 'no_semi_flexible_tasks_min': 0, 'no_fixed_tasks_min': 0, 'algorithm': 'minizinc_fw', 'id': 0, 'init_PAR': 1.26, 'PAR': 1.12, 'init_max_demand': 1678478.0, 'max_demand': 1497347.23, 'total_demand': 64188995.0, 'demand_reduction': 0.11, 'cost_reduction': 0.1, 'pricing_time': 0.028753333333333336, 'rescheduling_time': 1751.1466666666668}, 1: {'no_households': 2000, 'penalty_weight': 1, 'no_dependent_tasks': 0, 'no_fully_flexible_tasks_min': 10, 'no_semi_flexible_tasks_min': 0, 'no_fixed_tasks_min': 0, 'algorithm': 'ogsa_fw', 'id': 0, 'init_PAR': 1.26, 'PAR': 1.08, 'init_max_demand': 1678478.0, 'max_demand': 1440468.53, 'total_demand': 64188995.0, 'demand_reduction': 0.14, 'cost_reduction': 0.11, 'pricing_time': 0.014613636363636362, 'rescheduling_time': 1.9145954545454544}}
----------------------------------------
2000 households, 1 dependent tasks, 10 fully flexible tasks, 0 semi-flexible tasks, 0 fixed tasks, 1 penalty weight. 
----------------------------------------
0. The community is read. 
0. Aggregator is read. 
1. Best step size 0.017, 52 iterations, cost 1058657651.04, using minizinc_fw
2. Best step size 0.021, 60 iterations, cost 1029289042.09, using minizinc_fw
3. Best step size 0.012, 36 iterations, cost 1017272430.95, using minizinc_fw
4. Best step size 0.008, 17 iterations, cost 1011434519.85, using minizinc_fw
5. Best step size 0.008, 23 iterations, cost 1004486942.87, using minizinc_fw
6. Best step size 0.013, 38 iterations, cost 995218843.87, using minizinc_fw
7. Best step size 0.011, 29 iterations, cost 988954050.2, using minizinc_fw
8. Best step size 0.006, 18 iterations, cost 986822733.07, using minizinc_fw
9. Best step size 0.009, 22 iterations, cost 983923975.19, using minizinc_fw
10. Best step size 0.008, 19 iterations, cost 982684854.46, using minizinc_fw
11. Best step size 0.003, 8 iterations, cost 982246637.76, using minizinc_fw
12. Best step size 0.0, 1 iterations, cost 982240396.23, using minizinc_fw
13. Best step size 0, 0 iterations, cost 982240396.23, using minizinc_fw
Converged in 13
Data are written and graphs are painted. 
0. The community is read. 
0. Aggregator is read. 
1. Best step size 0.013, 40 iterations, cost 1063367000.26, using ogsa_fw
2. Best step size 0.022, 64 iterations, cost 1031329036.55, using ogsa_fw
3. Best step size 0.009, 24 iterations, cost 1020057508.19, using ogsa_fw
4. Best step size 0.024, 62 iterations, cost 998182263.59, using ogsa_fw
5. Best step size 0.011, 31 iterations, cost 990857103.77, using ogsa_fw
6. Best step size 0.006, 18 iterations, cost 987007076.29, using ogsa_fw
7. Best step size 0.013, 37 iterations, cost 980154632.82, using ogsa_fw
8. Best step size 0.01, 30 iterations, cost 975975015.56, using ogsa_fw
9. Best step size 0.007, 19 iterations, cost 973540353.87, using ogsa_fw
10. Best step size 0.004, 12 iterations, cost 972508469.25, using ogsa_fw
11. Best step size 0.005, 12 iterations, cost 971084324.74, using ogsa_fw
12. Best step size 0.004, 13 iterations, cost 969978748.5, using ogsa_fw
13. Best step size 0.002, 9 iterations, cost 969435031.04, using ogsa_fw
14. Best step size 0.006, 18 iterations, cost 968089056.49, using ogsa_fw
15. Best step size 0.003, 8 iterations, cost 967439533.95, using ogsa_fw
16. Best step size 0.005, 15 iterations, cost 966697786.24, using ogsa_fw
17. Best step size 0.005, 16 iterations, cost 965972755.63, using ogsa_fw
18. Best step size 0.002, 6 iterations, cost 965719481.86, using ogsa_fw
19. Best step size 0.001, 6 iterations, cost 965531166.68, using ogsa_fw
20. Best step size 0.002, 5 iterations, cost 965320747.09, using ogsa_fw
21. Best step size 0.002, 3 iterations, cost 965187686.07, using ogsa_fw
22. Best step size 0.001, 3 iterations, cost 965101900.47, using ogsa_fw
23. Best step size 0.001, 2 iterations, cost 965026719.74, using ogsa_fw
24. Best step size 0.004, 6 iterations, cost 964785528.13, using ogsa_fw
25. Best step size 0.001, 3 iterations, cost 964710608.52, using ogsa_fw
26. Best step size 0.001, 2 iterations, cost 964645298.45, using ogsa_fw
27. Best step size 0.002, 2 iterations, cost 964501429.72, using ogsa_fw
28. Best step size 0.011, 19 iterations, cost 964047784.32, using ogsa_fw
29. Best step size 0.0, 1 iterations, cost 964019064.51, using ogsa_fw
30. Best step size 0, 0 iterations, cost 964019064.51, using ogsa_fw
Converged in 30
Data are written and graphs are painted. 
----------------------------------------
----------------------------------------
----------------------------------------
Experiment is finished. 
{0: {'no_households': 2000, 'penalty_weight': 1, 'no_dependent_tasks': 0, 'no_fully_flexible_tasks_min': 10, 'no_semi_flexible_tasks_min': 0, 'no_fixed_tasks_min': 0, 'algorithm': 'minizinc_fw', 'id': 0, 'init_PAR': 1.26, 'PAR': 1.12, 'init_max_demand': 1678478.0, 'max_demand': 1497347.23, 'total_demand': 64188995.0, 'demand_reduction': 0.11, 'cost_reduction': 0.1, 'pricing_time': 0.028753333333333336, 'rescheduling_time': 1751.1466666666668}, 1: {'no_households': 2000, 'penalty_weight': 1, 'no_dependent_tasks': 0, 'no_fully_flexible_tasks_min': 10, 'no_semi_flexible_tasks_min': 0, 'no_fixed_tasks_min': 0, 'algorithm': 'ogsa_fw', 'id': 0, 'init_PAR': 1.26, 'PAR': 1.08, 'init_max_demand': 1678478.0, 'max_demand': 1440468.53, 'total_demand': 64188995.0, 'demand_reduction': 0.14, 'cost_reduction': 0.11, 'pricing_time': 0.014613636363636362, 'rescheduling_time': 1.9145954545454544}, 2: {'no_households': 2000, 'penalty_weight': 1, 'no_dependent_tasks': 1, 'no_fully_flexible_tasks_min': 10, 'no_semi_flexible_tasks_min': 0, 'no_fixed_tasks_min': 0, 'algorithm': 'minizinc_fw', 'id': 0, 'init_PAR': 1.26, 'PAR': 1.13, 'init_max_demand': 1678478.0, 'max_demand': 1512097.23, 'total_demand': 64188995.0, 'demand_reduction': 0.1, 'cost_reduction': 0.1, 'pricing_time': 0.030299999999999997, 'rescheduling_time': 1701.4807142857142}, 3: {'no_households': 2000, 'penalty_weight': 1, 'no_dependent_tasks': 1, 'no_fully_flexible_tasks_min': 10, 'no_semi_flexible_tasks_min': 0, 'no_fixed_tasks_min': 0, 'algorithm': 'ogsa_fw', 'id': 0, 'init_PAR': 1.26, 'PAR': 1.05, 'init_max_demand': 1678478.0, 'max_demand': 1406701.05, 'total_demand': 64188995.0, 'demand_reduction': 0.16, 'cost_reduction': 0.12, 'pricing_time': 0.013777419354838708, 'rescheduling_time': 1.9772161290322579}}
----------------------------------------
2000 households, 3 dependent tasks, 10 fully flexible tasks, 0 semi-flexible tasks, 0 fixed tasks, 1 penalty weight. 
----------------------------------------
0. The community is read. 
0. Aggregator is read. 
1. Best step size 0.017, 48 iterations, cost 1057278239.19, using minizinc_fw
2. Best step size 0.022, 61 iterations, cost 1026632002.13, using minizinc_fw
3. Best step size 0.01, 28 iterations, cost 1017736877.61, using minizinc_fw
4. Best step size 0.012, 28 iterations, cost 1007002967.12, using minizinc_fw
5. Best step size 0.013, 38 iterations, cost 997853795.04, using minizinc_fw
6. Best step size 0.007, 17 iterations, cost 993433588.64, using minizinc_fw
7. Best step size 0.01, 26 iterations, cost 988837373.25, using minizinc_fw
8. Best step size 0.002, 6 iterations, cost 988570529.44, using minizinc_fw
9. Best step size 0, 0 iterations, cost 988570529.44, using minizinc_fw
Converged in 9
Data are written and graphs are painted. 
0. The community is read. 
0. Aggregator is read. 
1. Best step size 0.017, 47 iterations, cost 1058998439.72, using ogsa_fw
2. Best step size 0.026, 72 iterations, cost 1022371770.88, using ogsa_fw
3. Best step size 0.012, 25 iterations, cost 1010147294.94, using ogsa_fw
4. Best step size 0.014, 44 iterations, cost 998527327.51, using ogsa_fw
5. Best step size 0.01, 25 iterations, cost 991421176.9, using ogsa_fw
6. Best step size 0.008, 21 iterations, cost 987206316.42, using ogsa_fw
7. Best step size 0.007, 20 iterations, cost 983380915.47, using ogsa_fw
8. Best step size 0.007, 22 iterations, cost 980141299.79, using ogsa_fw
9. Best step size 0.009, 27 iterations, cost 976793414.06, using ogsa_fw
10. Best step size 0.007, 15 iterations, cost 974481621.08, using ogsa_fw
11. Best step size 0.007, 18 iterations, cost 972354448.54, using ogsa_fw
12. Best step size 0.005, 14 iterations, cost 970989544.71, using ogsa_fw
13. Best step size 0.004, 10 iterations, cost 970091137.68, using ogsa_fw
14. Best step size 0.009, 23 iterations, cost 968296634.95, using ogsa_fw
15. Best step size 0.004, 9 iterations, cost 967566826.43, using ogsa_fw
16. Best step size 0.005, 15 iterations, cost 966620279.47, using ogsa_fw
17. Best step size 0.002, 6 iterations, cost 966148546.32, using ogsa_fw
18. Best step size 0.004, 11 iterations, cost 965611605.39, using ogsa_fw
19. Best step size 0.004, 10 iterations, cost 965119771.29, using ogsa_fw
20. Best step size 0.002, 7 iterations, cost 964955708.53, using ogsa_fw
21. Best step size 0.0, 1 iterations, cost 964929390.91, using ogsa_fw
22. Best step size 0.002, 3 iterations, cost 964777036.1, using ogsa_fw
23. Best step size 0.001, 3 iterations, cost 964659815.67, using ogsa_fw
24. Best step size 0.013, 22 iterations, cost 963982130.65, using ogsa_fw
25. Best step size 0.001, 2 iterations, cost 963947293.19, using ogsa_fw
26. Best step size 0.003, 6 iterations, cost 963769378.26, using ogsa_fw
27. Best step size 0.001, 1 iterations, cost 963720687.96, using ogsa_fw
28. Best step size 0.002, 2 iterations, cost 963639478.51, using ogsa_fw
29. Best step size 0.005, 10 iterations, cost 963441299.27, using ogsa_fw
30. Best step size 0.004, 7 iterations, cost 963364216.68, using ogsa_fw
31. Best step size 0.001, 4 iterations, cost 963327722.99, using ogsa_fw
32. Best step size 0.001, 6 iterations, cost 963303631.22, using ogsa_fw
33. Best step size 0.0, 3 iterations, cost 963294466.1, using ogsa_fw
34. Best step size 0.001, 3 iterations, cost 963280152.35, using ogsa_fw
35. Best step size 0.0, 3 iterations, cost 963272506.26, using ogsa_fw
36. Best step size 0.0, 1 iterations, cost 963269425.44, using ogsa_fw
37. Best step size 0.0, 2 iterations, cost 963264918.03, using ogsa_fw
38. Best step size 0.0, 1 iterations, cost 963262621.06, using ogsa_fw
39. Best step size 0, 0 iterations, cost 963262621.06, using ogsa_fw
Converged in 39
Data are written and graphs are painted. 
----------------------------------------
----------------------------------------
----------------------------------------
Experiment is finished. 
{0: {'no_households': 2000, 'penalty_weight': 1, 'no_dependent_tasks': 0, 'no_fully_flexible_tasks_min': 10, 'no_semi_flexible_tasks_min': 0, 'no_fixed_tasks_min': 0, 'algorithm': 'minizinc_fw', 'id': 0, 'init_PAR': 1.26, 'PAR': 1.12, 'init_max_demand': 1678478.0, 'max_demand': 1497347.23, 'total_demand': 64188995.0, 'demand_reduction': 0.11, 'cost_reduction': 0.1, 'pricing_time': 0.028753333333333336, 'rescheduling_time': 1751.1466666666668}, 1: {'no_households': 2000, 'penalty_weight': 1, 'no_dependent_tasks': 0, 'no_fully_flexible_tasks_min': 10, 'no_semi_flexible_tasks_min': 0, 'no_fixed_tasks_min': 0, 'algorithm': 'ogsa_fw', 'id': 0, 'init_PAR': 1.26, 'PAR': 1.08, 'init_max_demand': 1678478.0, 'max_demand': 1440468.53, 'total_demand': 64188995.0, 'demand_reduction': 0.14, 'cost_reduction': 0.11, 'pricing_time': 0.014613636363636362, 'rescheduling_time': 1.9145954545454544}, 2: {'no_households': 2000, 'penalty_weight': 1, 'no_dependent_tasks': 1, 'no_fully_flexible_tasks_min': 10, 'no_semi_flexible_tasks_min': 0, 'no_fixed_tasks_min': 0, 'algorithm': 'minizinc_fw', 'id': 0, 'init_PAR': 1.26, 'PAR': 1.13, 'init_max_demand': 1678478.0, 'max_demand': 1512097.23, 'total_demand': 64188995.0, 'demand_reduction': 0.1, 'cost_reduction': 0.1, 'pricing_time': 0.030299999999999997, 'rescheduling_time': 1701.4807142857142}, 3: {'no_households': 2000, 'penalty_weight': 1, 'no_dependent_tasks': 1, 'no_fully_flexible_tasks_min': 10, 'no_semi_flexible_tasks_min': 0, 'no_fixed_tasks_min': 0, 'algorithm': 'ogsa_fw', 'id': 0, 'init_PAR': 1.26, 'PAR': 1.05, 'init_max_demand': 1678478.0, 'max_demand': 1406701.05, 'total_demand': 64188995.0, 'demand_reduction': 0.16, 'cost_reduction': 0.12, 'pricing_time': 0.013777419354838708, 'rescheduling_time': 1.9772161290322579}, 4: {'no_households': 2000, 'penalty_weight': 1, 'no_dependent_tasks': 3, 'no_fully_flexible_tasks_min': 10, 'no_semi_flexible_tasks_min': 0, 'no_fixed_tasks_min': 0, 'algorithm': 'minizinc_fw', 'id': 0, 'init_PAR': 1.26, 'PAR': 1.14, 'init_max_demand': 1678478.0, 'max_demand': 1529205.64, 'total_demand': 64188995.0, 'demand_reduction': 0.09, 'cost_reduction': 0.09, 'pricing_time': 0.03102, 'rescheduling_time': 2710.16498}, 5: {'no_households': 2000, 'penalty_weight': 1, 'no_dependent_tasks': 3, 'no_fully_flexible_tasks_min': 10, 'no_semi_flexible_tasks_min': 0, 'no_fixed_tasks_min': 0, 'algorithm': 'ogsa_fw', 'id': 0, 'init_PAR': 1.26, 'PAR': 1.03, 'init_max_demand': 1678478.0, 'max_demand': 1378551.22, 'total_demand': 64188995.0, 'demand_reduction': 0.18, 'cost_reduction': 0.12, 'pricing_time': 0.011715, 'rescheduling_time': 1.9936925000000005}}
----------------------------------------
2000 households, 6 dependent tasks, 10 fully flexible tasks, 0 semi-flexible tasks, 0 fixed tasks, 1 penalty weight. 
----------------------------------------
0. The community is read. 
0. Aggregator is read. 
1. Best step size 0.019, 52 iterations, cost 1054817233.0, using minizinc_fw
slurmstepd: error: *** JOB 6540133 ON mk00 CANCELLED AT 2020-11-24T11:16:39 ***
