Arguments count: 1
Argument      0: ./run-monarch.py
----------------------------------------
5000 households, 0 dependent tasks, 10 fully flexible tasks, 0 semi-flexible tasks, 0 fixed tasks, 1 penalty weight. 
----------------------------------------
0. The community is created. 
0. Aggregator is created. 
1. Best step size 0.013, 13 iterations, cost 3046487438.02, using minizinc_fw
2. Best step size 0.01, 10 iterations, cost 2971583704.93, using minizinc_fw
3. Best step size 0.011, 11 iterations, cost 2904595531.99, using minizinc_fw
4. Best step size 0.009, 9 iterations, cost 2862917759.41, using minizinc_fw
5. Best step size 0.005, 5 iterations, cost 2851899746.48, using minizinc_fw
6. Best step size 0.003, 3 iterations, cost 2846110879.3, using minizinc_fw
7. Best step size 0.001, 1 iterations, cost 2845484220.8, using minizinc_fw
8. Best step size 0, 0 iterations, cost 2845484220.8, using minizinc_fw
Converged in 8
Data are written and graphs are painted. 
0. The community is read. 
0. Aggregator is read. 
1. Best step size 0.009, 9 iterations, cost 3077290178.81, using ogsa_fw
2. Best step size 0.012, 12 iterations, cost 2987041099.38, using ogsa_fw
3. Best step size 0.007, 7 iterations, cost 2940380269.91, using ogsa_fw
4. Best step size 0.011, 11 iterations, cost 2875149650.91, using ogsa_fw
5. Best step size 0.009, 9 iterations, cost 2833601286.86, using ogsa_fw
6. Best step size 0.006, 6 iterations, cost 2808233075.47, using ogsa_fw
7. Best step size 0.006, 6 iterations, cost 2788161464.11, using ogsa_fw
8. Best step size 0.007, 7 iterations, cost 2768045853.34, using ogsa_fw
9. Best step size 0.007, 7 iterations, cost 2750940102.62, using ogsa_fw
10. Best step size 0.003, 3 iterations, cost 2743005451.0, using ogsa_fw
11. Best step size 0.005, 5 iterations, cost 2731145032.34, using ogsa_fw
12. Best step size 0.004, 4 iterations, cost 2721221592.6, using ogsa_fw
13. Best step size 0.002, 2 iterations, cost 2716784682.0, using ogsa_fw
14. Best step size 0.004, 4 iterations, cost 2709558498.05, using ogsa_fw
15. Best step size 0.003, 3 iterations, cost 2704643171.56, using ogsa_fw
16. Best step size 0.003, 3 iterations, cost 2701411325.62, using ogsa_fw
17. Best step size 0.003, 3 iterations, cost 2698267086.28, using ogsa_fw
18. Best step size 0.002, 2 iterations, cost 2696123447.42, using ogsa_fw
19. Best step size 0.004, 4 iterations, cost 2693170149.57, using ogsa_fw
20. Best step size 0.001, 1 iterations, cost 2692321433.31, using ogsa_fw
21. Best step size 0.001, 1 iterations, cost 2691706257.84, using ogsa_fw
22. Best step size 0.001, 1 iterations, cost 2690948426.05, using ogsa_fw
23. Best step size 0, 0 iterations, cost 2690948426.05, using ogsa_fw
Converged in 23
Data are written and graphs are painted. 
----------------------------------------
----------------------------------------
----------------------------------------
Experiment is finished. 
{0: {'no_households': 5000, 'penalty_weight': 1, 'no_dependent_tasks': 0, 'no_fully_flexible_tasks_min': 10, 'no_semi_flexible_tasks_min': 0, 'no_fixed_tasks_min': 0, 'algorithm': 'minizinc_fw', 'id': 0, 'init_PAR': 1.16, 'PAR': 1.11, 'init_max_demand': 3941842.0, 'max_demand': 3754032.91, 'total_demand': 163055109.0, 'demand_reduction': 0.05, 'cost_reduction': 0.1, 'pricing_time': 0.04061111111111112, 'rescheduling_time': 5411.255533333333}, 1: {'no_households': 5000, 'penalty_weight': 1, 'no_dependent_tasks': 0, 'no_fully_flexible_tasks_min': 10, 'no_semi_flexible_tasks_min': 0, 'no_fixed_tasks_min': 0, 'algorithm': 'ogsa_fw', 'id': 0, 'init_PAR': 1.16, 'PAR': 1.04, 'init_max_demand': 3941842.0, 'max_demand': 3531042.31, 'total_demand': 163055109.0, 'demand_reduction': 0.1, 'cost_reduction': 0.15, 'pricing_time': 0.005750000000000001, 'rescheduling_time': 4.7308166666666684}}
----------------------------------------
5000 households, 1 dependent tasks, 10 fully flexible tasks, 0 semi-flexible tasks, 0 fixed tasks, 1 penalty weight. 
----------------------------------------
0. The community is read. 
0. Aggregator is read. 
1. Best step size 0.014, 14 iterations, cost 3043293653.29, using minizinc_fw
2. Best step size 0.011, 11 iterations, cost 2967045713.28, using minizinc_fw
3. Best step size 0.011, 11 iterations, cost 2900387996.68, using minizinc_fw
4. Best step size 0.009, 8 iterations, cost 2859466115.51, using minizinc_fw
5. Best step size 0.005, 5 iterations, cost 2848665935.57, using minizinc_fw
6. Best step size 0.004, 4 iterations, cost 2842170556.56, using minizinc_fw
7. Best step size 0, 0 iterations, cost 2842170556.56, using minizinc_fw
Converged in 7
Data are written and graphs are painted. 
0. The community is read. 
0. Aggregator is read. 
1. Best step size 0.011, 11 iterations, cost 3067339852.92, using ogsa_fw
2. Best step size 0.012, 12 iterations, cost 2980334659.08, using ogsa_fw
3. Best step size 0.008, 8 iterations, cost 2928619685.02, using ogsa_fw
4. Best step size 0.008, 8 iterations, cost 2881763580.37, using ogsa_fw
5. Best step size 0.008, 8 iterations, cost 2841214470.54, using ogsa_fw
6. Best step size 0.007, 7 iterations, cost 2812911580.98, using ogsa_fw
7. Best step size 0.007, 7 iterations, cost 2788805491.49, using ogsa_fw
8. Best step size 0.011, 11 iterations, cost 2754626626.79, using ogsa_fw
9. Best step size 0.006, 6 iterations, cost 2740220946.05, using ogsa_fw
10. Best step size 0.005, 5 iterations, cost 2730156699.68, using ogsa_fw
11. Best step size 0.006, 6 iterations, cost 2720767659.4, using ogsa_fw
12. Best step size 0.003, 3 iterations, cost 2715599332.63, using ogsa_fw
13. Best step size 0.004, 4 iterations, cost 2708856173.2, using ogsa_fw
14. Best step size 0.003, 3 iterations, cost 2704481747.21, using ogsa_fw
15. Best step size 0.003, 3 iterations, cost 2700991230.18, using ogsa_fw
16. Best step size 0.001, 1 iterations, cost 2699485494.21, using ogsa_fw
17. Best step size 0.004, 4 iterations, cost 2696506418.8, using ogsa_fw
18. Best step size 0.002, 2 iterations, cost 2695149914.74, using ogsa_fw
19. Best step size 0.001, 1 iterations, cost 2693952722.35, using ogsa_fw
20. Best step size 0.001, 1 iterations, cost 2692896168.81, using ogsa_fw
21. Best step size 0.002, 2 iterations, cost 2691444113.23, using ogsa_fw
22. Best step size 0.003, 3 iterations, cost 2689229508.21, using ogsa_fw
23. Best step size 0.001, 1 iterations, cost 2688219561.99, using ogsa_fw
24. Best step size 0.001, 1 iterations, cost 2687721323.89, using ogsa_fw
25. Best step size 0, 0 iterations, cost 2687721323.89, using ogsa_fw
Converged in 25
Data are written and graphs are painted. 
----------------------------------------
----------------------------------------
----------------------------------------
Experiment is finished. 
{0: {'no_households': 5000, 'penalty_weight': 1, 'no_dependent_tasks': 0, 'no_fully_flexible_tasks_min': 10, 'no_semi_flexible_tasks_min': 0, 'no_fixed_tasks_min': 0, 'algorithm': 'minizinc_fw', 'id': 0, 'init_PAR': 1.16, 'PAR': 1.11, 'init_max_demand': 3941842.0, 'max_demand': 3754032.91, 'total_demand': 163055109.0, 'demand_reduction': 0.05, 'cost_reduction': 0.1, 'pricing_time': 0.04061111111111112, 'rescheduling_time': 5411.255533333333}, 1: {'no_households': 5000, 'penalty_weight': 1, 'no_dependent_tasks': 0, 'no_fully_flexible_tasks_min': 10, 'no_semi_flexible_tasks_min': 0, 'no_fixed_tasks_min': 0, 'algorithm': 'ogsa_fw', 'id': 0, 'init_PAR': 1.16, 'PAR': 1.04, 'init_max_demand': 3941842.0, 'max_demand': 3531042.31, 'total_demand': 163055109.0, 'demand_reduction': 0.1, 'cost_reduction': 0.15, 'pricing_time': 0.005750000000000001, 'rescheduling_time': 4.7308166666666684}, 2: {'no_households': 5000, 'penalty_weight': 1, 'no_dependent_tasks': 1, 'no_fully_flexible_tasks_min': 10, 'no_semi_flexible_tasks_min': 0, 'no_fixed_tasks_min': 0, 'algorithm': 'minizinc_fw', 'id': 0, 'init_PAR': 1.16, 'PAR': 1.1, 'init_max_demand': 3941842.0, 'max_demand': 3744095.78, 'total_demand': 163055109.0, 'demand_reduction': 0.05, 'cost_reduction': 0.1, 'pricing_time': 0.018500000000000003, 'rescheduling_time': 5537.352487500001}, 3: {'no_households': 5000, 'penalty_weight': 1, 'no_dependent_tasks': 1, 'no_fully_flexible_tasks_min': 10, 'no_semi_flexible_tasks_min': 0, 'no_fixed_tasks_min': 0, 'algorithm': 'ogsa_fw', 'id': 0, 'init_PAR': 1.16, 'PAR': 1.03, 'init_max_demand': 3941842.0, 'max_demand': 3505869.06, 'total_demand': 163055109.0, 'demand_reduction': 0.11, 'cost_reduction': 0.15, 'pricing_time': 0.005638461538461538, 'rescheduling_time': 4.7553807692307695}}
----------------------------------------
5000 households, 3 dependent tasks, 10 fully flexible tasks, 0 semi-flexible tasks, 0 fixed tasks, 1 penalty weight. 
----------------------------------------
0. The community is read. 
0. Aggregator is read. 
1. Best step size 0.014, 14 iterations, cost 3038862186.88, using minizinc_fw
2. Best step size 0.011, 11 iterations, cost 2959631735.51, using minizinc_fw
3. Best step size 0.011, 11 iterations, cost 2890501972.08, using minizinc_fw
4. Best step size 0.009, 9 iterations, cost 2850197347.17, using minizinc_fw
5. Best step size 0.003, 3 iterations, cost 2842190459.2, using minizinc_fw
6. Best step size 0.005, 5 iterations, cost 2835214997.05, using minizinc_fw
7. Best step size 0, 0 iterations, cost 2835214997.05, using minizinc_fw
Converged in 7
Data are written and graphs are painted. 
0. The community is read. 
0. Aggregator is read. 
1. Best step size 0.013, 13 iterations, cost 3048431364.84, using ogsa_fw
2. Best step size 0.013, 13 iterations, cost 2958105506.46, using ogsa_fw
3. Best step size 0.011, 11 iterations, cost 2894502953.64, using ogsa_fw
4. Best step size 0.01, 10 iterations, cost 2848862389.8, using ogsa_fw
5. Best step size 0.009, 9 iterations, cost 2811564686.15, using ogsa_fw
6. Best step size 0.007, 7 iterations, cost 2786361553.62, using ogsa_fw
7. Best step size 0.009, 9 iterations, cost 2758091679.12, using ogsa_fw
8. Best step size 0.006, 6 iterations, cost 2743801568.37, using ogsa_fw
9. Best step size 0.004, 4 iterations, cost 2735346428.24, using ogsa_fw
10. Best step size 0.004, 4 iterations, cost 2726922992.51, using ogsa_fw
11. Best step size 0.008, 8 iterations, cost 2713702175.13, using ogsa_fw
12. Best step size 0.004, 4 iterations, cost 2708092793.34, using ogsa_fw
13. Best step size 0.004, 4 iterations, cost 2702577184.2, using ogsa_fw
14. Best step size 0.001, 1 iterations, cost 2701040795.6, using ogsa_fw
15. Best step size 0.005, 5 iterations, cost 2696270975.02, using ogsa_fw
16. Best step size 0.003, 3 iterations, cost 2694193235.7, using ogsa_fw
17. Best step size 0.002, 2 iterations, cost 2692824753.27, using ogsa_fw
18. Best step size 0.001, 1 iterations, cost 2692021290.6, using ogsa_fw
19. Best step size 0.003, 3 iterations, cost 2690189212.36, using ogsa_fw
20. Best step size 0.001, 1 iterations, cost 2689308761.84, using ogsa_fw
21. Best step size 0.001, 1 iterations, cost 2688430962.01, using ogsa_fw
22. Best step size 0.001, 1 iterations, cost 2687814047.87, using ogsa_fw
23. Best step size 0.001, 1 iterations, cost 2686989934.65, using ogsa_fw
24. Best step size 0.004, 4 iterations, cost 2685764929.01, using ogsa_fw
25. Best step size 0.001, 1 iterations, cost 2685283541.33, using ogsa_fw
26. Best step size 0.001, 1 iterations, cost 2684804784.15, using ogsa_fw
27. Best step size 0, 0 iterations, cost 2684804784.15, using ogsa_fw
Converged in 27
Data are written and graphs are painted. 
----------------------------------------
----------------------------------------
----------------------------------------
Experiment is finished. 
{0: {'no_households': 5000, 'penalty_weight': 1, 'no_dependent_tasks': 0, 'no_fully_flexible_tasks_min': 10, 'no_semi_flexible_tasks_min': 0, 'no_fixed_tasks_min': 0, 'algorithm': 'minizinc_fw', 'id': 0, 'init_PAR': 1.16, 'PAR': 1.11, 'init_max_demand': 3941842.0, 'max_demand': 3754032.91, 'total_demand': 163055109.0, 'demand_reduction': 0.05, 'cost_reduction': 0.1, 'pricing_time': 0.04061111111111112, 'rescheduling_time': 5411.255533333333}, 1: {'no_households': 5000, 'penalty_weight': 1, 'no_dependent_tasks': 0, 'no_fully_flexible_tasks_min': 10, 'no_semi_flexible_tasks_min': 0, 'no_fixed_tasks_min': 0, 'algorithm': 'ogsa_fw', 'id': 0, 'init_PAR': 1.16, 'PAR': 1.04, 'init_max_demand': 3941842.0, 'max_demand': 3531042.31, 'total_demand': 163055109.0, 'demand_reduction': 0.1, 'cost_reduction': 0.15, 'pricing_time': 0.005750000000000001, 'rescheduling_time': 4.7308166666666684}, 2: {'no_households': 5000, 'penalty_weight': 1, 'no_dependent_tasks': 1, 'no_fully_flexible_tasks_min': 10, 'no_semi_flexible_tasks_min': 0, 'no_fixed_tasks_min': 0, 'algorithm': 'minizinc_fw', 'id': 0, 'init_PAR': 1.16, 'PAR': 1.1, 'init_max_demand': 3941842.0, 'max_demand': 3744095.78, 'total_demand': 163055109.0, 'demand_reduction': 0.05, 'cost_reduction': 0.1, 'pricing_time': 0.018500000000000003, 'rescheduling_time': 5537.352487500001}, 3: {'no_households': 5000, 'penalty_weight': 1, 'no_dependent_tasks': 1, 'no_fully_flexible_tasks_min': 10, 'no_semi_flexible_tasks_min': 0, 'no_fixed_tasks_min': 0, 'algorithm': 'ogsa_fw', 'id': 0, 'init_PAR': 1.16, 'PAR': 1.03, 'init_max_demand': 3941842.0, 'max_demand': 3505869.06, 'total_demand': 163055109.0, 'demand_reduction': 0.11, 'cost_reduction': 0.15, 'pricing_time': 0.005638461538461538, 'rescheduling_time': 4.7553807692307695}, 4: {'no_households': 5000, 'penalty_weight': 1, 'no_dependent_tasks': 3, 'no_fully_flexible_tasks_min': 10, 'no_semi_flexible_tasks_min': 0, 'no_fixed_tasks_min': 0, 'algorithm': 'minizinc_fw', 'id': 0, 'init_PAR': 1.16, 'PAR': 1.12, 'init_max_demand': 3941842.0, 'max_demand': 3806155.02, 'total_demand': 163055109.0, 'demand_reduction': 0.03, 'cost_reduction': 0.1, 'pricing_time': 0.018750000000000003, 'rescheduling_time': 5467.826225}, 5: {'no_households': 5000, 'penalty_weight': 1, 'no_dependent_tasks': 3, 'no_fully_flexible_tasks_min': 10, 'no_semi_flexible_tasks_min': 0, 'no_fixed_tasks_min': 0, 'algorithm': 'ogsa_fw', 'id': 0, 'init_PAR': 1.16, 'PAR': 1.02, 'init_max_demand': 3941842.0, 'max_demand': 3477034.65, 'total_demand': 163055109.0, 'demand_reduction': 0.12, 'cost_reduction': 0.15, 'pricing_time': 0.005892857142857142, 'rescheduling_time': 4.778260714285713}}
----------------------------------------
5000 households, 6 dependent tasks, 10 fully flexible tasks, 0 semi-flexible tasks, 0 fixed tasks, 1 penalty weight. 
----------------------------------------
0. The community is read. 
0. Aggregator is read. 
1. Best step size 0.015, 15 iterations, cost 3030011012.44, using minizinc_fw
2. Best step size 0.013, 13 iterations, cost 2940048579.56, using minizinc_fw
3. Best step size 0.015, 14 iterations, cost 2859196047.09, using minizinc_fw
4. Best step size 0.006, 6 iterations, cost 2843143325.36, using minizinc_fw
5. Best step size 0, 0 iterations, cost 2843143325.36, using minizinc_fw
Converged in 5
Data are written and graphs are painted. 
0. The community is read. 
0. Aggregator is read. 
1. Best step size 0.018, 17 iterations, cost 3014345295.29, using ogsa_fw
2. Best step size 0.017, 17 iterations, cost 2907125378.05, using ogsa_fw
3. Best step size 0.014, 14 iterations, cost 2834821553.59, using ogsa_fw
4. Best step size 0.019, 19 iterations, cost 2780329615.91, using ogsa_fw
5. Best step size 0.009, 8 iterations, cost 2749974547.51, using ogsa_fw
6. Best step size 0.006, 6 iterations, cost 2737292291.92, using ogsa_fw
7. Best step size 0.008, 8 iterations, cost 2721837522.35, using ogsa_fw
8. Best step size 0.004, 4 iterations, cost 2714950649.57, using ogsa_fw
9. Best step size 0.003, 3 iterations, cost 2710175612.42, using ogsa_fw
10. Best step size 0.006, 6 iterations, cost 2701891117.23, using ogsa_fw
11. Best step size 0.003, 3 iterations, cost 2698643652.48, using ogsa_fw
12. Best step size 0.007, 7 iterations, cost 2694059874.86, using ogsa_fw
13. Best step size 0.002, 2 iterations, cost 2691742780.72, using ogsa_fw
14. Best step size 0.001, 1 iterations, cost 2690824299.37, using ogsa_fw
15. Best step size 0.002, 2 iterations, cost 2688951044.92, using ogsa_fw
16. Best step size 0, 0 iterations, cost 2688951044.92, using ogsa_fw
Converged in 16
Data are written and graphs are painted. 
----------------------------------------
----------------------------------------
----------------------------------------
Experiment is finished. 
{0: {'no_households': 5000, 'penalty_weight': 1, 'no_dependent_tasks': 0, 'no_fully_flexible_tasks_min': 10, 'no_semi_flexible_tasks_min': 0, 'no_fixed_tasks_min': 0, 'algorithm': 'minizinc_fw', 'id': 0, 'init_PAR': 1.16, 'PAR': 1.11, 'init_max_demand': 3941842.0, 'max_demand': 3754032.91, 'total_demand': 163055109.0, 'demand_reduction': 0.05, 'cost_reduction': 0.1, 'pricing_time': 0.04061111111111112, 'rescheduling_time': 5411.255533333333}, 1: {'no_households': 5000, 'penalty_weight': 1, 'no_dependent_tasks': 0, 'no_fully_flexible_tasks_min': 10, 'no_semi_flexible_tasks_min': 0, 'no_fixed_tasks_min': 0, 'algorithm': 'ogsa_fw', 'id': 0, 'init_PAR': 1.16, 'PAR': 1.04, 'init_max_demand': 3941842.0, 'max_demand': 3531042.31, 'total_demand': 163055109.0, 'demand_reduction': 0.1, 'cost_reduction': 0.15, 'pricing_time': 0.005750000000000001, 'rescheduling_time': 4.7308166666666684}, 2: {'no_households': 5000, 'penalty_weight': 1, 'no_dependent_tasks': 1, 'no_fully_flexible_tasks_min': 10, 'no_semi_flexible_tasks_min': 0, 'no_fixed_tasks_min': 0, 'algorithm': 'minizinc_fw', 'id': 0, 'init_PAR': 1.16, 'PAR': 1.1, 'init_max_demand': 3941842.0, 'max_demand': 3744095.78, 'total_demand': 163055109.0, 'demand_reduction': 0.05, 'cost_reduction': 0.1, 'pricing_time': 0.018500000000000003, 'rescheduling_time': 5537.352487500001}, 3: {'no_households': 5000, 'penalty_weight': 1, 'no_dependent_tasks': 1, 'no_fully_flexible_tasks_min': 10, 'no_semi_flexible_tasks_min': 0, 'no_fixed_tasks_min': 0, 'algorithm': 'ogsa_fw', 'id': 0, 'init_PAR': 1.16, 'PAR': 1.03, 'init_max_demand': 3941842.0, 'max_demand': 3505869.06, 'total_demand': 163055109.0, 'demand_reduction': 0.11, 'cost_reduction': 0.15, 'pricing_time': 0.005638461538461538, 'rescheduling_time': 4.7553807692307695}, 4: {'no_households': 5000, 'penalty_weight': 1, 'no_dependent_tasks': 3, 'no_fully_flexible_tasks_min': 10, 'no_semi_flexible_tasks_min': 0, 'no_fixed_tasks_min': 0, 'algorithm': 'minizinc_fw', 'id': 0, 'init_PAR': 1.16, 'PAR': 1.12, 'init_max_demand': 3941842.0, 'max_demand': 3806155.02, 'total_demand': 163055109.0, 'demand_reduction': 0.03, 'cost_reduction': 0.1, 'pricing_time': 0.018750000000000003, 'rescheduling_time': 5467.826225}, 5: {'no_households': 5000, 'penalty_weight': 1, 'no_dependent_tasks': 3, 'no_fully_flexible_tasks_min': 10, 'no_semi_flexible_tasks_min': 0, 'no_fixed_tasks_min': 0, 'algorithm': 'ogsa_fw', 'id': 0, 'init_PAR': 1.16, 'PAR': 1.02, 'init_max_demand': 3941842.0, 'max_demand': 3477034.65, 'total_demand': 163055109.0, 'demand_reduction': 0.12, 'cost_reduction': 0.15, 'pricing_time': 0.005892857142857142, 'rescheduling_time': 4.778260714285713}, 6: {'no_households': 5000, 'penalty_weight': 1, 'no_dependent_tasks': 6, 'no_fully_flexible_tasks_min': 10, 'no_semi_flexible_tasks_min': 0, 'no_fixed_tasks_min': 0, 'algorithm': 'minizinc_fw', 'id': 0, 'init_PAR': 1.16, 'PAR': 1.11, 'init_max_demand': 3941842.0, 'max_demand': 3762373.78, 'total_demand': 163055109.0, 'demand_reduction': 0.05, 'cost_reduction': 0.1, 'pricing_time': 0.01925, 'rescheduling_time': 6235.37495}, 7: {'no_households': 5000, 'penalty_weight': 1, 'no_dependent_tasks': 6, 'no_fully_flexible_tasks_min': 10, 'no_semi_flexible_tasks_min': 0, 'no_fixed_tasks_min': 0, 'algorithm': 'ogsa_fw', 'id': 0, 'init_PAR': 1.16, 'PAR': 1.03, 'init_max_demand': 3941842.0, 'max_demand': 3509936.43, 'total_demand': 163055109.0, 'demand_reduction': 0.11, 'cost_reduction': 0.15, 'pricing_time': 0.007429411764705882, 'rescheduling_time': 4.750617647058824}}
----------------------------------------
5000 households, 9 dependent tasks, 10 fully flexible tasks, 0 semi-flexible tasks, 0 fixed tasks, 1 penalty weight. 
----------------------------------------
0. The community is read. 
0. Aggregator is read. 
1. Best step size 0.016, 16 iterations, cost 3022918326.8, using minizinc_fw
2. Best step size 0.014, 14 iterations, cost 2930421921.05, using minizinc_fw
3. Best step size 0.017, 17 iterations, cost 2847555607.57, using minizinc_fw
4. Best step size 0.005, 5 iterations, cost 2834415455.72, using minizinc_fw
5. Best step size 0, 0 iterations, cost 2834415455.72, using minizinc_fw
Converged in 5
Data are written and graphs are painted. 
0. The community is read. 
0. Aggregator is read. 
1. Best step size 0.02, 20 iterations, cost 2999318279.09, using ogsa_fw
2. Best step size 0.016, 16 iterations, cost 2904882744.42, using ogsa_fw
3. Best step size 0.011, 11 iterations, cost 2849868353.03, using ogsa_fw
4. Best step size 0.015, 14 iterations, cost 2793010018.69, using ogsa_fw
5. Best step size 0.016, 16 iterations, cost 2749135945.79, using ogsa_fw
6. Best step size 0.007, 7 iterations, cost 2731889782.38, using ogsa_fw
7. Best step size 0.005, 5 iterations, cost 2722127059.13, using ogsa_fw
8. Best step size 0.008, 8 iterations, cost 2710945657.38, using ogsa_fw
9. Best step size 0.005, 5 iterations, cost 2704122379.69, using ogsa_fw
10. Best step size 0.004, 4 iterations, cost 2699138269.06, using ogsa_fw
11. Best step size 0.004, 4 iterations, cost 2695545942.04, using ogsa_fw
12. Best step size 0.003, 3 iterations, cost 2693086348.33, using ogsa_fw
13. Best step size 0.002, 2 iterations, cost 2691850783.0, using ogsa_fw
14. Best step size 0.002, 2 iterations, cost 2690153349.65, using ogsa_fw
15. Best step size 0.002, 2 iterations, cost 2688634489.8, using ogsa_fw
16. Best step size 0.002, 2 iterations, cost 2687644392.81, using ogsa_fw
17. Best step size 0, 0 iterations, cost 2687644392.81, using ogsa_fw
Converged in 17
Data are written and graphs are painted. 
----------------------------------------
----------------------------------------
----------------------------------------
Experiment is finished. 
{0: {'no_households': 5000, 'penalty_weight': 1, 'no_dependent_tasks': 0, 'no_fully_flexible_tasks_min': 10, 'no_semi_flexible_tasks_min': 0, 'no_fixed_tasks_min': 0, 'algorithm': 'minizinc_fw', 'id': 0, 'init_PAR': 1.16, 'PAR': 1.11, 'init_max_demand': 3941842.0, 'max_demand': 3754032.91, 'total_demand': 163055109.0, 'demand_reduction': 0.05, 'cost_reduction': 0.1, 'pricing_time': 0.04061111111111112, 'rescheduling_time': 5411.255533333333}, 1: {'no_households': 5000, 'penalty_weight': 1, 'no_dependent_tasks': 0, 'no_fully_flexible_tasks_min': 10, 'no_semi_flexible_tasks_min': 0, 'no_fixed_tasks_min': 0, 'algorithm': 'ogsa_fw', 'id': 0, 'init_PAR': 1.16, 'PAR': 1.04, 'init_max_demand': 3941842.0, 'max_demand': 3531042.31, 'total_demand': 163055109.0, 'demand_reduction': 0.1, 'cost_reduction': 0.15, 'pricing_time': 0.005750000000000001, 'rescheduling_time': 4.7308166666666684}, 2: {'no_households': 5000, 'penalty_weight': 1, 'no_dependent_tasks': 1, 'no_fully_flexible_tasks_min': 10, 'no_semi_flexible_tasks_min': 0, 'no_fixed_tasks_min': 0, 'algorithm': 'minizinc_fw', 'id': 0, 'init_PAR': 1.16, 'PAR': 1.1, 'init_max_demand': 3941842.0, 'max_demand': 3744095.78, 'total_demand': 163055109.0, 'demand_reduction': 0.05, 'cost_reduction': 0.1, 'pricing_time': 0.018500000000000003, 'rescheduling_time': 5537.352487500001}, 3: {'no_households': 5000, 'penalty_weight': 1, 'no_dependent_tasks': 1, 'no_fully_flexible_tasks_min': 10, 'no_semi_flexible_tasks_min': 0, 'no_fixed_tasks_min': 0, 'algorithm': 'ogsa_fw', 'id': 0, 'init_PAR': 1.16, 'PAR': 1.03, 'init_max_demand': 3941842.0, 'max_demand': 3505869.06, 'total_demand': 163055109.0, 'demand_reduction': 0.11, 'cost_reduction': 0.15, 'pricing_time': 0.005638461538461538, 'rescheduling_time': 4.7553807692307695}, 4: {'no_households': 5000, 'penalty_weight': 1, 'no_dependent_tasks': 3, 'no_fully_flexible_tasks_min': 10, 'no_semi_flexible_tasks_min': 0, 'no_fixed_tasks_min': 0, 'algorithm': 'minizinc_fw', 'id': 0, 'init_PAR': 1.16, 'PAR': 1.12, 'init_max_demand': 3941842.0, 'max_demand': 3806155.02, 'total_demand': 163055109.0, 'demand_reduction': 0.03, 'cost_reduction': 0.1, 'pricing_time': 0.018750000000000003, 'rescheduling_time': 5467.826225}, 5: {'no_households': 5000, 'penalty_weight': 1, 'no_dependent_tasks': 3, 'no_fully_flexible_tasks_min': 10, 'no_semi_flexible_tasks_min': 0, 'no_fixed_tasks_min': 0, 'algorithm': 'ogsa_fw', 'id': 0, 'init_PAR': 1.16, 'PAR': 1.02, 'init_max_demand': 3941842.0, 'max_demand': 3477034.65, 'total_demand': 163055109.0, 'demand_reduction': 0.12, 'cost_reduction': 0.15, 'pricing_time': 0.005892857142857142, 'rescheduling_time': 4.778260714285713}, 6: {'no_households': 5000, 'penalty_weight': 1, 'no_dependent_tasks': 6, 'no_fully_flexible_tasks_min': 10, 'no_semi_flexible_tasks_min': 0, 'no_fixed_tasks_min': 0, 'algorithm': 'minizinc_fw', 'id': 0, 'init_PAR': 1.16, 'PAR': 1.11, 'init_max_demand': 3941842.0, 'max_demand': 3762373.78, 'total_demand': 163055109.0, 'demand_reduction': 0.05, 'cost_reduction': 0.1, 'pricing_time': 0.01925, 'rescheduling_time': 6235.37495}, 7: {'no_households': 5000, 'penalty_weight': 1, 'no_dependent_tasks': 6, 'no_fully_flexible_tasks_min': 10, 'no_semi_flexible_tasks_min': 0, 'no_fixed_tasks_min': 0, 'algorithm': 'ogsa_fw', 'id': 0, 'init_PAR': 1.16, 'PAR': 1.03, 'init_max_demand': 3941842.0, 'max_demand': 3509936.43, 'total_demand': 163055109.0, 'demand_reduction': 0.11, 'cost_reduction': 0.15, 'pricing_time': 0.007429411764705882, 'rescheduling_time': 4.750617647058824}, 8: {'no_households': 5000, 'penalty_weight': 1, 'no_dependent_tasks': 9, 'no_fully_flexible_tasks_min': 10, 'no_semi_flexible_tasks_min': 0, 'no_fixed_tasks_min': 0, 'algorithm': 'minizinc_fw', 'id': 0, 'init_PAR': 1.16, 'PAR': 1.1, 'init_max_demand': 3941842.0, 'max_demand': 3742007.04, 'total_demand': 163055109.0, 'demand_reduction': 0.05, 'cost_reduction': 0.1, 'pricing_time': 0.018916666666666665, 'rescheduling_time': 5732.021616666666}, 9: {'no_households': 5000, 'penalty_weight': 1, 'no_dependent_tasks': 9, 'no_fully_flexible_tasks_min': 10, 'no_semi_flexible_tasks_min': 0, 'no_fixed_tasks_min': 0, 'algorithm': 'ogsa_fw', 'id': 0, 'init_PAR': 1.16, 'PAR': 1.03, 'init_max_demand': 3941842.0, 'max_demand': 3491317.31, 'total_demand': 163055109.0, 'demand_reduction': 0.11, 'cost_reduction': 0.15, 'pricing_time': 0.007288888888888888, 'rescheduling_time': 4.712022222222223}}
