Arguments count: 1
Argument      0: ./run-monarch.py
----------------------------------------
5000 households, 0 dependent tasks, 10 fully flexible tasks, 0 semi-flexible tasks, 0 fixed tasks, 1 penalty weight. 
----------------------------------------
0. The community is created. 
0. Aggregator is created. 
1. Best step size 0.014, 14 iterations, cost 2938226433.54, using minizinc_fw
2. Best step size 0.025, 25 iterations, cost 2801288939.89, using minizinc_fw
3. Best step size 0.013, 13 iterations, cost 2741212503.46, using minizinc_fw
4. Best step size 0.005, 5 iterations, cost 2731757704.77, using minizinc_fw
5. Best step size 0.002, 2 iterations, cost 2728727885.74, using minizinc_fw
6. Best step size 0.01, 10 iterations, cost 2699895434.33, using minizinc_fw
7. Best step size 0.007, 7 iterations, cost 2682843010.81, using minizinc_fw
8. Best step size 0.008, 8 iterations, cost 2664729354.73, using minizinc_fw
9. Best step size 0.007, 7 iterations, cost 2650165271.23, using minizinc_fw
10. Best step size 0.007, 7 iterations, cost 2636342267.41, using minizinc_fw
11. Best step size 0.009, 9 iterations, cost 2624460541.2, using minizinc_fw
12. Best step size 0.004, 4 iterations, cost 2620027192.68, using minizinc_fw
13. Best step size 0.005, 5 iterations, cost 2614824209.14, using minizinc_fw
14. Best step size 0.004, 4 iterations, cost 2611405562.05, using minizinc_fw
15. Best step size 0.003, 3 iterations, cost 2609527206.18, using minizinc_fw
16. Best step size 0.003, 3 iterations, cost 2607126992.88, using minizinc_fw
17. Best step size 0.001, 1 iterations, cost 2606709736.44, using minizinc_fw
18. Best step size 0.002, 2 iterations, cost 2606228142.8, using minizinc_fw
19. Best step size 0, 0 iterations, cost 2606228142.8, using minizinc_fw
Converged in 19
Data are written and graphs are painted. 
0. The community is read. 
0. Aggregator is read. 
1. Best step size 0.011, 11 iterations, cost 2961733896.71, using ogsa_fw
2. Best step size 0.011, 11 iterations, cost 2890003166.67, using ogsa_fw
3. Best step size 0.017, 17 iterations, cost 2799461586.35, using ogsa_fw
4. Best step size 0.008, 8 iterations, cost 2760621923.48, using ogsa_fw
5. Best step size 0.008, 8 iterations, cost 2726830822.68, using ogsa_fw
6. Best step size 0.009, 9 iterations, cost 2693289548.4, using ogsa_fw
7. Best step size 0.009, 9 iterations, cost 2666301510.55, using ogsa_fw
8. Best step size 0.005, 5 iterations, cost 2652379129.98, using ogsa_fw
9. Best step size 0.006, 6 iterations, cost 2638913659.74, using ogsa_fw
10. Best step size 0.006, 6 iterations, cost 2626376146.83, using ogsa_fw
11. Best step size 0.007, 7 iterations, cost 2614006908.23, using ogsa_fw
12. Best step size 0.007, 7 iterations, cost 2603814097.43, using ogsa_fw
13. Best step size 0.003, 3 iterations, cost 2599466763.36, using ogsa_fw
14. Best step size 0.003, 3 iterations, cost 2595281363.6, using ogsa_fw
15. Best step size 0.002, 2 iterations, cost 2593306261.67, using ogsa_fw
16. Best step size 0.003, 3 iterations, cost 2589855582.01, using ogsa_fw
17. Best step size 0.003, 3 iterations, cost 2587445805.82, using ogsa_fw
18. Best step size 0.002, 2 iterations, cost 2585615820.98, using ogsa_fw
19. Best step size 0.004, 4 iterations, cost 2582669266.1, using ogsa_fw
20. Best step size 0.003, 3 iterations, cost 2580878506.61, using ogsa_fw
21. Best step size 0.002, 2 iterations, cost 2579749546.44, using ogsa_fw
22. Best step size 0.001, 1 iterations, cost 2579328294.36, using ogsa_fw
23. Best step size 0.001, 1 iterations, cost 2578853388.08, using ogsa_fw
24. Best step size 0.001, 1 iterations, cost 2578433249.52, using ogsa_fw
25. Best step size 0.001, 1 iterations, cost 2578047895.52, using ogsa_fw
26. Best step size 0.001, 1 iterations, cost 2577681999.2, using ogsa_fw
27. Best step size 0.001, 1 iterations, cost 2577363653.01, using ogsa_fw
28. Best step size 0, 0 iterations, cost 2577363653.01, using ogsa_fw
Converged in 28
Data are written and graphs are painted. 
----------------------------------------
----------------------------------------
----------------------------------------
Experiment is finished. 
{0: {'no_households': 5000, 'penalty_weight': 1, 'no_dependent_tasks': 0, 'no_fully_flexible_tasks_min': 10, 'no_semi_flexible_tasks_min': 0, 'no_fixed_tasks_min': 0, 'algorithm': 'minizinc_fw', 'id': 0, 'init_PAR': 1.19, 'PAR': 1.06, 'init_max_demand': 4024319.0, 'max_demand': 3578708.29, 'total_demand': 162396737.0, 'demand_reduction': 0.11, 'cost_reduction': 0.15, 'pricing_time': 0.019239999999999997, 'rescheduling_time': 8288.972925}, 1: {'no_households': 5000, 'penalty_weight': 1, 'no_dependent_tasks': 0, 'no_fully_flexible_tasks_min': 10, 'no_semi_flexible_tasks_min': 0, 'no_fixed_tasks_min': 0, 'algorithm': 'ogsa_fw', 'id': 0, 'init_PAR': 1.19, 'PAR': 1.04, 'init_max_demand': 4024319.0, 'max_demand': 3515874.09, 'total_demand': 162396737.0, 'demand_reduction': 0.13, 'cost_reduction': 0.16, 'pricing_time': 0.006131034482758618, 'rescheduling_time': 4.948741379310346}}
----------------------------------------
5000 households, 1 dependent tasks, 10 fully flexible tasks, 0 semi-flexible tasks, 0 fixed tasks, 1 penalty weight. 
----------------------------------------
0. The community is read. 
0. Aggregator is read. 
1. Best step size 0.015, 15 iterations, cost 2934959605.48, using minizinc_fw
2. Best step size 0.027, 27 iterations, cost 2798202398.3, using minizinc_fw
3. Best step size 0.012, 12 iterations, cost 2752258371.28, using minizinc_fw
slurmstepd: error: *** JOB 6539400 ON mk00 CANCELLED AT 2020-11-24T05:51:59 ***
