Arguments count: 1
Argument      0: ./run-monarch.py
----------------------------------------
2000 households, 0 dependent tasks, 10 fully flexible tasks, 0 semi-flexible tasks, 0 fixed tasks, 1 penalty weight. 
----------------------------------------
0. The community is created. 
0. Aggregator is created. 
1. Best step size 0.015, 64 iterations, cost 1086821328.35, using minizinc_fw
2. Best step size 0.02, 77 iterations, cost 1056401046.11, using minizinc_fw
3. Best step size 0.008, 29 iterations, cost 1051071123.58, using minizinc_fw
4. Best step size 0.008, 36 iterations, cost 1044302865.05, using minizinc_fw
5. Best step size 0.006, 25 iterations, cost 1042406045.17, using minizinc_fw
6. Best step size 0, 0 iterations, cost 1042406045.17, using minizinc_fw
Converged in 6
Data are written and graphs are painted. 
0. The community is read. 
0. Aggregator is read. 
1. Best step size 0.011, 46 iterations, cost 1092787628.41, using ogsa_fw
2. Best step size 0.01, 42 iterations, cost 1075349116.37, using ogsa_fw
3. Best step size 0.01, 44 iterations, cost 1059704715.4, using ogsa_fw
4. Best step size 0.012, 50 iterations, cost 1045690855.39, using ogsa_fw
5. Best step size 0.009, 39 iterations, cost 1035981547.76, using ogsa_fw
6. Best step size 0.007, 29 iterations, cost 1029650743.76, using ogsa_fw
7. Best step size 0.006, 25 iterations, cost 1025176046.54, using ogsa_fw
8. Best step size 0.009, 35 iterations, cost 1019524512.55, using ogsa_fw
9. Best step size 0.009, 32 iterations, cost 1014545700.94, using ogsa_fw
10. Best step size 0.007, 29 iterations, cost 1010741027.11, using ogsa_fw
11. Best step size 0.008, 33 iterations, cost 1007090150.28, using ogsa_fw
12. Best step size 0.005, 22 iterations, cost 1005027699.43, using ogsa_fw
13. Best step size 0.005, 25 iterations, cost 1002992363.31, using ogsa_fw
14. Best step size 0.011, 43 iterations, cost 999540237.22, using ogsa_fw
15. Best step size 0.003, 16 iterations, cost 998501238.26, using ogsa_fw
16. Best step size 0.006, 22 iterations, cost 997269071.99, using ogsa_fw
17. Best step size 0.002, 13 iterations, cost 996725049.81, using ogsa_fw
18. Best step size 0.004, 21 iterations, cost 996103186.74, using ogsa_fw
19. Best step size 0.001, 9 iterations, cost 995789647.26, using ogsa_fw
20. Best step size 0.005, 22 iterations, cost 995157978.83, using ogsa_fw
21. Best step size 0.002, 11 iterations, cost 994812935.28, using ogsa_fw
22. Best step size 0.002, 18 iterations, cost 994464134.99, using ogsa_fw
23. Best step size 0.002, 15 iterations, cost 994216721.35, using ogsa_fw
24. Best step size 0.001, 6 iterations, cost 994157318.39, using ogsa_fw
25. Best step size 0.001, 12 iterations, cost 994034414.62, using ogsa_fw
26. Best step size 0.001, 8 iterations, cost 993954892.36, using ogsa_fw
27. Best step size 0.0, 5 iterations, cost 993939722.18, using ogsa_fw
28. Best step size 0.002, 9 iterations, cost 993836715.47, using ogsa_fw
29. Best step size 0.0, 4 iterations, cost 993796052.8, using ogsa_fw
30. Best step size 0.001, 5 iterations, cost 993732124.59, using ogsa_fw
31. Best step size 0.0, 2 iterations, cost 993719784.76, using ogsa_fw
32. Best step size 0.011, 23 iterations, cost 993305302.65, using ogsa_fw
33. Best step size 0.0, 5 iterations, cost 993262644.92, using ogsa_fw
34. Best step size 0.0, 3 iterations, cost 993215605.0, using ogsa_fw
35. Best step size 0.002, 14 iterations, cost 993112302.58, using ogsa_fw
36. Best step size 0.0, 7 iterations, cost 993093031.56, using ogsa_fw
37. Best step size 0.0, 3 iterations, cost 993076372.17, using ogsa_fw
38. Best step size 0.0, 2 iterations, cost 993055847.32, using ogsa_fw
39. Best step size 0.004, 15 iterations, cost 992960349.47, using ogsa_fw
40. Best step size 0.002, 12 iterations, cost 992910180.7, using ogsa_fw
41. Best step size 0.0, 6 iterations, cost 992885730.15, using ogsa_fw
42. Best step size 0.0, 2 iterations, cost 992882314.64, using ogsa_fw
43. Best step size 0.003, 12 iterations, cost 992808692.73, using ogsa_fw
44. Best step size 0.001, 10 iterations, cost 992780300.2, using ogsa_fw
45. Best step size 0.0, 2 iterations, cost 992777240.01, using ogsa_fw
46. Best step size 0.001, 10 iterations, cost 992760568.47, using ogsa_fw
47. Best step size 0.0, 1 iterations, cost 992758411.7, using ogsa_fw
48. Best step size 0.0, 8 iterations, cost 992751712.1, using ogsa_fw
49. Best step size 0.0, 1 iterations, cost 992751111.56, using ogsa_fw
50. Best step size 0.0, 11 iterations, cost 992741881.65, using ogsa_fw
51. Best step size 0.0, 2 iterations, cost 992739704.41, using ogsa_fw
52. Best step size 0.0, 9 iterations, cost 992733096.81, using ogsa_fw
53. Best step size 0.0, 13 iterations, cost 992721294.76, using ogsa_fw
54. Best step size 0.0, 1 iterations, cost 992719712.7, using ogsa_fw
55. Best step size 0.0, 9 iterations, cost 992712286.09, using ogsa_fw
56. Best step size 0.001, 13 iterations, cost 992696137.23, using ogsa_fw
57. Best step size 0.0, 9 iterations, cost 992692004.59, using ogsa_fw
58. Best step size 0.0, 12 iterations, cost 992679442.44, using ogsa_fw
59. Best step size 0.0, 9 iterations, cost 992673615.64, using ogsa_fw
60. Best step size 0.0, 10 iterations, cost 992669487.66, using ogsa_fw
61. Best step size 0.0, 11 iterations, cost 992666083.22, using ogsa_fw
62. Best step size 0.0, 6 iterations, cost 992661967.16, using ogsa_fw
63. Best step size 0.0, 13 iterations, cost 992652929.67, using ogsa_fw
64. Best step size 0.0, 11 iterations, cost 992646422.58, using ogsa_fw
65. Best step size 0.0, 8 iterations, cost 992643117.84, using ogsa_fw
66. Best step size 0.0, 8 iterations, cost 992641612.27, using ogsa_fw
67. Best step size 0.0, 6 iterations, cost 992640749.87, using ogsa_fw
68. Best step size 0.0, 12 iterations, cost 992639936.85, using ogsa_fw
69. Best step size 0.0, 14 iterations, cost 992638710.52, using ogsa_fw
70. Best step size 0.0, 8 iterations, cost 992637895.91, using ogsa_fw
71. Best step size 0.0, 14 iterations, cost 992635718.21, using ogsa_fw
72. Best step size 0.0, 12 iterations, cost 992632859.06, using ogsa_fw
73. Best step size 0.0, 11 iterations, cost 992631291.39, using ogsa_fw
74. Best step size 0.0, 7 iterations, cost 992630187.02, using ogsa_fw
75. Best step size 0.0, 10 iterations, cost 992628816.62, using ogsa_fw
76. Best step size 0.0, 10 iterations, cost 992627694.93, using ogsa_fw
77. Best step size 0.0, 22 iterations, cost 992613242.63, using ogsa_fw
78. Best step size 0.001, 13 iterations, cost 992600865.74, using ogsa_fw
79. Best step size 0.0, 11 iterations, cost 992589205.18, using ogsa_fw
80. Best step size 0.0, 1 iterations, cost 992588206.96, using ogsa_fw
81. Best step size 0.002, 8 iterations, cost 992576141.99, using ogsa_fw
82. Best step size 0.0, 4 iterations, cost 992569275.35, using ogsa_fw
83. Best step size 0.0, 7 iterations, cost 992563618.6, using ogsa_fw
84. Best step size 0.0, 2 iterations, cost 992563416.9, using ogsa_fw
85. Best step size 0.0, 9 iterations, cost 992559807.28, using ogsa_fw
86. Best step size 0.0, 6 iterations, cost 992558757.79, using ogsa_fw
87. Best step size 0.0, 8 iterations, cost 992555237.39, using ogsa_fw
88. Best step size 0.0, 10 iterations, cost 992550912.94, using ogsa_fw
89. Best step size 0.0, 7 iterations, cost 992549028.54, using ogsa_fw
90. Best step size 0.0, 8 iterations, cost 992546872.75, using ogsa_fw
91. Best step size 0.0, 8 iterations, cost 992544468.24, using ogsa_fw
92. Best step size 0.0, 2 iterations, cost 992544431.7, using ogsa_fw
93. Best step size 0.0, 10 iterations, cost 992542364.43, using ogsa_fw
94. Best step size 0.0, 3 iterations, cost 992542010.75, using ogsa_fw
95. Best step size 0.0, 6 iterations, cost 992541442.12, using ogsa_fw
96. Best step size 0.0, 3 iterations, cost 992541047.59, using ogsa_fw
97. Best step size 0.0, 9 iterations, cost 992540419.01, using ogsa_fw
98. Best step size 0.0, 12 iterations, cost 992538631.67, using ogsa_fw
99. Best step size 0.0, 1 iterations, cost 992538410.62, using ogsa_fw
100. Best step size 0.0, 8 iterations, cost 992537740.93, using ogsa_fw
101. Best step size 0.0, 7 iterations, cost 992537092.3, using ogsa_fw
102. Best step size 0.0, 1 iterations, cost 992537092.18, using ogsa_fw
103. Best step size 0.0, 2 iterations, cost 992536999.4, using ogsa_fw
104. Best step size 0.0, 19 iterations, cost 992530392.1, using ogsa_fw
105. Best step size 0.0, 3 iterations, cost 992529089.05, using ogsa_fw
106. Best step size 0.0, 8 iterations, cost 992527203.38, using ogsa_fw
107. Best step size 0.0, 7 iterations, cost 992526716.03, using ogsa_fw
108. Best step size 0.0, 10 iterations, cost 992525903.85, using ogsa_fw
109. Best step size 0.0, 3 iterations, cost 992525782.61, using ogsa_fw
110. Best step size 0.0, 2 iterations, cost 992525770.24, using ogsa_fw
111. Best step size 0.0, 9 iterations, cost 992525513.42, using ogsa_fw
112. Best step size 0.0, 4 iterations, cost 992525325.58, using ogsa_fw
113. Best step size 0.0, 8 iterations, cost 992525207.53, using ogsa_fw
114. Best step size 0.0, 8 iterations, cost 992525164.13, using ogsa_fw
115. Best step size 0.0, 7 iterations, cost 992525109.71, using ogsa_fw
116. Best step size 0.0, 11 iterations, cost 992525030.37, using ogsa_fw
117. Best step size 0.0, 7 iterations, cost 992524976.86, using ogsa_fw
118. Best step size 0.0, 11 iterations, cost 992524805.11, using ogsa_fw
119. Best step size 0.0, 9 iterations, cost 992524594.16, using ogsa_fw
120. Best step size 0.0, 12 iterations, cost 992524318.74, using ogsa_fw
121. Best step size 0.0, 13 iterations, cost 992523942.36, using ogsa_fw
122. Best step size 0.0, 10 iterations, cost 992523624.89, using ogsa_fw
123. Best step size 0.0, 9 iterations, cost 992523412.55, using ogsa_fw
124. Best step size 0.0, 1 iterations, cost 992523412.48, using ogsa_fw
125. Best step size 0.0, 7 iterations, cost 992523272.4, using ogsa_fw
126. Best step size 0.0, 4 iterations, cost 992523177.12, using ogsa_fw
127. Best step size 0.0, 9 iterations, cost 992523069.1, using ogsa_fw
128. Best step size 0.0, 10 iterations, cost 992522830.38, using ogsa_fw
129. Best step size 0.0, 9 iterations, cost 992522720.33, using ogsa_fw
130. Best step size 0.0, 10 iterations, cost 992522611.93, using ogsa_fw
131. Best step size 0.0, 8 iterations, cost 992522582.38, using ogsa_fw
132. Best step size 0.0, 5 iterations, cost 992522570.61, using ogsa_fw
133. Best step size 0.0, 10 iterations, cost 992522543.91, using ogsa_fw
134. Best step size 0.0, 9 iterations, cost 992522522.43, using ogsa_fw
135. Best step size 0.0, 8 iterations, cost 992522499.17, using ogsa_fw
136. Best step size 0.0, 10 iterations, cost 992522462.16, using ogsa_fw
137. Best step size 0.0, 6 iterations, cost 992522449.61, using ogsa_fw
138. Best step size 0.0, 12 iterations, cost 992522417.33, using ogsa_fw
139. Best step size 0.0, 8 iterations, cost 992522396.92, using ogsa_fw
140. Best step size 0.0, 6 iterations, cost 992522383.16, using ogsa_fw
141. Best step size 0.0, 8 iterations, cost 992522376.94, using ogsa_fw
142. Best step size 0.0, 11 iterations, cost 992522367.89, using ogsa_fw
143. Best step size 0.0, 8 iterations, cost 992522362.14, using ogsa_fw
144. Best step size 0.0, 10 iterations, cost 992522354.29, using ogsa_fw
145. Best step size 0.0, 9 iterations, cost 992522343.57, using ogsa_fw
146. Best step size 0.0, 9 iterations, cost 992522328.26, using ogsa_fw
147. Best step size 0.0, 7 iterations, cost 992522321.63, using ogsa_fw
148. Best step size 0.0, 8 iterations, cost 992522306.35, using ogsa_fw
149. Best step size 0.0, 5 iterations, cost 992522302.58, using ogsa_fw
150. Best step size 0.0, 5 iterations, cost 992522298.39, using ogsa_fw
151. Best step size 0.0, 5 iterations, cost 992522296.89, using ogsa_fw
152. Best step size 0.0, 8 iterations, cost 992522294.36, using ogsa_fw
153. Best step size 0.0, 9 iterations, cost 992522288.86, using ogsa_fw
154. Best step size 0.0, 8 iterations, cost 992522284.82, using ogsa_fw
155. Best step size 0.0, 7 iterations, cost 992522280.7, using ogsa_fw
156. Best step size 0.0, 6 iterations, cost 992522277.0, using ogsa_fw
157. Best step size 0.0, 7 iterations, cost 992522273.1, using ogsa_fw
158. Best step size 0.0, 7 iterations, cost 992522268.21, using ogsa_fw
159. Best step size 0.0, 6 iterations, cost 992522264.67, using ogsa_fw
160. Best step size 0.0, 7 iterations, cost 992522260.04, using ogsa_fw
161. Best step size 0.0, 6 iterations, cost 992522257.18, using ogsa_fw
162. Best step size 0.0, 9 iterations, cost 992522250.55, using ogsa_fw
163. Best step size 0.0, 6 iterations, cost 992522247.21, using ogsa_fw
164. Best step size 0.0, 6 iterations, cost 992522245.1, using ogsa_fw
165. Best step size 0.0, 3 iterations, cost 992522243.89, using ogsa_fw
166. Best step size 0.0, 4 iterations, cost 992522242.99, using ogsa_fw
167. Best step size 0.0, 4 iterations, cost 992522242.01, using ogsa_fw
168. Best step size 0.0, 3 iterations, cost 992522241.25, using ogsa_fw
169. Best step size 0.0, 2 iterations, cost 992522240.82, using ogsa_fw
170. Best step size 0.0, 2 iterations, cost 992522240.56, using ogsa_fw
171. Best step size 0.0, 4 iterations, cost 992522239.66, using ogsa_fw
172. Best step size 0.0, 3 iterations, cost 992522238.8, using ogsa_fw
173. Best step size 0.0, 1 iterations, cost 992522238.74, using ogsa_fw
174. Best step size 0.0, 3 iterations, cost 992522238.36, using ogsa_fw
175. Best step size 0.0, 1 iterations, cost 992522238.08, using ogsa_fw
176. Best step size 0.0, 1 iterations, cost 992522237.96, using ogsa_fw
177. Best step size 0.0, 2 iterations, cost 992522237.67, using ogsa_fw
178. Best step size 0, 0 iterations, cost 992522237.67, using ogsa_fw
Converged in 178
Data are written and graphs are painted. 
----------------------------------------
----------------------------------------
----------------------------------------
Experiment is finished. 
{0: {'no_households': 2000, 'penalty_weight': 1, 'no_dependent_tasks': 0, 'no_fully_flexible_tasks_min': 10, 'no_semi_flexible_tasks_min': 0, 'no_fixed_tasks_min': 0, 'algorithm': 'minizinc_fw', 'id': 0, 'init_PAR': 1.24, 'PAR': 1.17, 'init_max_demand': 1684352.0, 'max_demand': 1591158.34, 'total_demand': 65382402.0, 'demand_reduction': 0.06, 'cost_reduction': 0.07, 'pricing_time': 0.03754285714285714, 'rescheduling_time': 1647.0285714285715}, 1: {'no_households': 2000, 'penalty_weight': 1, 'no_dependent_tasks': 0, 'no_fully_flexible_tasks_min': 10, 'no_semi_flexible_tasks_min': 0, 'no_fixed_tasks_min': 0, 'algorithm': 'ogsa_fw', 'id': 0, 'init_PAR': 1.24, 'PAR': 1.03, 'init_max_demand': 1684352.0, 'max_demand': 1402253.38, 'total_demand': 65382402.0, 'demand_reduction': 0.17, 'cost_reduction': 0.11, 'pricing_time': 0.009784916201117318, 'rescheduling_time': 1.9788849162011173}}
----------------------------------------
2000 households, 3 dependent tasks, 10 fully flexible tasks, 0 semi-flexible tasks, 0 fixed tasks, 1 penalty weight. 
----------------------------------------
0. The community is read. 
0. Aggregator is read. 
slurmstepd: error: _is_a_lwp: open() /proc/1059/status failed: No such file or directory
1. Best step size 0.016, 68 iterations, cost 1084385982.88, using minizinc_fw
2. Best step size 0.017, 61 iterations, cost 1060990857.43, using minizinc_fw
3. Best step size 0.018, 65 iterations, cost 1045842275.09, using minizinc_fw
4. Best step size 0.005, 18 iterations, cost 1043038338.05, using minizinc_fw
5. Best step size 0, 0 iterations, cost 1043038338.05, using minizinc_fw
Converged in 5
Data are written and graphs are painted. 
0. The community is read. 
0. Aggregator is read. 
1. Best step size 0.015, 63 iterations, cost 1084782010.25, using ogsa_fw
2. Best step size 0.014, 51 iterations, cost 1062439482.47, using ogsa_fw
3. Best step size 0.014, 51 iterations, cost 1046620522.53, using ogsa_fw
4. Best step size 0.016, 63 iterations, cost 1030722406.02, using ogsa_fw
5. Best step size 0.007, 32 iterations, cost 1026110794.73, using ogsa_fw
6. Best step size 0.01, 40 iterations, cost 1018569238.07, using ogsa_fw
7. Best step size 0.015, 55 iterations, cost 1010577905.04, using ogsa_fw
8. Best step size 0.011, 44 iterations, cost 1005711476.6, using ogsa_fw
9. Best step size 0.007, 25 iterations, cost 1003400126.68, using ogsa_fw
10. Best step size 0.006, 18 iterations, cost 1001440637.9, using ogsa_fw
11. Best step size 0.007, 33 iterations, cost 999494948.68, using ogsa_fw
12. Best step size 0.007, 23 iterations, cost 997767335.31, using ogsa_fw
13. Best step size 0.003, 14 iterations, cost 997007356.8, using ogsa_fw
14. Best step size 0.006, 25 iterations, cost 995922347.89, using ogsa_fw
15. Best step size 0.008, 37 iterations, cost 994724361.64, using ogsa_fw
16. Best step size 0.002, 14 iterations, cost 994409380.47, using ogsa_fw
17. Best step size 0.002, 11 iterations, cost 994120387.33, using ogsa_fw
18. Best step size 0.001, 14 iterations, cost 993989192.46, using ogsa_fw
19. Best step size 0.001, 7 iterations, cost 993854869.25, using ogsa_fw
20. Best step size 0.001, 10 iterations, cost 993692074.0, using ogsa_fw
21. Best step size 0.001, 3 iterations, cost 993644356.14, using ogsa_fw
22. Best step size 0.001, 7 iterations, cost 993544811.79, using ogsa_fw
23. Best step size 0.0, 3 iterations, cost 993513920.75, using ogsa_fw
24. Best step size 0.0, 2 iterations, cost 993504420.73, using ogsa_fw
25. Best step size 0.006, 20 iterations, cost 993250853.27, using ogsa_fw
26. Best step size 0.0, 3 iterations, cost 993215819.22, using ogsa_fw
27. Best step size 0.001, 5 iterations, cost 993156795.96, using ogsa_fw
28. Best step size 0.002, 12 iterations, cost 993069988.1, using ogsa_fw
29. Best step size 0.0, 2 iterations, cost 993038554.8, using ogsa_fw
30. Best step size 0.001, 9 iterations, cost 992998749.59, using ogsa_fw
31. Best step size 0.001, 10 iterations, cost 992971469.58, using ogsa_fw
32. Best step size 0.001, 8 iterations, cost 992955782.85, using ogsa_fw
33. Best step size 0.0, 10 iterations, cost 992937223.19, using ogsa_fw
34. Best step size 0.0, 8 iterations, cost 992930404.36, using ogsa_fw
35. Best step size 0.001, 12 iterations, cost 992918213.86, using ogsa_fw
36. Best step size 0.001, 10 iterations, cost 992901535.72, using ogsa_fw
37. Best step size 0.0, 10 iterations, cost 992884211.07, using ogsa_fw
38. Best step size 0.0, 8 iterations, cost 992874600.82, using ogsa_fw
39. Best step size 0.0, 10 iterations, cost 992864460.98, using ogsa_fw
40. Best step size 0.0, 4 iterations, cost 992852056.64, using ogsa_fw
41. Best step size 0.0, 4 iterations, cost 992831538.1, using ogsa_fw
42. Best step size 0.001, 11 iterations, cost 992813535.87, using ogsa_fw
43. Best step size 0.0, 5 iterations, cost 992807934.08, using ogsa_fw
44. Best step size 0.0, 9 iterations, cost 992801276.94, using ogsa_fw
45. Best step size 0.0, 8 iterations, cost 992798183.79, using ogsa_fw
46. Best step size 0.0, 12 iterations, cost 992791032.52, using ogsa_fw
47. Best step size 0.0, 10 iterations, cost 992788075.79, using ogsa_fw
48. Best step size 0.0, 7 iterations, cost 992786301.64, using ogsa_fw
49. Best step size 0.0, 10 iterations, cost 992784548.61, using ogsa_fw
50. Best step size 0.0, 11 iterations, cost 992782929.01, using ogsa_fw
51. Best step size 0.0, 8 iterations, cost 992782007.87, using ogsa_fw
52. Best step size 0.0, 9 iterations, cost 992780952.59, using ogsa_fw
53. Best step size 0.0, 12 iterations, cost 992778182.22, using ogsa_fw
54. Best step size 0.0, 11 iterations, cost 992775123.93, using ogsa_fw
55. Best step size 0.0, 11 iterations, cost 992761268.29, using ogsa_fw
56. Best step size 0.001, 15 iterations, cost 992744085.55, using ogsa_fw
57. Best step size 0.0, 12 iterations, cost 992734871.03, using ogsa_fw
58. Best step size 0.0, 10 iterations, cost 992725305.28, using ogsa_fw
59. Best step size 0.0, 10 iterations, cost 992720936.48, using ogsa_fw
60. Best step size 0.0, 12 iterations, cost 992716971.58, using ogsa_fw
61. Best step size 0.0, 6 iterations, cost 992716382.27, using ogsa_fw
62. Best step size 0.0, 6 iterations, cost 992715639.68, using ogsa_fw
63. Best step size 0.0, 9 iterations, cost 992714924.18, using ogsa_fw
64. Best step size 0.0, 12 iterations, cost 992713607.32, using ogsa_fw
65. Best step size 0.0, 9 iterations, cost 992712419.48, using ogsa_fw
66. Best step size 0.0, 8 iterations, cost 992711802.86, using ogsa_fw
67. Best step size 0.0, 15 iterations, cost 992708308.22, using ogsa_fw
68. Best step size 0.0, 10 iterations, cost 992703998.68, using ogsa_fw
69. Best step size 0.0, 7 iterations, cost 992702878.67, using ogsa_fw
70. Best step size 0.0, 8 iterations, cost 992702367.24, using ogsa_fw
71. Best step size 0.0, 5 iterations, cost 992701585.87, using ogsa_fw
72. Best step size 0.0, 16 iterations, cost 992695966.84, using ogsa_fw
73. Best step size 0.0, 11 iterations, cost 992691677.29, using ogsa_fw
74. Best step size 0.0, 12 iterations, cost 992683482.49, using ogsa_fw
75. Best step size 0.0, 9 iterations, cost 992680937.57, using ogsa_fw
76. Best step size 0.0, 9 iterations, cost 992679393.15, using ogsa_fw
77. Best step size 0.0, 8 iterations, cost 992678263.93, using ogsa_fw
78. Best step size 0.0, 9 iterations, cost 992677246.47, using ogsa_fw
79. Best step size 0.0, 6 iterations, cost 992677006.96, using ogsa_fw
80. Best step size 0.0, 9 iterations, cost 992676597.69, using ogsa_fw
81. Best step size 0.0, 9 iterations, cost 992676240.24, using ogsa_fw
82. Best step size 0.0, 13 iterations, cost 992675380.17, using ogsa_fw
83. Best step size 0.0, 9 iterations, cost 992674974.79, using ogsa_fw
84. Best step size 0.0, 10 iterations, cost 992674671.7, using ogsa_fw
85. Best step size 0.0, 8 iterations, cost 992674569.09, using ogsa_fw
86. Best step size 0.0, 10 iterations, cost 992674458.23, using ogsa_fw
87. Best step size 0.0, 13 iterations, cost 992674314.01, using ogsa_fw
88. Best step size 0.0, 8 iterations, cost 992674270.98, using ogsa_fw
89. Best step size 0.0, 9 iterations, cost 992674234.57, using ogsa_fw
90. Best step size 0.0, 7 iterations, cost 992674219.9, using ogsa_fw
91. Best step size 0.0, 7 iterations, cost 992674205.89, using ogsa_fw
92. Best step size 0.0, 12 iterations, cost 992674146.45, using ogsa_fw
93. Best step size 0.0, 11 iterations, cost 992674070.97, using ogsa_fw
94. Best step size 0.0, 11 iterations, cost 992674023.05, using ogsa_fw
95. Best step size 0.0, 11 iterations, cost 992673939.44, using ogsa_fw
96. Best step size 0.0, 7 iterations, cost 992673856.85, using ogsa_fw
97. Best step size 0.0, 9 iterations, cost 992673815.25, using ogsa_fw
98. Best step size 0.0, 10 iterations, cost 992673774.69, using ogsa_fw
99. Best step size 0.0, 7 iterations, cost 992673762.55, using ogsa_fw
100. Best step size 0.0, 18 iterations, cost 992673599.92, using ogsa_fw
101. Best step size 0.0, 9 iterations, cost 992673525.06, using ogsa_fw
102. Best step size 0.0, 8 iterations, cost 992673491.1, using ogsa_fw
103. Best step size 0.0, 7 iterations, cost 992673475.08, using ogsa_fw
104. Best step size 0.0, 11 iterations, cost 992673450.97, using ogsa_fw
105. Best step size 0.0, 10 iterations, cost 992673429.27, using ogsa_fw
106. Best step size 0.0, 7 iterations, cost 992673421.21, using ogsa_fw
107. Best step size 0.0, 10 iterations, cost 992673400.72, using ogsa_fw
108. Best step size 0.0, 10 iterations, cost 992673393.32, using ogsa_fw
109. Best step size 0.0, 5 iterations, cost 992673388.39, using ogsa_fw
110. Best step size 0.0, 10 iterations, cost 992673383.12, using ogsa_fw
111. Best step size 0.0, 3 iterations, cost 992673381.75, using ogsa_fw
112. Best step size 0.0, 4 iterations, cost 992673380.7, using ogsa_fw
113. Best step size 0.0, 6 iterations, cost 992673379.02, using ogsa_fw
114. Best step size 0.0, 6 iterations, cost 992673377.23, using ogsa_fw
115. Best step size 0.0, 3 iterations, cost 992673376.24, using ogsa_fw
116. Best step size 0.0, 4 iterations, cost 992673375.43, using ogsa_fw
117. Best step size 0.0, 3 iterations, cost 992673373.97, using ogsa_fw
118. Best step size 0.0, 5 iterations, cost 992673372.96, using ogsa_fw
119. Best step size 0.0, 2 iterations, cost 992673372.65, using ogsa_fw
120. Best step size 0.0, 2 iterations, cost 992673372.28, using ogsa_fw
121. Best step size 0.0, 4 iterations, cost 992673371.69, using ogsa_fw
122. Best step size 0.0, 1 iterations, cost 992673371.57, using ogsa_fw
123. Best step size 0.0, 1 iterations, cost 992673371.41, using ogsa_fw
124. Best step size 0.0, 7 iterations, cost 992673368.74, using ogsa_fw
125. Best step size 0.0, 8 iterations, cost 992673365.12, using ogsa_fw
126. Best step size 0.0, 6 iterations, cost 992673362.89, using ogsa_fw
127. Best step size 0.0, 6 iterations, cost 992673361.09, using ogsa_fw
128. Best step size 0.0, 12 iterations, cost 992673354.54, using ogsa_fw
129. Best step size 0.0, 4 iterations, cost 992673351.8, using ogsa_fw
130. Best step size 0.0, 4 iterations, cost 992673349.56, using ogsa_fw
131. Best step size 0.0, 3 iterations, cost 992673348.23, using ogsa_fw
132. Best step size 0.0, 5 iterations, cost 992673346.57, using ogsa_fw
133. Best step size 0.0, 4 iterations, cost 992673345.51, using ogsa_fw
134. Best step size 0.0, 3 iterations, cost 992673344.64, using ogsa_fw
135. Best step size 0.0, 2 iterations, cost 992673344.46, using ogsa_fw
136. Best step size 0.0, 1 iterations, cost 992673343.9, using ogsa_fw
137. Best step size 0.0, 2 iterations, cost 992673343.66, using ogsa_fw
138. Best step size 0.0, 2 iterations, cost 992673343.5, using ogsa_fw
139. Best step size 0.0, 5 iterations, cost 992673342.18, using ogsa_fw
140. Best step size 0.0, 4 iterations, cost 992673341.35, using ogsa_fw
141. Best step size 0.0, 3 iterations, cost 992673340.85, using ogsa_fw
142. Best step size 0.0, 3 iterations, cost 992673340.26, using ogsa_fw
143. Best step size 0.0, 4 iterations, cost 992673339.62, using ogsa_fw
144. Best step size 0.0, 5 iterations, cost 992673337.88, using ogsa_fw
145. Best step size 0.0, 7 iterations, cost 992673335.54, using ogsa_fw
146. Best step size 0.0, 4 iterations, cost 992673333.77, using ogsa_fw
147. Best step size 0.0, 3 iterations, cost 992673333.48, using ogsa_fw
148. Best step size 0.0, 5 iterations, cost 992673332.4, using ogsa_fw
149. Best step size 0.0, 5 iterations, cost 992673330.58, using ogsa_fw
150. Best step size 0.0, 2 iterations, cost 992673330.09, using ogsa_fw
151. Best step size 0.0, 2 iterations, cost 992673329.61, using ogsa_fw
152. Best step size 0.0, 9 iterations, cost 992673324.91, using ogsa_fw
153. Best step size 0.0, 7 iterations, cost 992673313.59, using ogsa_fw
154. Best step size 0.0, 5 iterations, cost 992673311.22, using ogsa_fw
155. Best step size 0.0, 5 iterations, cost 992673309.03, using ogsa_fw
156. Best step size 0.0, 3 iterations, cost 992673308.42, using ogsa_fw
157. Best step size 0.0, 4 iterations, cost 992673307.75, using ogsa_fw
158. Best step size 0.0, 2 iterations, cost 992673307.18, using ogsa_fw
159. Best step size 0.0, 9 iterations, cost 992673300.68, using ogsa_fw
160. Best step size 0.0, 6 iterations, cost 992673297.07, using ogsa_fw
161. Best step size 0.0, 6 iterations, cost 992673292.72, using ogsa_fw
162. Best step size 0.0, 4 iterations, cost 992673290.99, using ogsa_fw
163. Best step size 0.0, 2 iterations, cost 992673290.25, using ogsa_fw
164. Best step size 0.0, 5 iterations, cost 992673288.95, using ogsa_fw
165. Best step size 0.0, 4 iterations, cost 992673288.12, using ogsa_fw
166. Best step size 0.0, 3 iterations, cost 992673287.41, using ogsa_fw
167. Best step size 0.0, 3 iterations, cost 992673286.54, using ogsa_fw
168. Best step size 0.0, 3 iterations, cost 992673286.2, using ogsa_fw
169. Best step size 0.0, 6 iterations, cost 992673284.94, using ogsa_fw
170. Best step size 0.0, 3 iterations, cost 992673284.17, using ogsa_fw
171. Best step size 0.0, 2 iterations, cost 992673283.56, using ogsa_fw
172. Best step size 0.0, 2 iterations, cost 992673283.09, using ogsa_fw
173. Best step size 0.0, 2 iterations, cost 992673282.88, using ogsa_fw
174. Best step size 0.0, 7 iterations, cost 992673279.66, using ogsa_fw
175. Best step size 0.0, 6 iterations, cost 992673276.5, using ogsa_fw
176. Best step size 0.0, 5 iterations, cost 992673274.38, using ogsa_fw
177. Best step size 0.0, 6 iterations, cost 992673272.17, using ogsa_fw
178. Best step size 0.0, 5 iterations, cost 992673269.81, using ogsa_fw
179. Best step size 0.0, 4 iterations, cost 992673268.15, using ogsa_fw
180. Best step size 0.0, 3 iterations, cost 992673267.44, using ogsa_fw
181. Best step size 0.0, 3 iterations, cost 992673266.83, using ogsa_fw
182. Best step size 0.0, 1 iterations, cost 992673266.64, using ogsa_fw
183. Best step size 0.0, 1 iterations, cost 992673266.49, using ogsa_fw
184. Best step size 0.0, 1 iterations, cost 992673266.45, using ogsa_fw
185. Best step size 0.0, 1 iterations, cost 992673266.42, using ogsa_fw
186. Best step size 0.0, 2 iterations, cost 992673266.16, using ogsa_fw
187. Best step size 0.0, 2 iterations, cost 992673265.92, using ogsa_fw
188. Best step size 0.0, 2 iterations, cost 992673265.65, using ogsa_fw
189. Best step size 0.0, 2 iterations, cost 992673265.27, using ogsa_fw
190. Best step size 0.0, 6 iterations, cost 992673263.16, using ogsa_fw
191. Best step size 0.0, 4 iterations, cost 992673260.58, using ogsa_fw
192. Best step size 0.0, 3 iterations, cost 992673259.42, using ogsa_fw
193. Best step size 0.0, 2 iterations, cost 992673258.98, using ogsa_fw
194. Best step size 0.0, 2 iterations, cost 992673258.49, using ogsa_fw
195. Best step size 0.0, 1 iterations, cost 992673258.36, using ogsa_fw
196. Best step size 0.0, 1 iterations, cost 992673258.24, using ogsa_fw
197. Best step size 0.0, 2 iterations, cost 992673257.97, using ogsa_fw
198. Best step size 0.0, 1 iterations, cost 992673257.85, using ogsa_fw
199. Best step size 0.0, 1 iterations, cost 992673257.7, using ogsa_fw
200. Best step size 0.0, 1 iterations, cost 992673257.58, using ogsa_fw
201. Best step size 0.0, 1 iterations, cost 992673257.51, using ogsa_fw
202. Best step size 0.0, 1 iterations, cost 992673257.45, using ogsa_fw
203. Best step size 0.0, 1 iterations, cost 992673257.26, using ogsa_fw
204. Best step size 0, 0 iterations, cost 992673257.26, using ogsa_fw
Converged in 204
Data are written and graphs are painted. 
----------------------------------------
----------------------------------------
----------------------------------------
Experiment is finished. 
{0: {'no_households': 2000, 'penalty_weight': 1, 'no_dependent_tasks': 0, 'no_fully_flexible_tasks_min': 10, 'no_semi_flexible_tasks_min': 0, 'no_fixed_tasks_min': 0, 'algorithm': 'minizinc_fw', 'id': 0, 'init_PAR': 1.24, 'PAR': 1.17, 'init_max_demand': 1684352.0, 'max_demand': 1591158.34, 'total_demand': 65382402.0, 'demand_reduction': 0.06, 'cost_reduction': 0.07, 'pricing_time': 0.03754285714285714, 'rescheduling_time': 1647.0285714285715}, 1: {'no_households': 2000, 'penalty_weight': 1, 'no_dependent_tasks': 0, 'no_fully_flexible_tasks_min': 10, 'no_semi_flexible_tasks_min': 0, 'no_fixed_tasks_min': 0, 'algorithm': 'ogsa_fw', 'id': 0, 'init_PAR': 1.24, 'PAR': 1.03, 'init_max_demand': 1684352.0, 'max_demand': 1402253.38, 'total_demand': 65382402.0, 'demand_reduction': 0.17, 'cost_reduction': 0.11, 'pricing_time': 0.009784916201117318, 'rescheduling_time': 1.9788849162011173}, 2: {'no_households': 2000, 'penalty_weight': 1, 'no_dependent_tasks': 3, 'no_fully_flexible_tasks_min': 10, 'no_semi_flexible_tasks_min': 0, 'no_fixed_tasks_min': 0, 'algorithm': 'minizinc_fw', 'id': 0, 'init_PAR': 1.24, 'PAR': 1.17, 'init_max_demand': 1684352.0, 'max_demand': 1593151.69, 'total_demand': 65382402.0, 'demand_reduction': 0.05, 'cost_reduction': 0.06, 'pricing_time': 0.03808333333333334, 'rescheduling_time': 1816.1816666666666}, 3: {'no_households': 2000, 'penalty_weight': 1, 'no_dependent_tasks': 3, 'no_fully_flexible_tasks_min': 10, 'no_semi_flexible_tasks_min': 0, 'no_fixed_tasks_min': 0, 'algorithm': 'ogsa_fw', 'id': 0, 'init_PAR': 1.24, 'PAR': 1.04, 'init_max_demand': 1684352.0, 'max_demand': 1413066.32, 'total_demand': 65382402.0, 'demand_reduction': 0.16, 'cost_reduction': 0.11, 'pricing_time': 0.009131707317073173, 'rescheduling_time': 1.9050809756097544}}
----------------------------------------
2000 households, 5 dependent tasks, 10 fully flexible tasks, 0 semi-flexible tasks, 0 fixed tasks, 1 penalty weight. 
----------------------------------------
0. The community is read. 
0. Aggregator is read. 
1. Best step size 0.018, 70 iterations, cost 1082437102.16, using minizinc_fw
2. Best step size 0.017, 63 iterations, cost 1059135692.95, using minizinc_fw
3. Best step size 0.015, 54 iterations, cost 1047865181.51, using minizinc_fw
4. Best step size 0.002, 13 iterations, cost 1046991136.09, using minizinc_fw
5. Best step size 0, 0 iterations, cost 1046991136.09, using minizinc_fw
Converged in 5
Data are written and graphs are painted. 
0. The community is read. 
0. Aggregator is read. 
1. Best step size 0.02, 75 iterations, cost 1077156088.38, using ogsa_fw
2. Best step size 0.019, 72 iterations, cost 1050608549.37, using ogsa_fw
3. Best step size 0.015, 56 iterations, cost 1035433214.88, using ogsa_fw
4. Best step size 0.015, 55 iterations, cost 1023235468.05, using ogsa_fw
5. Best step size 0.014, 43 iterations, cost 1015258530.03, using ogsa_fw
6. Best step size 0.008, 30 iterations, cost 1010799710.16, using ogsa_fw
7. Best step size 0.012, 40 iterations, cost 1006128733.66, using ogsa_fw
8. Best step size 0.009, 36 iterations, cost 1002946585.17, using ogsa_fw
9. Best step size 0.009, 28 iterations, cost 1000315161.05, using ogsa_fw
10. Best step size 0.005, 24 iterations, cost 998764081.7, using ogsa_fw
11. Best step size 0.003, 8 iterations, cost 998253493.29, using ogsa_fw
12. Best step size 0.006, 20 iterations, cost 996992076.35, using ogsa_fw
13. Best step size 0.003, 17 iterations, cost 996442916.39, using ogsa_fw
14. Best step size 0.004, 22 iterations, cost 995574773.53, using ogsa_fw
15. Best step size 0.002, 12 iterations, cost 995196651.83, using ogsa_fw
16. Best step size 0.006, 23 iterations, cost 994391882.09, using ogsa_fw
17. Best step size 0.002, 12 iterations, cost 994133557.34, using ogsa_fw
18. Best step size 0.001, 6 iterations, cost 993990289.49, using ogsa_fw
19. Best step size 0.001, 6 iterations, cost 993891963.63, using ogsa_fw
20. Best step size 0.001, 7 iterations, cost 993764751.72, using ogsa_fw
21. Best step size 0.001, 8 iterations, cost 993709682.95, using ogsa_fw
22. Best step size 0.001, 11 iterations, cost 993597156.79, using ogsa_fw
23. Best step size 0.002, 11 iterations, cost 993460255.71, using ogsa_fw
24. Best step size 0.001, 5 iterations, cost 993377009.39, using ogsa_fw
25. Best step size 0.001, 11 iterations, cost 993221449.62, using ogsa_fw
26. Best step size 0.001, 3 iterations, cost 993185144.81, using ogsa_fw
27. Best step size 0.005, 14 iterations, cost 993008767.16, using ogsa_fw
28. Best step size 0.001, 5 iterations, cost 992965878.3, using ogsa_fw
29. Best step size 0.003, 14 iterations, cost 992883031.2, using ogsa_fw
30. Best step size 0.002, 10 iterations, cost 992816404.45, using ogsa_fw
31. Best step size 0.001, 10 iterations, cost 992789945.23, using ogsa_fw
32. Best step size 0.001, 10 iterations, cost 992768124.0, using ogsa_fw
33. Best step size 0.0, 10 iterations, cost 992748908.75, using ogsa_fw
34. Best step size 0.0, 11 iterations, cost 992735712.62, using ogsa_fw
35. Best step size 0.001, 13 iterations, cost 992716222.6, using ogsa_fw
36. Best step size 0.0, 1 iterations, cost 992715794.57, using ogsa_fw
37. Best step size 0.0, 11 iterations, cost 992700766.38, using ogsa_fw
38. Best step size 0.0, 8 iterations, cost 992693813.67, using ogsa_fw
39. Best step size 0.0, 6 iterations, cost 992688541.48, using ogsa_fw
40. Best step size 0.0, 8 iterations, cost 992685618.83, using ogsa_fw
41. Best step size 0.0, 6 iterations, cost 992683621.03, using ogsa_fw
42. Best step size 0.0, 9 iterations, cost 992681329.27, using ogsa_fw
43. Best step size 0.0, 9 iterations, cost 992678152.63, using ogsa_fw
44. Best step size 0.0, 10 iterations, cost 992673629.68, using ogsa_fw
45. Best step size 0.0, 19 iterations, cost 992662057.77, using ogsa_fw
46. Best step size 0.0, 9 iterations, cost 992653700.81, using ogsa_fw
47. Best step size 0.0, 5 iterations, cost 992645955.13, using ogsa_fw
48. Best step size 0.0, 11 iterations, cost 992640220.79, using ogsa_fw
49. Best step size 0.0, 9 iterations, cost 992637815.32, using ogsa_fw
50. Best step size 0.0, 10 iterations, cost 992635782.05, using ogsa_fw
51. Best step size 0.0, 10 iterations, cost 992633987.4, using ogsa_fw
52. Best step size 0.0, 9 iterations, cost 992632536.74, using ogsa_fw
53. Best step size 0.0, 6 iterations, cost 992631995.04, using ogsa_fw
54. Best step size 0.0, 9 iterations, cost 992630983.89, using ogsa_fw
55. Best step size 0.0, 10 iterations, cost 992630333.2, using ogsa_fw
56. Best step size 0.0, 10 iterations, cost 992629741.06, using ogsa_fw
57. Best step size 0.0, 7 iterations, cost 992629569.02, using ogsa_fw
58. Best step size 0.0, 20 iterations, cost 992626187.48, using ogsa_fw
59. Best step size 0.0, 9 iterations, cost 992624333.84, using ogsa_fw
60. Best step size 0.0, 10 iterations, cost 992623057.02, using ogsa_fw
61. Best step size 0.0, 9 iterations, cost 992622390.93, using ogsa_fw
62. Best step size 0.0, 11 iterations, cost 992622054.42, using ogsa_fw
63. Best step size 0.0, 9 iterations, cost 992621783.85, using ogsa_fw
64. Best step size 0.0, 12 iterations, cost 992621400.27, using ogsa_fw
65. Best step size 0.0, 8 iterations, cost 992621036.21, using ogsa_fw
66. Best step size 0.0, 11 iterations, cost 992620903.0, using ogsa_fw
67. Best step size 0.0, 11 iterations, cost 992620747.35, using ogsa_fw
68. Best step size 0.0, 9 iterations, cost 992620597.05, using ogsa_fw
69. Best step size 0.0, 6 iterations, cost 992620552.73, using ogsa_fw
70. Best step size 0.0, 9 iterations, cost 992620465.14, using ogsa_fw
71. Best step size 0.0, 8 iterations, cost 992620412.0, using ogsa_fw
72. Best step size 0.0, 18 iterations, cost 992619745.98, using ogsa_fw
73. Best step size 0.0, 14 iterations, cost 992618223.12, using ogsa_fw
74. Best step size 0.0, 9 iterations, cost 992618086.94, using ogsa_fw
75. Best step size 0.0, 12 iterations, cost 992617772.21, using ogsa_fw
76. Best step size 0.0, 9 iterations, cost 992617603.96, using ogsa_fw
77. Best step size 0.0, 9 iterations, cost 992617337.33, using ogsa_fw
78. Best step size 0.0, 7 iterations, cost 992617256.34, using ogsa_fw
79. Best step size 0.0, 18 iterations, cost 992616502.12, using ogsa_fw
80. Best step size 0.0, 12 iterations, cost 992615769.37, using ogsa_fw
81. Best step size 0.0, 10 iterations, cost 992615311.43, using ogsa_fw
82. Best step size 0.0, 9 iterations, cost 992615083.53, using ogsa_fw
83. Best step size 0.0, 9 iterations, cost 992614845.8, using ogsa_fw
84. Best step size 0.0, 8 iterations, cost 992614763.34, using ogsa_fw
85. Best step size 0.0, 12 iterations, cost 992614630.85, using ogsa_fw
86. Best step size 0.0, 13 iterations, cost 992614391.64, using ogsa_fw
87. Best step size 0.0, 11 iterations, cost 992614275.96, using ogsa_fw
88. Best step size 0.0, 9 iterations, cost 992614195.75, using ogsa_fw
89. Best step size 0.0, 6 iterations, cost 992614160.82, using ogsa_fw
90. Best step size 0.0, 8 iterations, cost 992614144.07, using ogsa_fw
91. Best step size 0.0, 7 iterations, cost 992614123.83, using ogsa_fw
92. Best step size 0.0, 8 iterations, cost 992614105.39, using ogsa_fw
93. Best step size 0.0, 9 iterations, cost 992614070.11, using ogsa_fw
94. Best step size 0.001, 19 iterations, cost 992607320.12, using ogsa_fw
95. Best step size 0.001, 10 iterations, cost 992596074.2, using ogsa_fw
96. Best step size 0.0, 7 iterations, cost 992589589.12, using ogsa_fw
slurmstepd: error: *** JOB 6540920 ON mk00 CANCELLED AT 2020-11-24T12:16:33 ***
