Arguments count: 1
Argument      0: ./run-monarch.py
----------------------------------------
1000 households, 0 dependent tasks, 10 fully flexible tasks, 0 semi-flexible tasks, 0 fixed tasks, 1 penalty weight. 
----------------------------------------
0. The community is created. 
0. Aggregator is created. 
1. Best step size 0.016, 16 iterations, cost 493917713.89, using minizinc_fw
2. Best step size 0.02, 20 iterations, cost 486252681.13, using minizinc_fw
3. Best step size 0.011, 11 iterations, cost 482783998.34, using minizinc_fw
4. Best step size 0, 0 iterations, cost 482783998.34, using minizinc_fw
Converged in 4
Data are written and graphs are painted. 
0. The community is read. 
0. Aggregator is read. 
1. Best step size 0.014, 14 iterations, cost 495135422.25, using ogsa_fw
2. Best step size 0.022, 22 iterations, cost 485913762.55, using ogsa_fw
3. Best step size 0.01, 10 iterations, cost 482446813.4, using ogsa_fw
4. Best step size 0.008, 8 iterations, cost 479905019.04, using ogsa_fw
5. Best step size 0.009, 9 iterations, cost 477609606.32, using ogsa_fw
6. Best step size 0.007, 7 iterations, cost 475950534.58, using ogsa_fw
7. Best step size 0.012, 12 iterations, cost 473811521.34, using ogsa_fw
8. Best step size 0.01, 10 iterations, cost 472088850.71, using ogsa_fw
9. Best step size 0.006, 6 iterations, cost 471187131.27, using ogsa_fw
10. Best step size 0.007, 7 iterations, cost 470240183.71, using ogsa_fw
11. Best step size 0.008, 8 iterations, cost 469321484.16, using ogsa_fw
12. Best step size 0.008, 8 iterations, cost 468557654.36, using ogsa_fw
13. Best step size 0.006, 5 iterations, cost 468013257.15, using ogsa_fw
14. Best step size 0.006, 6 iterations, cost 467550420.06, using ogsa_fw
15. Best step size 0.004, 4 iterations, cost 467287525.49, using ogsa_fw
16. Best step size 0.004, 4 iterations, cost 467080103.62, using ogsa_fw
17. Best step size 0.004, 4 iterations, cost 466835601.01, using ogsa_fw
18. Best step size 0.006, 6 iterations, cost 466496401.69, using ogsa_fw
19. Best step size 0.002, 2 iterations, cost 466400336.75, using ogsa_fw
20. Best step size 0.003, 3 iterations, cost 466271031.1, using ogsa_fw
21. Best step size 0.002, 2 iterations, cost 466223325.83, using ogsa_fw
22. Best step size 0.002, 2 iterations, cost 466170196.19, using ogsa_fw
23. Best step size 0.002, 2 iterations, cost 466104442.21, using ogsa_fw
24. Best step size 0.001, 1 iterations, cost 466062097.05, using ogsa_fw
25. Best step size 0, 0 iterations, cost 466062097.05, using ogsa_fw
Converged in 25
Data are written and graphs are painted. 
----------------------------------------
----------------------------------------
----------------------------------------
Experiment is finished. 
{0: {'no_households': 1000, 'penalty_weight': 1, 'no_dependent_tasks': 0, 'no_fully_flexible_tasks_min': 10, 'no_semi_flexible_tasks_min': 0, 'no_fixed_tasks_min': 0, 'algorithm': 'minizinc_fw', 'id': 0, 'init_PAR': 1.33, 'PAR': 1.27, 'init_max_demand': 883645.0, 'max_demand': 843054.73, 'total_demand': 31963828.0, 'demand_reduction': 0.05, 'cost_reduction': 0.04, 'pricing_time': 0.01638, 'rescheduling_time': 967.68}, 1: {'no_households': 1000, 'penalty_weight': 1, 'no_dependent_tasks': 0, 'no_fully_flexible_tasks_min': 10, 'no_semi_flexible_tasks_min': 0, 'no_fixed_tasks_min': 0, 'algorithm': 'ogsa_fw', 'id': 0, 'init_PAR': 1.33, 'PAR': 1.13, 'init_max_demand': 883645.0, 'max_demand': 750675.03, 'total_demand': 31963828.0, 'demand_reduction': 0.15, 'cost_reduction': 0.07, 'pricing_time': 0.004923076923076923, 'rescheduling_time': 0.9705307692307693}}
----------------------------------------
1000 households, 1 dependent tasks, 10 fully flexible tasks, 0 semi-flexible tasks, 0 fixed tasks, 1 penalty weight. 
----------------------------------------
0. The community is read. 
0. Aggregator is read. 
1. Best step size 0.016, 16 iterations, cost 493820422.77, using minizinc_fw
2. Best step size 0.021, 21 iterations, cost 485953379.87, using minizinc_fw
3. Best step size 0.015, 15 iterations, cost 482280083.26, using minizinc_fw
4. Best step size 0, 0 iterations, cost 482280083.26, using minizinc_fw
Converged in 4
Data are written and graphs are painted. 
0. The community is read. 
0. Aggregator is read. 
1. Best step size 0.015, 15 iterations, cost 494482212.14, using ogsa_fw
2. Best step size 0.024, 24 iterations, cost 484785274.01, using ogsa_fw
3. Best step size 0.017, 17 iterations, cost 479545441.77, using ogsa_fw
4. Best step size 0.01, 10 iterations, cost 476949433.33, using ogsa_fw
5. Best step size 0.016, 16 iterations, cost 473809932.36, using ogsa_fw
6. Best step size 0.013, 13 iterations, cost 471634010.98, using ogsa_fw
7. Best step size 0.006, 6 iterations, cost 470770074.98, using ogsa_fw
8. Best step size 0.008, 8 iterations, cost 469788779.91, using ogsa_fw
9. Best step size 0.007, 7 iterations, cost 469101242.71, using ogsa_fw
10. Best step size 0.007, 7 iterations, cost 468555816.51, using ogsa_fw
11. Best step size 0.006, 6 iterations, cost 468105256.52, using ogsa_fw
12. Best step size 0.009, 9 iterations, cost 467527801.09, using ogsa_fw
13. Best step size 0.003, 3 iterations, cost 467302794.76, using ogsa_fw
14. Best step size 0.004, 4 iterations, cost 467038086.12, using ogsa_fw
15. Best step size 0.004, 4 iterations, cost 466777393.5, using ogsa_fw
16. Best step size 0.005, 5 iterations, cost 466535738.29, using ogsa_fw
17. Best step size 0.003, 3 iterations, cost 466427753.82, using ogsa_fw
18. Best step size 0.001, 1 iterations, cost 466385090.59, using ogsa_fw
19. Best step size 0.001, 1 iterations, cost 466340485.75, using ogsa_fw
20. Best step size 0.002, 2 iterations, cost 466253924.39, using ogsa_fw
21. Best step size 0.001, 1 iterations, cost 466218117.99, using ogsa_fw
22. Best step size 0.003, 3 iterations, cost 466150593.63, using ogsa_fw
23. Best step size 0.001, 1 iterations, cost 466110246.49, using ogsa_fw
24. Best step size 0.001, 1 iterations, cost 466082370.3, using ogsa_fw
25. Best step size 0.006, 5 iterations, cost 465974499.61, using ogsa_fw
26. Best step size 0, 0 iterations, cost 465974499.61, using ogsa_fw
Converged in 26
Data are written and graphs are painted. 
----------------------------------------
----------------------------------------
----------------------------------------
Experiment is finished. 
{0: {'no_households': 1000, 'penalty_weight': 1, 'no_dependent_tasks': 0, 'no_fully_flexible_tasks_min': 10, 'no_semi_flexible_tasks_min': 0, 'no_fixed_tasks_min': 0, 'algorithm': 'minizinc_fw', 'id': 0, 'init_PAR': 1.33, 'PAR': 1.27, 'init_max_demand': 883645.0, 'max_demand': 843054.73, 'total_demand': 31963828.0, 'demand_reduction': 0.05, 'cost_reduction': 0.04, 'pricing_time': 0.01638, 'rescheduling_time': 967.68}, 1: {'no_households': 1000, 'penalty_weight': 1, 'no_dependent_tasks': 0, 'no_fully_flexible_tasks_min': 10, 'no_semi_flexible_tasks_min': 0, 'no_fixed_tasks_min': 0, 'algorithm': 'ogsa_fw', 'id': 0, 'init_PAR': 1.33, 'PAR': 1.13, 'init_max_demand': 883645.0, 'max_demand': 750675.03, 'total_demand': 31963828.0, 'demand_reduction': 0.15, 'cost_reduction': 0.07, 'pricing_time': 0.004923076923076923, 'rescheduling_time': 0.9705307692307693}, 2: {'no_households': 1000, 'penalty_weight': 1, 'no_dependent_tasks': 1, 'no_fully_flexible_tasks_min': 10, 'no_semi_flexible_tasks_min': 0, 'no_fixed_tasks_min': 0, 'algorithm': 'minizinc_fw', 'id': 0, 'init_PAR': 1.33, 'PAR': 1.26, 'init_max_demand': 883645.0, 'max_demand': 838847.88, 'total_demand': 31963828.0, 'demand_reduction': 0.05, 'cost_reduction': 0.04, 'pricing_time': 0.0183, 'rescheduling_time': 980.1220000000001}, 3: {'no_households': 1000, 'penalty_weight': 1, 'no_dependent_tasks': 1, 'no_fully_flexible_tasks_min': 10, 'no_semi_flexible_tasks_min': 0, 'no_fixed_tasks_min': 0, 'algorithm': 'ogsa_fw', 'id': 0, 'init_PAR': 1.33, 'PAR': 1.12, 'init_max_demand': 883645.0, 'max_demand': 743942.76, 'total_demand': 31963828.0, 'demand_reduction': 0.16, 'cost_reduction': 0.07, 'pricing_time': 0.005485185185185187, 'rescheduling_time': 0.9809851851851851}}
----------------------------------------
1000 households, 3 dependent tasks, 10 fully flexible tasks, 0 semi-flexible tasks, 0 fixed tasks, 1 penalty weight. 
----------------------------------------
0. The community is read. 
0. Aggregator is read. 
1. Best step size 0.018, 18 iterations, cost 493261094.13, using minizinc_fw
2. Best step size 0.022, 22 iterations, cost 485252883.37, using minizinc_fw
3. Best step size 0.014, 13 iterations, cost 481756628.9, using minizinc_fw
4. Best step size 0, 0 iterations, cost 481756628.9, using minizinc_fw
Converged in 4
Data are written and graphs are painted. 
0. The community is read. 
0. Aggregator is read. 
1. Best step size 0.019, 19 iterations, cost 493012462.57, using ogsa_fw
2. Best step size 0.015, 14 iterations, cost 487013832.84, using ogsa_fw
3. Best step size 0.021, 21 iterations, cost 480318456.86, using ogsa_fw
4. Best step size 0.016, 15 iterations, cost 476450907.26, using ogsa_fw
5. Best step size 0.012, 12 iterations, cost 474088158.88, using ogsa_fw
6. Best step size 0.009, 9 iterations, cost 472477433.58, using ogsa_fw
7. Best step size 0.009, 9 iterations, cost 471122594.18, using ogsa_fw
8. Best step size 0.006, 6 iterations, cost 470422975.78, using ogsa_fw
9. Best step size 0.006, 6 iterations, cost 469762158.46, using ogsa_fw
10. Best step size 0.012, 12 iterations, cost 468575225.76, using ogsa_fw
11. Best step size 0.009, 8 iterations, cost 467850859.07, using ogsa_fw
12. Best step size 0.006, 6 iterations, cost 467419220.49, using ogsa_fw
13. Best step size 0.004, 4 iterations, cost 467173135.42, using ogsa_fw
14. Best step size 0.007, 7 iterations, cost 466816303.33, using ogsa_fw
15. Best step size 0.005, 5 iterations, cost 466590108.82, using ogsa_fw
16. Best step size 0.006, 6 iterations, cost 466350885.08, using ogsa_fw
17. Best step size 0.003, 3 iterations, cost 466217855.64, using ogsa_fw
18. Best step size 0.005, 5 iterations, cost 466075265.59, using ogsa_fw
19. Best step size 0.003, 3 iterations, cost 465999618.36, using ogsa_fw
20. Best step size 0.002, 2 iterations, cost 465947961.98, using ogsa_fw
21. Best step size 0.001, 1 iterations, cost 465930830.16, using ogsa_fw
22. Best step size 0.001, 1 iterations, cost 465918107.1, using ogsa_fw
23. Best step size 0, 0 iterations, cost 465918107.1, using ogsa_fw
Converged in 23
Data are written and graphs are painted. 
----------------------------------------
----------------------------------------
----------------------------------------
Experiment is finished. 
{0: {'no_households': 1000, 'penalty_weight': 1, 'no_dependent_tasks': 0, 'no_fully_flexible_tasks_min': 10, 'no_semi_flexible_tasks_min': 0, 'no_fixed_tasks_min': 0, 'algorithm': 'minizinc_fw', 'id': 0, 'init_PAR': 1.33, 'PAR': 1.27, 'init_max_demand': 883645.0, 'max_demand': 843054.73, 'total_demand': 31963828.0, 'demand_reduction': 0.05, 'cost_reduction': 0.04, 'pricing_time': 0.01638, 'rescheduling_time': 967.68}, 1: {'no_households': 1000, 'penalty_weight': 1, 'no_dependent_tasks': 0, 'no_fully_flexible_tasks_min': 10, 'no_semi_flexible_tasks_min': 0, 'no_fixed_tasks_min': 0, 'algorithm': 'ogsa_fw', 'id': 0, 'init_PAR': 1.33, 'PAR': 1.13, 'init_max_demand': 883645.0, 'max_demand': 750675.03, 'total_demand': 31963828.0, 'demand_reduction': 0.15, 'cost_reduction': 0.07, 'pricing_time': 0.004923076923076923, 'rescheduling_time': 0.9705307692307693}, 2: {'no_households': 1000, 'penalty_weight': 1, 'no_dependent_tasks': 1, 'no_fully_flexible_tasks_min': 10, 'no_semi_flexible_tasks_min': 0, 'no_fixed_tasks_min': 0, 'algorithm': 'minizinc_fw', 'id': 0, 'init_PAR': 1.33, 'PAR': 1.26, 'init_max_demand': 883645.0, 'max_demand': 838847.88, 'total_demand': 31963828.0, 'demand_reduction': 0.05, 'cost_reduction': 0.04, 'pricing_time': 0.0183, 'rescheduling_time': 980.1220000000001}, 3: {'no_households': 1000, 'penalty_weight': 1, 'no_dependent_tasks': 1, 'no_fully_flexible_tasks_min': 10, 'no_semi_flexible_tasks_min': 0, 'no_fixed_tasks_min': 0, 'algorithm': 'ogsa_fw', 'id': 0, 'init_PAR': 1.33, 'PAR': 1.12, 'init_max_demand': 883645.0, 'max_demand': 743942.76, 'total_demand': 31963828.0, 'demand_reduction': 0.16, 'cost_reduction': 0.07, 'pricing_time': 0.005485185185185187, 'rescheduling_time': 0.9809851851851851}, 4: {'no_households': 1000, 'penalty_weight': 1, 'no_dependent_tasks': 3, 'no_fully_flexible_tasks_min': 10, 'no_semi_flexible_tasks_min': 0, 'no_fixed_tasks_min': 0, 'algorithm': 'minizinc_fw', 'id': 0, 'init_PAR': 1.33, 'PAR': 1.26, 'init_max_demand': 883645.0, 'max_demand': 837170.19, 'total_demand': 31963828.0, 'demand_reduction': 0.05, 'cost_reduction': 0.04, 'pricing_time': 0.01758, 'rescheduling_time': 965.2639999999999}, 5: {'no_households': 1000, 'penalty_weight': 1, 'no_dependent_tasks': 3, 'no_fully_flexible_tasks_min': 10, 'no_semi_flexible_tasks_min': 0, 'no_fixed_tasks_min': 0, 'algorithm': 'ogsa_fw', 'id': 0, 'init_PAR': 1.33, 'PAR': 1.11, 'init_max_demand': 883645.0, 'max_demand': 741522.01, 'total_demand': 31963828.0, 'demand_reduction': 0.16, 'cost_reduction': 0.07, 'pricing_time': 0.005720833333333335, 'rescheduling_time': 0.9929666666666664}}
----------------------------------------
1000 households, 6 dependent tasks, 10 fully flexible tasks, 0 semi-flexible tasks, 0 fixed tasks, 1 penalty weight. 
----------------------------------------
0. The community is read. 
0. Aggregator is read. 
1. Best step size 0.02, 19 iterations, cost 492538904.98, using minizinc_fw
2. Best step size 0.024, 24 iterations, cost 484112890.82, using minizinc_fw
3. Best step size 0.005, 5 iterations, cost 483564123.8, using minizinc_fw
4. Best step size 0.013, 13 iterations, cost 481961168.75, using minizinc_fw
5. Best step size 0.018, 17 iterations, cost 477718466.96, using minizinc_fw
6. Best step size 0.004, 4 iterations, cost 477596918.8, using minizinc_fw
7. Best step size 0.008, 8 iterations, cost 476530374.34, using minizinc_fw
8. Best step size 0.011, 10 iterations, cost 475514763.04, using minizinc_fw
9. Best step size 0.01, 10 iterations, cost 474436868.86, using minizinc_fw
10. Best step size 0.009, 9 iterations, cost 473490614.31, using minizinc_fw
11. Best step size 0.012, 12 iterations, cost 472402195.38, using minizinc_fw
12. Best step size 0, 0 iterations, cost 472402195.38, using minizinc_fw
Converged in 12
Data are written and graphs are painted. 
0. The community is read. 
0. Aggregator is read. 
1. Best step size 0.024, 24 iterations, cost 490261468.21, using ogsa_fw
2. Best step size 0.018, 18 iterations, cost 483721415.21, using ogsa_fw
3. Best step size 0.019, 18 iterations, cost 478274907.72, using ogsa_fw
4. Best step size 0.017, 17 iterations, cost 474545332.42, using ogsa_fw
5. Best step size 0.015, 15 iterations, cost 472126518.15, using ogsa_fw
6. Best step size 0.012, 12 iterations, cost 470459617.95, using ogsa_fw
7. Best step size 0.01, 10 iterations, cost 469408921.43, using ogsa_fw
8. Best step size 0.012, 11 iterations, cost 468420829.31, using ogsa_fw
9. Best step size 0.007, 7 iterations, cost 467849489.45, using ogsa_fw
10. Best step size 0.006, 6 iterations, cost 467451430.21, using ogsa_fw
11. Best step size 0.009, 9 iterations, cost 466983280.98, using ogsa_fw
12. Best step size 0.004, 4 iterations, cost 466746559.27, using ogsa_fw
13. Best step size 0.005, 5 iterations, cost 466512770.39, using ogsa_fw
14. Best step size 0.003, 3 iterations, cost 466407587.63, using ogsa_fw
15. Best step size 0.004, 4 iterations, cost 466224544.67, using ogsa_fw
16. Best step size 0.001, 1 iterations, cost 466178945.32, using ogsa_fw
17. Best step size 0.003, 2 iterations, cost 466075145.66, using ogsa_fw
18. Best step size 0.003, 3 iterations, cost 466012205.35, using ogsa_fw
19. Best step size 0.001, 1 iterations, cost 465987941.79, using ogsa_fw
20. Best step size 0.001, 1 iterations, cost 465964412.89, using ogsa_fw
21. Best step size 0.001, 1 iterations, cost 465949069.27, using ogsa_fw
22. Best step size 0.027, 14 iterations, cost 465673300.28, using ogsa_fw
23. Best step size 0.001, 1 iterations, cost 465648766.07, using ogsa_fw
24. Best step size 0.001, 1 iterations, cost 465635154.39, using ogsa_fw
25. Best step size 0.001, 1 iterations, cost 465622929.1, using ogsa_fw
26. Best step size 0.002, 2 iterations, cost 465599530.78, using ogsa_fw
27. Best step size 0.008, 7 iterations, cost 465552630.56, using ogsa_fw
28. Best step size 0.001, 1 iterations, cost 465539929.83, using ogsa_fw
29. Best step size 0.006, 6 iterations, cost 465510936.63, using ogsa_fw
30. Best step size 0.001, 1 iterations, cost 465498967.45, using ogsa_fw
31. Best step size 0.003, 3 iterations, cost 465483672.61, using ogsa_fw
32. Best step size 0.001, 1 iterations, cost 465475067.88, using ogsa_fw
33. Best step size 0, 0 iterations, cost 465475067.88, using ogsa_fw
Converged in 33
Data are written and graphs are painted. 
----------------------------------------
----------------------------------------
----------------------------------------
Experiment is finished. 
{0: {'no_households': 1000, 'penalty_weight': 1, 'no_dependent_tasks': 0, 'no_fully_flexible_tasks_min': 10, 'no_semi_flexible_tasks_min': 0, 'no_fixed_tasks_min': 0, 'algorithm': 'minizinc_fw', 'id': 0, 'init_PAR': 1.33, 'PAR': 1.27, 'init_max_demand': 883645.0, 'max_demand': 843054.73, 'total_demand': 31963828.0, 'demand_reduction': 0.05, 'cost_reduction': 0.04, 'pricing_time': 0.01638, 'rescheduling_time': 967.68}, 1: {'no_households': 1000, 'penalty_weight': 1, 'no_dependent_tasks': 0, 'no_fully_flexible_tasks_min': 10, 'no_semi_flexible_tasks_min': 0, 'no_fixed_tasks_min': 0, 'algorithm': 'ogsa_fw', 'id': 0, 'init_PAR': 1.33, 'PAR': 1.13, 'init_max_demand': 883645.0, 'max_demand': 750675.03, 'total_demand': 31963828.0, 'demand_reduction': 0.15, 'cost_reduction': 0.07, 'pricing_time': 0.004923076923076923, 'rescheduling_time': 0.9705307692307693}, 2: {'no_households': 1000, 'penalty_weight': 1, 'no_dependent_tasks': 1, 'no_fully_flexible_tasks_min': 10, 'no_semi_flexible_tasks_min': 0, 'no_fixed_tasks_min': 0, 'algorithm': 'minizinc_fw', 'id': 0, 'init_PAR': 1.33, 'PAR': 1.26, 'init_max_demand': 883645.0, 'max_demand': 838847.88, 'total_demand': 31963828.0, 'demand_reduction': 0.05, 'cost_reduction': 0.04, 'pricing_time': 0.0183, 'rescheduling_time': 980.1220000000001}, 3: {'no_households': 1000, 'penalty_weight': 1, 'no_dependent_tasks': 1, 'no_fully_flexible_tasks_min': 10, 'no_semi_flexible_tasks_min': 0, 'no_fixed_tasks_min': 0, 'algorithm': 'ogsa_fw', 'id': 0, 'init_PAR': 1.33, 'PAR': 1.12, 'init_max_demand': 883645.0, 'max_demand': 743942.76, 'total_demand': 31963828.0, 'demand_reduction': 0.16, 'cost_reduction': 0.07, 'pricing_time': 0.005485185185185187, 'rescheduling_time': 0.9809851851851851}, 4: {'no_households': 1000, 'penalty_weight': 1, 'no_dependent_tasks': 3, 'no_fully_flexible_tasks_min': 10, 'no_semi_flexible_tasks_min': 0, 'no_fixed_tasks_min': 0, 'algorithm': 'minizinc_fw', 'id': 0, 'init_PAR': 1.33, 'PAR': 1.26, 'init_max_demand': 883645.0, 'max_demand': 837170.19, 'total_demand': 31963828.0, 'demand_reduction': 0.05, 'cost_reduction': 0.04, 'pricing_time': 0.01758, 'rescheduling_time': 965.2639999999999}, 5: {'no_households': 1000, 'penalty_weight': 1, 'no_dependent_tasks': 3, 'no_fully_flexible_tasks_min': 10, 'no_semi_flexible_tasks_min': 0, 'no_fixed_tasks_min': 0, 'algorithm': 'ogsa_fw', 'id': 0, 'init_PAR': 1.33, 'PAR': 1.11, 'init_max_demand': 883645.0, 'max_demand': 741522.01, 'total_demand': 31963828.0, 'demand_reduction': 0.16, 'cost_reduction': 0.07, 'pricing_time': 0.005720833333333335, 'rescheduling_time': 0.9929666666666664}, 6: {'no_households': 1000, 'penalty_weight': 1, 'no_dependent_tasks': 6, 'no_fully_flexible_tasks_min': 10, 'no_semi_flexible_tasks_min': 0, 'no_fixed_tasks_min': 0, 'algorithm': 'minizinc_fw', 'id': 0, 'init_PAR': 1.33, 'PAR': 1.18, 'init_max_demand': 883645.0, 'max_demand': 785894.77, 'total_demand': 31963828.0, 'demand_reduction': 0.11, 'cost_reduction': 0.06, 'pricing_time': 0.019184615384615387, 'rescheduling_time': 1199.5053846153846}, 7: {'no_households': 1000, 'penalty_weight': 1, 'no_dependent_tasks': 6, 'no_fully_flexible_tasks_min': 10, 'no_semi_flexible_tasks_min': 0, 'no_fixed_tasks_min': 0, 'algorithm': 'ogsa_fw', 'id': 0, 'init_PAR': 1.33, 'PAR': 1.06, 'init_max_demand': 883645.0, 'max_demand': 705477.42, 'total_demand': 31963828.0, 'demand_reduction': 0.2, 'cost_reduction': 0.07, 'pricing_time': 0.005582352941176471, 'rescheduling_time': 0.9940352941176469}}
----------------------------------------
1000 households, 9 dependent tasks, 10 fully flexible tasks, 0 semi-flexible tasks, 0 fixed tasks, 1 penalty weight. 
----------------------------------------
0. The community is read. 
0. Aggregator is read. 
1. Best step size 0.021, 21 iterations, cost 492037795.28, using minizinc_fw
2. Best step size 0.027, 27 iterations, cost 482926314.02, using minizinc_fw
3. Best step size 0, 0 iterations, cost 482926314.02, using minizinc_fw
Converged in 3
Data are written and graphs are painted. 
0. The community is read. 
0. Aggregator is read. 
1. Best step size 0.031, 31 iterations, cost 487582263.35, using ogsa_fw
2. Best step size 0.022, 22 iterations, cost 480203445.72, using ogsa_fw
3. Best step size 0.02, 19 iterations, cost 475565806.88, using ogsa_fw
4. Best step size 0.024, 24 iterations, cost 471460861.16, using ogsa_fw
5. Best step size 0.013, 13 iterations, cost 469776564.99, using ogsa_fw
6. Best step size 0.007, 7 iterations, cost 469078484.42, using ogsa_fw
7. Best step size 0.01, 9 iterations, cost 468308665.77, using ogsa_fw
8. Best step size 0.01, 10 iterations, cost 467565773.55, using ogsa_fw
9. Best step size 0.006, 6 iterations, cost 467197859.69, using ogsa_fw
10. Best step size 0.007, 7 iterations, cost 466809439.4, using ogsa_fw
11. Best step size 0.005, 5 iterations, cost 466538571.95, using ogsa_fw
12. Best step size 0.005, 5 iterations, cost 466362296.27, using ogsa_fw
13. Best step size 0.003, 3 iterations, cost 466238432.53, using ogsa_fw
14. Best step size 0.008, 8 iterations, cost 466022579.59, using ogsa_fw
15. Best step size 0.003, 3 iterations, cost 465967743.91, using ogsa_fw
16. Best step size 0.003, 3 iterations, cost 465912405.44, using ogsa_fw
17. Best step size 0.002, 2 iterations, cost 465871056.36, using ogsa_fw
18. Best step size 0.002, 2 iterations, cost 465841088.09, using ogsa_fw
19. Best step size 0.001, 1 iterations, cost 465825514.32, using ogsa_fw
20. Best step size 0.004, 3 iterations, cost 465777625.86, using ogsa_fw
21. Best step size 0.001, 1 iterations, cost 465761930.22, using ogsa_fw
22. Best step size 0.013, 8 iterations, cost 465651323.58, using ogsa_fw
23. Best step size 0.002, 2 iterations, cost 465618083.35, using ogsa_fw
24. Best step size 0.005, 5 iterations, cost 465584765.68, using ogsa_fw
25. Best step size 0.007, 6 iterations, cost 465538966.88, using ogsa_fw
26. Best step size 0.003, 2 iterations, cost 465516213.42, using ogsa_fw
27. Best step size 0.005, 4 iterations, cost 465501114.94, using ogsa_fw
28. Best step size 0.001, 1 iterations, cost 465491880.47, using ogsa_fw
29. Best step size 0.003, 3 iterations, cost 465479583.21, using ogsa_fw
30. Best step size 0.001, 1 iterations, cost 465474770.9, using ogsa_fw
31. Best step size 0.001, 1 iterations, cost 465468448.92, using ogsa_fw
32. Best step size 0, 0 iterations, cost 465468448.92, using ogsa_fw
Converged in 32
Data are written and graphs are painted. 
----------------------------------------
----------------------------------------
----------------------------------------
Experiment is finished. 
{0: {'no_households': 1000, 'penalty_weight': 1, 'no_dependent_tasks': 0, 'no_fully_flexible_tasks_min': 10, 'no_semi_flexible_tasks_min': 0, 'no_fixed_tasks_min': 0, 'algorithm': 'minizinc_fw', 'id': 0, 'init_PAR': 1.33, 'PAR': 1.27, 'init_max_demand': 883645.0, 'max_demand': 843054.73, 'total_demand': 31963828.0, 'demand_reduction': 0.05, 'cost_reduction': 0.04, 'pricing_time': 0.01638, 'rescheduling_time': 967.68}, 1: {'no_households': 1000, 'penalty_weight': 1, 'no_dependent_tasks': 0, 'no_fully_flexible_tasks_min': 10, 'no_semi_flexible_tasks_min': 0, 'no_fixed_tasks_min': 0, 'algorithm': 'ogsa_fw', 'id': 0, 'init_PAR': 1.33, 'PAR': 1.13, 'init_max_demand': 883645.0, 'max_demand': 750675.03, 'total_demand': 31963828.0, 'demand_reduction': 0.15, 'cost_reduction': 0.07, 'pricing_time': 0.004923076923076923, 'rescheduling_time': 0.9705307692307693}, 2: {'no_households': 1000, 'penalty_weight': 1, 'no_dependent_tasks': 1, 'no_fully_flexible_tasks_min': 10, 'no_semi_flexible_tasks_min': 0, 'no_fixed_tasks_min': 0, 'algorithm': 'minizinc_fw', 'id': 0, 'init_PAR': 1.33, 'PAR': 1.26, 'init_max_demand': 883645.0, 'max_demand': 838847.88, 'total_demand': 31963828.0, 'demand_reduction': 0.05, 'cost_reduction': 0.04, 'pricing_time': 0.0183, 'rescheduling_time': 980.1220000000001}, 3: {'no_households': 1000, 'penalty_weight': 1, 'no_dependent_tasks': 1, 'no_fully_flexible_tasks_min': 10, 'no_semi_flexible_tasks_min': 0, 'no_fixed_tasks_min': 0, 'algorithm': 'ogsa_fw', 'id': 0, 'init_PAR': 1.33, 'PAR': 1.12, 'init_max_demand': 883645.0, 'max_demand': 743942.76, 'total_demand': 31963828.0, 'demand_reduction': 0.16, 'cost_reduction': 0.07, 'pricing_time': 0.005485185185185187, 'rescheduling_time': 0.9809851851851851}, 4: {'no_households': 1000, 'penalty_weight': 1, 'no_dependent_tasks': 3, 'no_fully_flexible_tasks_min': 10, 'no_semi_flexible_tasks_min': 0, 'no_fixed_tasks_min': 0, 'algorithm': 'minizinc_fw', 'id': 0, 'init_PAR': 1.33, 'PAR': 1.26, 'init_max_demand': 883645.0, 'max_demand': 837170.19, 'total_demand': 31963828.0, 'demand_reduction': 0.05, 'cost_reduction': 0.04, 'pricing_time': 0.01758, 'rescheduling_time': 965.2639999999999}, 5: {'no_households': 1000, 'penalty_weight': 1, 'no_dependent_tasks': 3, 'no_fully_flexible_tasks_min': 10, 'no_semi_flexible_tasks_min': 0, 'no_fixed_tasks_min': 0, 'algorithm': 'ogsa_fw', 'id': 0, 'init_PAR': 1.33, 'PAR': 1.11, 'init_max_demand': 883645.0, 'max_demand': 741522.01, 'total_demand': 31963828.0, 'demand_reduction': 0.16, 'cost_reduction': 0.07, 'pricing_time': 0.005720833333333335, 'rescheduling_time': 0.9929666666666664}, 6: {'no_households': 1000, 'penalty_weight': 1, 'no_dependent_tasks': 6, 'no_fully_flexible_tasks_min': 10, 'no_semi_flexible_tasks_min': 0, 'no_fixed_tasks_min': 0, 'algorithm': 'minizinc_fw', 'id': 0, 'init_PAR': 1.33, 'PAR': 1.18, 'init_max_demand': 883645.0, 'max_demand': 785894.77, 'total_demand': 31963828.0, 'demand_reduction': 0.11, 'cost_reduction': 0.06, 'pricing_time': 0.019184615384615387, 'rescheduling_time': 1199.5053846153846}, 7: {'no_households': 1000, 'penalty_weight': 1, 'no_dependent_tasks': 6, 'no_fully_flexible_tasks_min': 10, 'no_semi_flexible_tasks_min': 0, 'no_fixed_tasks_min': 0, 'algorithm': 'ogsa_fw', 'id': 0, 'init_PAR': 1.33, 'PAR': 1.06, 'init_max_demand': 883645.0, 'max_demand': 705477.42, 'total_demand': 31963828.0, 'demand_reduction': 0.2, 'cost_reduction': 0.07, 'pricing_time': 0.005582352941176471, 'rescheduling_time': 0.9940352941176469}, 8: {'no_households': 1000, 'penalty_weight': 1, 'no_dependent_tasks': 9, 'no_fully_flexible_tasks_min': 10, 'no_semi_flexible_tasks_min': 0, 'no_fixed_tasks_min': 0, 'algorithm': 'minizinc_fw', 'id': 0, 'init_PAR': 1.33, 'PAR': 1.26, 'init_max_demand': 883645.0, 'max_demand': 842211.68, 'total_demand': 31963828.0, 'demand_reduction': 0.05, 'cost_reduction': 0.04, 'pricing_time': 0.019, 'rescheduling_time': 935.875}, 9: {'no_households': 1000, 'penalty_weight': 1, 'no_dependent_tasks': 9, 'no_fully_flexible_tasks_min': 10, 'no_semi_flexible_tasks_min': 0, 'no_fixed_tasks_min': 0, 'algorithm': 'ogsa_fw', 'id': 0, 'init_PAR': 1.33, 'PAR': 1.06, 'init_max_demand': 883645.0, 'max_demand': 703811.37, 'total_demand': 31963828.0, 'demand_reduction': 0.2, 'cost_reduction': 0.07, 'pricing_time': 0.005884848484848484, 'rescheduling_time': 1.012787878787879}}
