Arguments count: 7
Argument      0: ./monarch_run.py
Argument      1: 5000
Argument      2: 1
Argument      3: 6
Argument      4: 16
Argument      5: 14
Argument      6: dependent_tasks
----------------------------------------
5000 households, 6 dependent tasks, 10 fully flexible tasks, 0 semi-flexible tasks, 0 fixed tasks, 1 penalty weight. 
----------------------------------------
0. The community is created. 
0. Aggregator is created. 
1. Best step size 0.015, 15 iterations, cost 2744691039.56, using minizinc_fw
2. Best step size 0.012, 12 iterations, cost 2690251274.08, using minizinc_fw
3. Best step size 0.012, 12 iterations, cost 2649574691.97, using minizinc_fw
4. Best step size 0.008, 8 iterations, cost 2627372241.34, using minizinc_fw
5. Best step size 0.006, 6 iterations, cost 2614798999.53, using minizinc_fw
6. Best step size 0.006, 6 iterations, cost 2603860146.49, using minizinc_fw
7. Best step size 0.014, 14 iterations, cost 2581669813.42, using minizinc_fw
8. Best step size 0.008, 8 iterations, cost 2569283794.8, using minizinc_fw
9. Best step size 0.005, 5 iterations, cost 2564144473.79, using minizinc_fw
10. Best step size 0.009, 9 iterations, cost 2552124052.6, using minizinc_fw
11. Best step size 0.004, 4 iterations, cost 2548429342.6, using minizinc_fw
12. Best step size 0.002, 2 iterations, cost 2546793536.49, using minizinc_fw
13. Best step size 0.004, 4 iterations, cost 2542912149.71, using minizinc_fw
14. Best step size 0.002, 2 iterations, cost 2542402165.57, using minizinc_fw
15. Best step size 0.001, 1 iterations, cost 2542009690.64, using minizinc_fw
16. Best step size 0, 0 iterations, cost 2542009690.64, using minizinc_fw
Converged in 16
Data are written and graphs are painted. 
0. The community is read. 
0. Aggregator is read. 
1. Best step size 0.019, 19 iterations, cost 2720863839.5, using ogsa_fw
2. Best step size 0.015, 15 iterations, cost 2661450154.66, using ogsa_fw
3. Best step size 0.016, 16 iterations, cost 2608519885.2, using ogsa_fw
4. Best step size 0.013, 13 iterations, cost 2578770899.35, using ogsa_fw
5. Best step size 0.006, 6 iterations, cost 2567996078.47, using ogsa_fw
6. Best step size 0.009, 9 iterations, cost 2553312100.82, using ogsa_fw
7. Best step size 0.005, 5 iterations, cost 2545909684.46, using ogsa_fw
8. Best step size 0.007, 7 iterations, cost 2537215066.23, using ogsa_fw
9. Best step size 0.007, 7 iterations, cost 2530141970.22, using ogsa_fw
10. Best step size 0.005, 5 iterations, cost 2524955603.1, using ogsa_fw
11. Best step size 0.005, 5 iterations, cost 2520746758.21, using ogsa_fw
12. Best step size 0.003, 3 iterations, cost 2518668517.0, using ogsa_fw
13. Best step size 0.002, 2 iterations, cost 2517249309.11, using ogsa_fw
14. Best step size 0.004, 4 iterations, cost 2514540077.93, using ogsa_fw
15. Best step size 0.003, 3 iterations, cost 2512642198.09, using ogsa_fw
16. Best step size 0.003, 3 iterations, cost 2511564012.68, using ogsa_fw
17. Best step size 0.01, 9 iterations, cost 2507407919.05, using ogsa_fw
18. Best step size 0.002, 2 iterations, cost 2506541777.39, using ogsa_fw
19. Best step size 0.003, 3 iterations, cost 2505747323.2, using ogsa_fw
20. Best step size 0.006, 6 iterations, cost 2504321906.79, using ogsa_fw
21. Best step size 0.003, 3 iterations, cost 2503614305.32, using ogsa_fw
22. Best step size 0.002, 2 iterations, cost 2502942336.47, using ogsa_fw
23. Best step size 0.003, 3 iterations, cost 2502455304.98, using ogsa_fw
24. Best step size 0.001, 1 iterations, cost 2502212328.68, using ogsa_fw
25. Best step size 0.001, 1 iterations, cost 2502094288.6, using ogsa_fw
26. Best step size 0.001, 1 iterations, cost 2501947362.96, using ogsa_fw
27. Best step size 0.001, 1 iterations, cost 2501765584.57, using ogsa_fw
28. Best step size 0, 0 iterations, cost 2501765584.57, using ogsa_fw
Converged in 28
Data are written and graphs are painted. 
----------------------------------------
----------------------------------------
Experiment is finished. 
{0: {'no_households': 5000, 'penalty_weight': 1, 'no_dependent_tasks': 6, 'no_fully_flexible_tasks_min': 10, 'no_semi_flexible_tasks_min': 0, 'no_fixed_tasks_min': 0, 'algorithm': 'minizinc_fw', 'id': 14, 'init_PAR': 1.2, 'PAR': 1.08, 'init_max_demand': 3994580.0, 'max_demand': 3590346.49, 'total_demand': 159713784.0, 'demand_reduction': 0.1, 'cost_reduction': 0.1, 'pricing_time': 0.017194117647058825, 'rescheduling_time': 5438.268811764707}, 1: {'no_households': 5000, 'penalty_weight': 1, 'no_dependent_tasks': 6, 'no_fully_flexible_tasks_min': 10, 'no_semi_flexible_tasks_min': 0, 'no_fixed_tasks_min': 0, 'algorithm': 'ogsa_fw', 'id': 14, 'init_PAR': 1.2, 'PAR': 1.03, 'init_max_demand': 3994580.0, 'max_demand': 3423787.25, 'total_demand': 159713784.0, 'demand_reduction': 0.14, 'cost_reduction': 0.12, 'pricing_time': 0.006727586206896552, 'rescheduling_time': 5.063531034482761}}
