Arguments count: 7
Argument      0: ./monarch_run.py
Argument      1: 5000
Argument      2: 1
Argument      3: 9
Argument      4: 16
Argument      5: 5
Argument      6: dependent_tasks
----------------------------------------
5000 households, 9 dependent tasks, 10 fully flexible tasks, 0 semi-flexible tasks, 0 fixed tasks, 1 penalty weight. 
----------------------------------------
0. The community is created. 
0. Aggregator is created. 
1. Best step size 0.02, 20 iterations, cost 2586700474.37, using minizinc_fw
2. Best step size 0.016, 16 iterations, cost 2543821567.17, using minizinc_fw
3. Best step size 0.017, 17 iterations, cost 2508508729.27, using minizinc_fw
4. Best step size 0.011, 11 iterations, cost 2492020661.47, using minizinc_fw
5. Best step size 0.013, 13 iterations, cost 2481210178.19, using minizinc_fw
6. Best step size 0.009, 9 iterations, cost 2474026492.68, using minizinc_fw
7. Best step size 0.012, 12 iterations, cost 2463870344.17, using minizinc_fw
8. Best step size 0.006, 6 iterations, cost 2460029985.42, using minizinc_fw
9. Best step size 0.003, 3 iterations, cost 2459063606.47, using minizinc_fw
10. Best step size 0.001, 1 iterations, cost 2458863762.7, using minizinc_fw
11. Best step size 0, 0 iterations, cost 2458863762.7, using minizinc_fw
Converged in 11
Data are written and graphs are painted. 
0. The community is read. 
0. Aggregator is read. 
1. Best step size 0.019, 19 iterations, cost 2748917235.78, using ogsa_fw
2. Best step size 0.019, 18 iterations, cost 2679534009.84, using ogsa_fw
3. Best step size 0.017, 17 iterations, cost 2638577791.2, using ogsa_fw
4. Best step size 0.011, 11 iterations, cost 2614007112.2, using ogsa_fw
5. Best step size 0.01, 9 iterations, cost 2596964835.79, using ogsa_fw
6. Best step size 0.008, 7 iterations, cost 2586373906.53, using ogsa_fw
7. Best step size 0.005, 5 iterations, cost 2579515016.11, using ogsa_fw
8. Best step size 0.006, 6 iterations, cost 2574479488.76, using ogsa_fw
9. Best step size 0.005, 4 iterations, cost 2570066783.29, using ogsa_fw
10. Best step size 0.005, 5 iterations, cost 2566422543.54, using ogsa_fw
11. Best step size 0.004, 4 iterations, cost 2563736427.37, using ogsa_fw
12. Best step size 0.003, 3 iterations, cost 2562003314.03, using ogsa_fw
13. Best step size 0.005, 5 iterations, cost 2559435619.52, using ogsa_fw
14. Best step size 0.006, 6 iterations, cost 2556775586.21, using ogsa_fw
15. Best step size 0.002, 2 iterations, cost 2555823838.72, using ogsa_fw
16. Best step size 0.004, 4 iterations, cost 2554749741.91, using ogsa_fw
17. Best step size 0.003, 3 iterations, cost 2553881385.57, using ogsa_fw
18. Best step size 0.003, 3 iterations, cost 2553175438.21, using ogsa_fw
19. Best step size 0.001, 1 iterations, cost 2552903489.06, using ogsa_fw
20. Best step size 0.001, 1 iterations, cost 2552684001.96, using ogsa_fw
21. Best step size 0.001, 1 iterations, cost 2552495242.22, using ogsa_fw
22. Best step size 0.001, 1 iterations, cost 2552311850.57, using ogsa_fw
23. Best step size 0.002, 2 iterations, cost 2551973381.39, using ogsa_fw
24. Best step size 0.001, 1 iterations, cost 2551818101.36, using ogsa_fw
25. Best step size 0.002, 2 iterations, cost 2551503012.77, using ogsa_fw
26. Best step size 0.014, 7 iterations, cost 2550667760.48, using ogsa_fw
27. Best step size 0.001, 1 iterations, cost 2550418792.0, using ogsa_fw
28. Best step size 0.003, 3 iterations, cost 2550052708.26, using ogsa_fw
29. Best step size 0.003, 3 iterations, cost 2549873823.15, using ogsa_fw
30. Best step size 0.004, 3 iterations, cost 2549672668.56, using ogsa_fw
31. Best step size 0.002, 2 iterations, cost 2549575169.33, using ogsa_fw
32. Best step size 0.003, 3 iterations, cost 2549435051.6, using ogsa_fw
33. Best step size 0.001, 1 iterations, cost 2549388451.26, using ogsa_fw
34. Best step size 0.003, 3 iterations, cost 2549333847.73, using ogsa_fw
35. Best step size 0.001, 1 iterations, cost 2549288440.92, using ogsa_fw
36. Best step size 0, 0 iterations, cost 2549288440.92, using ogsa_fw
Converged in 36
Data are written and graphs are painted. 
----------------------------------------
----------------------------------------
Experiment is finished. 
{0: {'no_households': 5000, 'penalty_weight': 1, 'no_dependent_tasks': 9, 'no_fully_flexible_tasks_min': 10, 'no_semi_flexible_tasks_min': 0, 'no_fixed_tasks_min': 0, 'algorithm': 'minizinc_fw', 'id': 5, 'init_PAR': 1.28, 'PAR': 1.15, 'init_max_demand': 4350776.0, 'max_demand': 3905165.58, 'total_demand': 163069376.0, 'demand_reduction': 0.1, 'cost_reduction': 0.08, 'pricing_time': 0.01734166666666667, 'rescheduling_time': 4808.589158333333}, 1: {'no_households': 5000, 'penalty_weight': 1, 'no_dependent_tasks': 9, 'no_fully_flexible_tasks_min': 10, 'no_semi_flexible_tasks_min': 0, 'no_fixed_tasks_min': 0, 'algorithm': 'ogsa_fw', 'id': 5, 'init_PAR': 1.21, 'PAR': 1.02, 'init_max_demand': 4174686.0, 'max_demand': 3493211.48, 'total_demand': 164949691.0, 'demand_reduction': 0.16, 'cost_reduction': 0.1, 'pricing_time': 0.006037837837837839, 'rescheduling_time': 5.016105405405406}}
