Arguments count: 7
Argument      0: ./monarch_run.py
Argument      1: 5000
Argument      2: 1
Argument      3: 3
Argument      4: 16
Argument      5: 14
Argument      6: dependent_tasks
----------------------------------------
5000 households, 3 dependent tasks, 10 fully flexible tasks, 0 semi-flexible tasks, 0 fixed tasks, 1 penalty weight. 
----------------------------------------
0. The community is created. 
0. Aggregator is created. 
1. Best step size 0.016, 16 iterations, cost 2672552159.47, using minizinc_fw
2. Best step size 0.012, 12 iterations, cost 2629505812.18, using minizinc_fw
3. Best step size 0.011, 11 iterations, cost 2597021370.17, using minizinc_fw
4. Best step size 0.007, 7 iterations, cost 2580308929.94, using minizinc_fw
5. Best step size 0.013, 13 iterations, cost 2557186132.05, using minizinc_fw
6. Best step size 0.006, 6 iterations, cost 2546338229.23, using minizinc_fw
7. Best step size 0.006, 6 iterations, cost 2540920752.77, using minizinc_fw
8. Best step size 0.006, 6 iterations, cost 2534968545.73, using minizinc_fw
9. Best step size 0.004, 4 iterations, cost 2533053219.68, using minizinc_fw
10. Best step size 0.003, 3 iterations, cost 2531778092.29, using minizinc_fw
11. Best step size 0.001, 1 iterations, cost 2531639790.72, using minizinc_fw
12. Best step size 0.004, 4 iterations, cost 2529728688.46, using minizinc_fw
13. Best step size 0.003, 3 iterations, cost 2528324218.92, using minizinc_fw
14. Best step size 0.001, 1 iterations, cost 2528070707.05, using minizinc_fw
15. Best step size 0.004, 4 iterations, cost 2526662333.33, using minizinc_fw
16. Best step size 0.001, 1 iterations, cost 2526529405.66, using minizinc_fw
17. Best step size 0, 0 iterations, cost 2526529405.66, using minizinc_fw
Converged in 17
Data are written and graphs are painted. 
0. The community is read. 
0. Aggregator is read. 
1. Best step size 0.014, 14 iterations, cost 2683418092.05, using ogsa_fw
2. Best step size 0.012, 12 iterations, cost 2636141183.08, using ogsa_fw
3. Best step size 0.015, 15 iterations, cost 2592142772.57, using ogsa_fw
4. Best step size 0.013, 13 iterations, cost 2563702385.88, using ogsa_fw
5. Best step size 0.006, 6 iterations, cost 2551053559.74, using ogsa_fw
6. Best step size 0.014, 14 iterations, cost 2526762164.12, using ogsa_fw
7. Best step size 0.006, 6 iterations, cost 2518377811.13, using ogsa_fw
8. Best step size 0.013, 13 iterations, cost 2505499989.45, using ogsa_fw
9. Best step size 0.003, 3 iterations, cost 2502281454.95, using ogsa_fw
10. Best step size 0.006, 6 iterations, cost 2497426206.64, using ogsa_fw
11. Best step size 0.005, 5 iterations, cost 2493847639.7, using ogsa_fw
12. Best step size 0.002, 2 iterations, cost 2492402159.66, using ogsa_fw
13. Best step size 0.003, 3 iterations, cost 2490564869.67, using ogsa_fw
14. Best step size 0.003, 3 iterations, cost 2489076964.38, using ogsa_fw
15. Best step size 0.002, 2 iterations, cost 2487884858.86, using ogsa_fw
16. Best step size 0.008, 8 iterations, cost 2484959301.82, using ogsa_fw
17. Best step size 0.005, 5 iterations, cost 2482717845.79, using ogsa_fw
18. Best step size 0.003, 3 iterations, cost 2481542750.66, using ogsa_fw
19. Best step size 0.003, 3 iterations, cost 2480602874.81, using ogsa_fw
20. Best step size 0.001, 1 iterations, cost 2480254042.5, using ogsa_fw
21. Best step size 0.001, 1 iterations, cost 2479987645.98, using ogsa_fw
22. Best step size 0, 0 iterations, cost 2479987645.98, using ogsa_fw
Converged in 22
Data are written and graphs are painted. 
----------------------------------------
----------------------------------------
Experiment is finished. 
{0: {'no_households': 5000, 'penalty_weight': 1, 'no_dependent_tasks': 3, 'no_fully_flexible_tasks_min': 10, 'no_semi_flexible_tasks_min': 0, 'no_fixed_tasks_min': 0, 'algorithm': 'minizinc_fw', 'id': 14, 'init_PAR': 1.24, 'PAR': 1.12, 'init_max_demand': 4197680.0, 'max_demand': 3805707.81, 'total_demand': 163022383.0, 'demand_reduction': 0.09, 'cost_reduction': 0.08, 'pricing_time': 0.01628333333333333, 'rescheduling_time': 5783.237194444445}, 1: {'no_households': 5000, 'penalty_weight': 1, 'no_dependent_tasks': 3, 'no_fully_flexible_tasks_min': 10, 'no_semi_flexible_tasks_min': 0, 'no_fixed_tasks_min': 0, 'algorithm': 'ogsa_fw', 'id': 14, 'init_PAR': 1.24, 'PAR': 1.08, 'init_max_demand': 4197680.0, 'max_demand': 3659855.93, 'total_demand': 163022383.0, 'demand_reduction': 0.13, 'cost_reduction': 0.1, 'pricing_time': 0.007030434782608696, 'rescheduling_time': 5.001008695652174}}
