Arguments count: 7
Argument      0: ./monarch_run.py
Argument      1: 2000
Argument      2: 1
Argument      3: 9
Argument      4: 16
Argument      5: 20
Argument      6: dependent_tasks
----------------------------------------
2000 households, 9 dependent tasks, 10 fully flexible tasks, 0 semi-flexible tasks, 0 fixed tasks, 1 penalty weight. 
----------------------------------------
0. The community is created. 
0. Aggregator is created. 
1. Best step size 0.017, 16 iterations, cost 1176540757.59, using minizinc_fw
2. Best step size 0.014, 14 iterations, cost 1142742702.1, using minizinc_fw
3. Best step size 0.016, 16 iterations, cost 1116680079.08, using minizinc_fw
4. Best step size 0.009, 9 iterations, cost 1108414948.63, using minizinc_fw
5. Best step size 0.009, 9 iterations, cost 1101569872.22, using minizinc_fw
6. Best step size 0.003, 3 iterations, cost 1100769902.43, using minizinc_fw
7. Best step size 0.001, 1 iterations, cost 1100673706.04, using minizinc_fw
8. Best step size 0, 0 iterations, cost 1100673706.04, using minizinc_fw
Converged in 8
Data are written and graphs are painted. 
0. The community is read. 
0. Aggregator is read. 
1. Best step size 0.019, 18 iterations, cost 1172563745.75, using ogsa_fw
2. Best step size 0.023, 23 iterations, cost 1129632227.7, using ogsa_fw
3. Best step size 0.013, 13 iterations, cost 1104866023.91, using ogsa_fw
4. Best step size 0.011, 11 iterations, cost 1088706367.86, using ogsa_fw
5. Best step size 0.016, 16 iterations, cost 1074201906.66, using ogsa_fw
6. Best step size 0.008, 8 iterations, cost 1069058432.87, using ogsa_fw
7. Best step size 0.006, 6 iterations, cost 1066331539.37, using ogsa_fw
8. Best step size 0.007, 7 iterations, cost 1063440104.08, using ogsa_fw
9. Best step size 0.003, 3 iterations, cost 1062268913.91, using ogsa_fw
10. Best step size 0.004, 4 iterations, cost 1060955959.71, using ogsa_fw
11. Best step size 0.003, 3 iterations, cost 1059918566.45, using ogsa_fw
12. Best step size 0.003, 3 iterations, cost 1059036526.35, using ogsa_fw
13. Best step size 0.004, 4 iterations, cost 1058244711.6, using ogsa_fw
14. Best step size 0.005, 5 iterations, cost 1057611490.33, using ogsa_fw
15. Best step size 0.002, 2 iterations, cost 1057344497.1, using ogsa_fw
16. Best step size 0.001, 1 iterations, cost 1057195434.72, using ogsa_fw
17. Best step size 0, 0 iterations, cost 1057195434.72, using ogsa_fw
Converged in 17
Data are written and graphs are painted. 
----------------------------------------
----------------------------------------
Experiment is finished. 
{0: {'no_households': 2000, 'penalty_weight': 1, 'no_dependent_tasks': 9, 'no_fully_flexible_tasks_min': 10, 'no_semi_flexible_tasks_min': 0, 'no_fixed_tasks_min': 0, 'algorithm': 'minizinc_fw', 'id': 20, 'init_PAR': 1.18, 'PAR': 1.11, 'init_max_demand': 1611270.0, 'max_demand': 1524457.79, 'total_demand': 65712240.0, 'demand_reduction': 0.05, 'cost_reduction': 0.1, 'pricing_time': 0.016911111111111113, 'rescheduling_time': 2298.2655555555557}, 1: {'no_households': 2000, 'penalty_weight': 1, 'no_dependent_tasks': 9, 'no_fully_flexible_tasks_min': 10, 'no_semi_flexible_tasks_min': 0, 'no_fixed_tasks_min': 0, 'algorithm': 'ogsa_fw', 'id': 20, 'init_PAR': 1.18, 'PAR': 1.04, 'init_max_demand': 1611270.0, 'max_demand': 1417589.14, 'total_demand': 65712240.0, 'demand_reduction': 0.12, 'cost_reduction': 0.14, 'pricing_time': 0.006666666666666665, 'rescheduling_time': 1.9606777777777775}}
