Arguments count: 7
Argument      0: ./monarch_run.py
Argument      1: 5000
Argument      2: 9
Argument      3: 1
Argument      4: 16
Argument      5: 18
Argument      6: dependent_tasks
----------------------------------------
5000 households, 1 dependent tasks, 10 fully flexible tasks, 0 semi-flexible tasks, 0 fixed tasks, 9 penalty weight. 
----------------------------------------
0. The community is created. 
0. Aggregator is created. 
1. Best step size 0.013, 13 iterations, cost 2863230728.96, using minizinc_fw
2. Best step size 0.011, 11 iterations, cost 2804136793.19, using minizinc_fw
3. Best step size 0.012, 12 iterations, cost 2756461461.77, using minizinc_fw
4. Best step size 0.007, 7 iterations, cost 2734090173.44, using minizinc_fw
5. Best step size 0.008, 8 iterations, cost 2713184915.59, using minizinc_fw
6. Best step size 0.006, 6 iterations, cost 2698721620.87, using minizinc_fw
7. Best step size 0.007, 7 iterations, cost 2687757316.87, using minizinc_fw
8. Best step size 0, 0 iterations, cost 2687757316.87, using minizinc_fw
Converged in 8
Data are written and graphs are painted. 
0. The community is read. 
0. Aggregator is read. 
1. Best step size 0.01, 10 iterations, cost 2881252862.04, using ogsa_fw
2. Best step size 0.009, 9 iterations, cost 2824651975.71, using ogsa_fw
3. Best step size 0.008, 8 iterations, cost 2783379693.11, using ogsa_fw
4. Best step size 0.007, 7 iterations, cost 2753428937.05, using ogsa_fw
5. Best step size 0.011, 11 iterations, cost 2715104549.91, using ogsa_fw
6. Best step size 0.006, 6 iterations, cost 2696137695.32, using ogsa_fw
7. Best step size 0.008, 7 iterations, cost 2678814397.34, using ogsa_fw
8. Best step size 0.007, 7 iterations, cost 2667407403.11, using ogsa_fw
9. Best step size 0.007, 7 iterations, cost 2656638331.8, using ogsa_fw
10. Best step size 0.009, 9 iterations, cost 2644931608.51, using ogsa_fw
11. Best step size 0.002, 2 iterations, cost 2642319564.0, using ogsa_fw
12. Best step size 0.002, 2 iterations, cost 2639961728.77, using ogsa_fw
13. Best step size 0.002, 2 iterations, cost 2637685653.14, using ogsa_fw
14. Best step size 0.001, 1 iterations, cost 2636667292.03, using ogsa_fw
15. Best step size 0.001, 1 iterations, cost 2635557417.05, using ogsa_fw
16. Best step size 0.002, 2 iterations, cost 2633710712.05, using ogsa_fw
17. Best step size 0.001, 1 iterations, cost 2632739627.53, using ogsa_fw
18. Best step size 0.001, 1 iterations, cost 2631682325.93, using ogsa_fw
19. Best step size 0.004, 4 iterations, cost 2628656267.71, using ogsa_fw
20. Best step size 0.001, 1 iterations, cost 2628062361.34, using ogsa_fw
21. Best step size 0.011, 11 iterations, cost 2623664798.22, using ogsa_fw
22. Best step size 0, 0 iterations, cost 2623664798.22, using ogsa_fw
Converged in 22
Data are written and graphs are painted. 
----------------------------------------
----------------------------------------
Experiment is finished. 
{0: {'no_households': 5000, 'penalty_weight': 9, 'no_dependent_tasks': 1, 'no_fully_flexible_tasks_min': 10, 'no_semi_flexible_tasks_min': 0, 'no_fixed_tasks_min': 0, 'algorithm': 'minizinc_fw', 'id': 18, 'init_PAR': 1.18, 'PAR': 1.1, 'init_max_demand': 3984561.0, 'max_demand': 3737418.88, 'total_demand': 162630028.0, 'demand_reduction': 0.06, 'cost_reduction': 0.09, 'pricing_time': 0.020933333333333335, 'rescheduling_time': 4797.404433333333}, 1: {'no_households': 5000, 'penalty_weight': 9, 'no_dependent_tasks': 1, 'no_fully_flexible_tasks_min': 10, 'no_semi_flexible_tasks_min': 0, 'no_fixed_tasks_min': 0, 'algorithm': 'ogsa_fw', 'id': 18, 'init_PAR': 1.18, 'PAR': 1.05, 'init_max_demand': 3984561.0, 'max_demand': 3570030.22, 'total_demand': 162630028.0, 'demand_reduction': 0.1, 'cost_reduction': 0.11, 'pricing_time': 0.005634782608695652, 'rescheduling_time': 4.327634782608695}}
