Arguments count: 7
Argument      0: ./monarch_run.py
Argument      1: 5000
Argument      2: 1
Argument      3: 9
Argument      4: 16
Argument      5: 5
Argument      6: dependent
----------------------------------------
5000 households, 9 h1000-sft10-dt039-r1 tasks, 0 fully flexible tasks, 10 semi-flexible tasks, 0 fixed tasks, 1 penalty weight. 
----------------------------------------
0. The community is created. 
0. Aggregator is created. 
1. Best step size 0.041, 39 iterations, cost 2640355152.36, using minizinc_fw
2. Best step size 0.048, 46 iterations, cost 2559048774.19, using minizinc_fw
3. Best step size 0.03, 28 iterations, cost 2523418168.5, using minizinc_fw
4. Best step size 0.014, 13 iterations, cost 2513133425.23, using minizinc_fw
5. Best step size 0.012, 11 iterations, cost 2508147204.41, using minizinc_fw
6. Best step size 0.005, 5 iterations, cost 2506313025.13, using minizinc_fw
slurmstepd: error: *** JOB 6538482 ON hc00 CANCELLED AT 2020-11-23T19:51:24 ***
