Arguments count: 7
Argument      0: ./monarch_run.py
Argument      1: 2000
Argument      2: 1
Argument      3: 3
Argument      4: 16
Argument      5: 23
Argument      6: dependent_tasks
----------------------------------------
2000 households, 3 dependent tasks, 10 fully flexible tasks, 0 semi-flexible tasks, 0 fixed tasks, 1 penalty weight. 
----------------------------------------
0. The community is created. 
0. Aggregator is created. 
1. Best step size 0.027, 27 iterations, cost 1060058005.08, using minizinc_fw
2. Best step size 0.013, 13 iterations, cost 1042470578.24, using minizinc_fw
3. Best step size 0.016, 16 iterations, cost 1026615399.46, using minizinc_fw
4. Best step size 0.009, 9 iterations, cost 1020376830.36, using minizinc_fw
5. Best step size 0.003, 3 iterations, cost 1019847937.72, using minizinc_fw
6. Best step size 0.005, 4 iterations, cost 1018794757.57, using minizinc_fw
7. Best step size 0, 0 iterations, cost 1018794757.57, using minizinc_fw
Converged in 7
Data are written and graphs are painted. 
0. The community is read. 
0. Aggregator is read. 
1. Best step size 0.021, 21 iterations, cost 1067577540.93, using ogsa_fw
2. Best step size 0.014, 14 iterations, cost 1046730535.78, using ogsa_fw
3. Best step size 0.011, 11 iterations, cost 1032653407.97, using ogsa_fw
4. Best step size 0.011, 11 iterations, cost 1021459617.96, using ogsa_fw
5. Best step size 0.024, 24 iterations, cost 1005848323.86, using ogsa_fw
6. Best step size 0.012, 11 iterations, cost 998812136.29, using ogsa_fw
7. Best step size 0.005, 5 iterations, cost 996170244.87, using ogsa_fw
8. Best step size 0.007, 7 iterations, cost 993189577.21, using ogsa_fw
9. Best step size 0.003, 3 iterations, cost 991933571.8, using ogsa_fw
10. Best step size 0.004, 4 iterations, cost 990872835.42, using ogsa_fw
11. Best step size 0.004, 4 iterations, cost 989746703.73, using ogsa_fw
12. Best step size 0.003, 3 iterations, cost 988902520.76, using ogsa_fw
13. Best step size 0.01, 10 iterations, cost 987157572.14, using ogsa_fw
14. Best step size 0.001, 1 iterations, cost 986900934.62, using ogsa_fw
15. Best step size 0.004, 4 iterations, cost 986334336.56, using ogsa_fw
16. Best step size 0.002, 2 iterations, cost 986079703.68, using ogsa_fw
17. Best step size 0, 0 iterations, cost 986079703.68, using ogsa_fw
Converged in 17
Data are written and graphs are painted. 
----------------------------------------
----------------------------------------
Experiment is finished. 
{0: {'no_households': 2000, 'penalty_weight': 1, 'no_dependent_tasks': 3, 'no_fully_flexible_tasks_min': 10, 'no_semi_flexible_tasks_min': 0, 'no_fixed_tasks_min': 0, 'algorithm': 'minizinc_fw', 'id': 23, 'init_PAR': 1.23, 'PAR': 1.15, 'init_max_demand': 1661898.0, 'max_demand': 1544843.79, 'total_demand': 64647344.0, 'demand_reduction': 0.07, 'cost_reduction': 0.08, 'pricing_time': 0.018137499999999997, 'rescheduling_time': 2774.9962375}, 1: {'no_households': 2000, 'penalty_weight': 1, 'no_dependent_tasks': 3, 'no_fully_flexible_tasks_min': 10, 'no_semi_flexible_tasks_min': 0, 'no_fixed_tasks_min': 0, 'algorithm': 'ogsa_fw', 'id': 23, 'init_PAR': 1.23, 'PAR': 1.08, 'init_max_demand': 1661898.0, 'max_demand': 1453362.04, 'total_demand': 64647344.0, 'demand_reduction': 0.13, 'cost_reduction': 0.11, 'pricing_time': 0.00718888888888889, 'rescheduling_time': 1.932822222222222}}
