Arguments count: 7
Argument      0: ./monarch_run.py
Argument      1: 5000
Argument      2: 1
Argument      3: 3
Argument      4: 16
Argument      5: 18
Argument      6: dependent_tasks
----------------------------------------
5000 households, 3 dependent tasks, 10 fully flexible tasks, 0 semi-flexible tasks, 0 fixed tasks, 1 penalty weight. 
----------------------------------------
0. The community is created. 
0. Aggregator is created. 
1. Best step size 0.018, 18 iterations, cost 2787392684.05, using minizinc_fw
2. Best step size 0.014, 14 iterations, cost 2719277645.15, using minizinc_fw
3. Best step size 0.008, 8 iterations, cost 2689112436.83, using minizinc_fw
4. Best step size 0.016, 16 iterations, cost 2638775328.06, using minizinc_fw
5. Best step size 0.013, 13 iterations, cost 2605102131.52, using minizinc_fw
6. Best step size 0.007, 7 iterations, cost 2592733842.6, using minizinc_fw
7. Best step size 0.011, 11 iterations, cost 2577507232.04, using minizinc_fw
8. Best step size 0.001, 1 iterations, cost 2576882362.0, using minizinc_fw
9. Best step size 0, 0 iterations, cost 2576882362.0, using minizinc_fw
Converged in 9
Data are written and graphs are painted. 
0. The community is read. 
0. Aggregator is read. 
1. Best step size 0.017, 17 iterations, cost 2794212875.87, using ogsa_fw
2. Best step size 0.018, 18 iterations, cost 2703134883.1, using ogsa_fw
3. Best step size 0.015, 14 iterations, cost 2650524922.75, using ogsa_fw
4. Best step size 0.017, 17 iterations, cost 2605848936.79, using ogsa_fw
5. Best step size 0.011, 11 iterations, cost 2580417209.64, using ogsa_fw
6. Best step size 0.011, 11 iterations, cost 2559648535.63, using ogsa_fw
7. Best step size 0.007, 7 iterations, cost 2548919564.23, using ogsa_fw
8. Best step size 0.005, 5 iterations, cost 2542293273.34, using ogsa_fw
9. Best step size 0.01, 10 iterations, cost 2531735906.76, using ogsa_fw
10. Best step size 0.003, 3 iterations, cost 2528807756.87, using ogsa_fw
11. Best step size 0.002, 2 iterations, cost 2526781675.75, using ogsa_fw
12. Best step size 0.003, 3 iterations, cost 2524176286.11, using ogsa_fw
13. Best step size 0.002, 2 iterations, cost 2522837940.86, using ogsa_fw
14. Best step size 0.003, 3 iterations, cost 2521059707.94, using ogsa_fw
15. Best step size 0.002, 2 iterations, cost 2519867954.52, using ogsa_fw
16. Best step size 0.002, 2 iterations, cost 2518812955.21, using ogsa_fw
17. Best step size 0.001, 1 iterations, cost 2518287344.31, using ogsa_fw
18. Best step size 0.012, 12 iterations, cost 2514736218.01, using ogsa_fw
19. Best step size 0.001, 1 iterations, cost 2514335220.0, using ogsa_fw
20. Best step size 0.004, 4 iterations, cost 2513300975.25, using ogsa_fw
21. Best step size 0.001, 1 iterations, cost 2512959495.42, using ogsa_fw
22. Best step size 0.005, 5 iterations, cost 2512122936.23, using ogsa_fw
23. Best step size 0.003, 3 iterations, cost 2511544721.62, using ogsa_fw
24. Best step size 0.001, 1 iterations, cost 2511381973.56, using ogsa_fw
25. Best step size 0.001, 1 iterations, cost 2511076621.18, using ogsa_fw
26. Best step size 0, 0 iterations, cost 2511076621.18, using ogsa_fw
Converged in 26
Data are written and graphs are painted. 
----------------------------------------
----------------------------------------
Experiment is finished. 
{0: {'no_households': 5000, 'penalty_weight': 1, 'no_dependent_tasks': 3, 'no_fully_flexible_tasks_min': 10, 'no_semi_flexible_tasks_min': 0, 'no_fixed_tasks_min': 0, 'algorithm': 'minizinc_fw', 'id': 18, 'init_PAR': 1.2, 'PAR': 1.1, 'init_max_demand': 4026422.0, 'max_demand': 3687077.4, 'total_demand': 160662785.0, 'demand_reduction': 0.08, 'cost_reduction': 0.11, 'pricing_time': 0.018099999999999998, 'rescheduling_time': 6642.14996}, 1: {'no_households': 5000, 'penalty_weight': 1, 'no_dependent_tasks': 3, 'no_fully_flexible_tasks_min': 10, 'no_semi_flexible_tasks_min': 0, 'no_fixed_tasks_min': 0, 'algorithm': 'ogsa_fw', 'id': 18, 'init_PAR': 1.2, 'PAR': 1.03, 'init_max_demand': 4026422.0, 'max_demand': 3447785.54, 'total_demand': 160662785.0, 'demand_reduction': 0.14, 'cost_reduction': 0.14, 'pricing_time': 0.007996296296296295, 'rescheduling_time': 4.695988888888889}}
