Arguments count: 7
Argument      0: ./monarch_run.py
Argument      1: 2000
Argument      2: 1
Argument      3: 0
Argument      4: 16
Argument      5: 11
Argument      6: dependent_tasks
----------------------------------------
2000 households, 0 dependent tasks, 10 fully flexible tasks, 0 semi-flexible tasks, 0 fixed tasks, 1 penalty weight. 
----------------------------------------
0. The community is created. 
0. Aggregator is created. 
1. Best step size 0.013, 13 iterations, cost 1114043723.61, using minizinc_fw
2. Best step size 0.013, 13 iterations, cost 1090719703.35, using minizinc_fw
3. Best step size 0.008, 8 iterations, cost 1079281399.5, using minizinc_fw
4. Best step size 0.019, 19 iterations, cost 1060831220.23, using minizinc_fw
5. Best step size 0.013, 13 iterations, cost 1051808630.63, using minizinc_fw
6. Best step size 0.01, 10 iterations, cost 1043594941.62, using minizinc_fw
7. Best step size 0.007, 7 iterations, cost 1040142515.55, using minizinc_fw
8. Best step size 0.003, 3 iterations, cost 1039209291.1, using minizinc_fw
9. Best step size 0.006, 6 iterations, cost 1036664790.61, using minizinc_fw
10. Best step size 0.004, 4 iterations, cost 1035301784.18, using minizinc_fw
11. Best step size 0.003, 3 iterations, cost 1033907582.99, using minizinc_fw
12. Best step size 0.003, 3 iterations, cost 1032521850.02, using minizinc_fw
13. Best step size 0.004, 4 iterations, cost 1031310298.33, using minizinc_fw
14. Best step size 0.003, 3 iterations, cost 1030663662.99, using minizinc_fw
15. Best step size 0.004, 4 iterations, cost 1029726589.42, using minizinc_fw
16. Best step size 0.009, 9 iterations, cost 1027297203.59, using minizinc_fw
17. Best step size 0.001, 1 iterations, cost 1027154586.5, using minizinc_fw
18. Best step size 0.004, 4 iterations, cost 1026226214.72, using minizinc_fw
19. Best step size 0.007, 7 iterations, cost 1024961609.88, using minizinc_fw
20. Best step size 0, 0 iterations, cost 1024961609.88, using minizinc_fw
Converged in 20
Data are written and graphs are painted. 
0. The community is read. 
0. Aggregator is read. 
1. Best step size 0.01, 10 iterations, cost 1120071735.13, using ogsa_fw
2. Best step size 0.015, 15 iterations, cost 1090704526.69, using ogsa_fw
3. Best step size 0.007, 7 iterations, cost 1080555796.65, using ogsa_fw
4. Best step size 0.012, 12 iterations, cost 1066089840.01, using ogsa_fw
5. Best step size 0.012, 12 iterations, cost 1053406193.98, using ogsa_fw
6. Best step size 0.004, 4 iterations, cost 1049333549.63, using ogsa_fw
7. Best step size 0.011, 10 iterations, cost 1040392258.5, using ogsa_fw
8. Best step size 0.007, 7 iterations, cost 1035155419.87, using ogsa_fw
9. Best step size 0.004, 4 iterations, cost 1032375325.18, using ogsa_fw
10. Best step size 0.005, 5 iterations, cost 1029447645.91, using ogsa_fw
11. Best step size 0.005, 5 iterations, cost 1027048085.92, using ogsa_fw
12. Best step size 0.004, 4 iterations, cost 1024899592.25, using ogsa_fw
13. Best step size 0.004, 4 iterations, cost 1023320705.45, using ogsa_fw
14. Best step size 0.004, 4 iterations, cost 1022192264.55, using ogsa_fw
15. Best step size 0.003, 3 iterations, cost 1021275050.09, using ogsa_fw
16. Best step size 0.006, 6 iterations, cost 1019862232.33, using ogsa_fw
17. Best step size 0.002, 2 iterations, cost 1019430306.04, using ogsa_fw
18. Best step size 0.001, 1 iterations, cost 1019168755.66, using ogsa_fw
19. Best step size 0.003, 3 iterations, cost 1018629246.12, using ogsa_fw
20. Best step size 0.007, 7 iterations, cost 1017460840.91, using ogsa_fw
21. Best step size 0.004, 4 iterations, cost 1016787942.9, using ogsa_fw
22. Best step size 0.001, 1 iterations, cost 1016631728.74, using ogsa_fw
23. Best step size 0.001, 1 iterations, cost 1016501878.81, using ogsa_fw
24. Best step size 0.001, 1 iterations, cost 1016384527.16, using ogsa_fw
25. Best step size 0.001, 1 iterations, cost 1016259583.83, using ogsa_fw
26. Best step size 0.001, 1 iterations, cost 1016142419.28, using ogsa_fw
27. Best step size 0, 0 iterations, cost 1016142419.28, using ogsa_fw
Converged in 27
Data are written and graphs are painted. 
----------------------------------------
----------------------------------------
Experiment is finished. 
{0: {'no_households': 2000, 'penalty_weight': 1, 'no_dependent_tasks': 0, 'no_fully_flexible_tasks_min': 10, 'no_semi_flexible_tasks_min': 0, 'no_fixed_tasks_min': 0, 'algorithm': 'minizinc_fw', 'id': 11, 'init_PAR': 1.22, 'PAR': 1.08, 'init_max_demand': 1664576.0, 'max_demand': 1477614.75, 'total_demand': 65701411.0, 'demand_reduction': 0.11, 'cost_reduction': 0.1, 'pricing_time': 0.01840476190476191, 'rescheduling_time': 2546.0118904761903}, 1: {'no_households': 2000, 'penalty_weight': 1, 'no_dependent_tasks': 0, 'no_fully_flexible_tasks_min': 10, 'no_semi_flexible_tasks_min': 0, 'no_fixed_tasks_min': 0, 'algorithm': 'ogsa_fw', 'id': 11, 'init_PAR': 1.22, 'PAR': 1.06, 'init_max_demand': 1664576.0, 'max_demand': 1454266.85, 'total_demand': 65701411.0, 'demand_reduction': 0.13, 'cost_reduction': 0.11, 'pricing_time': 0.004714285714285713, 'rescheduling_time': 1.944075}}
