Arguments count: 7
Argument      0: ./monarch_run.py
Argument      1: 5000
Argument      2: 1
Argument      3: 3
Argument      4: 16
Argument      5: 3
Argument      6: dependent_tasks
----------------------------------------
5000 households, 3 dependent tasks, 10 fully flexible tasks, 0 semi-flexible tasks, 0 fixed tasks, 1 penalty weight. 
----------------------------------------
0. The community is created. 
0. Aggregator is created. 
1. Best step size 0.014, 14 iterations, cost 2805364019.78, using minizinc_fw
2. Best step size 0.016, 16 iterations, cost 2741966832.0, using minizinc_fw
3. Best step size 0.01, 10 iterations, cost 2707051000.71, using minizinc_fw
4. Best step size 0.012, 12 iterations, cost 2667241238.74, using minizinc_fw
5. Best step size 0.008, 8 iterations, cost 2645722714.83, using minizinc_fw
6. Best step size 0.007, 7 iterations, cost 2633073868.61, using minizinc_fw
7. Best step size 0.007, 6 iterations, cost 2623657394.08, using minizinc_fw
8. Best step size 0.003, 3 iterations, cost 2620527843.46, using minizinc_fw
9. Best step size 0, 0 iterations, cost 2620527843.46, using minizinc_fw
Converged in 9
Data are written and graphs are painted. 
0. The community is read. 
0. Aggregator is read. 
1. Best step size 0.015, 15 iterations, cost 2763596171.52, using ogsa_fw
2. Best step size 0.012, 12 iterations, cost 2712650813.63, using ogsa_fw
3. Best step size 0.01, 10 iterations, cost 2678458472.59, using ogsa_fw
4. Best step size 0.01, 10 iterations, cost 2652813539.05, using ogsa_fw
5. Best step size 0.009, 9 iterations, cost 2632153007.99, using ogsa_fw
6. Best step size 0.008, 8 iterations, cost 2617556733.36, using ogsa_fw
7. Best step size 0.01, 10 iterations, cost 2601899297.03, using ogsa_fw
8. Best step size 0.011, 11 iterations, cost 2588172042.15, using ogsa_fw
9. Best step size 0.006, 5 iterations, cost 2580468116.18, using ogsa_fw
10. Best step size 0.006, 6 iterations, cost 2573866923.85, using ogsa_fw
11. Best step size 0.006, 6 iterations, cost 2568961217.71, using ogsa_fw
12. Best step size 0.004, 4 iterations, cost 2565998366.03, using ogsa_fw
13. Best step size 0.005, 5 iterations, cost 2562577295.95, using ogsa_fw
14. Best step size 0.003, 3 iterations, cost 2560777988.55, using ogsa_fw
15. Best step size 0.003, 3 iterations, cost 2559395467.1, using ogsa_fw
16. Best step size 0.002, 2 iterations, cost 2558350767.28, using ogsa_fw
17. Best step size 0.002, 2 iterations, cost 2557301088.48, using ogsa_fw
18. Best step size 0.001, 1 iterations, cost 2556806032.41, using ogsa_fw
19. Best step size 0.002, 2 iterations, cost 2556092137.96, using ogsa_fw
20. Best step size 0.002, 2 iterations, cost 2555353759.13, using ogsa_fw
21. Best step size 0.001, 1 iterations, cost 2554967801.16, using ogsa_fw
22. Best step size 0.001, 1 iterations, cost 2554570416.07, using ogsa_fw
23. Best step size 0, 0 iterations, cost 2554570416.07, using ogsa_fw
Converged in 23
Data are written and graphs are painted. 
----------------------------------------
----------------------------------------
Experiment is finished. 
{0: {'no_households': 5000, 'penalty_weight': 1, 'no_dependent_tasks': 3, 'no_fully_flexible_tasks_min': 10, 'no_semi_flexible_tasks_min': 0, 'no_fixed_tasks_min': 0, 'algorithm': 'minizinc_fw', 'id': 3, 'init_PAR': 1.2, 'PAR': 1.11, 'init_max_demand': 4067110.0, 'max_demand': 3765547.04, 'total_demand': 162511894.0, 'demand_reduction': 0.07, 'cost_reduction': 0.09, 'pricing_time': 0.018929999999999995, 'rescheduling_time': 5285.028969999999}, 1: {'no_households': 5000, 'penalty_weight': 1, 'no_dependent_tasks': 3, 'no_fully_flexible_tasks_min': 10, 'no_semi_flexible_tasks_min': 0, 'no_fixed_tasks_min': 0, 'algorithm': 'ogsa_fw', 'id': 3, 'init_PAR': 1.21, 'PAR': 1.07, 'init_max_demand': 4174686.0, 'max_demand': 3673607.25, 'total_demand': 164949691.0, 'demand_reduction': 0.12, 'cost_reduction': 0.1, 'pricing_time': 0.006270833333333336, 'rescheduling_time': 4.885495833333334}}
