Arguments count: 7
Argument      0: ./monarch_run.py
Argument      1: 10
Argument      2: 0
Argument      3: 10
Argument      4: 8
Argument      5: 4
Argument      6: test_exp
----------------------------------------
10 households, 10 dependent tasks, 5 fully flexible tasks, 0 semi-flexible tasks, 0 fixed tasks, 0 penalty weight. 
----------------------------------------
0. The community is created. 
0. Aggregator is created. 
1. Best step size 0.182, 50 iterations, cost 2128958.41, using minizinc_fw
2. Best step size 0.007, 1 iterations, cost 2128180.54, using minizinc_fw
3. Best step size 0, 0 iterations, cost 2128180.54, using minizinc_fw
Converged in 3
Data are written and graphs are painted. 
0. The community is read. 
0. Aggregator is read. 
1. Best step size 0.183, 75 iterations, cost 41999063.69, using ogsa_fw
2. Best step size 0.068, 43 iterations, cost 29655254.54, using ogsa_fw
3. Best step size 0.082, 45 iterations, cost 19326301.57, using ogsa_fw
4. Best step size 0.064, 42 iterations, cost 14151356.73, using ogsa_fw
5. Best step size 0.07, 44 iterations, cost 10320005.34, using ogsa_fw
6. Best step size 0.069, 43 iterations, cost 7885665.97, using ogsa_fw
7. Best step size 0.071, 56 iterations, cost 5964540.2, using ogsa_fw
8. Best step size 0.066, 52 iterations, cost 4358525.3, using ogsa_fw
9. Best step size 0.059, 42 iterations, cost 2992446.41, using ogsa_fw
10. Best step size 0.061, 41 iterations, cost 2303891.66, using ogsa_fw
11. Best step size 0.05, 36 iterations, cost 2211463.29, using ogsa_fw
12. Best step size 0.037, 30 iterations, cost 2175317.92, using ogsa_fw
13. Best step size 0.03, 22 iterations, cost 2155284.65, using ogsa_fw
14. Best step size 0.044, 30 iterations, cost 2134438.61, using ogsa_fw
15. Best step size 0.029, 23 iterations, cost 2126133.35, using ogsa_fw
16. Best step size 0.019, 16 iterations, cost 2121970.2, using ogsa_fw
17. Best step size 0.023, 17 iterations, cost 2117571.44, using ogsa_fw
18. Best step size 0.024, 18 iterations, cost 2114287.28, using ogsa_fw
19. Best step size 0.057, 34 iterations, cost 2106648.95, using ogsa_fw
20. Best step size 0.019, 15 iterations, cost 2105316.4, using ogsa_fw
21. Best step size 0.012, 11 iterations, cost 2104598.25, using ogsa_fw
22. Best step size 0.015, 12 iterations, cost 2103926.64, using ogsa_fw
23. Best step size 0.01, 9 iterations, cost 2103579.77, using ogsa_fw
24. Best step size 0.045, 26 iterations, cost 2101406.44, using ogsa_fw
25. Best step size 0.011, 8 iterations, cost 2101168.59, using ogsa_fw
26. Best step size 0.03, 18 iterations, cost 2099949.39, using ogsa_fw
27. Best step size 0.008, 5 iterations, cost 2099767.5, using ogsa_fw
28. Best step size 0.03, 16 iterations, cost 2098869.92, using ogsa_fw
29. Best step size 0.006, 3 iterations, cost 2098783.84, using ogsa_fw
30. Best step size 0.007, 5 iterations, cost 2098695.91, using ogsa_fw
31. Best step size 0.004, 4 iterations, cost 2098655.87, using ogsa_fw
32. Best step size 0.002, 2 iterations, cost 2098638.08, using ogsa_fw
33. Best step size 0.004, 3 iterations, cost 2098597.46, using ogsa_fw
34. Best step size 0.002, 2 iterations, cost 2098570.08, using ogsa_fw
35. Best step size 0.004, 3 iterations, cost 2098517.57, using ogsa_fw
36. Best step size 0.004, 4 iterations, cost 2098480.13, using ogsa_fw
37. Best step size 0.001, 1 iterations, cost 2098468.26, using ogsa_fw
38. Best step size 0.002, 2 iterations, cost 2098453.75, using ogsa_fw
39. Best step size 0.015, 8 iterations, cost 2098200.61, using ogsa_fw
40. Best step size 0.001, 1 iterations, cost 2098190.21, using ogsa_fw
41. Best step size 0.001, 1 iterations, cost 2098181.52, using ogsa_fw
42. Best step size 0.001, 1 iterations, cost 2098173.46, using ogsa_fw
43. Best step size 0.001, 1 iterations, cost 2098168.29, using ogsa_fw
44. Best step size 0.001, 1 iterations, cost 2098159.32, using ogsa_fw
45. Best step size 0.001, 1 iterations, cost 2098153.74, using ogsa_fw
46. Best step size 0.002, 2 iterations, cost 2098141.95, using ogsa_fw
47. Best step size 0.001, 1 iterations, cost 2098135.16, using ogsa_fw
48. Best step size 0.004, 3 iterations, cost 2098118.28, using ogsa_fw
49. Best step size 0.001, 1 iterations, cost 2098109.0, using ogsa_fw
50. Best step size 0.001, 1 iterations, cost 2098103.11, using ogsa_fw
51. Best step size 0.001, 1 iterations, cost 2098098.25, using ogsa_fw
52. Best step size 0.001, 1 iterations, cost 2098089.67, using ogsa_fw
53. Best step size 0.001, 1 iterations, cost 2098081.11, using ogsa_fw
54. Best step size 0.001, 1 iterations, cost 2098073.83, using ogsa_fw
55. Best step size 0.001, 1 iterations, cost 2098070.51, using ogsa_fw
56. Best step size 0.001, 1 iterations, cost 2098063.02, using ogsa_fw
57. Best step size 0.001, 1 iterations, cost 2098055.91, using ogsa_fw
58. Best step size 0.001, 1 iterations, cost 2098047.18, using ogsa_fw
59. Best step size 0.001, 1 iterations, cost 2098043.21, using ogsa_fw
60. Best step size 0.001, 1 iterations, cost 2098041.12, using ogsa_fw
61. Best step size 0.001, 1 iterations, cost 2098034.08, using ogsa_fw
62. Best step size 0.001, 1 iterations, cost 2098027.56, using ogsa_fw
63. Best step size 0.001, 1 iterations, cost 2098020.88, using ogsa_fw
64. Best step size 0.001, 1 iterations, cost 2098014.18, using ogsa_fw
65. Best step size 0.001, 1 iterations, cost 2098008.54, using ogsa_fw
66. Best step size 0.001, 1 iterations, cost 2098005.51, using ogsa_fw
67. Best step size 0.001, 1 iterations, cost 2098000.9, using ogsa_fw
68. Best step size 0, 0 iterations, cost 2098000.9, using ogsa_fw
Converged in 68
Data are written and graphs are painted. 
----------------------------------------
----------------------------------------
Experiment is finished. 
{0: {'no_households': 10, 'penalty_weight': 0, 'no_dependent_tasks': 10, 'no_fully_flexible_tasks_min': 5, 'no_semi_flexible_tasks_min': 0, 'no_fixed_tasks_min': 0, 'algorithm': 'minizinc_fw', 'id': 4, 'init_PAR': 6.41, 'PAR': 5.31, 'init_max_demand': 20024.0, 'max_demand': 16567.42, 'total_demand': 149846.0, 'demand_reduction': 0.17, 'cost_reduction': 0.12, 'pricing_time': 0.0030499999999999998, 'rescheduling_time': 8.2775}, 1: {'no_households': 10, 'penalty_weight': 0, 'no_dependent_tasks': 10, 'no_fully_flexible_tasks_min': 5, 'no_semi_flexible_tasks_min': 0, 'no_fixed_tasks_min': 0, 'algorithm': 'ogsa_fw', 'id': 4, 'init_PAR': 6.41, 'PAR': 1.63, 'init_max_demand': 20024.0, 'max_demand': 5085.09, 'total_demand': 149846.0, 'demand_reduction': 0.75, 'cost_reduction': 0.97, 'pricing_time': 0.004356521739130431, 'rescheduling_time': 0.004617391304347825}}
