Arguments count: 7
Argument      0: ./monarch_run.py
Argument      1: 2000
Argument      2: 1
Argument      3: 1
Argument      4: 16
Argument      5: 12
Argument      6: dependent_tasks
----------------------------------------
2000 households, 1 dependent tasks, 10 fully flexible tasks, 0 semi-flexible tasks, 0 fixed tasks, 1 penalty weight. 
----------------------------------------
0. The community is created. 
0. Aggregator is created. 
1. Best step size 0.014, 14 iterations, cost 1048257395.57, using minizinc_fw
2. Best step size 0.017, 17 iterations, cost 1025568400.91, using minizinc_fw
3. Best step size 0.012, 12 iterations, cost 1013951359.96, using minizinc_fw
4. Best step size 0.007, 7 iterations, cost 1009093448.56, using minizinc_fw
5. Best step size 0.009, 9 iterations, cost 1003037405.31, using minizinc_fw
6. Best step size 0.004, 3 iterations, cost 1001833107.83, using minizinc_fw
7. Best step size 0, 0 iterations, cost 1001833107.83, using minizinc_fw
Converged in 7
Data are written and graphs are painted. 
0. The community is read. 
0. Aggregator is read. 
1. Best step size 0.012, 12 iterations, cost 1049900372.64, using ogsa_fw
2. Best step size 0.01, 10 iterations, cost 1035590960.3, using ogsa_fw
3. Best step size 0.016, 16 iterations, cost 1016711764.06, using ogsa_fw
4. Best step size 0.009, 9 iterations, cost 1007621539.73, using ogsa_fw
5. Best step size 0.008, 8 iterations, cost 1000531419.79, using ogsa_fw
6. Best step size 0.01, 10 iterations, cost 994168665.31, using ogsa_fw
7. Best step size 0.006, 6 iterations, cost 990916021.37, using ogsa_fw
8. Best step size 0.006, 6 iterations, cost 987725740.2, using ogsa_fw
9. Best step size 0.01, 10 iterations, cost 983064253.12, using ogsa_fw
10. Best step size 0.006, 6 iterations, cost 980632551.04, using ogsa_fw
11. Best step size 0.006, 6 iterations, cost 978508732.07, using ogsa_fw
12. Best step size 0.006, 6 iterations, cost 976705240.67, using ogsa_fw
13. Best step size 0.003, 3 iterations, cost 975629678.4, using ogsa_fw
14. Best step size 0.006, 6 iterations, cost 973857848.18, using ogsa_fw
15. Best step size 0.005, 5 iterations, cost 972789283.39, using ogsa_fw
16. Best step size 0.004, 4 iterations, cost 971901003.18, using ogsa_fw
17. Best step size 0.002, 2 iterations, cost 971425497.46, using ogsa_fw
18. Best step size 0.003, 3 iterations, cost 970884787.32, using ogsa_fw
19. Best step size 0.003, 3 iterations, cost 970332950.57, using ogsa_fw
20. Best step size 0.002, 2 iterations, cost 970075078.85, using ogsa_fw
21. Best step size 0.005, 5 iterations, cost 969613401.55, using ogsa_fw
22. Best step size 0.006, 6 iterations, cost 969077629.77, using ogsa_fw
23. Best step size 0.005, 5 iterations, cost 968644746.93, using ogsa_fw
24. Best step size 0.004, 4 iterations, cost 968309724.96, using ogsa_fw
25. Best step size 0.003, 3 iterations, cost 968068818.83, using ogsa_fw
26. Best step size 0.001, 1 iterations, cost 967959694.77, using ogsa_fw
27. Best step size 0.001, 1 iterations, cost 967897137.77, using ogsa_fw
28. Best step size 0.001, 1 iterations, cost 967820428.34, using ogsa_fw
29. Best step size 0, 0 iterations, cost 967820428.34, using ogsa_fw
Converged in 29
Data are written and graphs are painted. 
----------------------------------------
----------------------------------------
Experiment is finished. 
{0: {'no_households': 2000, 'penalty_weight': 1, 'no_dependent_tasks': 1, 'no_fully_flexible_tasks_min': 10, 'no_semi_flexible_tasks_min': 0, 'no_fixed_tasks_min': 0, 'algorithm': 'minizinc_fw', 'id': 12, 'init_PAR': 1.25, 'PAR': 1.17, 'init_max_demand': 1662793.0, 'max_demand': 1561220.35, 'total_demand': 64082854.0, 'demand_reduction': 0.06, 'cost_reduction': 0.06, 'pricing_time': 0.015587500000000002, 'rescheduling_time': 1679.20125}, 1: {'no_households': 2000, 'penalty_weight': 1, 'no_dependent_tasks': 1, 'no_fully_flexible_tasks_min': 10, 'no_semi_flexible_tasks_min': 0, 'no_fixed_tasks_min': 0, 'algorithm': 'ogsa_fw', 'id': 12, 'init_PAR': 1.25, 'PAR': 1.06, 'init_max_demand': 1662793.0, 'max_demand': 1418443.08, 'total_demand': 64082854.0, 'demand_reduction': 0.15, 'cost_reduction': 0.1, 'pricing_time': 0.005100000000000001, 'rescheduling_time': 1.8889566666666664}}
