Arguments count: 7
Argument      0: ./monarch_run.py
Argument      1: 2000
Argument      2: 1
Argument      3: 0
Argument      4: 16
Argument      5: 21
Argument      6: dependent_tasks
----------------------------------------
2000 households, 0 dependent tasks, 10 fully flexible tasks, 0 semi-flexible tasks, 0 fixed tasks, 1 penalty weight. 
----------------------------------------
0. The community is created. 
0. Aggregator is created. 
1. Best step size 0.017, 17 iterations, cost 1070055864.95, using minizinc_fw
2. Best step size 0.015, 15 iterations, cost 1053066546.75, using minizinc_fw
3. Best step size 0.009, 9 iterations, cost 1042626633.76, using minizinc_fw
4. Best step size 0.006, 6 iterations, cost 1040300353.57, using minizinc_fw
5. Best step size 0.009, 9 iterations, cost 1034100925.59, using minizinc_fw
6. Best step size 0.005, 5 iterations, cost 1031836057.15, using minizinc_fw
7. Best step size 0.009, 9 iterations, cost 1026809836.68, using minizinc_fw
8. Best step size 0, 0 iterations, cost 1026809836.68, using minizinc_fw
Converged in 8
Data are written and graphs are painted. 
0. The community is read. 
0. Aggregator is read. 
1. Best step size 0.012, 12 iterations, cost 1077372941.98, using ogsa_fw
2. Best step size 0.011, 11 iterations, cost 1059358038.32, using ogsa_fw
3. Best step size 0.008, 8 iterations, cost 1047898740.51, using ogsa_fw
4. Best step size 0.008, 8 iterations, cost 1038770537.49, using ogsa_fw
5. Best step size 0.012, 12 iterations, cost 1027121214.1, using ogsa_fw
6. Best step size 0.012, 12 iterations, cost 1017855751.69, using ogsa_fw
7. Best step size 0.016, 16 iterations, cost 1008119544.22, using ogsa_fw
8. Best step size 0.01, 10 iterations, cost 1003349788.6, using ogsa_fw
9. Best step size 0.005, 5 iterations, cost 1001323802.64, using ogsa_fw
10. Best step size 0.009, 9 iterations, cost 998724490.55, using ogsa_fw
11. Best step size 0.012, 12 iterations, cost 995891387.07, using ogsa_fw
12. Best step size 0.008, 7 iterations, cost 993833433.84, using ogsa_fw
13. Best step size 0.003, 3 iterations, cost 993000092.69, using ogsa_fw
14. Best step size 0.004, 4 iterations, cost 992160584.15, using ogsa_fw
15. Best step size 0.001, 1 iterations, cost 991915869.55, using ogsa_fw
16. Best step size 0.002, 2 iterations, cost 991554281.74, using ogsa_fw
17. Best step size 0.001, 1 iterations, cost 991400010.3, using ogsa_fw
18. Best step size 0.001, 1 iterations, cost 991186476.97, using ogsa_fw
19. Best step size 0.003, 3 iterations, cost 990812692.98, using ogsa_fw
20. Best step size 0.009, 9 iterations, cost 989739074.17, using ogsa_fw
21. Best step size 0.004, 4 iterations, cost 989352622.52, using ogsa_fw
22. Best step size 0.002, 2 iterations, cost 989159304.8, using ogsa_fw
23. Best step size 0.002, 2 iterations, cost 988944879.82, using ogsa_fw
24. Best step size 0.003, 3 iterations, cost 988700094.99, using ogsa_fw
25. Best step size 0.003, 3 iterations, cost 988445180.85, using ogsa_fw
26. Best step size 0.002, 2 iterations, cost 988316434.45, using ogsa_fw
27. Best step size 0.002, 2 iterations, cost 988212250.27, using ogsa_fw
28. Best step size 0.001, 1 iterations, cost 988117153.16, using ogsa_fw
29. Best step size 0.001, 1 iterations, cost 988053057.8, using ogsa_fw
30. Best step size 0.001, 1 iterations, cost 988005684.07, using ogsa_fw
31. Best step size 0, 0 iterations, cost 988005684.07, using ogsa_fw
Converged in 31
Data are written and graphs are painted. 
----------------------------------------
----------------------------------------
Experiment is finished. 
{0: {'no_households': 2000, 'penalty_weight': 1, 'no_dependent_tasks': 0, 'no_fully_flexible_tasks_min': 10, 'no_semi_flexible_tasks_min': 0, 'no_fixed_tasks_min': 0, 'algorithm': 'minizinc_fw', 'id': 21, 'init_PAR': 1.25, 'PAR': 1.16, 'init_max_demand': 1701195.0, 'max_demand': 1586128.36, 'total_demand': 65485277.0, 'demand_reduction': 0.07, 'cost_reduction': 0.07, 'pricing_time': 0.017155555555555552, 'rescheduling_time': 1853.0722111111108}, 1: {'no_households': 2000, 'penalty_weight': 1, 'no_dependent_tasks': 0, 'no_fully_flexible_tasks_min': 10, 'no_semi_flexible_tasks_min': 0, 'no_fixed_tasks_min': 0, 'algorithm': 'ogsa_fw', 'id': 21, 'init_PAR': 1.25, 'PAR': 1.05, 'init_max_demand': 1701195.0, 'max_demand': 1437989.48, 'total_demand': 65485277.0, 'demand_reduction': 0.15, 'cost_reduction': 0.1, 'pricing_time': 0.005109375000000001, 'rescheduling_time': 1.942875}}
