Arguments count: 7
Argument      0: ./monarch_run.py
Argument      1: 5000
Argument      2: 0
Argument      3: 1
Argument      4: 16
Argument      5: 1
Argument      6: dependent_tasks
----------------------------------------
5000 households, 1 dependent tasks, 10 fully flexible tasks, 0 semi-flexible tasks, 0 fixed tasks, 0 penalty weight. 
----------------------------------------
0. The community is created. 
0. Aggregator is created. 
1. Best step size 0.011, 11 iterations, cost 2968072587.03, using minizinc_fw
2. Best step size 0.008, 8 iterations, cost 2925777719.45, using minizinc_fw
3. Best step size 0.008, 8 iterations, cost 2878671834.35, using minizinc_fw
4. Best step size 0.007, 7 iterations, cost 2850089490.76, using minizinc_fw
5. Best step size 0.004, 4 iterations, cost 2837707572.95, using minizinc_fw
6. Best step size 0.011, 11 iterations, cost 2796048482.77, using minizinc_fw
7. Best step size 0.007, 7 iterations, cost 2778911397.29, using minizinc_fw
8. Best step size 0.005, 5 iterations, cost 2768673999.83, using minizinc_fw
9. Best step size 0.005, 5 iterations, cost 2759534905.45, using minizinc_fw
10. Best step size 0.002, 2 iterations, cost 2756349949.92, using minizinc_fw
11. Best step size 0.001, 1 iterations, cost 2755399783.38, using minizinc_fw
12. Best step size 0.001, 1 iterations, cost 2754334122.67, using minizinc_fw
13. Best step size 0, 0 iterations, cost 2754334122.67, using minizinc_fw
Converged in 13
Data are written and graphs are painted. 
0. The community is read. 
0. Aggregator is read. 
1. Best step size 0.01, 10 iterations, cost 2904500965.97, using ogsa_fw
2. Best step size 0.008, 8 iterations, cost 2852458597.06, using ogsa_fw
3. Best step size 0.013, 13 iterations, cost 2782909180.26, using ogsa_fw
4. Best step size 0.012, 12 iterations, cost 2732762105.82, using ogsa_fw
5. Best step size 0.011, 11 iterations, cost 2694961636.17, using ogsa_fw
6. Best step size 0.009, 9 iterations, cost 2671323674.57, using ogsa_fw
7. Best step size 0.007, 7 iterations, cost 2654035313.66, using ogsa_fw
8. Best step size 0.005, 5 iterations, cost 2642308104.29, using ogsa_fw
9. Best step size 0.004, 4 iterations, cost 2635908009.12, using ogsa_fw
10. Best step size 0.004, 4 iterations, cost 2628873131.06, using ogsa_fw
11. Best step size 0.004, 4 iterations, cost 2623116932.19, using ogsa_fw
12. Best step size 0.002, 2 iterations, cost 2620408146.04, using ogsa_fw
13. Best step size 0.002, 2 iterations, cost 2617396059.34, using ogsa_fw
14. Best step size 0.004, 4 iterations, cost 2613125763.11, using ogsa_fw
15. Best step size 0.003, 3 iterations, cost 2610302152.2, using ogsa_fw
16. Best step size 0.001, 1 iterations, cost 2609273297.56, using ogsa_fw
17. Best step size 0.002, 2 iterations, cost 2607571177.17, using ogsa_fw
18. Best step size 0.001, 1 iterations, cost 2606840962.33, using ogsa_fw
19. Best step size 0.001, 1 iterations, cost 2606116630.52, using ogsa_fw
20. Best step size 0.001, 1 iterations, cost 2605068711.03, using ogsa_fw
21. Best step size 0, 0 iterations, cost 2605068711.03, using ogsa_fw
Converged in 21
Data are written and graphs are painted. 
----------------------------------------
----------------------------------------
Experiment is finished. 
{0: {'no_households': 5000, 'penalty_weight': 0, 'no_dependent_tasks': 1, 'no_fully_flexible_tasks_min': 10, 'no_semi_flexible_tasks_min': 0, 'no_fixed_tasks_min': 0, 'algorithm': 'minizinc_fw', 'id': 1, 'init_PAR': 1.17, 'PAR': 1.11, 'init_max_demand': 3963314.0, 'max_demand': 3768191.68, 'total_demand': 162805608.0, 'demand_reduction': 0.05, 'cost_reduction': 0.1, 'pricing_time': 0.04663571428571429, 'rescheduling_time': 3789.087142857143}, 1: {'no_households': 5000, 'penalty_weight': 0, 'no_dependent_tasks': 1, 'no_fully_flexible_tasks_min': 10, 'no_semi_flexible_tasks_min': 0, 'no_fixed_tasks_min': 0, 'algorithm': 'ogsa_fw', 'id': 1, 'init_PAR': 1.18, 'PAR': 1.06, 'init_max_demand': 3947538.0, 'max_demand': 3559345.33, 'total_demand': 161107711.0, 'demand_reduction': 0.1, 'cost_reduction': 0.13, 'pricing_time': 0.005900000000000002, 'rescheduling_time': 4.5617}}
