Arguments count: 7
Argument      0: ./monarch_run.py
Argument      1: 10
Argument      2: 0
Argument      3: 10
Argument      4: 8
Argument      5: 4
Argument      6: test_exp
----------------------------------------
10 households, 10 dependent tasks, 5 fully flexible tasks, 0 semi-flexible tasks, 0 fixed tasks, 0 penalty weight. 
----------------------------------------
0. The community is created. 
0. Aggregator is created. 
1. Best step size 0.132, 42 iterations, cost 2407713.03, using minizinc_fw
2. Best step size 0.001, 1 iterations, cost 2407513.26, using minizinc_fw
3. Best step size 0, 0 iterations, cost 2407513.26, using minizinc_fw
Converged in 3
Data are written and graphs are painted. 
0. The community is read. 
0. Aggregator is read. 
1. Best step size 0.126, 51 iterations, cost 1746880.2, using ogsa_fw
2. Best step size 0.037, 21 iterations, cost 1727703.75, using ogsa_fw
3. Best step size 0.061, 28 iterations, cost 1707012.26, using ogsa_fw
4. Best step size 0.053, 24 iterations, cost 1698126.16, using ogsa_fw
5. Best step size 0.054, 23 iterations, cost 1692591.39, using ogsa_fw
6. Best step size 0.041, 16 iterations, cost 1690202.03, using ogsa_fw
7. Best step size 0.069, 29 iterations, cost 1687442.42, using ogsa_fw
8. Best step size 0.046, 17 iterations, cost 1686391.58, using ogsa_fw
9. Best step size 0.055, 19 iterations, cost 1685547.46, using ogsa_fw
10. Best step size 0.002, 2 iterations, cost 1685533.02, using ogsa_fw
11. Best step size 0.042, 20 iterations, cost 1685303.58, using ogsa_fw
12. Best step size 0, 0 iterations, cost 1685303.58, using ogsa_fw
Converged in 12
Data are written and graphs are painted. 
----------------------------------------
----------------------------------------
Experiment is finished. 
{0: {'no_households': 10, 'penalty_weight': 0, 'no_dependent_tasks': 10, 'no_fully_flexible_tasks_min': 5, 'no_semi_flexible_tasks_min': 0, 'no_fixed_tasks_min': 0, 'algorithm': 'minizinc_fw', 'id': 4, 'init_PAR': 4.8, 'PAR': 4.2, 'init_max_demand': 16799.0, 'max_demand': 14702.04, 'total_demand': 167850.0, 'demand_reduction': 0.12, 'cost_reduction': 0.09, 'pricing_time': 0.00345, 'rescheduling_time': 4.470000000000001}, 1: {'no_households': 10, 'penalty_weight': 0, 'no_dependent_tasks': 10, 'no_fully_flexible_tasks_min': 5, 'no_semi_flexible_tasks_min': 0, 'no_fixed_tasks_min': 0, 'algorithm': 'ogsa_fw', 'id': 4, 'init_PAR': 3.72, 'PAR': 2.07, 'init_max_demand': 9324.0, 'max_demand': 5183.29, 'total_demand': 120367.0, 'demand_reduction': 0.44, 'cost_reduction': 0.15, 'pricing_time': 0.005299999999999999, 'rescheduling_time': 0.007092307692307693}}
