Arguments count: 7
Argument      0: ./monarch_run.py
Argument      1: 5000
Argument      2: 1
Argument      3: 0
Argument      4: 16
Argument      5: 6
Argument      6: dependent_tasks
----------------------------------------
5000 households, 0 dependent tasks, 10 fully flexible tasks, 0 semi-flexible tasks, 0 fixed tasks, 1 penalty weight. 
----------------------------------------
0. The community is created. 
0. Aggregator is created. 
1. Best step size 0.014, 14 iterations, cost 2830693815.1, using minizinc_fw
2. Best step size 0.013, 13 iterations, cost 2761072415.17, using minizinc_fw
3. Best step size 0.02, 19 iterations, cost 2681869883.17, using minizinc_fw
4. Best step size 0.01, 10 iterations, cost 2647544559.62, using minizinc_fw
5. Best step size 0.008, 8 iterations, cost 2625133154.21, using minizinc_fw
6. Best step size 0.001, 1 iterations, cost 2624202903.55, using minizinc_fw
7. Best step size 0, 0 iterations, cost 2624202903.55, using minizinc_fw
Converged in 7
Data are written and graphs are painted. 
0. The community is read. 
0. Aggregator is read. 
1. Best step size 0.012, 12 iterations, cost 2779301526.85, using ogsa_fw
2. Best step size 0.008, 8 iterations, cost 2741024902.03, using ogsa_fw
3. Best step size 0.015, 15 iterations, cost 2684655035.26, using ogsa_fw
4. Best step size 0.007, 7 iterations, cost 2663135999.19, using ogsa_fw
5. Best step size 0.005, 5 iterations, cost 2648275557.75, using ogsa_fw
6. Best step size 0.007, 7 iterations, cost 2630398503.97, using ogsa_fw
7. Best step size 0.005, 5 iterations, cost 2618838821.23, using ogsa_fw
8. Best step size 0.01, 10 iterations, cost 2601802789.72, using ogsa_fw
9. Best step size 0.008, 8 iterations, cost 2590384751.89, using ogsa_fw
10. Best step size 0.006, 6 iterations, cost 2582662539.63, using ogsa_fw
11. Best step size 0.003, 3 iterations, cost 2578927965.78, using ogsa_fw
12. Best step size 0.003, 3 iterations, cost 2575858968.57, using ogsa_fw
13. Best step size 0.004, 4 iterations, cost 2571600657.89, using ogsa_fw
14. Best step size 0.006, 6 iterations, cost 2566613673.85, using ogsa_fw
15. Best step size 0.002, 2 iterations, cost 2565573362.29, using ogsa_fw
16. Best step size 0.003, 3 iterations, cost 2563755642.09, using ogsa_fw
17. Best step size 0.002, 2 iterations, cost 2562605800.39, using ogsa_fw
18. Best step size 0.007, 7 iterations, cost 2559767588.47, using ogsa_fw
19. Best step size 0.003, 3 iterations, cost 2558067167.62, using ogsa_fw
20. Best step size 0.001, 1 iterations, cost 2557608436.37, using ogsa_fw
21. Best step size 0.001, 1 iterations, cost 2557335949.76, using ogsa_fw
22. Best step size 0.002, 2 iterations, cost 2556765163.95, using ogsa_fw
23. Best step size 0.002, 2 iterations, cost 2556048155.87, using ogsa_fw
24. Best step size 0.001, 1 iterations, cost 2555662421.28, using ogsa_fw
25. Best step size 0, 0 iterations, cost 2555662421.28, using ogsa_fw
Converged in 25
Data are written and graphs are painted. 
----------------------------------------
----------------------------------------
Experiment is finished. 
{0: {'no_households': 5000, 'penalty_weight': 1, 'no_dependent_tasks': 0, 'no_fully_flexible_tasks_min': 10, 'no_semi_flexible_tasks_min': 0, 'no_fixed_tasks_min': 0, 'algorithm': 'minizinc_fw', 'id': 6, 'init_PAR': 1.21, 'PAR': 1.13, 'init_max_demand': 4089640.0, 'max_demand': 3828309.46, 'total_demand': 162338416.0, 'demand_reduction': 0.06, 'cost_reduction': 0.1, 'pricing_time': 0.017599999999999998, 'rescheduling_time': 5143.583725}, 1: {'no_households': 5000, 'penalty_weight': 1, 'no_dependent_tasks': 0, 'no_fully_flexible_tasks_min': 10, 'no_semi_flexible_tasks_min': 0, 'no_fixed_tasks_min': 0, 'algorithm': 'ogsa_fw', 'id': 6, 'init_PAR': 1.21, 'PAR': 1.07, 'init_max_demand': 4174686.0, 'max_demand': 3691295.96, 'total_demand': 164949691.0, 'demand_reduction': 0.12, 'cost_reduction': 0.1, 'pricing_time': 0.006461538461538463, 'rescheduling_time': 4.433007692307693}}
