Arguments count: 7
Argument      0: ./monarch_run.py
Argument      1: 5
Argument      2: 6
Argument      3: 10
Argument      4: 8
Argument      5: 3
Argument      6: test_exp
----------------------------------------
5 households, 10 dependent tasks, 5 fully flexible tasks, 0 semi-flexible tasks, 0 fixed tasks, 6 penalty weight. 
----------------------------------------
0. The community is created. 
0. Aggregator is created. 
1. Best step size 0.57, 63 iterations, cost 841473.7, using minizinc_fw
2. Best step size 0.211, 28 iterations, cost 839212.54, using minizinc_fw
3. Best step size 0.147, 6 iterations, cost 839015.02, using minizinc_fw
4. Best step size 0.085, 7 iterations, cost 838795.9, using minizinc_fw
5. Best step size 0, 0 iterations, cost 838795.9, using minizinc_fw
Converged in 5
Data are written and graphs are painted. 
0. The community is read. 
0. Aggregator is read. 
1. Best step size 0.375, 101 iterations, cost 19717149.33, using ogsa_fw
2. Best step size 0.318, 148 iterations, cost 3908471.63, using ogsa_fw
3. Best step size 0.128, 70 iterations, cost 2230728.87, using ogsa_fw
4. Best step size 0.18, 80 iterations, cost 2116056.45, using ogsa_fw
5. Best step size 0.063, 32 iterations, cost 2108588.23, using ogsa_fw
6. Best step size 0.082, 36 iterations, cost 2103152.41, using ogsa_fw
7. Best step size 0.049, 26 iterations, cost 2101143.58, using ogsa_fw
8. Best step size 0.102, 43 iterations, cost 2099071.21, using ogsa_fw
9. Best step size 0.046, 21 iterations, cost 2098532.01, using ogsa_fw
10. Best step size 0.013, 6 iterations, cost 2098444.25, using ogsa_fw
11. Best step size 0.024, 9 iterations, cost 2098281.99, using ogsa_fw
12. Best step size 0.012, 8 iterations, cost 2098199.43, using ogsa_fw
13. Best step size 0.008, 6 iterations, cost 2098151.63, using ogsa_fw
14. Best step size 0.016, 8 iterations, cost 2098106.29, using ogsa_fw
15. Best step size 0.009, 6 iterations, cost 2098077.48, using ogsa_fw
16. Best step size 0.007, 5 iterations, cost 2098042.24, using ogsa_fw
17. Best step size 0.007, 5 iterations, cost 2098005.52, using ogsa_fw
18. Best step size 0.006, 5 iterations, cost 2097990.42, using ogsa_fw
19. Best step size 0.008, 6 iterations, cost 2097960.74, using ogsa_fw
20. Best step size 0.003, 3 iterations, cost 2097953.46, using ogsa_fw
21. Best step size 0.006, 5 iterations, cost 2097932.25, using ogsa_fw
22. Best step size 0.004, 3 iterations, cost 2097919.79, using ogsa_fw
23. Best step size 0, 0 iterations, cost 2097919.79, using ogsa_fw
Converged in 23
Data are written and graphs are painted. 
----------------------------------------
----------------------------------------
Experiment is finished. 
{0: {'no_households': 5, 'penalty_weight': 6, 'no_dependent_tasks': 10, 'no_fully_flexible_tasks_min': 5, 'no_semi_flexible_tasks_min': 0, 'no_fixed_tasks_min': 0, 'algorithm': 'minizinc_fw', 'id': 3, 'init_PAR': 7.5, 'PAR': 4.05, 'init_max_demand': 9362.0, 'max_demand': 5059.51, 'total_demand': 59911.0, 'demand_reduction': 0.46, 'cost_reduction': 0.17, 'pricing_time': 0.0038500000000000006, 'rescheduling_time': 4.3149999999999995}, 1: {'no_households': 5, 'penalty_weight': 6, 'no_dependent_tasks': 10, 'no_fully_flexible_tasks_min': 5, 'no_semi_flexible_tasks_min': 0, 'no_fixed_tasks_min': 0, 'algorithm': 'ogsa_fw', 'id': 3, 'init_PAR': 6.41, 'PAR': 1.57, 'init_max_demand': 20024.0, 'max_demand': 4901.39, 'total_demand': 149846.0, 'demand_reduction': 0.76, 'cost_reduction': 0.97, 'pricing_time': 0.007599999999999998, 'rescheduling_time': 0.004362500000000001}}
