Arguments count: 7
Argument      0: ./monarch_run.py
Argument      1: 1000
Argument      2: 1
Argument      3: 3
Argument      4: 16
Argument      5: 2
Argument      6: dependent
----------------------------------------
1000 households, 3 dependent tasks, 0 fully flexible tasks, 10 semi-flexible tasks, 0 fixed tasks, 1 penalty weight. 
----------------------------------------
0. The community is created. 
0. Aggregator is created. 
1. Best step size 0.062, 58 iterations, cost 539894704.59, using minizinc_fw
2. Best step size 0.042, 40 iterations, cost 520421852.11, using minizinc_fw
3. Best step size 0.028, 23 iterations, cost 511533816.77, using minizinc_fw
4. Best step size 0.032, 27 iterations, cost 506117183.36, using minizinc_fw
5. Best step size 0.018, 17 iterations, cost 504507023.88, using minizinc_fw
6. Best step size 0.011, 10 iterations, cost 503757072.65, using minizinc_fw
7. Best step size 0.018, 16 iterations, cost 502807625.76, using minizinc_fw
8. Best step size 0.01, 10 iterations, cost 502248439.08, using minizinc_fw
9. Best step size 0.003, 3 iterations, cost 502045697.43, using minizinc_fw
10. Best step size 0.005, 5 iterations, cost 501864251.27, using minizinc_fw
11. Best step size 0, 0 iterations, cost 501864251.27, using minizinc_fw
Converged in 11
Traceback (most recent call last):
  File "./monarch_run.py", line 149, in <module>
    main(num_households=h,
  File "./monarch_run.py", line 98, in main
    = out.save_to_output_folder(algorithm=alg,
  File "/mnt/lustre/projects/td70/py385/lib/python3.8/site-packages/fw_ddsm/output.py", line 146, in save_to_output_folder
    df_demands.to_csv(r"{}{}_aggregator_demands.csv".format(self.output_folder, pricing_method))
  File "/mnt/lustre/projects/td70/py385/lib/python3.8/site-packages/pandas/core/generic.py", line 3170, in to_csv
    formatter.save()
  File "/mnt/lustre/projects/td70/py385/lib/python3.8/site-packages/pandas/io/formats/csvs.py", line 185, in save
    f, handles = get_handle(
  File "/mnt/lustre/projects/td70/py385/lib/python3.8/site-packages/pandas/io/common.py", line 493, in get_handle
    f = open(path_or_buf, mode, encoding=encoding, errors=errors, newline="")
FileNotFoundError: [Errno 2] No such file or directory: 'results/dependent//h1000-w1-dt3-fft0-sft10-id2//minizinc_fw_aggregator_demands.csv'
