Arguments count: 7
Argument      0: ./monarch_run.py
Argument      1: 5000
Argument      2: 1
Argument      3: 3
Argument      4: 16
Argument      5: 8
Argument      6: dependent_tasks
----------------------------------------
5000 households, 3 dependent tasks, 10 fully flexible tasks, 0 semi-flexible tasks, 0 fixed tasks, 1 penalty weight. 
----------------------------------------
0. The community is created. 
0. Aggregator is created. 
1. Best step size 0.017, 17 iterations, cost 2921874873.88, using minizinc_fw
2. Best step size 0.013, 13 iterations, cost 2842144368.06, using minizinc_fw
3. Best step size 0.014, 14 iterations, cost 2784640623.73, using minizinc_fw
4. Best step size 0.009, 9 iterations, cost 2754437057.97, using minizinc_fw
5. Best step size 0.002, 2 iterations, cost 2750155446.27, using minizinc_fw
6. Best step size 0.002, 2 iterations, cost 2747609730.26, using minizinc_fw
7. Best step size 0.006, 6 iterations, cost 2738347482.89, using minizinc_fw
8. Best step size 0.005, 5 iterations, cost 2725905539.21, using minizinc_fw
9. Best step size 0.007, 7 iterations, cost 2712904426.18, using minizinc_fw
10. Best step size 0, 0 iterations, cost 2712904426.18, using minizinc_fw
Converged in 10
Data are written and graphs are painted. 
0. The community is read. 
0. Aggregator is read. 
1. Best step size 0.015, 15 iterations, cost 2925033677.13, using ogsa_fw
2. Best step size 0.017, 17 iterations, cost 2826952264.5, using ogsa_fw
3. Best step size 0.009, 9 iterations, cost 2788214367.04, using ogsa_fw
4. Best step size 0.008, 8 iterations, cost 2759097106.56, using ogsa_fw
5. Best step size 0.009, 9 iterations, cost 2732485200.07, using ogsa_fw
6. Best step size 0.012, 12 iterations, cost 2705133454.92, using ogsa_fw
7. Best step size 0.008, 8 iterations, cost 2687625847.13, using ogsa_fw
8. Best step size 0.004, 4 iterations, cost 2679573706.97, using ogsa_fw
9. Best step size 0.006, 6 iterations, cost 2669789665.17, using ogsa_fw
10. Best step size 0.003, 3 iterations, cost 2665427119.33, using ogsa_fw
11. Best step size 0.01, 10 iterations, cost 2654307907.15, using ogsa_fw
12. Best step size 0.005, 5 iterations, cost 2650273243.25, using ogsa_fw
13. Best step size 0.001, 1 iterations, cost 2649245753.46, using ogsa_fw
14. Best step size 0.001, 1 iterations, cost 2648515572.58, using ogsa_fw
15. Best step size 0.014, 13 iterations, cost 2643649116.7, using ogsa_fw
16. Best step size 0.006, 6 iterations, cost 2640993234.6, using ogsa_fw
17. Best step size 0.001, 1 iterations, cost 2640462202.4, using ogsa_fw
18. Best step size 0.001, 1 iterations, cost 2640041486.27, using ogsa_fw
19. Best step size 0.001, 1 iterations, cost 2639672206.72, using ogsa_fw
20. Best step size 0.001, 1 iterations, cost 2639267631.63, using ogsa_fw
21. Best step size 0.001, 1 iterations, cost 2638819797.9, using ogsa_fw
22. Best step size 0.001, 1 iterations, cost 2638691220.44, using ogsa_fw
23. Best step size 0.001, 1 iterations, cost 2638478865.63, using ogsa_fw
24. Best step size 0.001, 1 iterations, cost 2638288110.04, using ogsa_fw
25. Best step size 0.001, 1 iterations, cost 2638060950.08, using ogsa_fw
26. Best step size 0.001, 1 iterations, cost 2637825613.44, using ogsa_fw
27. Best step size 0.001, 1 iterations, cost 2637632239.52, using ogsa_fw
28. Best step size 0, 0 iterations, cost 2637632239.52, using ogsa_fw
Converged in 28
Data are written and graphs are painted. 
----------------------------------------
----------------------------------------
Experiment is finished. 
{0: {'no_households': 5000, 'penalty_weight': 1, 'no_dependent_tasks': 3, 'no_fully_flexible_tasks_min': 10, 'no_semi_flexible_tasks_min': 0, 'no_fixed_tasks_min': 0, 'algorithm': 'minizinc_fw', 'id': 8, 'init_PAR': 1.18, 'PAR': 1.1, 'init_max_demand': 4014031.0, 'max_demand': 3763916.31, 'total_demand': 163810593.0, 'demand_reduction': 0.06, 'cost_reduction': 0.11, 'pricing_time': 0.017518181818181818, 'rescheduling_time': 4362.1509}, 1: {'no_households': 5000, 'penalty_weight': 1, 'no_dependent_tasks': 3, 'no_fully_flexible_tasks_min': 10, 'no_semi_flexible_tasks_min': 0, 'no_fixed_tasks_min': 0, 'algorithm': 'ogsa_fw', 'id': 8, 'init_PAR': 1.18, 'PAR': 1.02, 'init_max_demand': 4014031.0, 'max_demand': 3496384.28, 'total_demand': 163810593.0, 'demand_reduction': 0.13, 'cost_reduction': 0.13, 'pricing_time': 0.005665517241379309, 'rescheduling_time': 4.6672551724137925}}
