Arguments count: 7
Argument      0: ./monarch_run.py
Argument      1: 5
Argument      2: 3
Argument      3: 100
Argument      4: 8
Argument      5: 2
Argument      6: test_exp
----------------------------------------
5 households, 100 dependent tasks, 5 fully flexible tasks, 0 semi-flexible tasks, 0 fixed tasks, 3 penalty weight. 
----------------------------------------
0. The community is created. 
0. Aggregator is created. 
1. Best step size 0, 0 iterations, cost 1072831.0, using minizinc_fw
Converged in 1
Data are written and graphs are painted. 
0. The community is read. 
0. Aggregator is read. 
1. Best step size 0.585, 89 iterations, cost 1970246.31, using ogsa_fw
2. Best step size 0.17, 15 iterations, cost 1968811.04, using ogsa_fw
3. Best step size 0.017, 1 iterations, cost 1968792.0, using ogsa_fw
4. Best step size 0, 0 iterations, cost 1968792.0, using ogsa_fw
Converged in 4
Data are written and graphs are painted. 
----------------------------------------
----------------------------------------
Experiment is finished. 
{0: {'no_households': 5, 'penalty_weight': 3, 'no_dependent_tasks': 100, 'no_fully_flexible_tasks_min': 5, 'no_semi_flexible_tasks_min': 0, 'no_fixed_tasks_min': 0, 'algorithm': 'minizinc_fw', 'id': 2, 'init_PAR': 5.09, 'PAR': 5.09, 'init_max_demand': 7200, 'max_demand': 7200, 'total_demand': 67935, 'demand_reduction': 0.0, 'cost_reduction': 0.0, 'pricing_time': 0.00025, 'rescheduling_time': 10.425}, 1: {'no_households': 5, 'penalty_weight': 3, 'no_dependent_tasks': 100, 'no_fully_flexible_tasks_min': 5, 'no_semi_flexible_tasks_min': 0, 'no_fixed_tasks_min': 0, 'algorithm': 'ogsa_fw', 'id': 2, 'init_PAR': 7.54, 'PAR': 3.86, 'init_max_demand': 22100.0, 'max_demand': 11298.45, 'total_demand': 140628.0, 'demand_reduction': 0.49, 'cost_reduction': 0.23, 'pricing_time': 0.00568, 'rescheduling_time': 0.0062}}
