Arguments count: 7
Argument      0: ./monarch_run.py
Argument      1: 5000
Argument      2: 0
Argument      3: 1
Argument      4: 16
Argument      5: 3
Argument      6: dependent_tasks
----------------------------------------
5000 households, 1 dependent tasks, 10 fully flexible tasks, 0 semi-flexible tasks, 0 fixed tasks, 0 penalty weight. 
----------------------------------------
0. The community is created. 
0. Aggregator is created. 
1. Best step size 0.019, 19 iterations, cost 2922271933.31, using minizinc_fw
2. Best step size 0.01, 10 iterations, cost 2880794907.1, using minizinc_fw
3. Best step size 0.013, 13 iterations, cost 2816881112.38, using minizinc_fw
4. Best step size 0.008, 8 iterations, cost 2793737817.61, using minizinc_fw
5. Best step size 0.002, 2 iterations, cost 2791429477.21, using minizinc_fw
6. Best step size 0, 0 iterations, cost 2791429477.21, using minizinc_fw
Converged in 6
Data are written and graphs are painted. 
0. The community is read. 
0. Aggregator is read. 
1. Best step size 0.01, 10 iterations, cost 2904499814.26, using ogsa_fw
2. Best step size 0.008, 8 iterations, cost 2852470253.16, using ogsa_fw
3. Best step size 0.013, 13 iterations, cost 2782896869.07, using ogsa_fw
4. Best step size 0.012, 12 iterations, cost 2732803579.47, using ogsa_fw
5. Best step size 0.011, 11 iterations, cost 2695059130.79, using ogsa_fw
6. Best step size 0.009, 9 iterations, cost 2671537208.59, using ogsa_fw
7. Best step size 0.007, 7 iterations, cost 2654162856.44, using ogsa_fw
8. Best step size 0.005, 5 iterations, cost 2642458563.68, using ogsa_fw
9. Best step size 0.004, 4 iterations, cost 2636017216.09, using ogsa_fw
10. Best step size 0.004, 4 iterations, cost 2628944742.91, using ogsa_fw
11. Best step size 0.004, 4 iterations, cost 2623207346.63, using ogsa_fw
12. Best step size 0.001, 1 iterations, cost 2621660367.23, using ogsa_fw
13. Best step size 0.002, 2 iterations, cost 2618708931.78, using ogsa_fw
14. Best step size 0.005, 5 iterations, cost 2613005040.69, using ogsa_fw
15. Best step size 0.002, 2 iterations, cost 2610819684.78, using ogsa_fw
16. Best step size 0.001, 1 iterations, cost 2610022992.2, using ogsa_fw
17. Best step size 0.001, 1 iterations, cost 2609148043.53, using ogsa_fw
18. Best step size 0.002, 2 iterations, cost 2607503751.79, using ogsa_fw
19. Best step size 0.001, 1 iterations, cost 2606696129.58, using ogsa_fw
20. Best step size 0.002, 2 iterations, cost 2604971115.26, using ogsa_fw
21. Best step size 0.001, 1 iterations, cost 2604123632.93, using ogsa_fw
22. Best step size 0, 0 iterations, cost 2604123632.93, using ogsa_fw
Converged in 22
Data are written and graphs are painted. 
----------------------------------------
----------------------------------------
Experiment is finished. 
{0: {'no_households': 5000, 'penalty_weight': 0, 'no_dependent_tasks': 1, 'no_fully_flexible_tasks_min': 10, 'no_semi_flexible_tasks_min': 0, 'no_fixed_tasks_min': 0, 'algorithm': 'minizinc_fw', 'id': 3, 'init_PAR': 1.17, 'PAR': 1.13, 'init_max_demand': 3944569.0, 'max_demand': 3795712.69, 'total_demand': 161752814.0, 'demand_reduction': 0.04, 'cost_reduction': 0.09, 'pricing_time': 0.02012857142857143, 'rescheduling_time': 2770.8914285714286}, 1: {'no_households': 5000, 'penalty_weight': 0, 'no_dependent_tasks': 1, 'no_fully_flexible_tasks_min': 10, 'no_semi_flexible_tasks_min': 0, 'no_fixed_tasks_min': 0, 'algorithm': 'ogsa_fw', 'id': 3, 'init_PAR': 1.18, 'PAR': 1.06, 'init_max_demand': 3947538.0, 'max_demand': 3555585.78, 'total_demand': 161107711.0, 'demand_reduction': 0.1, 'cost_reduction': 0.13, 'pricing_time': 0.007052173913043479, 'rescheduling_time': 4.322334782608696}}
