Arguments count: 7
Argument      0: ./monarch_run.py
Argument      1: 5000
Argument      2: 1
Argument      3: 3
Argument      4: 16
Argument      5: 10
Argument      6: dependent_tasks
----------------------------------------
5000 households, 3 dependent tasks, 10 fully flexible tasks, 0 semi-flexible tasks, 0 fixed tasks, 1 penalty weight. 
----------------------------------------
0. The community is created. 
0. Aggregator is created. 
1. Best step size 0.014, 14 iterations, cost 2681455086.73, using minizinc_fw
2. Best step size 0.013, 13 iterations, cost 2631203128.42, using minizinc_fw
3. Best step size 0.009, 9 iterations, cost 2602803668.37, using minizinc_fw
4. Best step size 0.007, 7 iterations, cost 2586452581.77, using minizinc_fw
5. Best step size 0.007, 7 iterations, cost 2573549621.51, using minizinc_fw
6. Best step size 0.006, 6 iterations, cost 2566076871.06, using minizinc_fw
7. Best step size 0.009, 9 iterations, cost 2556324181.59, using minizinc_fw
8. Best step size 0.004, 4 iterations, cost 2553361299.39, using minizinc_fw
9. Best step size 0.004, 4 iterations, cost 2550277689.72, using minizinc_fw
10. Best step size 0.002, 2 iterations, cost 2549445534.27, using minizinc_fw
11. Best step size 0.001, 1 iterations, cost 2549248002.24, using minizinc_fw
12. Best step size 0, 0 iterations, cost 2549248002.24, using minizinc_fw
Converged in 12
Data are written and graphs are painted. 
0. The community is read. 
0. Aggregator is read. 
1. Best step size 0.012, 12 iterations, cost 2689557277.03, using ogsa_fw
2. Best step size 0.011, 11 iterations, cost 2644867478.18, using ogsa_fw
3. Best step size 0.009, 9 iterations, cost 2614418169.12, using ogsa_fw
4. Best step size 0.007, 7 iterations, cost 2594518352.18, using ogsa_fw
5. Best step size 0.009, 9 iterations, cost 2574460104.13, using ogsa_fw
6. Best step size 0.007, 7 iterations, cost 2560911188.74, using ogsa_fw
7. Best step size 0.007, 7 iterations, cost 2549961737.81, using ogsa_fw
8. Best step size 0.006, 6 iterations, cost 2540962652.39, using ogsa_fw
9. Best step size 0.004, 4 iterations, cost 2535370195.06, using ogsa_fw
10. Best step size 0.004, 4 iterations, cost 2530536768.36, using ogsa_fw
11. Best step size 0.005, 5 iterations, cost 2524894829.53, using ogsa_fw
12. Best step size 0.003, 3 iterations, cost 2521664686.21, using ogsa_fw
13. Best step size 0.004, 4 iterations, cost 2518597273.03, using ogsa_fw
14. Best step size 0.003, 3 iterations, cost 2516055173.87, using ogsa_fw
15. Best step size 0.003, 2 iterations, cost 2513999898.63, using ogsa_fw
16. Best step size 0.002, 2 iterations, cost 2512681753.84, using ogsa_fw
17. Best step size 0.004, 4 iterations, cost 2510656892.94, using ogsa_fw
18. Best step size 0.002, 2 iterations, cost 2509380709.14, using ogsa_fw
19. Best step size 0.003, 3 iterations, cost 2507568265.21, using ogsa_fw
20. Best step size 0.002, 2 iterations, cost 2506416860.06, using ogsa_fw
21. Best step size 0.003, 3 iterations, cost 2504988889.61, using ogsa_fw
22. Best step size 0.003, 3 iterations, cost 2503581698.57, using ogsa_fw
23. Best step size 0.001, 1 iterations, cost 2503053752.76, using ogsa_fw
24. Best step size 0, 0 iterations, cost 2503053752.76, using ogsa_fw
Converged in 24
Data are written and graphs are painted. 
----------------------------------------
----------------------------------------
Experiment is finished. 
{0: {'no_households': 5000, 'penalty_weight': 1, 'no_dependent_tasks': 3, 'no_fully_flexible_tasks_min': 10, 'no_semi_flexible_tasks_min': 0, 'no_fixed_tasks_min': 0, 'algorithm': 'minizinc_fw', 'id': 10, 'init_PAR': 1.21, 'PAR': 1.12, 'init_max_demand': 4075372.0, 'max_demand': 3776977.19, 'total_demand': 161208664.0, 'demand_reduction': 0.07, 'cost_reduction': 0.07, 'pricing_time': 0.02226153846153846, 'rescheduling_time': 5884.373030769231}, 1: {'no_households': 5000, 'penalty_weight': 1, 'no_dependent_tasks': 3, 'no_fully_flexible_tasks_min': 10, 'no_semi_flexible_tasks_min': 0, 'no_fixed_tasks_min': 0, 'algorithm': 'ogsa_fw', 'id': 10, 'init_PAR': 1.21, 'PAR': 1.08, 'init_max_demand': 4075372.0, 'max_demand': 3638930.59, 'total_demand': 161208664.0, 'demand_reduction': 0.11, 'cost_reduction': 0.09, 'pricing_time': 0.006464, 'rescheduling_time': 4.341324}}
