Arguments count: 7
Argument      0: ./monarch_run.py
Argument      1: 2000
Argument      2: 1
Argument      3: 3
Argument      4: 16
Argument      5: 8
Argument      6: dependent_tasks
----------------------------------------
2000 households, 3 dependent tasks, 10 fully flexible tasks, 0 semi-flexible tasks, 0 fixed tasks, 1 penalty weight. 
----------------------------------------
0. The community is created. 
0. Aggregator is created. 
1. Best step size 0.018, 18 iterations, cost 1090652934.0, using minizinc_fw
2. Best step size 0.02, 20 iterations, cost 1057194591.43, using minizinc_fw
3. Best step size 0.013, 13 iterations, cost 1042267381.07, using minizinc_fw
4. Best step size 0.016, 16 iterations, cost 1027917874.05, using minizinc_fw
5. Best step size 0.013, 12 iterations, cost 1018613993.93, using minizinc_fw
6. Best step size 0.008, 8 iterations, cost 1013740742.02, using minizinc_fw
7. Best step size 0.001, 1 iterations, cost 1013461691.3, using minizinc_fw
8. Best step size 0.004, 4 iterations, cost 1012158210.31, using minizinc_fw
9. Best step size 0.009, 9 iterations, cost 1009797816.79, using minizinc_fw
10. Best step size 0.007, 7 iterations, cost 1006639627.38, using minizinc_fw
11. Best step size 0.007, 7 iterations, cost 1004413173.96, using minizinc_fw
12. Best step size 0.003, 3 iterations, cost 1004081634.33, using minizinc_fw
13. Best step size 0.005, 4 iterations, cost 1003176692.48, using minizinc_fw
14. Best step size 0.001, 1 iterations, cost 1003110931.63, using minizinc_fw
15. Best step size 0, 0 iterations, cost 1003110931.63, using minizinc_fw
Converged in 15
Data are written and graphs are painted. 
0. The community is read. 
0. Aggregator is read. 
1. Best step size 0.017, 17 iterations, cost 1092459635.9, using ogsa_fw
2. Best step size 0.015, 15 iterations, cost 1065825296.61, using ogsa_fw
3. Best step size 0.012, 12 iterations, cost 1049363893.38, using ogsa_fw
4. Best step size 0.011, 11 iterations, cost 1036645764.9, using ogsa_fw
5. Best step size 0.011, 11 iterations, cost 1025785221.04, using ogsa_fw
6. Best step size 0.015, 15 iterations, cost 1014452368.13, using ogsa_fw
7. Best step size 0.006, 6 iterations, cost 1009851878.08, using ogsa_fw
8. Best step size 0.015, 15 iterations, cost 1000535826.76, using ogsa_fw
9. Best step size 0.011, 11 iterations, cost 995353877.11, using ogsa_fw
10. Best step size 0.006, 6 iterations, cost 993017885.52, using ogsa_fw
11. Best step size 0.004, 4 iterations, cost 991499001.07, using ogsa_fw
12. Best step size 0.012, 12 iterations, cost 987518719.73, using ogsa_fw
13. Best step size 0.005, 5 iterations, cost 986251064.48, using ogsa_fw
14. Best step size 0.003, 3 iterations, cost 985324125.02, using ogsa_fw
15. Best step size 0.002, 2 iterations, cost 984741927.41, using ogsa_fw
16. Best step size 0.002, 2 iterations, cost 984300132.8, using ogsa_fw
17. Best step size 0.005, 5 iterations, cost 983326743.3, using ogsa_fw
18. Best step size 0.003, 3 iterations, cost 982897313.63, using ogsa_fw
19. Best step size 0.003, 3 iterations, cost 982443181.86, using ogsa_fw
20. Best step size 0.001, 1 iterations, cost 982249116.77, using ogsa_fw
21. Best step size 0.001, 1 iterations, cost 982079241.38, using ogsa_fw
22. Best step size 0.001, 1 iterations, cost 981924292.98, using ogsa_fw
23. Best step size 0.002, 2 iterations, cost 981696941.92, using ogsa_fw
24. Best step size 0.009, 8 iterations, cost 981201967.45, using ogsa_fw
25. Best step size 0.001, 1 iterations, cost 981118758.29, using ogsa_fw
26. Best step size 0.007, 7 iterations, cost 980628600.47, using ogsa_fw
27. Best step size 0.004, 4 iterations, cost 980391560.19, using ogsa_fw
28. Best step size 0.001, 1 iterations, cost 980363195.46, using ogsa_fw
29. Best step size 0.001, 1 iterations, cost 980321757.84, using ogsa_fw
30. Best step size 0.003, 3 iterations, cost 980222008.32, using ogsa_fw
31. Best step size 0.001, 1 iterations, cost 980174116.77, using ogsa_fw
32. Best step size 0.002, 2 iterations, cost 980114895.81, using ogsa_fw
33. Best step size 0.001, 1 iterations, cost 980058191.08, using ogsa_fw
34. Best step size 0.001, 1 iterations, cost 980013719.74, using ogsa_fw
35. Best step size 0, 0 iterations, cost 980013719.74, using ogsa_fw
Converged in 35
Data are written and graphs are painted. 
----------------------------------------
----------------------------------------
Experiment is finished. 
{0: {'no_households': 2000, 'penalty_weight': 1, 'no_dependent_tasks': 3, 'no_fully_flexible_tasks_min': 10, 'no_semi_flexible_tasks_min': 0, 'no_fixed_tasks_min': 0, 'algorithm': 'minizinc_fw', 'id': 8, 'init_PAR': 1.25, 'PAR': 1.13, 'init_max_demand': 1695380.0, 'max_demand': 1530189.06, 'total_demand': 65103397.0, 'demand_reduction': 0.1, 'cost_reduction': 0.11, 'pricing_time': 0.022400000000000003, 'rescheduling_time': 2388.0168750000003}, 1: {'no_households': 2000, 'penalty_weight': 1, 'no_dependent_tasks': 3, 'no_fully_flexible_tasks_min': 10, 'no_semi_flexible_tasks_min': 0, 'no_fixed_tasks_min': 0, 'algorithm': 'ogsa_fw', 'id': 8, 'init_PAR': 1.25, 'PAR': 1.03, 'init_max_demand': 1695380.0, 'max_demand': 1399149.52, 'total_demand': 65103397.0, 'demand_reduction': 0.17, 'cost_reduction': 0.13, 'pricing_time': 0.005477777777777776, 'rescheduling_time': 1.7646722222222226}}
