Arguments count: 7
Argument      0: ./monarch_run.py
Argument      1: 5000
Argument      2: 1
Argument      3: 0
Argument      4: 16
Argument      5: 16
Argument      6: dependent_tasks
----------------------------------------
5000 households, 0 dependent tasks, 10 fully flexible tasks, 0 semi-flexible tasks, 0 fixed tasks, 1 penalty weight. 
----------------------------------------
0. The community is created. 
0. Aggregator is created. 
1. Best step size 0.015, 15 iterations, cost 2711127426.93, using minizinc_fw
2. Best step size 0.017, 17 iterations, cost 2651264520.68, using minizinc_fw
3. Best step size 0.012, 12 iterations, cost 2614501018.2, using minizinc_fw
4. Best step size 0.008, 8 iterations, cost 2593942125.49, using minizinc_fw
5. Best step size 0.003, 3 iterations, cost 2589267104.17, using minizinc_fw
6. Best step size 0.007, 7 iterations, cost 2576608091.4, using minizinc_fw
7. Best step size 0.009, 9 iterations, cost 2563206480.03, using minizinc_fw
8. Best step size 0.01, 10 iterations, cost 2551673324.31, using minizinc_fw
9. Best step size 0.004, 4 iterations, cost 2548082127.04, using minizinc_fw
10. Best step size 0.004, 4 iterations, cost 2541958009.03, using minizinc_fw
11. Best step size 0.004, 4 iterations, cost 2539326420.75, using minizinc_fw
12. Best step size 0.001, 1 iterations, cost 2538688508.03, using minizinc_fw
13. Best step size 0.006, 5 iterations, cost 2533438744.02, using minizinc_fw
14. Best step size 0.004, 4 iterations, cost 2531985889.61, using minizinc_fw
15. Best step size 0.001, 1 iterations, cost 2531001894.44, using minizinc_fw
16. Best step size 0, 0 iterations, cost 2531001894.44, using minizinc_fw
Converged in 16
Data are written and graphs are painted. 
0. The community is read. 
0. Aggregator is read. 
1. Best step size 0.011, 11 iterations, cost 2730458460.87, using ogsa_fw
2. Best step size 0.009, 9 iterations, cost 2687060700.2, using ogsa_fw
3. Best step size 0.017, 17 iterations, cost 2623425733.13, using ogsa_fw
4. Best step size 0.01, 10 iterations, cost 2593142498.16, using ogsa_fw
5. Best step size 0.014, 14 iterations, cost 2560389221.56, using ogsa_fw
6. Best step size 0.011, 11 iterations, cost 2537932864.85, using ogsa_fw
7. Best step size 0.004, 4 iterations, cost 2531103665.87, using ogsa_fw
8. Best step size 0.004, 4 iterations, cost 2525399606.68, using ogsa_fw
9. Best step size 0.005, 5 iterations, cost 2518960423.31, using ogsa_fw
10. Best step size 0.002, 2 iterations, cost 2515950835.89, using ogsa_fw
11. Best step size 0.007, 7 iterations, cost 2508676080.61, using ogsa_fw
12. Best step size 0.004, 4 iterations, cost 2505416341.85, using ogsa_fw
13. Best step size 0.003, 3 iterations, cost 2502968006.06, using ogsa_fw
14. Best step size 0.006, 5 iterations, cost 2498976948.35, using ogsa_fw
15. Best step size 0.005, 5 iterations, cost 2496339210.89, using ogsa_fw
16. Best step size 0.005, 5 iterations, cost 2494015084.87, using ogsa_fw
17. Best step size 0.001, 1 iterations, cost 2493303367.5, using ogsa_fw
18. Best step size 0.001, 1 iterations, cost 2492630934.84, using ogsa_fw
19. Best step size 0.001, 1 iterations, cost 2492034262.72, using ogsa_fw
20. Best step size 0.001, 1 iterations, cost 2491544504.04, using ogsa_fw
21. Best step size 0.002, 2 iterations, cost 2490670956.13, using ogsa_fw
22. Best step size 0.001, 1 iterations, cost 2490159640.69, using ogsa_fw
23. Best step size 0.003, 3 iterations, cost 2489413551.5, using ogsa_fw
24. Best step size 0.001, 1 iterations, cost 2489042376.11, using ogsa_fw
25. Best step size 0.001, 1 iterations, cost 2488737048.16, using ogsa_fw
26. Best step size 0.002, 2 iterations, cost 2488176361.46, using ogsa_fw
27. Best step size 0.001, 1 iterations, cost 2487947789.56, using ogsa_fw
28. Best step size 0.001, 1 iterations, cost 2487684363.31, using ogsa_fw
29. Best step size 0.003, 2 iterations, cost 2487002637.68, using ogsa_fw
30. Best step size 0.001, 1 iterations, cost 2486803413.57, using ogsa_fw
31. Best step size 0.003, 3 iterations, cost 2486454717.42, using ogsa_fw
32. Best step size 0.001, 1 iterations, cost 2486226276.86, using ogsa_fw
33. Best step size 0.001, 1 iterations, cost 2486086802.02, using ogsa_fw
34. Best step size 0, 0 iterations, cost 2486086802.02, using ogsa_fw
Converged in 34
Data are written and graphs are painted. 
----------------------------------------
----------------------------------------
Experiment is finished. 
{0: {'no_households': 5000, 'penalty_weight': 1, 'no_dependent_tasks': 0, 'no_fully_flexible_tasks_min': 10, 'no_semi_flexible_tasks_min': 0, 'no_fixed_tasks_min': 0, 'algorithm': 'minizinc_fw', 'id': 16, 'init_PAR': 1.22, 'PAR': 1.11, 'init_max_demand': 4112289.0, 'max_demand': 3721783.31, 'total_demand': 161628494.0, 'demand_reduction': 0.09, 'cost_reduction': 0.09, 'pricing_time': 0.01691764705882353, 'rescheduling_time': 4442.848811764706}, 1: {'no_households': 5000, 'penalty_weight': 1, 'no_dependent_tasks': 0, 'no_fully_flexible_tasks_min': 10, 'no_semi_flexible_tasks_min': 0, 'no_fixed_tasks_min': 0, 'algorithm': 'ogsa_fw', 'id': 16, 'init_PAR': 1.22, 'PAR': 1.06, 'init_max_demand': 4112289.0, 'max_demand': 3567648.72, 'total_demand': 161628494.0, 'demand_reduction': 0.13, 'cost_reduction': 0.11, 'pricing_time': 0.005582857142857144, 'rescheduling_time': 4.508902857142857}}
