Arguments count: 7
Argument      0: ./monarch_run.py
Argument      1: 1000
Argument      2: 1
Argument      3: 9
Argument      4: 16
Argument      5: 3
Argument      6: dependent
----------------------------------------
1000 households, 9 dependent tasks, 0 fully flexible tasks, 10 semi-flexible tasks, 0 fixed tasks, 1 penalty weight. 
----------------------------------------
0. The community is created. 
0. Aggregator is created. 
1. Best step size 0.043, 42 iterations, cost 528855690.51, using minizinc_fw
2. Best step size 0.054, 48 iterations, cost 509492741.57, using minizinc_fw
3. Best step size 0.033, 32 iterations, cost 501234131.23, using minizinc_fw
4. Best step size 0.019, 16 iterations, cost 498729024.25, using minizinc_fw
5. Best step size 0.029, 27 iterations, cost 495720126.0, using minizinc_fw
6. Best step size 0.011, 9 iterations, cost 495094319.04, using minizinc_fw
7. Best step size 0.012, 10 iterations, cost 494634805.68, using minizinc_fw
8. Best step size 0.006, 6 iterations, cost 494358509.43, using minizinc_fw
9. Best step size 0.001, 1 iterations, cost 494327011.29, using minizinc_fw
10. Best step size 0.002, 2 iterations, cost 494296996.46, using minizinc_fw
11. Best step size 0.009, 8 iterations, cost 494085174.16, using minizinc_fw
12. Best step size 0, 0 iterations, cost 494085174.16, using minizinc_fw
Converged in 12
Data are written and graphs are painted. 
0. The community is read. 
0. Aggregator is read. 
1. Best step size 0.033, 33 iterations, cost 540341645.06, using ogsa_fw
2. Best step size 0.041, 39 iterations, cost 519922162.07, using ogsa_fw
3. Best step size 0.032, 29 iterations, cost 510186413.62, using ogsa_fw
4. Best step size 0.022, 20 iterations, cost 505737157.38, using ogsa_fw
5. Best step size 0.02, 18 iterations, cost 502700288.87, using ogsa_fw
6. Best step size 0.014, 14 iterations, cost 501030449.65, using ogsa_fw
7. Best step size 0.008, 8 iterations, cost 500243439.55, using ogsa_fw
8. Best step size 0.011, 11 iterations, cost 499507537.02, using ogsa_fw
9. Best step size 0.009, 9 iterations, cost 498946502.43, using ogsa_fw
10. Best step size 0.004, 4 iterations, cost 498716999.62, using ogsa_fw
11. Best step size 0.007, 7 iterations, cost 498407816.69, using ogsa_fw
12. Best step size 0.006, 5 iterations, cost 498210196.38, using ogsa_fw
13. Best step size 0.004, 3 iterations, cost 498091939.92, using ogsa_fw
14. Best step size 0.003, 3 iterations, cost 498010777.47, using ogsa_fw
15. Best step size 0.002, 2 iterations, cost 497965122.56, using ogsa_fw
16. Best step size 0.003, 3 iterations, cost 497901260.89, using ogsa_fw
17. Best step size 0.002, 2 iterations, cost 497855621.22, using ogsa_fw
18. Best step size 0.002, 2 iterations, cost 497809797.03, using ogsa_fw
19. Best step size 0.002, 2 iterations, cost 497752789.84, using ogsa_fw
20. Best step size 0.002, 2 iterations, cost 497731318.81, using ogsa_fw
21. Best step size 0.002, 2 iterations, cost 497688553.26, using ogsa_fw
22. Best step size 0.001, 1 iterations, cost 497665141.22, using ogsa_fw
23. Best step size 0.001, 1 iterations, cost 497655536.7, using ogsa_fw
24. Best step size 0, 0 iterations, cost 497655536.7, using ogsa_fw
Converged in 24
Data are written and graphs are painted. 
----------------------------------------
----------------------------------------
Experiment is finished. 
{0: {'no_households': 1000, 'penalty_weight': 1, 'no_dependent_tasks': 9, 'no_fully_flexible_tasks_min': 0, 'no_semi_flexible_tasks_min': 10, 'no_fixed_tasks_min': 0, 'algorithm': 'minizinc_fw', 'id': 3, 'init_PAR': 1.27, 'PAR': 1.12, 'init_max_demand': 860580.0, 'max_demand': 759583.88, 'total_demand': 32614233.0, 'demand_reduction': 0.12, 'cost_reduction': 0.11, 'pricing_time': 0.019707692307692308, 'rescheduling_time': 1626.0815384615382}, 1: {'no_households': 1000, 'penalty_weight': 1, 'no_dependent_tasks': 9, 'no_fully_flexible_tasks_min': 0, 'no_semi_flexible_tasks_min': 10, 'no_fixed_tasks_min': 0, 'algorithm': 'ogsa_fw', 'id': 3, 'init_PAR': 1.25, 'PAR': 1.03, 'init_max_demand': 852443.0, 'max_demand': 699029.78, 'total_demand': 32722744.0, 'demand_reduction': 0.18, 'cost_reduction': 0.16, 'pricing_time': 0.0076640000000000015, 'rescheduling_time': 0.745832}}
