Arguments count: 7
Argument      0: ./monarch_run.py
Argument      1: 5
Argument      2: 6
Argument      3: 10
Argument      4: 16
Argument      5: 3
Argument      6: test_exp
----------------------------------------
5 households, 10 dependent tasks, 5 fully flexible tasks, 0 semi-flexible tasks, 0 fixed tasks, 6 penalty weight. 
----------------------------------------
0. The community is created. 
0. Aggregator is created. 
1. Best step size 0.452, 43 iterations, cost 1586941.15, using minizinc_fw
2. Best step size 0.122, 12 iterations, cost 1585765.73, using minizinc_fw
3. Best step size 0, 0 iterations, cost 1585765.73, using minizinc_fw
Converged in 3
Data are written and graphs are painted. 
0. The community is read. 
0. Aggregator is read. 
1. Best step size 0.636, 79 iterations, cost 955141.66, using ogsa_fw
2. Best step size 0, 0 iterations, cost 955141.66, using ogsa_fw
Converged in 2
Data are written and graphs are painted. 
----------------------------------------
----------------------------------------
Experiment is finished. 
{0: {'no_households': 5, 'penalty_weight': 6, 'no_dependent_tasks': 10, 'no_fully_flexible_tasks_min': 5, 'no_semi_flexible_tasks_min': 0, 'no_fixed_tasks_min': 0, 'algorithm': 'minizinc_fw', 'id': 3, 'init_PAR': 8.24, 'PAR': 5.04, 'init_max_demand': 19440.0, 'max_demand': 11891.78, 'total_demand': 113189.0, 'demand_reduction': 0.39, 'cost_reduction': 0.17, 'pricing_time': 0.00545, 'rescheduling_time': 2.9775}, 1: {'no_households': 5, 'penalty_weight': 6, 'no_dependent_tasks': 10, 'no_fully_flexible_tasks_min': 5, 'no_semi_flexible_tasks_min': 0, 'no_fixed_tasks_min': 0, 'algorithm': 'ogsa_fw', 'id': 3, 'init_PAR': 9.08, 'PAR': 4.78, 'init_max_demand': 12900.0, 'max_demand': 6796.57, 'total_demand': 68223.0, 'demand_reduction': 0.47, 'cost_reduction': 0.24, 'pricing_time': 0.007033333333333333, 'rescheduling_time': 0.0031333333333333335}}
