Arguments count: 7
Argument      0: ./monarch_run.py
Argument      1: 5000
Argument      2: 0
Argument      3: 1
Argument      4: 16
Argument      5: 2
Argument      6: dependent_tasks
----------------------------------------
5000 households, 1 dependent tasks, 5 fully flexible tasks, 0 semi-flexible tasks, 0 fixed tasks, 0 penalty weight. 
----------------------------------------
0. The community is created. 
0. Aggregator is created. 
1. Best step size 0.014, 14 iterations, cost 1296952390.29, using minizinc_fw
2. Best step size 0.018, 17 iterations, cost 1270905595.97, using minizinc_fw
3. Best step size 0.011, 11 iterations, cost 1257718298.65, using minizinc_fw
4. Best step size 0.01, 10 iterations, cost 1250240523.71, using minizinc_fw
5. Best step size 0.002, 2 iterations, cost 1249867043.24, using minizinc_fw
6. Best step size 0.001, 1 iterations, cost 1249680111.06, using minizinc_fw
7. Best step size 0, 0 iterations, cost 1249680111.06, using minizinc_fw
Converged in 7
Data are written and graphs are painted. 
0. The community is read. 
0. Aggregator is read. 
1. Best step size 0.012, 12 iterations, cost 1299478420.69, using ogsa_fw
2. Best step size 0.011, 11 iterations, cost 1280151175.89, using ogsa_fw
3. Best step size 0.017, 17 iterations, cost 1257784368.86, using ogsa_fw
4. Best step size 0.008, 8 iterations, cost 1248398461.79, using ogsa_fw
5. Best step size 0.015, 15 iterations, cost 1235325741.02, using ogsa_fw
6. Best step size 0.011, 11 iterations, cost 1227366127.85, using ogsa_fw
7. Best step size 0.014, 14 iterations, cost 1218713533.18, using ogsa_fw
8. Best step size 0.01, 10 iterations, cost 1213300436.36, using ogsa_fw
9. Best step size 0.008, 8 iterations, cost 1209469822.46, using ogsa_fw
10. Best step size 0.007, 7 iterations, cost 1206556361.95, using ogsa_fw
11. Best step size 0.007, 7 iterations, cost 1204145514.31, using ogsa_fw
12. Best step size 0.003, 3 iterations, cost 1203081934.91, using ogsa_fw
13. Best step size 0.002, 2 iterations, cost 1202487222.02, using ogsa_fw
14. Best step size 0.002, 2 iterations, cost 1201882931.45, using ogsa_fw
15. Best step size 0.003, 3 iterations, cost 1201125388.58, using ogsa_fw
16. Best step size 0.002, 2 iterations, cost 1200643797.66, using ogsa_fw
17. Best step size 0.004, 4 iterations, cost 1199869124.15, using ogsa_fw
18. Best step size 0.003, 3 iterations, cost 1199315078.56, using ogsa_fw
19. Best step size 0.002, 2 iterations, cost 1198878797.81, using ogsa_fw
20. Best step size 0.001, 1 iterations, cost 1198702217.61, using ogsa_fw
21. Best step size 0.001, 1 iterations, cost 1198526491.66, using ogsa_fw
22. Best step size 0.002, 2 iterations, cost 1198180792.65, using ogsa_fw
23. Best step size 0.001, 1 iterations, cost 1198016144.24, using ogsa_fw
24. Best step size 0.001, 1 iterations, cost 1197885231.9, using ogsa_fw
25. Best step size 0.002, 2 iterations, cost 1197663906.76, using ogsa_fw
26. Best step size 0.001, 1 iterations, cost 1197518738.68, using ogsa_fw
27. Best step size 0.001, 1 iterations, cost 1197375597.1, using ogsa_fw
28. Best step size 0.001, 1 iterations, cost 1197241275.31, using ogsa_fw
29. Best step size 0.002, 2 iterations, cost 1197056896.55, using ogsa_fw
30. Best step size 0.001, 1 iterations, cost 1196979877.86, using ogsa_fw
31. Best step size 0.001, 1 iterations, cost 1196839225.98, using ogsa_fw
32. Best step size 0, 0 iterations, cost 1196839225.98, using ogsa_fw
Converged in 32
Data are written and graphs are painted. 
----------------------------------------
----------------------------------------
Experiment is finished. 
{0: {'no_households': 5000, 'penalty_weight': 0, 'no_dependent_tasks': 1, 'no_fully_flexible_tasks_min': 5, 'no_semi_flexible_tasks_min': 0, 'no_fixed_tasks_min': 0, 'algorithm': 'minizinc_fw', 'id': 2, 'init_PAR': 1.28, 'PAR': 1.21, 'init_max_demand': 2151656.0, 'max_demand': 2034415.91, 'total_demand': 80604928.0, 'demand_reduction': 0.05, 'cost_reduction': 0.06, 'pricing_time': 0.0052875, 'rescheduling_time': 1381.9049999999997}, 1: {'no_households': 5000, 'penalty_weight': 0, 'no_dependent_tasks': 1, 'no_fully_flexible_tasks_min': 5, 'no_semi_flexible_tasks_min': 0, 'no_fixed_tasks_min': 0, 'algorithm': 'ogsa_fw', 'id': 2, 'init_PAR': 1.28, 'PAR': 1.1, 'init_max_demand': 2151656.0, 'max_demand': 1844094.85, 'total_demand': 80604928.0, 'demand_reduction': 0.14, 'cost_reduction': 0.1, 'pricing_time': 0.004209090909090907, 'rescheduling_time': 2.229918181818182}}
