Arguments count: 7
Argument      0: ./monarch_run.py
Argument      1: 5000
Argument      2: 1
Argument      3: 6
Argument      4: 16
Argument      5: 19
Argument      6: dependent_tasks
----------------------------------------
5000 households, 6 dependent tasks, 10 fully flexible tasks, 0 semi-flexible tasks, 0 fixed tasks, 1 penalty weight. 
----------------------------------------
0. The community is created. 
0. Aggregator is created. 
1. Best step size 0.017, 17 iterations, cost 2676586690.11, using minizinc_fw
2. Best step size 0.013, 13 iterations, cost 2626992939.78, using minizinc_fw
3. Best step size 0.012, 12 iterations, cost 2589568913.55, using minizinc_fw
4. Best step size 0.01, 10 iterations, cost 2564066284.42, using minizinc_fw
5. Best step size 0.012, 12 iterations, cost 2540332314.43, using minizinc_fw
6. Best step size 0.011, 11 iterations, cost 2525712609.25, using minizinc_fw
7. Best step size 0.007, 7 iterations, cost 2517156910.75, using minizinc_fw
8. Best step size 0.004, 4 iterations, cost 2515677718.69, using minizinc_fw
9. Best step size 0.014, 13 iterations, cost 2500808390.06, using minizinc_fw
10. Best step size 0.005, 5 iterations, cost 2496517603.74, using minizinc_fw
11. Best step size 0.004, 4 iterations, cost 2494819147.9, using minizinc_fw
12. Best step size 0.003, 3 iterations, cost 2493483077.77, using minizinc_fw
13. Best step size 0.004, 4 iterations, cost 2490358625.36, using minizinc_fw
14. Best step size 0.007, 7 iterations, cost 2487293140.61, using minizinc_fw
15. Best step size 0.004, 3 iterations, cost 2485999715.48, using minizinc_fw
16. Best step size 0.004, 4 iterations, cost 2485107809.25, using minizinc_fw
17. Best step size 0.005, 5 iterations, cost 2483820114.97, using minizinc_fw
18. Best step size 0.002, 2 iterations, cost 2483228167.05, using minizinc_fw
19. Best step size 0, 0 iterations, cost 2483228167.05, using minizinc_fw
Converged in 19
Data are written and graphs are painted. 
0. The community is read. 
0. Aggregator is read. 
1. Best step size 0.016, 16 iterations, cost 2678751036.32, using ogsa_fw
2. Best step size 0.014, 14 iterations, cost 2624855920.48, using ogsa_fw
3. Best step size 0.01, 10 iterations, cost 2593536491.11, using ogsa_fw
4. Best step size 0.01, 10 iterations, cost 2567050107.81, using ogsa_fw
5. Best step size 0.008, 8 iterations, cost 2549223443.03, using ogsa_fw
6. Best step size 0.01, 10 iterations, cost 2530922173.45, using ogsa_fw
7. Best step size 0.016, 15 iterations, cost 2508021053.0, using ogsa_fw
8. Best step size 0.006, 6 iterations, cost 2500652578.9, using ogsa_fw
9. Best step size 0.009, 9 iterations, cost 2490598209.95, using ogsa_fw
10. Best step size 0.011, 11 iterations, cost 2481291188.33, using ogsa_fw
11. Best step size 0.008, 8 iterations, cost 2475315971.07, using ogsa_fw
12. Best step size 0.005, 5 iterations, cost 2471916854.4, using ogsa_fw
13. Best step size 0.004, 4 iterations, cost 2469583920.6, using ogsa_fw
14. Best step size 0.004, 4 iterations, cost 2467218594.95, using ogsa_fw
15. Best step size 0.001, 1 iterations, cost 2466620690.13, using ogsa_fw
16. Best step size 0.01, 10 iterations, cost 2462843505.54, using ogsa_fw
17. Best step size 0.004, 4 iterations, cost 2461759451.54, using ogsa_fw
18. Best step size 0.005, 5 iterations, cost 2460534477.46, using ogsa_fw
19. Best step size 0.002, 2 iterations, cost 2460061023.74, using ogsa_fw
20. Best step size 0.001, 1 iterations, cost 2459827140.65, using ogsa_fw
21. Best step size 0.001, 1 iterations, cost 2459642419.36, using ogsa_fw
22. Best step size 0.001, 1 iterations, cost 2459443130.09, using ogsa_fw
23. Best step size 0.001, 1 iterations, cost 2459284067.71, using ogsa_fw
24. Best step size 0.001, 1 iterations, cost 2459115663.01, using ogsa_fw
25. Best step size 0.001, 1 iterations, cost 2458946448.2, using ogsa_fw
26. Best step size 0.001, 1 iterations, cost 2458699378.54, using ogsa_fw
27. Best step size 0, 0 iterations, cost 2458699378.54, using ogsa_fw
Converged in 27
Data are written and graphs are painted. 
----------------------------------------
----------------------------------------
Experiment is finished. 
{0: {'no_households': 5000, 'penalty_weight': 1, 'no_dependent_tasks': 6, 'no_fully_flexible_tasks_min': 10, 'no_semi_flexible_tasks_min': 0, 'no_fixed_tasks_min': 0, 'algorithm': 'minizinc_fw', 'id': 19, 'init_PAR': 1.24, 'PAR': 1.08, 'init_max_demand': 4213635.0, 'max_demand': 3670231.16, 'total_demand': 162612564.0, 'demand_reduction': 0.13, 'cost_reduction': 0.1, 'pricing_time': 0.02111, 'rescheduling_time': 5100.67649}, 1: {'no_households': 5000, 'penalty_weight': 1, 'no_dependent_tasks': 6, 'no_fully_flexible_tasks_min': 10, 'no_semi_flexible_tasks_min': 0, 'no_fixed_tasks_min': 0, 'algorithm': 'ogsa_fw', 'id': 19, 'init_PAR': 1.24, 'PAR': 1.06, 'init_max_demand': 4213635.0, 'max_demand': 3594110.85, 'total_demand': 162612564.0, 'demand_reduction': 0.15, 'cost_reduction': 0.11, 'pricing_time': 0.00784642857142857, 'rescheduling_time': 4.382092857142856}}
