Arguments count: 7
Argument      0: ./monarch_run.py
Argument      1: 5000
Argument      2: 1
Argument      3: 9
Argument      4: 16
Argument      5: 8
Argument      6: dependent_tasks
----------------------------------------
5000 households, 9 dependent tasks, 10 fully flexible tasks, 0 semi-flexible tasks, 0 fixed tasks, 1 penalty weight. 
----------------------------------------
0. The community is created. 
0. Aggregator is created. 
1. Best step size 0.019, 19 iterations, cost 2512292491.24, using minizinc_fw
2. Best step size 0.01, 10 iterations, cost 2491251339.63, using minizinc_fw
3. Best step size 0.017, 17 iterations, cost 2460341778.12, using minizinc_fw
4. Best step size 0.01, 10 iterations, cost 2444891659.35, using minizinc_fw
5. Best step size 0.011, 11 iterations, cost 2431221078.22, using minizinc_fw
6. Best step size 0.005, 5 iterations, cost 2427323107.93, using minizinc_fw
7. Best step size 0.003, 3 iterations, cost 2425816104.78, using minizinc_fw
8. Best step size 0.007, 7 iterations, cost 2421681751.24, using minizinc_fw
9. Best step size 0.005, 5 iterations, cost 2418942579.67, using minizinc_fw
10. Best step size 0.006, 5 iterations, cost 2416704465.17, using minizinc_fw
11. Best step size 0.001, 1 iterations, cost 2416341504.13, using minizinc_fw
12. Best step size 0.005, 5 iterations, cost 2414632900.27, using minizinc_fw
13. Best step size 0.004, 4 iterations, cost 2412417833.36, using minizinc_fw
14. Best step size 0.007, 6 iterations, cost 2409829564.81, using minizinc_fw
15. Best step size 0, 0 iterations, cost 2409829564.81, using minizinc_fw
Converged in 15
Data are written and graphs are painted. 
0. The community is read. 
0. Aggregator is read. 
1. Best step size 0.017, 17 iterations, cost 2515408001.31, using ogsa_fw
2. Best step size 0.014, 14 iterations, cost 2481650269.23, using ogsa_fw
3. Best step size 0.013, 13 iterations, cost 2457964958.15, using ogsa_fw
4. Best step size 0.01, 10 iterations, cost 2444105805.84, using ogsa_fw
5. Best step size 0.015, 15 iterations, cost 2426660142.54, using ogsa_fw
6. Best step size 0.006, 6 iterations, cost 2420135621.22, using ogsa_fw
7. Best step size 0.011, 10 iterations, cost 2411627849.58, using ogsa_fw
8. Best step size 0.007, 7 iterations, cost 2406444746.1, using ogsa_fw
9. Best step size 0.004, 4 iterations, cost 2403652677.31, using ogsa_fw
10. Best step size 0.004, 4 iterations, cost 2401517978.11, using ogsa_fw
11. Best step size 0.005, 5 iterations, cost 2398835126.04, using ogsa_fw
12. Best step size 0.006, 6 iterations, cost 2396380513.79, using ogsa_fw
13. Best step size 0.005, 5 iterations, cost 2394605978.38, using ogsa_fw
14. Best step size 0.004, 4 iterations, cost 2393381817.59, using ogsa_fw
15. Best step size 0.004, 4 iterations, cost 2392091365.2, using ogsa_fw
16. Best step size 0.005, 5 iterations, cost 2390606733.09, using ogsa_fw
17. Best step size 0.002, 2 iterations, cost 2390017543.58, using ogsa_fw
18. Best step size 0.002, 2 iterations, cost 2389466322.04, using ogsa_fw
19. Best step size 0.002, 2 iterations, cost 2389045843.18, using ogsa_fw
20. Best step size 0.002, 2 iterations, cost 2388623111.11, using ogsa_fw
21. Best step size 0.012, 11 iterations, cost 2387017788.24, using ogsa_fw
22. Best step size 0.011, 9 iterations, cost 2385794553.94, using ogsa_fw
23. Best step size 0.006, 6 iterations, cost 2385178197.91, using ogsa_fw
24. Best step size 0.002, 2 iterations, cost 2384942212.75, using ogsa_fw
25. Best step size 0.002, 2 iterations, cost 2384833236.54, using ogsa_fw
26. Best step size 0.001, 1 iterations, cost 2384742839.14, using ogsa_fw
27. Best step size 0.001, 1 iterations, cost 2384619791.08, using ogsa_fw
28. Best step size 0.001, 1 iterations, cost 2384557689.67, using ogsa_fw
29. Best step size 0.001, 1 iterations, cost 2384500875.75, using ogsa_fw
30. Best step size 0.001, 1 iterations, cost 2384395446.18, using ogsa_fw
31. Best step size 0.001, 1 iterations, cost 2384308950.4, using ogsa_fw
32. Best step size 0.001, 1 iterations, cost 2384232425.66, using ogsa_fw
33. Best step size 0.001, 1 iterations, cost 2384123751.62, using ogsa_fw
34. Best step size 0.001, 1 iterations, cost 2384026131.27, using ogsa_fw
35. Best step size 0, 0 iterations, cost 2384026131.27, using ogsa_fw
Converged in 35
Data are written and graphs are painted. 
----------------------------------------
----------------------------------------
Experiment is finished. 
{0: {'no_households': 5000, 'penalty_weight': 1, 'no_dependent_tasks': 9, 'no_fully_flexible_tasks_min': 10, 'no_semi_flexible_tasks_min': 0, 'no_fixed_tasks_min': 0, 'algorithm': 'minizinc_fw', 'id': 8, 'init_PAR': 1.28, 'PAR': 1.15, 'init_max_demand': 4291248.0, 'max_demand': 3844027.18, 'total_demand': 160840200.0, 'demand_reduction': 0.1, 'cost_reduction': 0.06, 'pricing_time': 0.017268750000000003, 'rescheduling_time': 5376.68185625}, 1: {'no_households': 5000, 'penalty_weight': 1, 'no_dependent_tasks': 9, 'no_fully_flexible_tasks_min': 10, 'no_semi_flexible_tasks_min': 0, 'no_fixed_tasks_min': 0, 'algorithm': 'ogsa_fw', 'id': 8, 'init_PAR': 1.28, 'PAR': 1.07, 'init_max_demand': 4291248.0, 'max_demand': 3588385.75, 'total_demand': 160840200.0, 'demand_reduction': 0.16, 'cost_reduction': 0.07, 'pricing_time': 0.005933333333333332, 'rescheduling_time': 4.898977777777777}}
