Arguments count: 7
Argument      0: ./monarch_run.py
Argument      1: 5000
Argument      2: 1
Argument      3: 0
Argument      4: 16
Argument      5: 1
Argument      6: dependent
----------------------------------------
5000 households, 0 h1000-sft10-dt039-r1 tasks, 0 fully flexible tasks, 10 semi-flexible tasks, 0 fixed tasks, 1 penalty weight. 
----------------------------------------
0. The community is created. 
0. Aggregator is created. 
1. Best step size 0.039, 36 iterations, cost 2756176928.04, using minizinc_fw
2. Best step size 0.037, 35 iterations, cost 2662509799.93, using minizinc_fw
3. Best step size 0.023, 23 iterations, cost 2626785435.82, using minizinc_fw
4. Best step size 0.012, 12 iterations, cost 2614598783.24, using minizinc_fw
5. Best step size 0.005, 4 iterations, cost 2610649111.38, using minizinc_fw
6. Best step size 0.012, 12 iterations, cost 2605166904.44, using minizinc_fw
7. Best step size 0.002, 2 iterations, cost 2604918434.12, using minizinc_fw
slurmstepd: error: *** JOB 6538459 ON mk00 CANCELLED AT 2020-11-23T19:51:24 ***
