Arguments count: 7
Argument      0: ./monarch_run.py
Argument      1: 5000
Argument      2: 1
Argument      3: 9
Argument      4: 16
Argument      5: 4
Argument      6: dependent_tasks
----------------------------------------
5000 households, 9 dependent tasks, 10 fully flexible tasks, 0 semi-flexible tasks, 0 fixed tasks, 1 penalty weight. 
----------------------------------------
0. The community is created. 
0. Aggregator is created. 
1. Best step size 0.012, 12 iterations, cost 2740268953.95, using minizinc_fw
2. Best step size 0.008, 8 iterations, cost 2713319919.12, using minizinc_fw
3. Best step size 0.014, 14 iterations, cost 2662328655.47, using minizinc_fw
4. Best step size 0.007, 7 iterations, cost 2644557470.27, using minizinc_fw
5. Best step size 0.01, 10 iterations, cost 2625322252.98, using minizinc_fw
6. Best step size 0.007, 7 iterations, cost 2610472463.62, using minizinc_fw
7. Best step size 0.008, 8 iterations, cost 2599617957.31, using minizinc_fw
8. Best step size 0.008, 8 iterations, cost 2589253247.76, using minizinc_fw
9. Best step size 0.001, 1 iterations, cost 2588714387.79, using minizinc_fw
10. Best step size 0, 0 iterations, cost 2588714387.79, using minizinc_fw
Converged in 10
Data are written and graphs are painted. 
0. The community is read. 
0. Aggregator is read. 
1. Best step size 0.017, 17 iterations, cost 2574709367.59, using ogsa_fw
2. Best step size 0.012, 12 iterations, cost 2539503931.72, using ogsa_fw
3. Best step size 0.012, 12 iterations, cost 2509463595.55, using ogsa_fw
4. Best step size 0.013, 13 iterations, cost 2487264566.67, using ogsa_fw
5. Best step size 0.011, 11 iterations, cost 2469477931.77, using ogsa_fw
6. Best step size 0.006, 6 iterations, cost 2460635317.59, using ogsa_fw
7. Best step size 0.009, 8 iterations, cost 2450990427.56, using ogsa_fw
8. Best step size 0.013, 13 iterations, cost 2438853507.52, using ogsa_fw
9. Best step size 0.007, 7 iterations, cost 2432631559.92, using ogsa_fw
10. Best step size 0.007, 7 iterations, cost 2427514671.04, using ogsa_fw
11. Best step size 0.005, 5 iterations, cost 2424279304.32, using ogsa_fw
12. Best step size 0.004, 4 iterations, cost 2421704371.43, using ogsa_fw
13. Best step size 0.006, 6 iterations, cost 2417683092.36, using ogsa_fw
14. Best step size 0.005, 5 iterations, cost 2414887699.09, using ogsa_fw
15. Best step size 0.007, 7 iterations, cost 2411530059.54, using ogsa_fw
16. Best step size 0.002, 2 iterations, cost 2410752563.01, using ogsa_fw
17. Best step size 0.002, 2 iterations, cost 2410003334.79, using ogsa_fw
18. Best step size 0.004, 4 iterations, cost 2408756749.05, using ogsa_fw
19. Best step size 0.002, 2 iterations, cost 2408164338.52, using ogsa_fw
20. Best step size 0.002, 2 iterations, cost 2407772413.92, using ogsa_fw
21. Best step size 0.001, 1 iterations, cost 2407493244.28, using ogsa_fw
22. Best step size 0.012, 9 iterations, cost 2405999046.99, using ogsa_fw
23. Best step size 0.001, 1 iterations, cost 2405799781.36, using ogsa_fw
24. Best step size 0.005, 5 iterations, cost 2405295221.64, using ogsa_fw
25. Best step size 0.001, 1 iterations, cost 2405123225.64, using ogsa_fw
26. Best step size 0.001, 1 iterations, cost 2404954277.66, using ogsa_fw
27. Best step size 0.005, 5 iterations, cost 2404558763.56, using ogsa_fw
28. Best step size 0.004, 4 iterations, cost 2404247777.21, using ogsa_fw
29. Best step size 0.003, 3 iterations, cost 2404076801.27, using ogsa_fw
30. Best step size 0.001, 1 iterations, cost 2403991257.74, using ogsa_fw
31. Best step size 0.001, 1 iterations, cost 2403944424.7, using ogsa_fw
32. Best step size 0, 0 iterations, cost 2403944424.7, using ogsa_fw
Converged in 32
Data are written and graphs are painted. 
----------------------------------------
----------------------------------------
Experiment is finished. 
{0: {'no_households': 5000, 'penalty_weight': 1, 'no_dependent_tasks': 9, 'no_fully_flexible_tasks_min': 10, 'no_semi_flexible_tasks_min': 0, 'no_fixed_tasks_min': 0, 'algorithm': 'minizinc_fw', 'id': 4, 'init_PAR': 1.2, 'PAR': 1.11, 'init_max_demand': 4058304.0, 'max_demand': 3764923.82, 'total_demand': 162204827.0, 'demand_reduction': 0.07, 'cost_reduction': 0.08, 'pricing_time': 0.016736363636363636, 'rescheduling_time': 5119.619072727272}, 1: {'no_households': 5000, 'penalty_weight': 1, 'no_dependent_tasks': 9, 'no_fully_flexible_tasks_min': 10, 'no_semi_flexible_tasks_min': 0, 'no_fixed_tasks_min': 0, 'algorithm': 'ogsa_fw', 'id': 4, 'init_PAR': 1.26, 'PAR': 1.05, 'init_max_demand': 4187534.0, 'max_demand': 3500832.19, 'total_demand': 160138695.0, 'demand_reduction': 0.16, 'cost_reduction': 0.09, 'pricing_time': 0.005236363636363636, 'rescheduling_time': 4.959809090909091}}
