Arguments count: 7
Argument      0: ./monarch_run.py
Argument      1: 5000
Argument      2: 1
Argument      3: 3
Argument      4: 16
Argument      5: 23
Argument      6: dependent_tasks
----------------------------------------
5000 households, 3 dependent tasks, 10 fully flexible tasks, 0 semi-flexible tasks, 0 fixed tasks, 1 penalty weight. 
----------------------------------------
0. The community is created. 
0. Aggregator is created. 
1. Best step size 0.013, 12 iterations, cost 2698026676.31, using minizinc_fw
2. Best step size 0.013, 13 iterations, cost 2641013704.8, using minizinc_fw
3. Best step size 0.013, 13 iterations, cost 2597874014.34, using minizinc_fw
4. Best step size 0.013, 13 iterations, cost 2562407877.21, using minizinc_fw
5. Best step size 0.01, 10 iterations, cost 2543855320.89, using minizinc_fw
6. Best step size 0.008, 7 iterations, cost 2529370069.59, using minizinc_fw
7. Best step size 0.003, 3 iterations, cost 2525916003.95, using minizinc_fw
8. Best step size 0.009, 9 iterations, cost 2518960577.48, using minizinc_fw
9. Best step size 0.004, 4 iterations, cost 2517580322.93, using minizinc_fw
10. Best step size 0.001, 1 iterations, cost 2516976212.85, using minizinc_fw
11. Best step size 0.003, 3 iterations, cost 2516401447.52, using minizinc_fw
12. Best step size 0.001, 1 iterations, cost 2516113580.69, using minizinc_fw
13. Best step size 0.001, 1 iterations, cost 2515879842.55, using minizinc_fw
14. Best step size 0, 0 iterations, cost 2515879842.55, using minizinc_fw
Converged in 14
Data are written and graphs are painted. 
0. The community is read. 
0. Aggregator is read. 
1. Best step size 0.013, 13 iterations, cost 2696649681.71, using ogsa_fw
2. Best step size 0.012, 12 iterations, cost 2641995487.76, using ogsa_fw
3. Best step size 0.012, 12 iterations, cost 2598808142.5, using ogsa_fw
4. Best step size 0.011, 11 iterations, cost 2566883409.15, using ogsa_fw
5. Best step size 0.017, 17 iterations, cost 2531406856.85, using ogsa_fw
6. Best step size 0.006, 6 iterations, cost 2519060482.49, using ogsa_fw
7. Best step size 0.007, 7 iterations, cost 2508290471.39, using ogsa_fw
8. Best step size 0.007, 7 iterations, cost 2500129960.91, using ogsa_fw
9. Best step size 0.005, 5 iterations, cost 2494756745.84, using ogsa_fw
10. Best step size 0.004, 4 iterations, cost 2490122085.74, using ogsa_fw
11. Best step size 0.003, 3 iterations, cost 2487019410.33, using ogsa_fw
12. Best step size 0.007, 7 iterations, cost 2481372909.55, using ogsa_fw
13. Best step size 0.011, 11 iterations, cost 2474859424.12, using ogsa_fw
14. Best step size 0.003, 3 iterations, cost 2472692553.59, using ogsa_fw
15. Best step size 0.005, 5 iterations, cost 2470543532.27, using ogsa_fw
16. Best step size 0.004, 4 iterations, cost 2468517116.12, using ogsa_fw
17. Best step size 0.001, 1 iterations, cost 2467897005.43, using ogsa_fw
18. Best step size 0.001, 1 iterations, cost 2467431198.18, using ogsa_fw
19. Best step size 0.001, 1 iterations, cost 2466953290.48, using ogsa_fw
20. Best step size 0.001, 1 iterations, cost 2466484707.83, using ogsa_fw
21. Best step size 0.002, 2 iterations, cost 2465787674.36, using ogsa_fw
22. Best step size 0.001, 1 iterations, cost 2465324229.92, using ogsa_fw
23. Best step size 0.001, 1 iterations, cost 2464856286.34, using ogsa_fw
24. Best step size 0.003, 3 iterations, cost 2463729934.28, using ogsa_fw
25. Best step size 0.005, 5 iterations, cost 2462372546.19, using ogsa_fw
26. Best step size 0.003, 3 iterations, cost 2461706889.73, using ogsa_fw
27. Best step size 0.002, 2 iterations, cost 2461251940.93, using ogsa_fw
28. Best step size 0.002, 2 iterations, cost 2460918001.16, using ogsa_fw
29. Best step size 0.002, 2 iterations, cost 2460626749.63, using ogsa_fw
30. Best step size 0.001, 1 iterations, cost 2460395674.86, using ogsa_fw
31. Best step size 0.001, 1 iterations, cost 2460275120.37, using ogsa_fw
32. Best step size 0.002, 2 iterations, cost 2460070899.68, using ogsa_fw
33. Best step size 0.001, 1 iterations, cost 2459970894.53, using ogsa_fw
34. Best step size 0.002, 2 iterations, cost 2459743529.86, using ogsa_fw
35. Best step size 0.001, 1 iterations, cost 2459583663.64, using ogsa_fw
36. Best step size 0, 0 iterations, cost 2459583663.64, using ogsa_fw
Converged in 36
Data are written and graphs are painted. 
----------------------------------------
----------------------------------------
Experiment is finished. 
{0: {'no_households': 5000, 'penalty_weight': 1, 'no_dependent_tasks': 3, 'no_fully_flexible_tasks_min': 10, 'no_semi_flexible_tasks_min': 0, 'no_fixed_tasks_min': 0, 'algorithm': 'minizinc_fw', 'id': 23, 'init_PAR': 1.22, 'PAR': 1.11, 'init_max_demand': 4075016.0, 'max_demand': 3716666.96, 'total_demand': 160059619.0, 'demand_reduction': 0.09, 'cost_reduction': 0.09, 'pricing_time': 0.03005333333333333, 'rescheduling_time': 4781.366666666666}, 1: {'no_households': 5000, 'penalty_weight': 1, 'no_dependent_tasks': 3, 'no_fully_flexible_tasks_min': 10, 'no_semi_flexible_tasks_min': 0, 'no_fixed_tasks_min': 0, 'algorithm': 'ogsa_fw', 'id': 23, 'init_PAR': 1.22, 'PAR': 1.04, 'init_max_demand': 4075016.0, 'max_demand': 3475999.23, 'total_demand': 160059619.0, 'demand_reduction': 0.15, 'cost_reduction': 0.11, 'pricing_time': 0.006862162162162164, 'rescheduling_time': 4.638705405405406}}
