Arguments count: 7
Argument      0: ./monarch_run.py
Argument      1: 5000
Argument      2: 1
Argument      3: 0
Argument      4: 16
Argument      5: 1
Argument      6: dependent_tasks
----------------------------------------
5000 households, 0 dependent tasks, 10 fully flexible tasks, 0 semi-flexible tasks, 0 fixed tasks, 1 penalty weight. 
----------------------------------------
0. The community is created. 
0. Aggregator is created. 
1. Best step size 0.014, 14 iterations, cost 2587424374.67, using minizinc_fw
2. Best step size 0.011, 11 iterations, cost 2554072305.06, using minizinc_fw
3. Best step size 0.009, 9 iterations, cost 2533013831.98, using minizinc_fw
4. Best step size 0.014, 14 iterations, cost 2505060554.53, using minizinc_fw
5. Best step size 0.004, 4 iterations, cost 2501543198.88, using minizinc_fw
6. Best step size 0.01, 10 iterations, cost 2491868952.29, using minizinc_fw
7. Best step size 0.005, 5 iterations, cost 2486530507.38, using minizinc_fw
8. Best step size 0.002, 2 iterations, cost 2485704861.45, using minizinc_fw
9. Best step size 0, 0 iterations, cost 2485704861.45, using minizinc_fw
Converged in 9
Data are written and graphs are painted. 
0. The community is read. 
0. Aggregator is read. 
1. Best step size 0.011, 11 iterations, cost 2596560436.17, using ogsa_fw
2. Best step size 0.009, 9 iterations, cost 2565003111.37, using ogsa_fw
3. Best step size 0.009, 9 iterations, cost 2537932302.71, using ogsa_fw
4. Best step size 0.008, 8 iterations, cost 2516816475.81, using ogsa_fw
5. Best step size 0.008, 8 iterations, cost 2498975184.23, using ogsa_fw
6. Best step size 0.014, 14 iterations, cost 2476765066.99, using ogsa_fw
7. Best step size 0.009, 9 iterations, cost 2462789059.21, using ogsa_fw
8. Best step size 0.006, 6 iterations, cost 2453916766.33, using ogsa_fw
9. Best step size 0.005, 5 iterations, cost 2447882396.63, using ogsa_fw
10. Best step size 0.005, 5 iterations, cost 2442198835.13, using ogsa_fw
11. Best step size 0.01, 10 iterations, cost 2431958318.69, using ogsa_fw
12. Best step size 0.008, 8 iterations, cost 2426115342.41, using ogsa_fw
13. Best step size 0.004, 4 iterations, cost 2423361697.23, using ogsa_fw
14. Best step size 0.004, 4 iterations, cost 2421199798.97, using ogsa_fw
15. Best step size 0.008, 7 iterations, cost 2417053253.25, using ogsa_fw
16. Best step size 0.002, 2 iterations, cost 2416010816.34, using ogsa_fw
17. Best step size 0.008, 8 iterations, cost 2412701520.93, using ogsa_fw
18. Best step size 0.004, 4 iterations, cost 2411177320.94, using ogsa_fw
19. Best step size 0.001, 1 iterations, cost 2410798667.27, using ogsa_fw
20. Best step size 0.002, 2 iterations, cost 2410219334.28, using ogsa_fw
21. Best step size 0.001, 1 iterations, cost 2409898431.69, using ogsa_fw
22. Best step size 0.002, 2 iterations, cost 2409267551.1, using ogsa_fw
23. Best step size 0, 0 iterations, cost 2409267551.1, using ogsa_fw
Converged in 23
Data are written and graphs are painted. 
----------------------------------------
----------------------------------------
Experiment is finished. 
{0: {'no_households': 5000, 'penalty_weight': 1, 'no_dependent_tasks': 0, 'no_fully_flexible_tasks_min': 10, 'no_semi_flexible_tasks_min': 0, 'no_fixed_tasks_min': 0, 'algorithm': 'minizinc_fw', 'id': 1, 'init_PAR': 1.26, 'PAR': 1.17, 'init_max_demand': 4187534.0, 'max_demand': 3908202.28, 'total_demand': 160138695.0, 'demand_reduction': 0.07, 'cost_reduction': 0.06, 'pricing_time': 0.03501, 'rescheduling_time': 5895.328949999999}, 1: {'no_households': 5000, 'penalty_weight': 1, 'no_dependent_tasks': 0, 'no_fully_flexible_tasks_min': 10, 'no_semi_flexible_tasks_min': 0, 'no_fixed_tasks_min': 0, 'algorithm': 'ogsa_fw', 'id': 1, 'init_PAR': 1.26, 'PAR': 1.09, 'init_max_demand': 4187534.0, 'max_demand': 3647499.89, 'total_demand': 160138695.0, 'demand_reduction': 0.13, 'cost_reduction': 0.09, 'pricing_time': 0.006029166666666668, 'rescheduling_time': 4.310849999999999}}
