Arguments count: 7
Argument      0: ./monarch_run.py
Argument      1: 5000
Argument      2: 1
Argument      3: 1
Argument      4: 16
Argument      5: 2
Argument      6: dependent_tasks
----------------------------------------
5000 households, 1 dependent tasks, 10 fully flexible tasks, 0 semi-flexible tasks, 0 fixed tasks, 1 penalty weight. 
----------------------------------------
0. The community is created. 
0. Aggregator is created. 
1. Best step size 0.021, 21 iterations, cost 2835044713.35, using minizinc_fw
2. Best step size 0.011, 11 iterations, cost 2776759251.79, using minizinc_fw
3. Best step size 0.01, 10 iterations, cost 2736464783.42, using minizinc_fw
4. Best step size 0.011, 11 iterations, cost 2704523517.52, using minizinc_fw
5. Best step size 0.004, 4 iterations, cost 2697810096.68, using minizinc_fw
6. Best step size 0, 0 iterations, cost 2697810096.68, using minizinc_fw
Converged in 6
Data are written and graphs are painted. 
0. The community is read. 
0. Aggregator is read. 
1. Best step size 0.013, 13 iterations, cost 2774251816.97, using ogsa_fw
2. Best step size 0.01, 10 iterations, cost 2729564922.81, using ogsa_fw
3. Best step size 0.008, 8 iterations, cost 2699754338.16, using ogsa_fw
4. Best step size 0.011, 11 iterations, cost 2667240427.61, using ogsa_fw
5. Best step size 0.007, 7 iterations, cost 2647940470.81, using ogsa_fw
6. Best step size 0.005, 5 iterations, cost 2636043608.71, using ogsa_fw
7. Best step size 0.005, 5 iterations, cost 2625507604.17, using ogsa_fw
8. Best step size 0.005, 5 iterations, cost 2615101656.96, using ogsa_fw
9. Best step size 0.007, 7 iterations, cost 2603216837.81, using ogsa_fw
10. Best step size 0.007, 7 iterations, cost 2592774510.35, using ogsa_fw
11. Best step size 0.007, 7 iterations, cost 2584014444.55, using ogsa_fw
12. Best step size 0.008, 8 iterations, cost 2576063968.95, using ogsa_fw
13. Best step size 0.005, 5 iterations, cost 2570896964.47, using ogsa_fw
14. Best step size 0.004, 4 iterations, cost 2567145637.69, using ogsa_fw
15. Best step size 0.004, 4 iterations, cost 2564540608.37, using ogsa_fw
16. Best step size 0.003, 3 iterations, cost 2562782005.15, using ogsa_fw
17. Best step size 0.004, 4 iterations, cost 2560987731.06, using ogsa_fw
18. Best step size 0.002, 2 iterations, cost 2559785395.24, using ogsa_fw
19. Best step size 0.001, 1 iterations, cost 2559110676.39, using ogsa_fw
20. Best step size 0.004, 4 iterations, cost 2557137373.75, using ogsa_fw
21. Best step size 0.002, 2 iterations, cost 2556240547.58, using ogsa_fw
22. Best step size 0.002, 2 iterations, cost 2555602070.03, using ogsa_fw
23. Best step size 0.001, 1 iterations, cost 2555246193.42, using ogsa_fw
24. Best step size 0.001, 1 iterations, cost 2554889687.79, using ogsa_fw
25. Best step size 0, 0 iterations, cost 2554889687.79, using ogsa_fw
Converged in 25
Data are written and graphs are painted. 
----------------------------------------
----------------------------------------
Experiment is finished. 
{0: {'no_households': 5000, 'penalty_weight': 1, 'no_dependent_tasks': 1, 'no_fully_flexible_tasks_min': 10, 'no_semi_flexible_tasks_min': 0, 'no_fixed_tasks_min': 0, 'algorithm': 'minizinc_fw', 'id': 2, 'init_PAR': 1.19, 'PAR': 1.13, 'init_max_demand': 4052329.0, 'max_demand': 3827696.78, 'total_demand': 162996778.0, 'demand_reduction': 0.06, 'cost_reduction': 0.09, 'pricing_time': 0.08221428571428571, 'rescheduling_time': 6256.898528571428}, 1: {'no_households': 5000, 'penalty_weight': 1, 'no_dependent_tasks': 1, 'no_fully_flexible_tasks_min': 10, 'no_semi_flexible_tasks_min': 0, 'no_fixed_tasks_min': 0, 'algorithm': 'ogsa_fw', 'id': 2, 'init_PAR': 1.21, 'PAR': 1.07, 'init_max_demand': 4174686.0, 'max_demand': 3684031.44, 'total_demand': 164949691.0, 'demand_reduction': 0.12, 'cost_reduction': 0.1, 'pricing_time': 0.005969230769230772, 'rescheduling_time': 4.873488461538463}}
