Arguments count: 7
Argument      0: ./monarch_run.py
Argument      1: 2000
Argument      2: 1
Argument      3: 6
Argument      4: 16
Argument      5: 9
Argument      6: dependent_tasks
----------------------------------------
2000 households, 6 dependent tasks, 10 fully flexible tasks, 0 semi-flexible tasks, 0 fixed tasks, 1 penalty weight. 
----------------------------------------
0. The community is created. 
0. Aggregator is created. 
1. Best step size 0.018, 18 iterations, cost 1146900705.78, using minizinc_fw
2. Best step size 0.014, 14 iterations, cost 1112255412.52, using minizinc_fw
3. Best step size 0.015, 15 iterations, cost 1083445727.86, using minizinc_fw
4. Best step size 0.009, 9 iterations, cost 1068537986.85, using minizinc_fw
5. Best step size 0.01, 10 iterations, cost 1058491386.93, using minizinc_fw
6. Best step size 0.003, 3 iterations, cost 1056920838.62, using minizinc_fw
7. Best step size 0.005, 5 iterations, cost 1054381550.4, using minizinc_fw
8. Best step size 0, 0 iterations, cost 1054381550.4, using minizinc_fw
Converged in 8
Data are written and graphs are painted. 
0. The community is read. 
0. Aggregator is read. 
1. Best step size 0.024, 24 iterations, cost 1130494354.92, using ogsa_fw
2. Best step size 0.021, 21 iterations, cost 1086081587.35, using ogsa_fw
3. Best step size 0.015, 15 iterations, cost 1061787556.18, using ogsa_fw
4. Best step size 0.018, 17 iterations, cost 1037981852.06, using ogsa_fw
5. Best step size 0.01, 10 iterations, cost 1029413223.67, using ogsa_fw
6. Best step size 0.006, 6 iterations, cost 1025045523.19, using ogsa_fw
7. Best step size 0.01, 10 iterations, cost 1019239832.7, using ogsa_fw
8. Best step size 0.004, 4 iterations, cost 1017058900.4, using ogsa_fw
9. Best step size 0.004, 4 iterations, cost 1015071736.81, using ogsa_fw
10. Best step size 0.005, 5 iterations, cost 1013281536.26, using ogsa_fw
11. Best step size 0.005, 5 iterations, cost 1011501784.7, using ogsa_fw
12. Best step size 0.005, 5 iterations, cost 1010160643.55, using ogsa_fw
13. Best step size 0.004, 4 iterations, cost 1009461945.92, using ogsa_fw
14. Best step size 0.005, 5 iterations, cost 1008457978.0, using ogsa_fw
15. Best step size 0.002, 2 iterations, cost 1008071642.73, using ogsa_fw
16. Best step size 0.003, 3 iterations, cost 1007616469.85, using ogsa_fw
17. Best step size 0.001, 1 iterations, cost 1007502334.66, using ogsa_fw
18. Best step size 0.001, 1 iterations, cost 1007417210.28, using ogsa_fw
19. Best step size 0.001, 1 iterations, cost 1007331573.02, using ogsa_fw
20. Best step size 0.001, 1 iterations, cost 1007282052.32, using ogsa_fw
21. Best step size 0.001, 1 iterations, cost 1007207402.97, using ogsa_fw
22. Best step size 0.005, 4 iterations, cost 1006929821.44, using ogsa_fw
23. Best step size 0.001, 1 iterations, cost 1006891855.21, using ogsa_fw
24. Best step size 0, 0 iterations, cost 1006891855.21, using ogsa_fw
Converged in 24
Data are written and graphs are painted. 
----------------------------------------
----------------------------------------
Experiment is finished. 
{0: {'no_households': 2000, 'penalty_weight': 1, 'no_dependent_tasks': 6, 'no_fully_flexible_tasks_min': 10, 'no_semi_flexible_tasks_min': 0, 'no_fixed_tasks_min': 0, 'algorithm': 'minizinc_fw', 'id': 9, 'init_PAR': 1.19, 'PAR': 1.11, 'init_max_demand': 1572681.0, 'max_demand': 1472149.84, 'total_demand': 63488723.0, 'demand_reduction': 0.06, 'cost_reduction': 0.13, 'pricing_time': 0.016755555555555555, 'rescheduling_time': 1994.3111111111114}, 1: {'no_households': 2000, 'penalty_weight': 1, 'no_dependent_tasks': 6, 'no_fully_flexible_tasks_min': 10, 'no_semi_flexible_tasks_min': 0, 'no_fixed_tasks_min': 0, 'algorithm': 'ogsa_fw', 'id': 9, 'init_PAR': 1.19, 'PAR': 1.02, 'init_max_demand': 1572681.0, 'max_demand': 1352173.21, 'total_demand': 63488723.0, 'demand_reduction': 0.14, 'cost_reduction': 0.16, 'pricing_time': 0.007092, 'rescheduling_time': 1.9517120000000003}}
