Arguments count: 7
Argument      0: ./monarch_run.py
Argument      1: 10
Argument      2: 0
Argument      3: 100
Argument      4: 8
Argument      5: 5
Argument      6: test_exp
----------------------------------------
10 households, 100 dependent tasks, 5 fully flexible tasks, 0 semi-flexible tasks, 0 fixed tasks, 0 penalty weight. 
----------------------------------------
0. The community is created. 
0. Aggregator is created. 
1. Best step size 0.264, 60 iterations, cost 1994524.71, using minizinc_fw
2. Best step size 0.077, 20 iterations, cost 1983513.53, using minizinc_fw
3. Best step size 0, 0 iterations, cost 1983513.53, using minizinc_fw
Converged in 3
Data are written and graphs are painted. 
0. The community is read. 
0. Aggregator is read. 
1. Best step size 0.343, 69 iterations, cost 1979837.08, using ogsa_fw
2. Best step size 0.094, 19 iterations, cost 1973932.77, using ogsa_fw
3. Best step size 0.116, 21 iterations, cost 1970422.33, using ogsa_fw
4. Best step size 0.098, 17 iterations, cost 1968896.67, using ogsa_fw
5. Best step size 0.004, 2 iterations, cost 1968878.18, using ogsa_fw
6. Best step size 0.002, 2 iterations, cost 1968871.19, using ogsa_fw
7. Best step size 0.011, 4 iterations, cost 1968839.63, using ogsa_fw
8. Best step size 0, 0 iterations, cost 1968839.63, using ogsa_fw
Converged in 8
Data are written and graphs are painted. 
----------------------------------------
----------------------------------------
Experiment is finished. 
{0: {'no_households': 10, 'penalty_weight': 0, 'no_dependent_tasks': 100, 'no_fully_flexible_tasks_min': 5, 'no_semi_flexible_tasks_min': 0, 'no_fixed_tasks_min': 0, 'algorithm': 'minizinc_fw', 'id': 5, 'init_PAR': 7.54, 'PAR': 5.36, 'init_max_demand': 22100.0, 'max_demand': 15693.56, 'total_demand': 140628.0, 'demand_reduction': 0.29, 'cost_reduction': 0.23, 'pricing_time': 0.00535, 'rescheduling_time': 9.5625}, 1: {'no_households': 10, 'penalty_weight': 0, 'no_dependent_tasks': 100, 'no_fully_flexible_tasks_min': 5, 'no_semi_flexible_tasks_min': 0, 'no_fixed_tasks_min': 0, 'algorithm': 'ogsa_fw', 'id': 5, 'init_PAR': 7.54, 'PAR': 3.94, 'init_max_demand': 22100.0, 'max_demand': 11541.06, 'total_demand': 140628.0, 'demand_reduction': 0.48, 'cost_reduction': 0.23, 'pricing_time': 0.003766666666666666, 'rescheduling_time': 0.006677777777777778}}
